TARGET_DU:Rotation-TorqueAct   2022-11-18 15:41:05.135185 54.1  
TARGET_DU:Rotation-VelAct      2022-11-18 15:41:05.263395 23.21  
TARGET_DU:Rotation-TempAct     2022-11-18 15:41:04.145051 51.2  
TARGET_DU:Rotation-VelLastSectorAct 2022-11-18 15:41:05.293320 23.3296  
TARGET_DU:Rotation-PhaseErrorMMAct 2022-11-18 13:54:09.651351 -4.14079  
TARGET_DU:Rotation-VelAct      2022-11-18 15:41:05.341186 23.5891  
TARGET_DU:Rotation-VelLastSectorAct 2022-11-18 15:41:05.343151 23.3289  
TARGET_DU:Rotation-VelAct      2022-11-18 15:41:05.429410 23.1349  
TARGET_DU:Rotation-VelLastSectorAct 2022-11-18 15:41:05.443199 23.3277  
TARGET_DU:Rotation-VelLastSectorAct 2022-11-18 15:41:05.493162 23.327  
TARGET_DU:Rotation-VelAct      2022-11-18 15:41:05.529219 23.1135  
TARGET_DU:Rotation-VelLastSectorAct 2022-11-18 15:41:05.593219 23.3266  
TARGET_DU:Rotation-VelAct      2022-11-18 15:41:05.625230 23.396  
TARGET_DU:Rotation-TorqueAct   2022-11-18 15:41:05.635245 55.4  
TARGET_DU:Rotation-VelLastSectorAct 2022-11-18 15:41:05.643192 23.3287  
TARGET_DU:Rotation-TempAct     2022-11-18 15:41:05.645206 51.1  
TARGET_DU:Rotation-VelLastSectorAct 2022-11-18 15:41:05.693356 23.3259  
TARGET_DU:Rotation-VelAct      2022-11-18 15:41:05.763562 23.6857  
TARGET_DU:Rotation-VelLastSectorAct 2022-11-18 15:41:05.793345 23.3277  
TARGET_DU:Rotation-VelAct      2022-11-18 15:41:05.841290 22.9812  
TARGET_DU:Rotation-VelLastSectorAct 2022-11-18 15:41:05.843145 23.3284  
TARGET_DU:Rotation-VelAct      2022-11-18 15:41:05.943466 23.1314  
TARGET_DU:Rotation-VelLastSectorAct 2022-11-18 15:41:05.943479 23.3301  
TARGET_DU:Rotation-VelLastSectorAct 2022-11-18 15:41:05.993240 23.3308  
TARGET_DU:Rotation-VelAct      2022-11-18 15:41:06.029305 23.4711  
TARGET_DU:Rotation-VelLastSectorAct 2022-11-18 15:41:06.093462 23.3305  
TARGET_DU:Rotation-VelAct      2022-11-18 15:41:06.125269 23.489  
TARGET_DU:Rotation-TorqueAct   2022-11-18 15:41:06.135286 55.2  
TARGET_DU:Rotation-VelLastSectorAct 2022-11-18 15:41:06.143227 23.3331  
TARGET_DU:Rotation-TempAct     2022-11-18 15:41:06.145183 51.2  
TARGET_DU:Rotation-VelLastSectorAct 2022-11-18 15:41:06.193363 23.3333  
TARGET_DU:Rotation-VelAct      2022-11-18 15:41:06.263557 23.2065  
TARGET_DU:Rotation-VelAct      2022-11-18 15:41:06.341294 23.1457  
TARGET_DU:Rotation-VelLastSectorAct 2022-11-18 15:41:06.343198 23.3312  
TARGET_DU:Rotation-VelAct      2022-11-18 15:41:06.429556 23.5748  
TARGET_DU:Rotation-VelLastSectorAct 2022-11-18 15:41:06.443195 23.3289  
TARGET_DU:Rotation-VelLastSectorAct 2022-11-18 15:41:06.493283 23.3273  
TARGET_DU:Rotation-VelAct      2022-11-18 15:41:06.539280 23.3424  
TARGET_DU:Rotation-VelLastSectorAct 2022-11-18 15:41:06.593338 23.3259  
TARGET_DU:Rotation-VelAct      2022-11-18 15:41:06.625280 22.974  
TARGET_DU:Rotation-TorqueAct   2022-11-18 15:41:06.635292 55.6  
TARGET_DU:Rotation-VelLastSectorAct 2022-11-18 15:41:06.643267 23.3261  
TARGET_DU:Rotation-VelLastSectorAct 2022-11-18 15:41:06.693556 23.3256  
TARGET_DU:Rotation-VelAct      2022-11-18 15:41:06.763576 23.0277  
TARGET_DU:Rotation-VelLastSectorAct 2022-11-18 15:41:06.793462 23.3249  
TARGET_DU:Rotation-VelAct      2022-11-18 15:41:06.843326 23.8967  
TARGET_DU:Rotation-VelLastSectorAct 2022-11-18 15:41:06.843493 23.3245  
TARGET_DU:Rotation-VelAct      2022-11-18 15:41:06.929656 23.2208  
TARGET_DU:Rotation-VelLastSectorAct 2022-11-18 15:41:06.943307 23.3256  
TARGET_DU:Rotation-VelLastSectorAct 2022-11-18 15:41:06.993258 23.3289  
TARGET_DU:Rotation-VelAct      2022-11-18 15:41:07.029313 22.8953  
TARGET_DU:Rotation-VelLastSectorAct 2022-11-18 15:41:07.093686 23.331  
TARGET_DU:Rotation-VelAct      2022-11-18 15:41:07.125347 22.738  
TARGET_DU:Rotation-TorqueAct   2022-11-18 15:41:07.135379 57.2  
TARGET_DU:Rotation-VelLastSectorAct 2022-11-18 15:41:07.143372 23.3336  
TARGET_DU:Rotation-TempAct     2022-11-18 15:41:07.145274 51.1  
TARGET_DU:Rotation-VelLastSectorAct 2022-11-18 15:41:07.193569 23.3338  
TARGET_DU:Rotation-VelAct      2022-11-18 15:41:07.263687 23.4318  
TARGET_DU:Rotation-VelLastSectorAct 2022-11-18 15:41:07.293485 23.3373  
TARGET_DU:Rotation-VelAct      2022-11-18 15:41:07.343379 23.3996  
TARGET_DU:Rotation-VelLastSectorAct 2022-11-18 15:41:07.343398 23.3368  
TARGET_DU:Rotation-VelAct      2022-11-18 15:41:07.429606 23.0706  
TARGET_DU:Rotation-VelLastSectorAct 2022-11-18 15:41:07.443305 23.3406  
TARGET_DU:Rotation-VelLastSectorAct 2022-11-18 15:41:07.493339 23.3389  
TARGET_DU:Rotation-VelAct      2022-11-18 15:41:07.529419 23.8216  
TARGET_DU:Rotation-VelLastSectorAct 2022-11-18 15:41:07.593431 23.3394  
TARGET_DU:Rotation-VelAct      2022-11-18 15:41:07.625332 23.4389  
TARGET_DU:Rotation-TorqueAct   2022-11-18 15:41:07.635420 52.8  
TARGET_DU:Rotation-VelLastSectorAct 2022-11-18 15:41:07.643336 23.3368  
TARGET_DU:Rotation-VelLastSectorAct 2022-11-18 15:41:07.693596 23.335  
TARGET_DU:Rotation-VelAct      2022-11-18 15:41:07.763884 23.2208  
TARGET_DU:Rotation-VelLastSectorAct 2022-11-18 15:41:07.794556 23.3308  
TARGET_DU:Rotation-VelAct      2022-11-18 15:41:07.841497 23.6249  
TARGET_DU:Rotation-VelLastSectorAct 2022-11-18 15:41:07.843314 23.3287  
TARGET_DU:Rotation-VelAct      2022-11-18 15:41:07.929700 23.4354  
TARGET_DU:Rotation-VelLastSectorAct 2022-11-18 15:41:07.943371 23.3266  
TARGET_DU:Rotation-VelLastSectorAct 2022-11-18 15:41:07.993337 23.3217  
TARGET_DU:Rotation-VelAct      2022-11-18 15:41:08.029407 23.067  
TARGET_DU:Rotation-VelLastSectorAct 2022-11-18 15:41:08.094608 23.3203  
TARGET_DU:Rotation-VelAct      2022-11-18 15:41:08.126425 23.0026  
TARGET_DU:Rotation-TorqueAct   2022-11-18 15:41:08.136440 54.8  
TARGET_DU:Rotation-VelLastSectorAct 2022-11-18 15:41:08.143423 23.3207  
TARGET_DU:Rotation-TempAct     2022-11-18 15:41:08.145365 51.3  
TARGET_DU:Rotation-VelLastSectorAct 2022-11-18 15:41:08.193617 23.321  
TARGET_DU:Rotation-VelAct      2022-11-18 15:41:08.263561 23.1278  
TARGET_DU:Rotation-VelLastSectorAct 2022-11-18 15:41:08.293558 23.3196  
TARGET_DU:Rotation-VelAct      2022-11-18 15:41:08.341511 23.4282  
TARGET_DU:Rotation-VelLastSectorAct 2022-11-18 15:41:08.343387 23.3214  
TARGET_DU:Rotation-VelAct      2022-11-18 15:41:08.430880 23.8645  
TARGET_DU:Rotation-VelLastSectorAct 2022-11-18 15:41:08.443470 23.3224  
TARGET_DU:Rotation-VelLastSectorAct 2022-11-18 15:41:08.493400 23.3259  
TARGET_DU:Rotation-VelAct      2022-11-18 15:41:08.540459 22.9061  
TARGET_DU:Rotation-VelLastSectorAct 2022-11-18 15:41:08.593548 23.3289  
TARGET_DU:Rotation-VelAct      2022-11-18 15:41:08.626522 23.3316  
TARGET_DU:Rotation-TorqueAct   2022-11-18 15:41:08.635411 57.8  
TARGET_DU:Rotation-VelLastSectorAct 2022-11-18 15:41:08.643518 23.3319  
TARGET_DU:Rotation-TempAct     2022-11-18 15:41:08.645454 51.1  
TARGET_DU:Rotation-VelLastSectorAct 2022-11-18 15:41:08.693639 23.3345  
TARGET_DU:Rotation-VelAct      2022-11-18 15:41:08.763761 23.5248  
TARGET_DU:Rotation-VelLastSectorAct 2022-11-18 15:41:08.793497 23.3378  
TARGET_DU:Rotation-VelAct      2022-11-18 15:41:08.841486 23.3996  
TARGET_DU:Rotation-VelLastSectorAct 2022-11-18 15:41:08.843447 23.3389  
TARGET_DU:Rotation-VelAct      2022-11-18 15:41:08.930142 23.2351  
TARGET_DU:Rotation-VelLastSectorAct 2022-11-18 15:41:08.944408 23.3394  
TARGET_DU:Rotation-VelLastSectorAct 2022-11-18 15:41:08.993457 23.3378  
TARGET_DU:Rotation-VelAct      2022-11-18 15:41:09.045496 23.371  
TARGET_DU:Rotation-VelLastSectorAct 2022-11-18 15:41:09.093569 23.3357  
TARGET_DU:Rotation-VelAct      2022-11-18 15:41:09.126491 23.3853  
TARGET_DU:Rotation-TorqueAct   2022-11-18 15:41:09.135562 53.5  
TARGET_DU:Rotation-VelLastSectorAct 2022-11-18 15:41:09.143490 23.3347  
TARGET_DU:Rotation-VelLastSectorAct 2022-11-18 15:41:09.194618 23.3322  
TARGET_DU:Rotation-VelAct      2022-11-18 15:41:09.263814 23.0885  
TARGET_DU:Rotation-VelLastSectorAct 2022-11-18 15:41:09.294725 23.3319  
TARGET_DU:Rotation-VelAct      2022-11-18 15:41:09.341710 23.4568  
TARGET_DU:Rotation-VelLastSectorAct 2022-11-18 15:41:09.343474 23.3291  
TARGET_DU:Rotation-VelAct      2022-11-18 15:41:09.429884 23.5319  
TARGET_DU:Rotation-VelLastSectorAct 2022-11-18 15:41:09.444589 23.3245  
TARGET_DU:Rotation-VelLastSectorAct 2022-11-18 15:41:09.493602 23.3245  
TARGET_DU:Rotation-VelAct      2022-11-18 15:41:09.539630 23.3424  
TARGET_DU:Rotation-VelLastSectorAct 2022-11-18 15:41:09.593657 23.3263  
TARGET_DU:Rotation-VelAct      2022-11-18 15:41:09.625598 22.8775  
TARGET_DU:Rotation-TorqueAct   2022-11-18 15:41:09.635602 54.8  
TARGET_DU:Rotation-VelLastSectorAct 2022-11-18 15:41:09.643545 23.3268  
TARGET_DU:Rotation-TempAct     2022-11-18 15:41:09.645621 51.2  
TARGET_DU:Rotation-VelAct      2022-11-18 15:41:09.764117 23.4497  
TARGET_DU:Rotation-VelLastSectorAct 2022-11-18 15:41:09.793730 23.3284  
TARGET_DU:Rotation-VelAct      2022-11-18 15:41:09.843585 23.3209  
TARGET_DU:Rotation-VelLastSectorAct 2022-11-18 15:41:09.843608 23.3296  
TARGET_DU:Rotation-VelAct      2022-11-18 15:41:09.929855 23.3889  
TARGET_DU:Rotation-VelLastSectorAct 2022-11-18 15:41:09.943595 23.3326  
TARGET_DU:Rotation-VelLastSectorAct 2022-11-18 15:41:09.994562 23.3324  
TARGET_DU:Rotation-VelAct      2022-11-18 15:41:10.029633 23.421  
TARGET_DU:Rotation-VelLastSectorAct 2022-11-18 15:41:10.093758 23.3345  
TARGET_DU:Rotation-VelAct      2022-11-18 15:41:10.125697 23.2923  
TARGET_DU:Rotation-TorqueAct   2022-11-18 15:41:10.136710 53.6  
TARGET_DU:Rotation-VelLastSectorAct 2022-11-18 15:41:10.143591 23.3352  
TARGET_DU:Rotation-TempAct     2022-11-18 15:41:10.145545 51.1  
TARGET_DU:Rotation-VelLastSectorAct 2022-11-18 15:41:10.193842 23.3345  
TARGET_DU:Rotation-VelAct      2022-11-18 15:41:10.263872 23.4067  
TARGET_DU:Rotation-VelLastSectorAct 2022-11-18 15:41:10.293684 23.335  
TARGET_DU:Rotation-VelAct      2022-11-18 15:41:10.341660 23.1993  
TARGET_DU:Rotation-VelLastSectorAct 2022-11-18 15:41:10.343561 23.3345  
TARGET_DU:Rotation-VelAct      2022-11-18 15:41:10.430130 23.2351  
TARGET_DU:Rotation-VelLastSectorAct 2022-11-18 15:41:10.443581 23.3336  
TARGET_DU:Rotation-VelLastSectorAct 2022-11-18 15:41:10.493551 23.3322  
TARGET_DU:Rotation-VelAct      2022-11-18 15:41:10.529620 23.4747  
TARGET_DU:Rotation-VelLastSectorAct 2022-11-18 15:41:10.594791 23.328  
TARGET_DU:Rotation-VelAct      2022-11-18 15:41:10.625617 23.6213  
TARGET_DU:Rotation-TorqueAct   2022-11-18 15:41:10.636740 52.7  
TARGET_DU:Rotation-VelLastSectorAct 2022-11-18 15:41:10.643665 23.3273  
TARGET_DU:Rotation-VelLastSectorAct 2022-11-18 15:41:10.693984 23.327  
TARGET_DU:Rotation-VelAct      2022-11-18 15:41:10.763879 22.8775  
TARGET_DU:Rotation-VelLastSectorAct 2022-11-18 15:41:10.794746 23.3273  
TARGET_DU:Rotation-VelAct      2022-11-18 15:41:10.844725 23.4818  
TARGET_DU:Rotation-VelLastSectorAct 2022-11-18 15:41:10.844855 23.3235  
TARGET_DU:Rotation-VelAct      2022-11-18 15:41:10.931522 23.2816  
TARGET_DU:Rotation-VelLastSectorAct 2022-11-18 15:41:10.943780 23.3245  
TARGET_DU:Rotation-VelLastSectorAct 2022-11-18 15:41:10.993581 23.3256  
TARGET_DU:Rotation-VelAct      2022-11-18 15:41:11.046223 23.2315  
TARGET_DU:Rotation-VelLastSectorAct 2022-11-18 15:41:11.094295 23.3266  
TARGET_DU:Rotation-VelAct      2022-11-18 15:41:11.128122 23.1636  
TARGET_DU:Rotation-TorqueAct   2022-11-18 15:41:11.136230 54.9  
TARGET_DU:Rotation-VelLastSectorAct 2022-11-18 15:41:11.144109 23.3287  
TARGET_DU:Rotation-TempAct     2022-11-18 15:41:11.146040 51.2  
TARGET_DU:Rotation-VelLastSectorAct 2022-11-18 15:41:11.193397 23.3282  
TARGET_DU:Rotation-VelAct      2022-11-18 15:41:11.263484 23.303  
TARGET_DU:Rotation-VelLastSectorAct 2022-11-18 15:41:11.293215 23.3322  
TARGET_DU:Rotation-VelAct      2022-11-18 15:41:11.341133 23.725  
TARGET_DU:Rotation-VelLastSectorAct 2022-11-18 15:41:11.343050 23.3333  
TARGET_DU:Rotation-VelAct      2022-11-18 15:41:11.429683 23.2279  
TARGET_DU:Rotation-VelLastSectorAct 2022-11-18 15:41:11.493103 23.3338  
TARGET_DU:Rotation-VelAct      2022-11-18 15:41:11.545077 22.9418  
TARGET_DU:Rotation-VelLastSectorAct 2022-11-18 15:41:11.593185 23.3315  
TARGET_DU:Rotation-VelAct      2022-11-18 15:41:11.625251 23.5319  
TARGET_DU:Rotation-TorqueAct   2022-11-18 15:41:11.635000 54  
TARGET_DU:Rotation-TempAct     2022-11-18 15:41:11.645191 51.1  
TARGET_DU:Rotation-VelLastSectorAct 2022-11-18 15:41:11.693411 23.3291  
TARGET_DU:Rotation-VelAct      2022-11-18 15:41:11.763246 23.7572  
TARGET_DU:Rotation-VelLastSectorAct 2022-11-18 15:41:11.793341 23.3296  
TARGET_DU:Rotation-VelAct      2022-11-18 15:41:11.843370 22.9704  
TARGET_DU:Rotation-VelLastSectorAct 2022-11-18 15:41:11.843388 23.327  
TARGET_DU:Rotation-VelAct      2022-11-18 15:41:11.929299 22.9597  
TARGET_DU:Rotation-VelLastSectorAct 2022-11-18 15:41:11.943136 23.3289  
TARGET_DU:Rotation-VelLastSectorAct 2022-11-18 15:41:11.993135 23.3254  
TARGET_DU:Rotation-VelAct      2022-11-18 15:41:12.029231 23.6571  
TARGET_DU:Rotation-VelLastSectorAct 2022-11-18 15:41:12.093231 23.3284  
TARGET_DU:Rotation-VelAct      2022-11-18 15:41:12.125195 23.7894  
TARGET_DU:Rotation-TorqueAct   2022-11-18 15:41:12.135135 54.6  
TARGET_DU:Rotation-VelLastSectorAct 2022-11-18 15:41:12.143172 23.3301  
TARGET_DU:Rotation-TempAct     2022-11-18 15:41:12.145015 51.2  
TARGET_DU:Rotation-VelLastSectorAct 2022-11-18 15:41:12.193243 23.3303  
TARGET_DU:Rotation-VelAct      2022-11-18 15:41:12.263501 23.3674  
TARGET_DU:Rotation-VelLastSectorAct 2022-11-18 15:41:12.293340 23.3331  
TARGET_DU:Rotation-VelAct      2022-11-18 15:41:12.341180 22.9669  
TARGET_DU:Rotation-VelLastSectorAct 2022-11-18 15:41:12.342963 23.3338  
TARGET_DU:Rotation-VelAct      2022-11-18 15:41:12.429350 23.7858  
TARGET_DU:Rotation-VelLastSectorAct 2022-11-18 15:41:12.443234 23.3352  
TARGET_DU:Rotation-VelLastSectorAct 2022-11-18 15:41:12.493070 23.3364  
TARGET_DU:Rotation-VelAct      2022-11-18 15:41:12.529034 23.607  
TARGET_DU:Rotation-VelLastSectorAct 2022-11-18 15:41:12.593310 23.3366  
TARGET_DU:Rotation-VelAct      2022-11-18 15:41:12.625072 23.2351  
TARGET_DU:Rotation-TorqueAct   2022-11-18 15:41:12.635250 51.8  
TARGET_DU:Rotation-VelLastSectorAct 2022-11-18 15:41:12.643048 23.3368  
TARGET_DU:Rotation-TempAct     2022-11-18 15:41:12.645188 51.3  
TARGET_DU:Rotation-VelLastSectorAct 2022-11-18 15:41:12.693270 23.3368  
TARGET_DU:Rotation-VelLastSectorAct 2022-11-18 15:41:12.793232 23.3357  
TARGET_DU:Rotation-VelAct      2022-11-18 15:41:12.843264 23.464  
TARGET_DU:Rotation-VelLastSectorAct 2022-11-18 15:41:12.843275 23.3326  
TARGET_DU:Rotation-VelAct      2022-11-18 15:41:12.929469 22.8882  
TARGET_DU:Rotation-VelLastSectorAct 2022-11-18 15:41:12.943026 23.3312  
TARGET_DU:Rotation-VelLastSectorAct 2022-11-18 15:41:12.993071 23.3275  
TARGET_DU:Rotation-VelAct      2022-11-18 15:41:13.029123 23.6857  
TARGET_DU:Rotation-VelLastSectorAct 2022-11-18 15:41:13.093110 23.3268  
TARGET_DU:Rotation-VelAct      2022-11-18 15:41:13.125160 23.3924  
TARGET_DU:Rotation-TorqueAct   2022-11-18 15:41:13.135083 51.7  
TARGET_DU:Rotation-VelLastSectorAct 2022-11-18 15:41:13.143063 23.3231  
TARGET_DU:Rotation-TempAct     2022-11-18 15:41:13.145101 51.1  
TARGET_DU:Rotation-VelLastSectorAct 2022-11-18 15:41:13.193555 23.321  
TARGET_DU:Rotation-VelAct      2022-11-18 15:41:13.263392 23.0598  
TARGET_DU:Rotation-VelAct      2022-11-18 15:41:13.341157 23.1671  
TARGET_DU:Rotation-VelLastSectorAct 2022-11-18 15:41:13.343153 23.3221  
TARGET_DU:Rotation-VelAct      2022-11-18 15:41:13.429263 22.645  
TARGET_DU:Rotation-VelLastSectorAct 2022-11-18 15:41:13.443196 23.3219  
TARGET_DU:Rotation-VelLastSectorAct 2022-11-18 15:41:13.493098 23.3233  
TARGET_DU:Rotation-VelAct      2022-11-18 15:41:13.529183 23.6356  
TARGET_DU:Rotation-VelLastSectorAct 2022-11-18 15:41:13.593229 23.3256  
TARGET_DU:Rotation-VelAct      2022-11-18 15:41:13.625210 23.3996  
TARGET_DU:Rotation-TorqueAct   2022-11-18 15:41:13.635157 55.3  
TARGET_DU:Rotation-VelLastSectorAct 2022-11-18 15:41:13.643115 23.3275  
TARGET_DU:Rotation-VelLastSectorAct 2022-11-18 15:41:13.693329 23.3301  
TARGET_DU:Rotation-VelAct      2022-11-18 15:41:13.763354 23.2744  
TARGET_DU:Rotation-VelLastSectorAct 2022-11-18 15:41:13.793460 23.3322  
TARGET_DU:Rotation-VelAct      2022-11-18 15:41:13.843047 23.2601  
TARGET_DU:Rotation-VelLastSectorAct 2022-11-18 15:41:13.843120 23.3343  
TARGET_DU:Rotation-VelAct      2022-11-18 15:41:13.929432 23.489  
TARGET_DU:Rotation-VelLastSectorAct 2022-11-18 15:41:13.943177 23.3371  
