TARGET_DU:Rotation-TorqueAct   2022-11-18 13:00:27.071894 57.6  
TARGET_DU:Rotation-VelAct      2022-11-18 13:00:27.561880 23.5784  
TARGET_DU:Rotation-TempAct     2022-11-18 13:00:27.581892 47.7  
TARGET_DU:Rotation-VelLastSectorAct 2022-11-18 13:00:27.629894 23.3359  
TARGET_DU:Rotation-PhaseErrorMMAct 2022-11-18 13:00:27.561895 0.165806  
TARGET_DU:Rotation-PhaseErrorMMAct 2022-11-18 13:00:27.639823 0.141808  
TARGET_DU:Rotation-VelAct      2022-11-18 13:00:27.669827 23.1242  
TARGET_DU:Rotation-PhaseErrorMMAct 2022-11-18 13:00:27.709785 0.0959931  
TARGET_DU:Rotation-VelLastSectorAct 2022-11-18 13:00:27.729872 23.3382  
TARGET_DU:Rotation-VelAct      2022-11-18 13:00:27.777924 23.3138  
TARGET_DU:Rotation-PhaseErrorMMAct 2022-11-18 13:00:27.777973 0.0436332  
TARGET_DU:Rotation-VelLastSectorAct 2022-11-18 13:00:27.779797 23.3389  
TARGET_DU:Rotation-PhaseErrorMMAct 2022-11-18 13:00:27.865818 -0.0109083  
TARGET_DU:Rotation-VelAct      2022-11-18 13:00:27.865956 23.253  
TARGET_DU:Rotation-VelLastSectorAct 2022-11-18 13:00:27.879855 23.3392  
TARGET_DU:Rotation-PhaseErrorMMAct 2022-11-18 13:00:27.925787 -0.0479966  
TARGET_DU:Rotation-VelLastSectorAct 2022-11-18 13:00:27.929835 23.3373  
TARGET_DU:Rotation-VelAct      2022-11-18 13:00:27.965831 23.1993  
TARGET_DU:Rotation-PhaseErrorMMAct 2022-11-18 13:00:27.991738 -0.0807215  
TARGET_DU:Rotation-VelLastSectorAct 2022-11-18 13:00:28.029865 23.3368  
TARGET_DU:Rotation-VelAct      2022-11-18 13:00:28.061862 23.3066  
TARGET_DU:Rotation-PhaseErrorMMAct 2022-11-18 13:00:28.061873 -0.0938114  
TARGET_DU:Rotation-TorqueAct   2022-11-18 13:00:28.071828 55.9  
TARGET_DU:Rotation-VelLastSectorAct 2022-11-18 13:00:28.079855 23.3347  
TARGET_DU:Rotation-VelLastSectorAct 2022-11-18 13:00:28.129768 23.3319  
TARGET_DU:Rotation-PhaseErrorMMAct 2022-11-18 13:00:28.139834 -0.0807215  
TARGET_DU:Rotation-VelAct      2022-11-18 13:00:28.169951 23.3781  
TARGET_DU:Rotation-PhaseErrorMMAct 2022-11-18 13:00:28.209808 -0.0632682  
TARGET_DU:Rotation-VelLastSectorAct 2022-11-18 13:00:28.230009 23.3315  
TARGET_DU:Rotation-VelAct      2022-11-18 13:00:28.279754 23.1743  
TARGET_DU:Rotation-PhaseErrorMMAct 2022-11-18 13:00:28.279780 -0.0349066  
TARGET_DU:Rotation-VelLastSectorAct 2022-11-18 13:00:28.279784 23.3303  
TARGET_DU:Rotation-PhaseErrorMMAct 2022-11-18 13:00:28.366008 -0.0174533  
TARGET_DU:Rotation-VelAct      2022-11-18 13:00:28.366204 23.3853  
TARGET_DU:Rotation-VelLastSectorAct 2022-11-18 13:00:28.380009 23.3315  
TARGET_DU:Rotation-PhaseErrorMMAct 2022-11-18 13:00:28.426169 0.0283616  
TARGET_DU:Rotation-VelLastSectorAct 2022-11-18 13:00:28.429731 23.3284  
TARGET_DU:Rotation-VelAct      2022-11-18 13:00:28.465905 23.2887  
TARGET_DU:Rotation-PhaseErrorMMAct 2022-11-18 13:00:28.491820 0.0719948  
TARGET_DU:Rotation-VelLastSectorAct 2022-11-18 13:00:28.529951 23.3287  
TARGET_DU:Rotation-VelAct      2022-11-18 13:00:28.561872 23.5498  
TARGET_DU:Rotation-PhaseErrorMMAct 2022-11-18 13:00:28.561881 0.119991  
TARGET_DU:Rotation-TorqueAct   2022-11-18 13:00:28.571869 58.5  
TARGET_DU:Rotation-VelLastSectorAct 2022-11-18 13:00:28.579752 23.3282  
TARGET_DU:Rotation-TempAct     2022-11-18 13:00:28.581847 47.8  
TARGET_DU:Rotation-VelLastSectorAct 2022-11-18 13:00:28.629842 23.3294  
TARGET_DU:Rotation-PhaseErrorMMAct 2022-11-18 13:00:28.639953 0.15708  
TARGET_DU:Rotation-VelAct      2022-11-18 13:00:28.699929 23.3853  
TARGET_DU:Rotation-PhaseErrorMMAct 2022-11-18 13:00:28.709901 0.191986  
TARGET_DU:Rotation-VelLastSectorAct 2022-11-18 13:00:28.730460 23.3296  
TARGET_DU:Rotation-VelAct      2022-11-18 13:00:28.777955 23.3066  
TARGET_DU:Rotation-PhaseErrorMMAct 2022-11-18 13:00:28.777997 0.215984  
TARGET_DU:Rotation-VelLastSectorAct 2022-11-18 13:00:28.779735 23.3308  
TARGET_DU:Rotation-PhaseErrorMMAct 2022-11-18 13:00:28.865982 0.222529  
TARGET_DU:Rotation-VelAct      2022-11-18 13:00:28.866016 23.4175  
TARGET_DU:Rotation-VelLastSectorAct 2022-11-18 13:00:28.879848 23.3326  
TARGET_DU:Rotation-PhaseErrorMMAct 2022-11-18 13:00:28.925869 0.207258  
TARGET_DU:Rotation-VelLastSectorAct 2022-11-18 13:00:28.929862 23.335  
TARGET_DU:Rotation-VelAct      2022-11-18 13:00:28.981876 23.1743  
TARGET_DU:Rotation-PhaseErrorMMAct 2022-11-18 13:00:28.991904 0.17017  
TARGET_DU:Rotation-VelLastSectorAct 2022-11-18 13:00:29.029851 23.3373  
TARGET_DU:Rotation-VelAct      2022-11-18 13:00:29.061828 23.3316  
TARGET_DU:Rotation-PhaseErrorMMAct 2022-11-18 13:00:29.061836 0.124355  
TARGET_DU:Rotation-TorqueAct   2022-11-18 13:00:29.071825 59.3  
TARGET_DU:Rotation-VelLastSectorAct 2022-11-18 13:00:29.079783 23.3382  
TARGET_DU:Rotation-VelLastSectorAct 2022-11-18 13:00:29.131136 23.342  
TARGET_DU:Rotation-PhaseErrorMMAct 2022-11-18 13:00:29.139873 0.0436332  
TARGET_DU:Rotation-VelAct      2022-11-18 13:00:29.199986 23.4497  
TARGET_DU:Rotation-PhaseErrorMMAct 2022-11-18 13:00:29.209829 -0.0283616  
TARGET_DU:Rotation-VelLastSectorAct 2022-11-18 13:00:29.229867 23.341  
TARGET_DU:Rotation-VelAct      2022-11-18 13:00:29.277940 23.6607  
TARGET_DU:Rotation-PhaseErrorMMAct 2022-11-18 13:00:29.277951 -0.11781  
TARGET_DU:Rotation-VelLastSectorAct 2022-11-18 13:00:29.279733 23.3429  
TARGET_DU:Rotation-PhaseErrorMMAct 2022-11-18 13:00:29.366011 -0.185441  
TARGET_DU:Rotation-VelAct      2022-11-18 13:00:29.366164 23.2029  
TARGET_DU:Rotation-VelLastSectorAct 2022-11-18 13:00:29.379866 23.3406  
TARGET_DU:Rotation-PhaseErrorMMAct 2022-11-18 13:00:29.425848 -0.257436  
TARGET_DU:Rotation-VelLastSectorAct 2022-11-18 13:00:29.429796 23.341  
TARGET_DU:Rotation-VelAct      2022-11-18 13:00:29.465938 23.6392  
TARGET_DU:Rotation-PhaseErrorMMAct 2022-11-18 13:00:29.491839 -0.301069  
TARGET_DU:Rotation-VelLastSectorAct 2022-11-18 13:00:29.530003 23.338  
TARGET_DU:Rotation-VelAct      2022-11-18 13:00:29.561887 23.489  
TARGET_DU:Rotation-PhaseErrorMMAct 2022-11-18 13:00:29.561896 -0.340339  
TARGET_DU:Rotation-TorqueAct   2022-11-18 13:00:29.571844 56.4  
TARGET_DU:Rotation-VelLastSectorAct 2022-11-18 13:00:29.579806 23.3375  
TARGET_DU:Rotation-TempAct     2022-11-18 13:00:29.581814 47.7  
TARGET_DU:Rotation-VelLastSectorAct 2022-11-18 13:00:29.630101 23.3385  
TARGET_DU:Rotation-PhaseErrorMMAct 2022-11-18 13:00:29.640012 -0.388336  
TARGET_DU:Rotation-VelAct      2022-11-18 13:00:29.669903 23.1171  
TARGET_DU:Rotation-PhaseErrorMMAct 2022-11-18 13:00:29.709946 -0.425424  
TARGET_DU:Rotation-VelLastSectorAct 2022-11-18 13:00:29.730015 23.3373  
TARGET_DU:Rotation-VelAct      2022-11-18 13:00:29.779894 23.421  
TARGET_DU:Rotation-PhaseErrorMMAct 2022-11-18 13:00:29.779905 -0.464694  
TARGET_DU:Rotation-VelLastSectorAct 2022-11-18 13:00:29.779909 23.3375  
TARGET_DU:Rotation-PhaseErrorMMAct 2022-11-18 13:00:29.866051 -0.495237  
TARGET_DU:Rotation-VelAct      2022-11-18 13:00:29.866243 23.9396  
TARGET_DU:Rotation-VelLastSectorAct 2022-11-18 13:00:29.879933 23.3366  
TARGET_DU:Rotation-PhaseErrorMMAct 2022-11-18 13:00:29.925896 -0.519235  
TARGET_DU:Rotation-VelLastSectorAct 2022-11-18 13:00:29.929881 23.3359  
TARGET_DU:Rotation-VelAct      2022-11-18 13:00:29.981896 23.1457  
TARGET_DU:Rotation-PhaseErrorMMAct 2022-11-18 13:00:29.991883 -0.541052  
TARGET_DU:Rotation-VelLastSectorAct 2022-11-18 13:00:30.029998 23.3357  
TARGET_DU:Rotation-VelAct      2022-11-18 13:00:30.061923 23.6034  
TARGET_DU:Rotation-PhaseErrorMMAct 2022-11-18 13:00:30.061932 -0.560687  
TARGET_DU:Rotation-TorqueAct   2022-11-18 13:00:30.071999 55.1  
TARGET_DU:Rotation-VelLastSectorAct 2022-11-18 13:00:30.079836 23.3354  
TARGET_DU:Rotation-TempAct     2022-11-18 13:00:30.081877 47.8  
TARGET_DU:Rotation-VelLastSectorAct 2022-11-18 13:00:30.129974 23.3352  
TARGET_DU:Rotation-PhaseErrorMMAct 2022-11-18 13:00:30.140043 -0.57814  
TARGET_DU:Rotation-VelAct      2022-11-18 13:00:30.199923 23.0563  
TARGET_DU:Rotation-PhaseErrorMMAct 2022-11-18 13:00:30.209941 -0.597775  
TARGET_DU:Rotation-VelLastSectorAct 2022-11-18 13:00:30.229989 23.3354  
TARGET_DU:Rotation-VelAct      2022-11-18 13:00:30.278202 23.1957  
TARGET_DU:Rotation-PhaseErrorMMAct 2022-11-18 13:00:30.278213 -0.623955  
TARGET_DU:Rotation-VelLastSectorAct 2022-11-18 13:00:30.279878 23.3361  
TARGET_DU:Rotation-PhaseErrorMMAct 2022-11-18 13:00:30.380177 -0.634864  
TARGET_DU:Rotation-VelAct      2022-11-18 13:00:30.380274 23.2816  
TARGET_DU:Rotation-VelLastSectorAct 2022-11-18 13:00:30.380282 23.3345  
TARGET_DU:Rotation-PhaseErrorMMAct 2022-11-18 13:00:30.425947 -0.641409  
TARGET_DU:Rotation-VelLastSectorAct 2022-11-18 13:00:30.429865 23.334  
TARGET_DU:Rotation-VelAct      2022-11-18 13:00:30.481979 23.5677  
TARGET_DU:Rotation-PhaseErrorMMAct 2022-11-18 13:00:30.492134 -0.623955  
TARGET_DU:Rotation-VelLastSectorAct 2022-11-18 13:00:30.530127 23.3315  
TARGET_DU:Rotation-VelAct      2022-11-18 13:00:30.561944 23.185  
TARGET_DU:Rotation-PhaseErrorMMAct 2022-11-18 13:00:30.561954 -0.599957  
TARGET_DU:Rotation-TorqueAct   2022-11-18 13:00:30.572026 54.7  
TARGET_DU:Rotation-VelLastSectorAct 2022-11-18 13:00:30.579921 23.3308  
TARGET_DU:Rotation-VelLastSectorAct 2022-11-18 13:00:30.630263 23.3266  
TARGET_DU:Rotation-PhaseErrorMMAct 2022-11-18 13:00:30.639911 -0.536689  
TARGET_DU:Rotation-VelAct      2022-11-18 13:00:30.670094 23.4318  
TARGET_DU:Rotation-PhaseErrorMMAct 2022-11-18 13:00:30.710021 -0.451604  
TARGET_DU:Rotation-VelLastSectorAct 2022-11-18 13:00:30.730033 23.3242  
TARGET_DU:Rotation-VelAct      2022-11-18 13:00:30.780029 23.1493  
TARGET_DU:Rotation-PhaseErrorMMAct 2022-11-18 13:00:30.780047 -0.344703  
TARGET_DU:Rotation-VelLastSectorAct 2022-11-18 13:00:30.780050 23.3219  
TARGET_DU:Rotation-PhaseErrorMMAct 2022-11-18 13:00:30.866239 -0.237801  
TARGET_DU:Rotation-VelAct      2022-11-18 13:00:30.866286 23.2494  
TARGET_DU:Rotation-PhaseErrorMMAct 2022-11-18 13:00:30.926116 -0.15708  
TARGET_DU:Rotation-VelLastSectorAct 2022-11-18 13:00:30.929973 23.3247  
TARGET_DU:Rotation-VelAct      2022-11-18 13:00:30.982173 23.3638  
TARGET_DU:Rotation-PhaseErrorMMAct 2022-11-18 13:00:30.992010 -0.0458149  
TARGET_DU:Rotation-VelLastSectorAct 2022-11-18 13:00:31.030133 23.3214  
TARGET_DU:Rotation-VelAct      2022-11-18 13:00:31.062025 22.9776  
TARGET_DU:Rotation-PhaseErrorMMAct 2022-11-18 13:00:31.062034 0.0370882  
TARGET_DU:Rotation-TorqueAct   2022-11-18 13:00:31.072016 59.6  
TARGET_DU:Rotation-VelLastSectorAct 2022-11-18 13:00:31.079990 23.3245  
TARGET_DU:Rotation-PhaseErrorMMAct 2022-11-18 13:00:31.139982 0.119991  
TARGET_DU:Rotation-VelAct      2022-11-18 13:00:31.200125 23.4139  
TARGET_DU:Rotation-PhaseErrorMMAct 2022-11-18 13:00:31.210072 0.178896  
TARGET_DU:Rotation-VelLastSectorAct 2022-11-18 13:00:31.230118 23.327  
TARGET_DU:Rotation-VelAct      2022-11-18 13:00:31.278053 23.3316  
TARGET_DU:Rotation-PhaseErrorMMAct 2022-11-18 13:00:31.278275 0.220348  
TARGET_DU:Rotation-VelLastSectorAct 2022-11-18 13:00:31.279904 23.3289  
TARGET_DU:Rotation-PhaseErrorMMAct 2022-11-18 13:00:31.366151 0.250891  
TARGET_DU:Rotation-VelAct      2022-11-18 13:00:31.366311 23.3173  
TARGET_DU:Rotation-VelLastSectorAct 2022-11-18 13:00:31.380048 23.3301  
TARGET_DU:Rotation-PhaseErrorMMAct 2022-11-18 13:00:31.426359 0.237801  
TARGET_DU:Rotation-VelLastSectorAct 2022-11-18 13:00:31.429976 23.3347  
TARGET_DU:Rotation-VelAct      2022-11-18 13:00:31.482075 23.3781  
TARGET_DU:Rotation-PhaseErrorMMAct 2022-11-18 13:00:31.492049 0.215984  
TARGET_DU:Rotation-VelLastSectorAct 2022-11-18 13:00:31.530083 23.3357  
TARGET_DU:Rotation-VelAct      2022-11-18 13:00:31.562032 23.2565  
TARGET_DU:Rotation-PhaseErrorMMAct 2022-11-18 13:00:31.562052 0.165806  
TARGET_DU:Rotation-TorqueAct   2022-11-18 13:00:31.572025 59.4  
TARGET_DU:Rotation-VelLastSectorAct 2022-11-18 13:00:31.580243 23.3387  
TARGET_DU:Rotation-TempAct     2022-11-18 13:00:31.581978 47.9  
TARGET_DU:Rotation-VelLastSectorAct 2022-11-18 13:00:31.630269 23.3403  
TARGET_DU:Rotation-PhaseErrorMMAct 2022-11-18 13:00:31.641031 0.100356  
TARGET_DU:Rotation-VelAct      2022-11-18 13:00:31.700156 23.4711  
TARGET_DU:Rotation-PhaseErrorMMAct 2022-11-18 13:00:31.710043 0.0261799  
TARGET_DU:Rotation-VelLastSectorAct 2022-11-18 13:00:31.730302 23.3413  
TARGET_DU:Rotation-VelAct      2022-11-18 13:00:31.778097 23.2244  
TARGET_DU:Rotation-PhaseErrorMMAct 2022-11-18 13:00:31.778115 -0.0523599  
TARGET_DU:Rotation-VelLastSectorAct 2022-11-18 13:00:31.779974 23.3417  
TARGET_DU:Rotation-PhaseErrorMMAct 2022-11-18 13:00:31.866371 -0.11781  
TARGET_DU:Rotation-VelAct      2022-11-18 13:00:31.866387 23.1779  
TARGET_DU:Rotation-VelLastSectorAct 2022-11-18 13:00:31.880072 23.3403  
TARGET_DU:Rotation-PhaseErrorMMAct 2022-11-18 13:00:31.926136 -0.178896  
TARGET_DU:Rotation-VelLastSectorAct 2022-11-18 13:00:31.930002 23.3399  
TARGET_DU:Rotation-VelAct      2022-11-18 13:00:31.982079 23.3138  
TARGET_DU:Rotation-PhaseErrorMMAct 2022-11-18 13:00:31.992041 -0.20944  
TARGET_DU:Rotation-VelLastSectorAct 2022-11-18 13:00:32.030218 23.3366  
TARGET_DU:Rotation-VelAct      2022-11-18 13:00:32.062108 23.4389  
TARGET_DU:Rotation-PhaseErrorMMAct 2022-11-18 13:00:32.062119 -0.205076  
TARGET_DU:Rotation-TorqueAct   2022-11-18 13:00:32.072159 55.9  
TARGET_DU:Rotation-VelLastSectorAct 2022-11-18 13:00:32.080034 23.3329  
TARGET_DU:Rotation-TempAct     2022-11-18 13:00:32.082003 47.8  
TARGET_DU:Rotation-VelLastSectorAct 2022-11-18 13:00:32.130235 23.3303  
TARGET_DU:Rotation-PhaseErrorMMAct 2022-11-18 13:00:32.140103 -0.176715  
TARGET_DU:Rotation-VelAct      2022-11-18 13:00:32.170096 23.3817  
TARGET_DU:Rotation-PhaseErrorMMAct 2022-11-18 13:00:32.210075 -0.1309  
TARGET_DU:Rotation-VelLastSectorAct 2022-11-18 13:00:32.230242 23.3284  
TARGET_DU:Rotation-VelAct      2022-11-18 13:00:32.278111 23.16  
TARGET_DU:Rotation-PhaseErrorMMAct 2022-11-18 13:00:32.278122 -0.0916298  
TARGET_DU:Rotation-VelLastSectorAct 2022-11-18 13:00:32.280007 23.3291  
TARGET_DU:Rotation-PhaseErrorMMAct 2022-11-18 13:00:32.366264 -0.0327249  
TARGET_DU:Rotation-VelAct      2022-11-18 13:00:32.366398 23.4962  
TARGET_DU:Rotation-VelLastSectorAct 2022-11-18 13:00:32.380220 23.327  
TARGET_DU:Rotation-PhaseErrorMMAct 2022-11-18 13:00:32.426101 0.0152716  
TARGET_DU:Rotation-VelLastSectorAct 2022-11-18 13:00:32.430042 23.3282  
TARGET_DU:Rotation-VelAct      2022-11-18 13:00:32.482121 23.2387  
TARGET_DU:Rotation-PhaseErrorMMAct 2022-11-18 13:00:32.492150 0.0719948  
TARGET_DU:Rotation-VelLastSectorAct 2022-11-18 13:00:32.530240 23.3273  
TARGET_DU:Rotation-VelAct      2022-11-18 13:00:32.562073 23.3781  
TARGET_DU:Rotation-PhaseErrorMMAct 2022-11-18 13:00:32.562082 0.113446  
TARGET_DU:Rotation-TorqueAct   2022-11-18 13:00:32.572116 57.5  
TARGET_DU:Rotation-VelLastSectorAct 2022-11-18 13:00:32.580089 23.3289  
TARGET_DU:Rotation-TempAct     2022-11-18 13:00:32.582117 47.7  
TARGET_DU:Rotation-VelLastSectorAct 2022-11-18 13:00:32.630248 23.3289  
TARGET_DU:Rotation-PhaseErrorMMAct 2022-11-18 13:00:32.640266 0.154898  
TARGET_DU:Rotation-VelAct      2022-11-18 13:00:32.700169 23.3889  
TARGET_DU:Rotation-PhaseErrorMMAct 2022-11-18 13:00:32.710122 0.167988  
TARGET_DU:Rotation-VelLastSectorAct 2022-11-18 13:00:32.730130 23.3319  
TARGET_DU:Rotation-VelAct      2022-11-18 13:00:32.778250 23.0742  
TARGET_DU:Rotation-PhaseErrorMMAct 2022-11-18 13:00:32.778261 0.176715  
TARGET_DU:Rotation-VelLastSectorAct 2022-11-18 13:00:32.780051 23.3324  
TARGET_DU:Rotation-PhaseErrorMMAct 2022-11-18 13:00:32.866282 0.152716  
TARGET_DU:Rotation-VelAct      2022-11-18 13:00:32.866298 23.6714  
TARGET_DU:Rotation-VelLastSectorAct 2022-11-18 13:00:32.880143 23.3359  
TARGET_DU:Rotation-PhaseErrorMMAct 2022-11-18 13:00:32.926149 0.128718  
TARGET_DU:Rotation-VelAct      2022-11-18 13:00:32.982152 23.3316  
TARGET_DU:Rotation-PhaseErrorMMAct 2022-11-18 13:00:32.992130 0.0872665  
TARGET_DU:Rotation-VelLastSectorAct 2022-11-18 13:00:33.030363 23.3378  
TARGET_DU:Rotation-VelAct      2022-11-18 13:00:33.062209 23.1814  
TARGET_DU:Rotation-PhaseErrorMMAct 2022-11-18 13:00:33.062216 0.0567232  
TARGET_DU:Rotation-TorqueAct   2022-11-18 13:00:33.072228 56.4  
TARGET_DU:Rotation-VelLastSectorAct 2022-11-18 13:00:33.080114 23.3366  
TARGET_DU:Rotation-TempAct     2022-11-18 13:00:33.082084 47.9  
TARGET_DU:Rotation-VelLastSectorAct 2022-11-18 13:00:33.130315 23.3352  
TARGET_DU:Rotation-PhaseErrorMMAct 2022-11-18 13:00:33.140143 0.0392699  
TARGET_DU:Rotation-VelAct      2022-11-18 13:00:33.200341 23.2065  
TARGET_DU:Rotation-PhaseErrorMMAct 2022-11-18 13:00:33.210157 0.0305433  
TARGET_DU:Rotation-VelLastSectorAct 2022-11-18 13:00:33.230333 23.3343  
TARGET_DU:Rotation-VelAct      2022-11-18 13:00:33.280225 23.2923  
TARGET_DU:Rotation-PhaseErrorMMAct 2022-11-18 13:00:33.280242 0.0567232  
TARGET_DU:Rotation-VelLastSectorAct 2022-11-18 13:00:33.280249 23.3305  
TARGET_DU:Rotation-PhaseErrorMMAct 2022-11-18 13:00:33.366384 0.0872665  
TARGET_DU:Rotation-VelAct      2022-11-18 13:00:33.366516 23.2601  
TARGET_DU:Rotation-VelLastSectorAct 2022-11-18 13:00:33.380218 23.3301  
TARGET_DU:Rotation-PhaseErrorMMAct 2022-11-18 13:00:33.426188 0.122173  
TARGET_DU:Rotation-VelLastSectorAct 2022-11-18 13:00:33.430127 23.3296  
TARGET_DU:Rotation-VelAct      2022-11-18 13:00:33.482248 23.3316  
TARGET_DU:Rotation-PhaseErrorMMAct 2022-11-18 13:00:33.492280 0.139626  
TARGET_DU:Rotation-VelLastSectorAct 2022-11-18 13:00:33.530261 23.3315  
TARGET_DU:Rotation-VelAct      2022-11-18 13:00:33.562200 23.0098  
TARGET_DU:Rotation-PhaseErrorMMAct 2022-11-18 13:00:33.562210 0.19635  
TARGET_DU:Rotation-TorqueAct   2022-11-18 13:00:33.572186 58.1  
TARGET_DU:Rotation-VelLastSectorAct 2022-11-18 13:00:33.580160 23.3273  
TARGET_DU:Rotation-TempAct     2022-11-18 13:00:33.582140 47.7  
TARGET_DU:Rotation-VelLastSectorAct 2022-11-18 13:00:33.630311 23.3287  
TARGET_DU:Rotation-PhaseErrorMMAct 2022-11-18 13:00:33.640197 0.239983  
TARGET_DU:Rotation-VelAct      2022-11-18 13:00:33.700264 23.4032  
TARGET_DU:Rotation-PhaseErrorMMAct 2022-11-18 13:00:33.710222 0.290161  
TARGET_DU:Rotation-VelLastSectorAct 2022-11-18 13:00:33.730339 23.328  
TARGET_DU:Rotation-VelAct      2022-11-18 13:00:33.778297 23.4532  
TARGET_DU:Rotation-PhaseErrorMMAct 2022-11-18 13:00:33.778308 0.320704  
TARGET_DU:Rotation-VelLastSectorAct 2022-11-18 13:00:33.780128 23.3301  
TARGET_DU:Rotation-PhaseErrorMMAct 2022-11-18 13:00:33.866386 0.351248  
TARGET_DU:Rotation-VelAct      2022-11-18 13:00:33.866597 23.1564  
TARGET_DU:Rotation-VelLastSectorAct 2022-11-18 13:00:33.880210 23.3301  
TARGET_DU:Rotation-PhaseErrorMMAct 2022-11-18 13:00:33.926225 0.379609  
TARGET_DU:Rotation-VelLastSectorAct 2022-11-18 13:00:33.930173 23.3303  
TARGET_DU:Rotation-VelAct      2022-11-18 13:00:33.982251 23.5534  
TARGET_DU:Rotation-PhaseErrorMMAct 2022-11-18 13:00:33.992211 0.394881  
TARGET_DU:Rotation-VelLastSectorAct 2022-11-18 13:00:34.030379 23.3317  
TARGET_DU:Rotation-VelAct      2022-11-18 13:00:34.062191 23.3138  
TARGET_DU:Rotation-PhaseErrorMMAct 2022-11-18 13:00:34.062201 0.381791  
TARGET_DU:Rotation-TorqueAct   2022-11-18 13:00:34.072290 60.7  
TARGET_DU:Rotation-VelLastSectorAct 2022-11-18 13:00:34.080173 23.3347  
TARGET_DU:Rotation-VelLastSectorAct 2022-11-18 13:00:34.131439 23.3368  
TARGET_DU:Rotation-PhaseErrorMMAct 2022-11-18 13:00:34.140260 0.349066  
TARGET_DU:Rotation-VelAct      2022-11-18 13:00:34.170276 23.2601  
TARGET_DU:Rotation-PhaseErrorMMAct 2022-11-18 13:00:34.211236 0.303251  
TARGET_DU:Rotation-VelLastSectorAct 2022-11-18 13:00:34.230406 23.3382  
TARGET_DU:Rotation-VelAct      2022-11-18 13:00:34.279247 23.3853  
TARGET_DU:Rotation-PhaseErrorMMAct 2022-11-18 13:00:34.279306 0.235619  
TARGET_DU:Rotation-VelLastSectorAct 2022-11-18 13:00:34.280145 23.3406  
TARGET_DU:Rotation-PhaseErrorMMAct 2022-11-18 13:00:34.370271 0.167988  
TARGET_DU:Rotation-VelAct      2022-11-18 13:00:34.370289 23.421  
TARGET_DU:Rotation-VelLastSectorAct 2022-11-18 13:00:34.380486 23.3406  
TARGET_DU:Rotation-PhaseErrorMMAct 2022-11-18 13:00:34.426284 0.0850848  
TARGET_DU:Rotation-VelLastSectorAct 2022-11-18 13:00:34.431194 23.3422  
TARGET_DU:Rotation-VelAct      2022-11-18 13:00:34.482329 23.2422  
TARGET_DU:Rotation-PhaseErrorMMAct 2022-11-18 13:00:34.493313 0.0174533  
TARGET_DU:Rotation-VelLastSectorAct 2022-11-18 13:00:34.530435 23.3406  
TARGET_DU:Rotation-VelAct      2022-11-18 13:00:34.562315 23.2494  
TARGET_DU:Rotation-PhaseErrorMMAct 2022-11-18 13:00:34.562326 -0.0501782  
TARGET_DU:Rotation-TorqueAct   2022-11-18 13:00:34.572299 57.2  
TARGET_DU:Rotation-VelLastSectorAct 2022-11-18 13:00:34.580228 23.3406  
TARGET_DU:Rotation-TempAct     2022-11-18 13:00:34.582197 47.8  
TARGET_DU:Rotation-VelLastSectorAct 2022-11-18 13:00:34.630418 23.3378  
TARGET_DU:Rotation-PhaseErrorMMAct 2022-11-18 13:00:34.640401 -0.0916298  
TARGET_DU:Rotation-VelAct      2022-11-18 13:00:34.700383 23.5641  
TARGET_DU:Rotation-PhaseErrorMMAct 2022-11-18 13:00:34.710310 -0.137445  
TARGET_DU:Rotation-VelLastSectorAct 2022-11-18 13:00:34.731415 23.3382  
TARGET_DU:Rotation-VelAct      2022-11-18 13:00:34.778525 23.1922  
TARGET_DU:Rotation-PhaseErrorMMAct 2022-11-18 13:00:34.778618 -0.154898  
TARGET_DU:Rotation-VelLastSectorAct 2022-11-18 13:00:34.780274 23.3352  
TARGET_DU:Rotation-PhaseErrorMMAct 2022-11-18 13:00:34.866632 -0.189805  
TARGET_DU:Rotation-VelAct      2022-11-18 13:00:34.866864 23.3424  
TARGET_DU:Rotation-VelLastSectorAct 2022-11-18 13:00:34.880411 23.3371  
TARGET_DU:Rotation-PhaseErrorMMAct 2022-11-18 13:00:34.926330 -0.233438  
TARGET_DU:Rotation-VelLastSectorAct 2022-11-18 13:00:34.930232 23.338  
TARGET_DU:Rotation-VelAct      2022-11-18 13:00:34.982302 23.2601  
TARGET_DU:Rotation-PhaseErrorMMAct 2022-11-18 13:00:34.993321 -0.259618  
TARGET_DU:Rotation-VelLastSectorAct 2022-11-18 13:00:35.030436 23.3361  
TARGET_DU:Rotation-VelAct      2022-11-18 13:00:35.062563 23.5355  
TARGET_DU:Rotation-PhaseErrorMMAct 2022-11-18 13:00:35.062575 -0.303251  
TARGET_DU:Rotation-TorqueAct   2022-11-18 13:00:35.073329 56.6  
TARGET_DU:Rotation-VelLastSectorAct 2022-11-18 13:00:35.080430 23.338  
TARGET_DU:Rotation-VelLastSectorAct 2022-11-18 13:00:35.130651 23.3345  
TARGET_DU:Rotation-PhaseErrorMMAct 2022-11-18 13:00:35.140318 -0.314159  
TARGET_DU:Rotation-VelAct      2022-11-18 13:00:35.171388 23.4282  
TARGET_DU:Rotation-PhaseErrorMMAct 2022-11-18 13:00:35.210310 -0.346884  
TARGET_DU:Rotation-VelLastSectorAct 2022-11-18 13:00:35.231446 23.3368  
TARGET_DU:Rotation-VelAct      2022-11-18 13:00:35.278561 23.303  
TARGET_DU:Rotation-PhaseErrorMMAct 2022-11-18 13:00:35.278705 -0.366519  
TARGET_DU:Rotation-VelLastSectorAct 2022-11-18 13:00:35.280240 23.3354  
TARGET_DU:Rotation-PhaseErrorMMAct 2022-11-18 13:00:35.366518 -0.399244  
TARGET_DU:Rotation-VelAct      2022-11-18 13:00:35.366533 23.3459  
TARGET_DU:Rotation-VelLastSectorAct 2022-11-18 13:00:35.380328 23.3368  
TARGET_DU:Rotation-PhaseErrorMMAct 2022-11-18 13:00:35.426329 -0.445059  
TARGET_DU:Rotation-VelLastSectorAct 2022-11-18 13:00:35.430234 23.3382  
TARGET_DU:Rotation-VelAct      2022-11-18 13:00:35.482350 23.2995  
TARGET_DU:Rotation-PhaseErrorMMAct 2022-11-18 13:00:35.492325 -0.473421  
TARGET_DU:Rotation-VelLastSectorAct 2022-11-18 13:00:35.531586 23.3364  
TARGET_DU:Rotation-VelAct      2022-11-18 13:00:35.562333 23.2351  
TARGET_DU:Rotation-PhaseErrorMMAct 2022-11-18 13:00:35.562342 -0.503964  
TARGET_DU:Rotation-TorqueAct   2022-11-18 13:00:35.572399 55.7  
TARGET_DU:Rotation-VelLastSectorAct 2022-11-18 13:00:35.580324 23.3366  
TARGET_DU:Rotation-TempAct     2022-11-18 13:00:35.582293 47.6  
TARGET_DU:Rotation-VelLastSectorAct 2022-11-18 13:00:35.630482 23.3343  
TARGET_DU:Rotation-PhaseErrorMMAct 2022-11-18 13:00:35.641320 -0.51269  
TARGET_DU:Rotation-VelAct      2022-11-18 13:00:35.671378 23.2887  
TARGET_DU:Rotation-PhaseErrorMMAct 2022-11-18 13:00:35.710350 -0.510509  
TARGET_DU:Rotation-VelLastSectorAct 2022-11-18 13:00:35.735220 23.3331  
TARGET_DU:Rotation-VelAct      2022-11-18 13:00:35.781429 23.1886  
TARGET_DU:Rotation-PhaseErrorMMAct 2022-11-18 13:00:35.781443 -0.482147  
TARGET_DU:Rotation-VelLastSectorAct 2022-11-18 13:00:35.781462 23.3303  
TARGET_DU:Rotation-PhaseErrorMMAct 2022-11-18 13:00:35.867575 -0.434151  
TARGET_DU:Rotation-VelAct      2022-11-18 13:00:35.867684 23.21  
TARGET_DU:Rotation-VelLastSectorAct 2022-11-18 13:00:35.880380 23.3282  
TARGET_DU:Rotation-PhaseErrorMMAct 2022-11-18 13:00:35.926396 -0.373064  
TARGET_DU:Rotation-VelLastSectorAct 2022-11-18 13:00:35.930313 23.3268  
TARGET_DU:Rotation-VelAct      2022-11-18 13:00:35.983440 23.489  
TARGET_DU:Rotation-PhaseErrorMMAct 2022-11-18 13:00:35.992385 -0.316341  
TARGET_DU:Rotation-VelLastSectorAct 2022-11-18 13:00:36.030470 23.3273  
TARGET_DU:Rotation-VelAct      2022-11-18 13:00:36.062441 23.5462  
TARGET_DU:Rotation-PhaseErrorMMAct 2022-11-18 13:00:36.062460 -0.272708  
TARGET_DU:Rotation-TorqueAct   2022-11-18 13:00:36.072378 58.8  
TARGET_DU:Rotation-VelLastSectorAct 2022-11-18 13:00:36.081352 23.3287  
TARGET_DU:Rotation-TempAct     2022-11-18 13:00:36.082333 47.8  
TARGET_DU:Rotation-VelLastSectorAct 2022-11-18 13:00:36.130521 23.3266  
TARGET_DU:Rotation-PhaseErrorMMAct 2022-11-18 13:00:36.140399 -0.20944  
TARGET_DU:Rotation-VelAct      2022-11-18 13:00:36.170399 23.1779  
TARGET_DU:Rotation-PhaseErrorMMAct 2022-11-18 13:00:36.210423 -0.150535  
TARGET_DU:Rotation-VelLastSectorAct 2022-11-18 13:00:36.231112 23.327  
TARGET_DU:Rotation-VelAct      2022-11-18 13:00:36.280983 23.489  
TARGET_DU:Rotation-PhaseErrorMMAct 2022-11-18 13:00:36.281133 -0.0938114  
TARGET_DU:Rotation-VelLastSectorAct 2022-11-18 13:00:36.281152 23.3273  
TARGET_DU:Rotation-PhaseErrorMMAct 2022-11-18 13:00:36.367013 -0.0523599  
TARGET_DU:Rotation-VelAct      2022-11-18 13:00:36.367159 23.371  
TARGET_DU:Rotation-VelLastSectorAct 2022-11-18 13:00:36.380875 23.3289  
TARGET_DU:Rotation-PhaseErrorMMAct 2022-11-18 13:00:36.426897 -0.01309  
TARGET_DU:Rotation-VelLastSectorAct 2022-11-18 13:00:36.430848 23.3291  
TARGET_DU:Rotation-VelAct      2022-11-18 13:00:36.483000 23.2565  
TARGET_DU:Rotation-PhaseErrorMMAct 2022-11-18 13:00:36.492902 0.0109083  
TARGET_DU:Rotation-VelLastSectorAct 2022-11-18 13:00:36.529843 23.3308  
TARGET_DU:Rotation-VelAct      2022-11-18 13:00:36.561962 23.4854  
TARGET_DU:Rotation-PhaseErrorMMAct 2022-11-18 13:00:36.561972 0.019635  
TARGET_DU:Rotation-TorqueAct   2022-11-18 13:00:36.571807 60  
TARGET_DU:Rotation-VelLastSectorAct 2022-11-18 13:00:36.579725 23.3324  
TARGET_DU:Rotation-VelLastSectorAct 2022-11-18 13:00:36.629900 23.3338  
TARGET_DU:Rotation-PhaseErrorMMAct 2022-11-18 13:00:36.639753 0.0152716  
TARGET_DU:Rotation-VelAct      2022-11-18 13:00:36.699961 23.1171  
TARGET_DU:Rotation-PhaseErrorMMAct 2022-11-18 13:00:36.709947 -0.00436332  
TARGET_DU:Rotation-VelLastSectorAct 2022-11-18 13:00:36.730033 23.3354  
TARGET_DU:Rotation-VelAct      2022-11-18 13:00:36.779926 23.4389  
TARGET_DU:Rotation-PhaseErrorMMAct 2022-11-18 13:00:36.779938 -0.0370882  
TARGET_DU:Rotation-VelLastSectorAct 2022-11-18 13:00:36.779942 23.3368  
TARGET_DU:Rotation-PhaseErrorMMAct 2022-11-18 13:00:36.866142 -0.0807215  
TARGET_DU:Rotation-VelAct      2022-11-18 13:00:36.866284 23.4926  
TARGET_DU:Rotation-VelLastSectorAct 2022-11-18 13:00:36.879908 23.338  
TARGET_DU:Rotation-PhaseErrorMMAct 2022-11-18 13:00:36.925780 -0.119991  
TARGET_DU:Rotation-VelLastSectorAct 2022-11-18 13:00:36.930050 23.3375  
TARGET_DU:Rotation-VelAct      2022-11-18 13:00:36.981903 23.0634  
TARGET_DU:Rotation-PhaseErrorMMAct 2022-11-18 13:00:36.991798 -0.146171  
TARGET_DU:Rotation-VelLastSectorAct 2022-11-18 13:00:37.029907 23.3361  
TARGET_DU:Rotation-VelAct      2022-11-18 13:00:37.061896 23.4139  
TARGET_DU:Rotation-PhaseErrorMMAct 2022-11-18 13:00:37.061905 -0.174533  
TARGET_DU:Rotation-TorqueAct   2022-11-18 13:00:37.071929 57.6  
TARGET_DU:Rotation-VelLastSectorAct 2022-11-18 13:00:37.079864 23.3364  
TARGET_DU:Rotation-VelLastSectorAct 2022-11-18 13:00:37.129786 23.3319  
TARGET_DU:Rotation-PhaseErrorMMAct 2022-11-18 13:00:37.139938 -0.161443  
TARGET_DU:Rotation-VelAct      2022-11-18 13:00:37.169949 23.4246  
TARGET_DU:Rotation-PhaseErrorMMAct 2022-11-18 13:00:37.209981 -0.154898  
TARGET_DU:Rotation-VelLastSectorAct 2022-11-18 13:00:37.230050 23.3326  
TARGET_DU:Rotation-VelAct      2022-11-18 13:00:37.278101 22.9347  
TARGET_DU:Rotation-PhaseErrorMMAct 2022-11-18 13:00:37.278111 -0.122173  
TARGET_DU:Rotation-VelLastSectorAct 2022-11-18 13:00:37.279710 23.3298  
TARGET_DU:Rotation-PhaseErrorMMAct 2022-11-18 13:00:37.366138 -0.0894481  
TARGET_DU:Rotation-VelAct      2022-11-18 13:00:37.366279 23.6034  
TARGET_DU:Rotation-VelLastSectorAct 2022-11-18 13:00:37.379905 23.3298  
TARGET_DU:Rotation-PhaseErrorMMAct 2022-11-18 13:00:37.425979 -0.0632682  
TARGET_DU:Rotation-VelLastSectorAct 2022-11-18 13:00:37.429716 23.3305  
TARGET_DU:Rotation-VelAct      2022-11-18 13:00:37.482041 22.9418  
TARGET_DU:Rotation-PhaseErrorMMAct 2022-11-18 13:00:37.491845 -0.0392699  
TARGET_DU:Rotation-VelLastSectorAct 2022-11-18 13:00:37.530248 23.3308  
TARGET_DU:Rotation-VelAct      2022-11-18 13:00:37.561787 23.278  
TARGET_DU:Rotation-PhaseErrorMMAct 2022-11-18 13:00:37.561796 -0.0261799  
TARGET_DU:Rotation-TorqueAct   2022-11-18 13:00:37.571929 57.8  
TARGET_DU:Rotation-VelLastSectorAct 2022-11-18 13:00:37.579804 23.3319  
TARGET_DU:Rotation-TempAct     2022-11-18 13:00:37.581797 47.9  
TARGET_DU:Rotation-VelLastSectorAct 2022-11-18 13:00:37.630045 23.3317  
TARGET_DU:Rotation-PhaseErrorMMAct 2022-11-18 13:00:37.639886 -0.0109083  
TARGET_DU:Rotation-VelAct      2022-11-18 13:00:37.669779 23.6428  
TARGET_DU:Rotation-PhaseErrorMMAct 2022-11-18 13:00:37.709916 -0.0109083  
TARGET_DU:Rotation-VelLastSectorAct 2022-11-18 13:00:37.729965 23.3333  
TARGET_DU:Rotation-VelAct      2022-11-18 13:00:37.777987 23.4461  
TARGET_DU:Rotation-PhaseErrorMMAct 2022-11-18 13:00:37.777997 -0.0174533  
TARGET_DU:Rotation-VelLastSectorAct 2022-11-18 13:00:37.780710 23.334  
TARGET_DU:Rotation-PhaseErrorMMAct 2022-11-18 13:00:37.866161 -0.0414516  
TARGET_DU:Rotation-VelAct      2022-11-18 13:00:37.866176 23.3066  
TARGET_DU:Rotation-VelLastSectorAct 2022-11-18 13:00:37.879861 23.3359  
TARGET_DU:Rotation-PhaseErrorMMAct 2022-11-18 13:00:37.925953 -0.0741765  
TARGET_DU:Rotation-VelLastSectorAct 2022-11-18 13:00:37.929800 23.3368  
TARGET_DU:Rotation-VelAct      2022-11-18 13:00:37.981803 23.3138  
TARGET_DU:Rotation-PhaseErrorMMAct 2022-11-18 13:00:37.992083 -0.113446  
TARGET_DU:Rotation-VelLastSectorAct 2022-11-18 13:00:38.029929 23.3375  
TARGET_DU:Rotation-VelAct      2022-11-18 13:00:38.061949 23.2923  
TARGET_DU:Rotation-PhaseErrorMMAct 2022-11-18 13:00:38.061958 -0.148353  
TARGET_DU:Rotation-TorqueAct   2022-11-18 13:00:38.071794 56.2  
TARGET_DU:Rotation-VelLastSectorAct 2022-11-18 13:00:38.079842 23.3371  
TARGET_DU:Rotation-TempAct     2022-11-18 13:00:38.081867 47.7  
TARGET_DU:Rotation-VelLastSectorAct 2022-11-18 13:00:38.130048 23.3373  
TARGET_DU:Rotation-PhaseErrorMMAct 2022-11-18 13:00:38.139862 -0.185441  
TARGET_DU:Rotation-VelAct      2022-11-18 13:00:38.199899 23.3459  
TARGET_DU:Rotation-PhaseErrorMMAct 2022-11-18 13:00:38.209861 -0.187623  
TARGET_DU:Rotation-VelLastSectorAct 2022-11-18 13:00:38.230195 23.3336  
TARGET_DU:Rotation-VelAct      2022-11-18 13:00:38.280034 23.4783  
TARGET_DU:Rotation-VelLastSectorAct 2022-11-18 13:00:38.280266 23.3333  
TARGET_DU:Rotation-PhaseErrorMMAct 2022-11-18 13:00:38.366087 -0.150535  
TARGET_DU:Rotation-VelAct      2022-11-18 13:00:38.366200 23.2565  
TARGET_DU:Rotation-VelLastSectorAct 2022-11-18 13:00:38.379885 23.3294  
TARGET_DU:Rotation-PhaseErrorMMAct 2022-11-18 13:00:38.425774 -0.0872665  
TARGET_DU:Rotation-VelLastSectorAct 2022-11-18 13:00:38.430027 23.3266  
TARGET_DU:Rotation-VelAct      2022-11-18 13:00:38.481872 23.4568  
TARGET_DU:Rotation-PhaseErrorMMAct 2022-11-18 13:00:38.491809 -0.00218166  
TARGET_DU:Rotation-VelLastSectorAct 2022-11-18 13:00:38.529989 23.3242  
TARGET_DU:Rotation-VelAct      2022-11-18 13:00:38.561902 23.2995  
TARGET_DU:Rotation-PhaseErrorMMAct 2022-11-18 13:00:38.561913 0.0894481  
TARGET_DU:Rotation-TorqueAct   2022-11-18 13:00:38.571863 57.5  
TARGET_DU:Rotation-VelLastSectorAct 2022-11-18 13:00:38.579898 23.3235  
TARGET_DU:Rotation-VelLastSectorAct 2022-11-18 13:00:38.629968 23.3245  
TARGET_DU:Rotation-PhaseErrorMMAct 2022-11-18 13:00:38.639956 0.172351  
TARGET_DU:Rotation-VelAct      2022-11-18 13:00:38.669995 23.5462  
TARGET_DU:Rotation-PhaseErrorMMAct 2022-11-18 13:00:38.709885 0.277071  
TARGET_DU:Rotation-VelLastSectorAct 2022-11-18 13:00:38.730132 23.3221  
TARGET_DU:Rotation-VelAct      2022-11-18 13:00:38.779930 23.1886  
TARGET_DU:Rotation-PhaseErrorMMAct 2022-11-18 13:00:38.779941 0.375246  
TARGET_DU:Rotation-VelLastSectorAct 2022-11-18 13:00:38.779945 23.3228  
TARGET_DU:Rotation-PhaseErrorMMAct 2022-11-18 13:00:38.866171 0.473421  
TARGET_DU:Rotation-VelAct      2022-11-18 13:00:38.866248 23.2673  
TARGET_DU:Rotation-PhaseErrorMMAct 2022-11-18 13:00:38.925870 0.556324  
TARGET_DU:Rotation-VelLastSectorAct 2022-11-18 13:00:38.929732 23.3245  
TARGET_DU:Rotation-VelAct      2022-11-18 13:00:38.981923 23.2995  
TARGET_DU:Rotation-PhaseErrorMMAct 2022-11-18 13:00:38.991868 0.619592  
TARGET_DU:Rotation-VelLastSectorAct 2022-11-18 13:00:39.030040 23.3266  
TARGET_DU:Rotation-VelAct      2022-11-18 13:00:39.061840 23.2565  
TARGET_DU:Rotation-PhaseErrorMMAct 2022-11-18 13:00:39.061851 0.674133  
TARGET_DU:Rotation-TorqueAct   2022-11-18 13:00:39.071986 62  
TARGET_DU:Rotation-VelLastSectorAct 2022-11-18 13:00:39.079842 23.3275  
TARGET_DU:Rotation-TempAct     2022-11-18 13:00:39.081977 47.8  
TARGET_DU:Rotation-VelLastSectorAct 2022-11-18 13:00:39.129935 23.3322  
TARGET_DU:Rotation-PhaseErrorMMAct 2022-11-18 13:00:39.139799 0.685042  
TARGET_DU:Rotation-VelAct      2022-11-18 13:00:39.171117 23.1779  
TARGET_DU:Rotation-PhaseErrorMMAct 2022-11-18 13:00:39.209920 0.663225  
TARGET_DU:Rotation-VelLastSectorAct 2022-11-18 13:00:39.230138 23.3357  
TARGET_DU:Rotation-VelAct      2022-11-18 13:00:39.279910 23.3746  
TARGET_DU:Rotation-PhaseErrorMMAct 2022-11-18 13:00:39.279941 0.61741  
TARGET_DU:Rotation-VelLastSectorAct 2022-11-18 13:00:39.279945 23.3382  
TARGET_DU:Rotation-PhaseErrorMMAct 2022-11-18 13:00:39.366130 0.536689  
TARGET_DU:Rotation-VelAct      2022-11-18 13:00:39.366171 23.6857  
TARGET_DU:Rotation-VelLastSectorAct 2022-11-18 13:00:39.379917 23.342  
TARGET_DU:Rotation-PhaseErrorMMAct 2022-11-18 13:00:39.425929 0.431969  
TARGET_DU:Rotation-VelLastSectorAct 2022-11-18 13:00:39.429806 23.3445  
TARGET_DU:Rotation-VelAct      2022-11-18 13:00:39.481853 23.2601  
TARGET_DU:Rotation-PhaseErrorMMAct 2022-11-18 13:00:39.491959 0.318523  
TARGET_DU:Rotation-VelLastSectorAct 2022-11-18 13:00:39.529843 23.3455  
TARGET_DU:Rotation-VelAct      2022-11-18 13:00:39.561864 23.3638  
TARGET_DU:Rotation-PhaseErrorMMAct 2022-11-18 13:00:39.561886 0.191986  
TARGET_DU:Rotation-TorqueAct   2022-11-18 13:00:39.571813 58.4  
TARGET_DU:Rotation-VelLastSectorAct 2022-11-18 13:00:39.579854 23.3469  
TARGET_DU:Rotation-VelLastSectorAct 2022-11-18 13:00:39.630084 23.3455  
TARGET_DU:Rotation-PhaseErrorMMAct 2022-11-18 13:00:39.639860 0.0785398  
