IOC_TEST:MCU-ErrRst
IOC_TEST:ec0-s0-EK1100-Stat_
IOC_TEST:ec0-s1-EL5021-Stat_
IOC_TEST:ec0-s2-EL3174_0to10V-Stat_
IOC_TEST:ec0-s2-EL3174_0to10V-AI1-Stat
IOC_TEST:ec0-s2-EL3174_0to10V-AI2-Stat
IOC_TEST:ec0-s2-EL3174_0to10V-AI3-Stat
IOC_TEST:ec0-s2-EL3174_0to10V-AI4-Stat
IOC_TEST:ec0-Stat_
IOC_TEST:ec0-Domain-Stat_
REQMOD:mcag-epics4-17581:MODULES
REQMOD:mcag-epics4-17581:VERSIONS
REQMOD:mcag-epics4-17581:MOD_VER
IOC_TEST:MCU-ErrMsg
IOC_TEST:MCU-updated
IOC_TEST:ec0-s0-EK1100-Stat
IOC_TEST:ec0-s1-EL5021-Stat
IOC_TEST:ec0-s2-EL3174_0to10V-Stat
IOC_TEST:ec0-Stat
IOC_TEST:ec0-slavecounter
IOC_TEST:ec0-memmapcounter
IOC_TEST:ec0-domainfailcountertotal
IOC_TEST:ec0-entrycounter
IOC_TEST:ec0-Domain-Stat
IOC_TEST:ec0-s0-EK1100-online
IOC_TEST:ec0-s0-EK1100-operational
IOC_TEST:ec0-s0-EK1100-alstate-init
IOC_TEST:ec0-s0-EK1100-alstate-preop
IOC_TEST:ec0-s0-EK1100-alstate-safeop
IOC_TEST:ec0-s0-EK1100-alstate-op
IOC_TEST:ec0-s1-EL5021-online
IOC_TEST:ec0-s1-EL5021-operational
IOC_TEST:ec0-s1-EL5021-alstate-init
IOC_TEST:ec0-s1-EL5021-alstate-preop
IOC_TEST:ec0-s1-EL5021-alstate-safeop
IOC_TEST:ec0-s1-EL5021-alstate-op
IOC_TEST:ec0-s1-EL5021-Freq-Alrm
IOC_TEST:ec0-s2-EL3174_0to10V-online
IOC_TEST:ec0-s2-EL3174_0to10V-operational
IOC_TEST:ec0-s2-EL3174_0to10V-alstate-init
IOC_TEST:ec0-s2-EL3174_0to10V-alstate-preop
IOC_TEST:ec0-s2-EL3174_0to10V-alstate-safeop
IOC_TEST:ec0-s2-EL3174_0to10V-alstate-op
IOC_TEST:ec0-s2-EL3174_0to10V-AI1-UnderLim-Alrm
IOC_TEST:ec0-s2-EL3174_0to10V-AI1-OverLim-Alrm
IOC_TEST:ec0-s2-EL3174_0to10V-AI1-Err-Alrm
IOC_TEST:ec0-s2-EL3174_0to10V-AI2-UnderLim-Alrm
IOC_TEST:ec0-s2-EL3174_0to10V-AI2-OverLim-Alrm
IOC_TEST:ec0-s2-EL3174_0to10V-AI2-Err-Alrm
IOC_TEST:ec0-s2-EL3174_0to10V-AI3-UnderLim-Alrm
IOC_TEST:ec0-s2-EL3174_0to10V-AI3-OverLim-Alrm
IOC_TEST:ec0-s2-EL3174_0to10V-AI3-Err-Alrm
IOC_TEST:ec0-s2-EL3174_0to10V-AI4-UnderLim-Alrm
IOC_TEST:ec0-s2-EL3174_0to10V-AI4-OverLim-Alrm
IOC_TEST:ec0-s2-EL3174_0to10V-AI4-Err-Alrm
IOC_TEST:ec0-linkup
IOC_TEST:ec0-alstates-init
IOC_TEST:ec0-alstates-preop
IOC_TEST:ec0-alstates-safeop
IOC_TEST:ec0-alstates-op
IOC_TEST:ec0-Domain-redunactive
IOC_TEST:ec0-Domain-WC-zero
IOC_TEST:ec0-Domain-WC-incomplete
IOC_TEST:ec0-Domain-WC-complete
IOC_TEST:ec0-s0-EK1100-entrycounter
IOC_TEST:ec0-s1-EL5021-entrycounter
IOC_TEST:ec0-s2-EL3174_0to10V-entrycounter
IOC_TEST:ec0-slavesresp
IOC_TEST:ec0-Domain-WC
IOC_TEST:ec0-s0-EK1100-One
IOC_TEST:ec0-s0-EK1100-Zero
IOC_TEST:ec0-s1-EL5021-One
IOC_TEST:ec0-s1-EL5021-Zero
IOC_TEST:ec0-s2-EL3174_0to10V-One
IOC_TEST:ec0-s2-EL3174_0to10V-Zero
REQMOD:mcag-epics4-17581:exit
REQMOD:mcag-epics4-17581:BaseVersion
REQMOD:mcag-epics4-17581:require_VER
REQMOD:mcag-epics4-17581:ecmccfg_VER
REQMOD:mcag-epics4-17581:asyn_VER
REQMOD:mcag-epics4-17581:exprtk_VER
REQMOD:mcag-epics4-17581:motor_VER
REQMOD:mcag-epics4-17581:ecmc_VER
REQMOD:mcag-epics4-17581:sequencer_VER
REQMOD:mcag-epics4-17581:sscan_VER
REQMOD:mcag-epics4-17581:calc_VER
REQMOD:mcag-epics4-17581:pcre_VER
REQMOD:mcag-epics4-17581:stream_VER
IOC_TEST:ec0-s0-EK1100-HWType
IOC_TEST:ec0-s1-EL5021-HWType
IOC_TEST:ec0-s2-EL3174_0to10V-HWType
IOC_TEST:ec0-s1-EL5021-PosAct
IOC_TEST:ec0-s2-EL3174_0to10V-AI1
IOC_TEST:ec0-s2-EL3174_0to10V-AI2
IOC_TEST:ec0-s2-EL3174_0to10V-AI3
IOC_TEST:ec0-s2-EL3174_0to10V-AI4
IOC_TEST:MCU-app-mode
IOC_TEST:MCU-ErrId
IOC_TEST:MCU-thread-latency-min
IOC_TEST:MCU-thread-latency-max
IOC_TEST:MCU-thread-period-min
IOC_TEST:MCU-thread-period-max
IOC_TEST:MCU-thread-execute-min
IOC_TEST:MCU-thread-execute-max
IOC_TEST:MCU-thread-send-min
IOC_TEST:MCU-thread-send-max
IOC_TEST:MCU-Cmd
