TARGET_DU:Rotation-PosAct      2022-12-05 09:25:07.466047 359.956  
TARGET_DU:Rotation-TorqueAct   2022-12-05 09:25:06.987080 0  
TARGET_DU:Rotation-VelAct      2022-12-05 09:25:07.378074 -0.0322  
TARGET_DU:Rotation-VelAct      2022-12-05 09:25:07.632314 0.025  
TARGET_DU:Rotation-PosAct      2022-12-05 09:25:07.632656 359.9561  
TARGET_DU:Rotation-PosAct      2022-12-05 09:25:07.632684 359.956  
TARGET_DU:Rotation-VelAct      2022-12-05 09:25:07.746114 -0.0107  
TARGET_DU:Rotation-PosAct      2022-12-05 09:25:07.796119 359.9561  
TARGET_DU:Rotation-PosAct      2022-12-05 09:25:07.796304 359.956  
TARGET_DU:Rotation-VelAct      2022-12-05 09:25:07.796340 0.0107  
TARGET_DU:Rotation-PosAct      2022-12-05 09:25:07.796461 359.9561  
TARGET_DU:Rotation-PosAct      2022-12-05 09:25:07.796478 359.956  
TARGET_DU:Rotation-VelAct      2022-12-05 09:25:07.878089 0.0072  
TARGET_DU:Rotation-PosAct      2022-12-05 09:25:07.966123 359.9561  
TARGET_DU:Rotation-PosAct      2022-12-05 09:25:07.966165 359.956  
TARGET_DU:Rotation-PosAct      2022-12-05 09:25:07.966168 359.9561  
TARGET_DU:Rotation-PosAct      2022-12-05 09:25:07.966248 359.956  
TARGET_DU:Rotation-PosAct      2022-12-05 09:25:07.966263 359.9559  
TARGET_DU:Rotation-PosAct      2022-12-05 09:25:07.966328 359.956  
TARGET_DU:Rotation-VelAct      2022-12-05 09:25:07.977131 -0.0286  
TARGET_DU:Rotation-VelAct      2022-12-05 09:25:08.132223 0.0465  
TARGET_DU:Rotation-PosAct      2022-12-05 09:25:08.162077 359.9561  
TARGET_DU:Rotation-PosAct      2022-12-05 09:25:08.162109 359.956  
TARGET_DU:Rotation-VelAct      2022-12-05 09:25:08.246154 0.0179  
TARGET_DU:Rotation-PosAct      2022-12-05 09:25:08.246332 359.9559  
TARGET_DU:Rotation-PosAct      2022-12-05 09:25:08.246350 359.9561  
TARGET_DU:Rotation-PosAct      2022-12-05 09:25:08.246468 359.956  
TARGET_DU:Rotation-PosAct      2022-12-05 09:25:08.246487 359.9561  
TARGET_DU:Rotation-PosAct      2022-12-05 09:25:08.246489 359.956  
TARGET_DU:Rotation-PosAct      2022-12-05 09:25:08.296139 359.9561  
TARGET_DU:Rotation-PosAct      2022-12-05 09:25:08.296168 359.956  
TARGET_DU:Rotation-VelAct      2022-12-05 09:25:08.296177 -0.0107  
TARGET_DU:Rotation-PosAct      2022-12-05 09:25:08.318110 359.9561  
TARGET_DU:Rotation-PosAct      2022-12-05 09:25:08.328076 359.956  
TARGET_DU:Rotation-PosAct      2022-12-05 09:25:08.378116 359.9561  
TARGET_DU:Rotation-VelAct      2022-12-05 09:25:08.378144 0.0393  
TARGET_DU:Rotation-PosAct      2022-12-05 09:25:08.466115 359.956  
TARGET_DU:Rotation-PosAct      2022-12-05 09:25:08.466143 359.9561  
TARGET_DU:Rotation-PosAct      2022-12-05 09:25:08.466146 359.956  
TARGET_DU:Rotation-VelAct      2022-12-05 09:25:08.477181 -0.0429  
TARGET_DU:Rotation-TorqueAct   2022-12-05 09:25:08.487108 -0.1  
