TARGET_DU:Rotation-TorqueAct   2022-11-17 14:49:35.066141 56  
TARGET_DU:Rotation-VelAct      2022-11-17 14:49:35.274354 23.421  
TARGET_DU:Rotation-TempAct     2022-11-17 14:49:35.076054 50.5  
TARGET_DU:Rotation-VelLastSectorAct 2022-11-17 14:49:35.274361 23.3242  
TARGET_DU:Rotation-PhaseErrorMMAct 2022-11-17 14:49:35.274357 0.161443  
TARGET_DU:Rotation-PhaseErrorMMAct 2022-11-17 14:49:35.360418 0.213803  
TARGET_DU:Rotation-VelAct      2022-11-17 14:49:35.360720 23.2708  
TARGET_DU:Rotation-VelLastSectorAct 2022-11-17 14:49:35.374150 23.3277  
TARGET_DU:Rotation-PhaseErrorMMAct 2022-11-17 14:49:35.410305 0.274889  
TARGET_DU:Rotation-VelLastSectorAct 2022-11-17 14:49:35.424089 23.3268  
TARGET_DU:Rotation-VelAct      2022-11-17 14:49:35.477157 23.16  
TARGET_DU:Rotation-VelLastSectorAct 2022-11-17 14:49:35.477281 23.3308  
TARGET_DU:Rotation-PhaseErrorMMAct 2022-11-17 14:49:35.477288 0.298888  
TARGET_DU:Rotation-PhaseErrorMMAct 2022-11-17 14:49:35.546332 0.307614  
TARGET_DU:Rotation-VelAct      2022-11-17 14:49:35.556116 23.371  
TARGET_DU:Rotation-TorqueAct   2022-11-17 14:49:35.566155 58.6  
TARGET_DU:Rotation-VelLastSectorAct 2022-11-17 14:49:35.574088 23.3324  
TARGET_DU:Rotation-TempAct     2022-11-17 14:49:35.576078 50.4  
TARGET_DU:Rotation-PhaseErrorMMAct 2022-11-17 14:49:35.624144 0.303251  
TARGET_DU:Rotation-VelLastSectorAct 2022-11-17 14:49:35.624215 23.3338  
TARGET_DU:Rotation-VelAct      2022-11-17 14:49:35.664190 23.2601  
TARGET_DU:Rotation-PhaseErrorMMAct 2022-11-17 14:49:35.694411 0.285798  
TARGET_DU:Rotation-VelLastSectorAct 2022-11-17 14:49:35.724303 23.3352  
TARGET_DU:Rotation-VelAct      2022-11-17 14:49:35.774161 23.4354  
TARGET_DU:Rotation-PhaseErrorMMAct 2022-11-17 14:49:35.774171 0.274889  
TARGET_DU:Rotation-VelLastSectorAct 2022-11-17 14:49:35.774385 23.3345  
TARGET_DU:Rotation-PhaseErrorMMAct 2022-11-17 14:49:35.860275 0.263981  
TARGET_DU:Rotation-VelAct      2022-11-17 14:49:35.860431 23.3924  
TARGET_DU:Rotation-PhaseErrorMMAct 2022-11-17 14:49:35.910218 0.250891  
TARGET_DU:Rotation-VelLastSectorAct 2022-11-17 14:49:35.924105 23.3347  
TARGET_DU:Rotation-VelAct      2022-11-17 14:49:35.974358 23.4103  
TARGET_DU:Rotation-VelLastSectorAct 2022-11-17 14:49:35.974368 23.3352  
TARGET_DU:Rotation-PhaseErrorMMAct 2022-11-17 14:49:35.976164 0.233438  
TARGET_DU:Rotation-PhaseErrorMMAct 2022-11-17 14:49:36.046715 0.224711  
TARGET_DU:Rotation-VelAct      2022-11-17 14:49:36.056151 23.3066  
TARGET_DU:Rotation-TorqueAct   2022-11-17 14:49:36.066157 56.9  
TARGET_DU:Rotation-VelLastSectorAct 2022-11-17 14:49:36.074145 23.3343  
TARGET_DU:Rotation-TempAct     2022-11-17 14:49:36.076115 50.6  
TARGET_DU:Rotation-PhaseErrorMMAct 2022-11-17 14:49:36.124194 0.202895  
TARGET_DU:Rotation-VelLastSectorAct 2022-11-17 14:49:36.124348 23.3357  
TARGET_DU:Rotation-VelAct      2022-11-17 14:49:36.164208 23.2422  
TARGET_DU:Rotation-PhaseErrorMMAct 2022-11-17 14:49:36.194267 0.172351  
TARGET_DU:Rotation-VelLastSectorAct 2022-11-17 14:49:36.224367 23.3366  
TARGET_DU:Rotation-VelAct      2022-11-17 14:49:36.274236 23.0813  
TARGET_DU:Rotation-PhaseErrorMMAct 2022-11-17 14:49:36.274246 0.150535  
TARGET_DU:Rotation-VelLastSectorAct 2022-11-17 14:49:36.274347 23.3357  
TARGET_DU:Rotation-PhaseErrorMMAct 2022-11-17 14:49:36.360223 0.115628  
TARGET_DU:Rotation-VelAct      2022-11-17 14:49:36.360355 23.6571  
TARGET_DU:Rotation-VelLastSectorAct 2022-11-17 14:49:36.374233 23.3371  
TARGET_DU:Rotation-PhaseErrorMMAct 2022-11-17 14:49:36.410245 0.0829031  
TARGET_DU:Rotation-VelLastSectorAct 2022-11-17 14:49:36.424128 23.3368  
TARGET_DU:Rotation-VelAct      2022-11-17 14:49:36.474335 23.1171  
TARGET_DU:Rotation-VelLastSectorAct 2022-11-17 14:49:36.474403 23.3389  
TARGET_DU:Rotation-PhaseErrorMMAct 2022-11-17 14:49:36.476167 0.0305433  
TARGET_DU:Rotation-PhaseErrorMMAct 2022-11-17 14:49:36.546368 -0.00872665  
TARGET_DU:Rotation-VelAct      2022-11-17 14:49:36.556235 23.2637  
TARGET_DU:Rotation-TorqueAct   2022-11-17 14:49:36.566218 54.4  
TARGET_DU:Rotation-VelLastSectorAct 2022-11-17 14:49:36.574242 23.3375  
TARGET_DU:Rotation-TempAct     2022-11-17 14:49:36.576167 50.5  
TARGET_DU:Rotation-PhaseErrorMMAct 2022-11-17 14:49:36.624375 -0.0610865  
TARGET_DU:Rotation-VelLastSectorAct 2022-11-17 14:49:36.624473 23.3389  
TARGET_DU:Rotation-VelAct      2022-11-17 14:49:36.664280 23.4568  
TARGET_DU:Rotation-PhaseErrorMMAct 2022-11-17 14:49:36.694233 -0.109083  
TARGET_DU:Rotation-VelLastSectorAct 2022-11-17 14:49:36.724401 23.3385  
TARGET_DU:Rotation-VelAct      2022-11-17 14:49:36.774245 23.2995  
TARGET_DU:Rotation-PhaseErrorMMAct 2022-11-17 14:49:36.774254 -0.150535  
TARGET_DU:Rotation-VelLastSectorAct 2022-11-17 14:49:36.774261 23.3378  
TARGET_DU:Rotation-PhaseErrorMMAct 2022-11-17 14:49:36.860428 -0.185441  
TARGET_DU:Rotation-VelAct      2022-11-17 14:49:36.860612 23.1099  
TARGET_DU:Rotation-VelLastSectorAct 2022-11-17 14:49:36.874257 23.3371  
TARGET_DU:Rotation-PhaseErrorMMAct 2022-11-17 14:49:36.910395 -0.20944  
TARGET_DU:Rotation-VelLastSectorAct 2022-11-17 14:49:36.924218 23.3359  
TARGET_DU:Rotation-VelAct      2022-11-17 14:49:36.974296 23.607  
TARGET_DU:Rotation-VelLastSectorAct 2022-11-17 14:49:36.974335 23.3347  
TARGET_DU:Rotation-PhaseErrorMMAct 2022-11-17 14:49:36.976180 -0.222529  
TARGET_DU:Rotation-PhaseErrorMMAct 2022-11-17 14:49:37.046567 -0.218166  
TARGET_DU:Rotation-VelAct      2022-11-17 14:49:37.056225 23.2673  
TARGET_DU:Rotation-TorqueAct   2022-11-17 14:49:37.066318 53.4  
TARGET_DU:Rotation-VelLastSectorAct 2022-11-17 14:49:37.074213 23.3329  
TARGET_DU:Rotation-PhaseErrorMMAct 2022-11-17 14:49:37.124271 -0.19635  
TARGET_DU:Rotation-VelLastSectorAct 2022-11-17 14:49:37.124438 23.331  
TARGET_DU:Rotation-VelAct      2022-11-17 14:49:37.164261 23.2887  
TARGET_DU:Rotation-PhaseErrorMMAct 2022-11-17 14:49:37.194491 -0.163625  
TARGET_DU:Rotation-VelLastSectorAct 2022-11-17 14:49:37.224401 23.3298  
TARGET_DU:Rotation-VelAct      2022-11-17 14:49:37.274420 23.3424  
TARGET_DU:Rotation-PhaseErrorMMAct 2022-11-17 14:49:37.274427 -0.122173  
TARGET_DU:Rotation-VelLastSectorAct 2022-11-17 14:49:37.274433 23.3289  
TARGET_DU:Rotation-PhaseErrorMMAct 2022-11-17 14:49:37.360393 -0.0719948  
TARGET_DU:Rotation-VelAct      2022-11-17 14:49:37.360654 23.4711  
TARGET_DU:Rotation-VelLastSectorAct 2022-11-17 14:49:37.374274 23.328  
TARGET_DU:Rotation-PhaseErrorMMAct 2022-11-17 14:49:37.410358 -0.0218166  
TARGET_DU:Rotation-VelLastSectorAct 2022-11-17 14:49:37.424232 23.328  
TARGET_DU:Rotation-VelAct      2022-11-17 14:49:37.474258 23.2387  
TARGET_DU:Rotation-VelLastSectorAct 2022-11-17 14:49:37.474284 23.3305  
TARGET_DU:Rotation-PhaseErrorMMAct 2022-11-17 14:49:37.476219 0.00436332  
TARGET_DU:Rotation-PhaseErrorMMAct 2022-11-17 14:49:37.546510 0.019635  
TARGET_DU:Rotation-VelAct      2022-11-17 14:49:37.556263 23.2637  
TARGET_DU:Rotation-TorqueAct   2022-11-17 14:49:37.566314 55.5  
TARGET_DU:Rotation-VelLastSectorAct 2022-11-17 14:49:37.574319 23.3317  
TARGET_DU:Rotation-TempAct     2022-11-17 14:49:37.576221 50.6  
TARGET_DU:Rotation-PhaseErrorMMAct 2022-11-17 14:49:37.624285 0.0239983  
TARGET_DU:Rotation-VelLastSectorAct 2022-11-17 14:49:37.624360 23.3329  
TARGET_DU:Rotation-VelAct      2022-11-17 14:49:37.694279 23.5248  
TARGET_DU:Rotation-PhaseErrorMMAct 2022-11-17 14:49:37.694318 0.0174533  
TARGET_DU:Rotation-VelLastSectorAct 2022-11-17 14:49:37.724467 23.334  
TARGET_DU:Rotation-VelAct      2022-11-17 14:49:37.810412 23.3567  
TARGET_DU:Rotation-PhaseErrorMMAct 2022-11-17 14:49:37.810421 0.0109083  
TARGET_DU:Rotation-PhaseErrorMMAct 2022-11-17 14:49:37.860497 -0.00654498  
TARGET_DU:Rotation-VelAct      2022-11-17 14:49:37.860649 23.489  
TARGET_DU:Rotation-VelLastSectorAct 2022-11-17 14:49:37.874367 23.3352  
TARGET_DU:Rotation-PhaseErrorMMAct 2022-11-17 14:49:37.910298 -0.0305433  
TARGET_DU:Rotation-VelLastSectorAct 2022-11-17 14:49:37.924296 23.3359  
TARGET_DU:Rotation-VelAct      2022-11-17 14:49:37.974411 23.2351  
TARGET_DU:Rotation-VelLastSectorAct 2022-11-17 14:49:37.974725 23.3364  
TARGET_DU:Rotation-PhaseErrorMMAct 2022-11-17 14:49:37.976302 -0.0589049  
TARGET_DU:Rotation-PhaseErrorMMAct 2022-11-17 14:49:38.046539 -0.0872665  
TARGET_DU:Rotation-VelAct      2022-11-17 14:49:38.056342 23.3853  
TARGET_DU:Rotation-TorqueAct   2022-11-17 14:49:38.066302 56.2  
TARGET_DU:Rotation-VelLastSectorAct 2022-11-17 14:49:38.074273 23.3364  
TARGET_DU:Rotation-TempAct     2022-11-17 14:49:38.076257 50.5  
TARGET_DU:Rotation-PhaseErrorMMAct 2022-11-17 14:49:38.124412 -0.11781  
TARGET_DU:Rotation-VelLastSectorAct 2022-11-17 14:49:38.124426 23.3366  
TARGET_DU:Rotation-VelAct      2022-11-17 14:49:38.194361 23.3388  
TARGET_DU:Rotation-PhaseErrorMMAct 2022-11-17 14:49:38.194400 -0.148353  
TARGET_DU:Rotation-VelLastSectorAct 2022-11-17 14:49:38.224887 23.3366  
TARGET_DU:Rotation-VelAct      2022-11-17 14:49:38.274363 23.3316  
TARGET_DU:Rotation-PhaseErrorMMAct 2022-11-17 14:49:38.274372 -0.161443  
TARGET_DU:Rotation-VelLastSectorAct 2022-11-17 14:49:38.274575 23.3347  
TARGET_DU:Rotation-PhaseErrorMMAct 2022-11-17 14:49:38.360570 -0.154898  
TARGET_DU:Rotation-VelAct      2022-11-17 14:49:38.360863 23.2029  
TARGET_DU:Rotation-VelLastSectorAct 2022-11-17 14:49:38.374307 23.3326  
TARGET_DU:Rotation-PhaseErrorMMAct 2022-11-17 14:49:38.410478 -0.137445  
TARGET_DU:Rotation-VelLastSectorAct 2022-11-17 14:49:38.424343 23.3315  
TARGET_DU:Rotation-VelAct      2022-11-17 14:49:38.474708 23.3388  
TARGET_DU:Rotation-VelLastSectorAct 2022-11-17 14:49:38.474727 23.3301  
TARGET_DU:Rotation-PhaseErrorMMAct 2022-11-17 14:49:38.476374 -0.106901  
TARGET_DU:Rotation-PhaseErrorMMAct 2022-11-17 14:49:38.546750 -0.0698132  
TARGET_DU:Rotation-VelAct      2022-11-17 14:49:38.556322 23.2959  
TARGET_DU:Rotation-TorqueAct   2022-11-17 14:49:38.566389 57.3  
TARGET_DU:Rotation-VelLastSectorAct 2022-11-17 14:49:38.574332 23.3294  
TARGET_DU:Rotation-PhaseErrorMMAct 2022-11-17 14:49:38.624396 -0.0305433  
TARGET_DU:Rotation-VelLastSectorAct 2022-11-17 14:49:38.624490 23.3291  
TARGET_DU:Rotation-VelAct      2022-11-17 14:49:38.694468 23.4282  
TARGET_DU:Rotation-PhaseErrorMMAct 2022-11-17 14:49:38.694554 -0.00872665  
TARGET_DU:Rotation-VelLastSectorAct 2022-11-17 14:49:38.724536 23.331  
TARGET_DU:Rotation-VelAct      2022-11-17 14:49:38.774516 23.5391  
TARGET_DU:Rotation-PhaseErrorMMAct 2022-11-17 14:49:38.774524 -0.00218166  
TARGET_DU:Rotation-VelLastSectorAct 2022-11-17 14:49:38.774529 23.3326  
TARGET_DU:Rotation-PhaseErrorMMAct 2022-11-17 14:49:38.860572 0.00436332  
TARGET_DU:Rotation-VelAct      2022-11-17 14:49:38.860805 23.2351  
TARGET_DU:Rotation-VelLastSectorAct 2022-11-17 14:49:38.874389 23.3326  
TARGET_DU:Rotation-PhaseErrorMMAct 2022-11-17 14:49:38.910493 -0.0218166  
TARGET_DU:Rotation-VelLastSectorAct 2022-11-17 14:49:38.924380 23.3361  
TARGET_DU:Rotation-VelAct      2022-11-17 14:49:38.974414 23.5319  
TARGET_DU:Rotation-VelLastSectorAct 2022-11-17 14:49:38.974442 23.3373  
TARGET_DU:Rotation-PhaseErrorMMAct 2022-11-17 14:49:38.976330 -0.0589049  
TARGET_DU:Rotation-PhaseErrorMMAct 2022-11-17 14:49:39.046663 -0.133081  
TARGET_DU:Rotation-VelAct      2022-11-17 14:49:39.056355 23.3245  
TARGET_DU:Rotation-TorqueAct   2022-11-17 14:49:39.066446 56.5  
TARGET_DU:Rotation-VelLastSectorAct 2022-11-17 14:49:39.074346 23.3413  
TARGET_DU:Rotation-TempAct     2022-11-17 14:49:39.076336 50.7  
TARGET_DU:Rotation-PhaseErrorMMAct 2022-11-17 14:49:39.124813 -0.213803  
TARGET_DU:Rotation-VelLastSectorAct 2022-11-17 14:49:39.124967 23.342  
TARGET_DU:Rotation-VelAct      2022-11-17 14:49:39.164447 23.3781  
TARGET_DU:Rotation-PhaseErrorMMAct 2022-11-17 14:49:39.194524 -0.303251  
TARGET_DU:Rotation-VelLastSectorAct 2022-11-17 14:49:39.224546 23.3429  
TARGET_DU:Rotation-VelAct      2022-11-17 14:49:39.274414 23.3603  
TARGET_DU:Rotation-PhaseErrorMMAct 2022-11-17 14:49:39.274423 -0.403607  
TARGET_DU:Rotation-VelLastSectorAct 2022-11-17 14:49:39.274505 23.3441  
TARGET_DU:Rotation-PhaseErrorMMAct 2022-11-17 14:49:39.360661 -0.484329  
TARGET_DU:Rotation-VelAct      2022-11-17 14:49:39.360818 23.3424  
TARGET_DU:Rotation-VelLastSectorAct 2022-11-17 14:49:39.374455 23.342  
TARGET_DU:Rotation-PhaseErrorMMAct 2022-11-17 14:49:39.411448 -0.558505  
TARGET_DU:Rotation-VelLastSectorAct 2022-11-17 14:49:39.424436 23.3413  
TARGET_DU:Rotation-VelAct      2022-11-17 14:49:39.474571 23.0527  
TARGET_DU:Rotation-VelLastSectorAct 2022-11-17 14:49:39.474581 23.3389  
TARGET_DU:Rotation-PhaseErrorMMAct 2022-11-17 14:49:39.476361 -0.610865  
TARGET_DU:Rotation-PhaseErrorMMAct 2022-11-17 14:49:39.546648 -0.626137  
TARGET_DU:Rotation-VelAct      2022-11-17 14:49:39.557399 23.3352  
TARGET_DU:Rotation-TorqueAct   2022-11-17 14:49:39.566425 51.6  
TARGET_DU:Rotation-VelLastSectorAct 2022-11-17 14:49:39.575402 23.335  
TARGET_DU:Rotation-TempAct     2022-11-17 14:49:39.576376 50.4  
TARGET_DU:Rotation-PhaseErrorMMAct 2022-11-17 14:49:39.624464 -0.613047  
TARGET_DU:Rotation-VelLastSectorAct 2022-11-17 14:49:39.624687 23.3319  
TARGET_DU:Rotation-VelAct      2022-11-17 14:49:39.694444 23.2708  
TARGET_DU:Rotation-PhaseErrorMMAct 2022-11-17 14:49:39.694534 -0.549779  
TARGET_DU:Rotation-VelLastSectorAct 2022-11-17 14:49:39.724651 23.3266  
TARGET_DU:Rotation-VelAct      2022-11-17 14:49:39.774465 23.4103  
TARGET_DU:Rotation-PhaseErrorMMAct 2022-11-17 14:49:39.774473 -0.471239  
TARGET_DU:Rotation-VelLastSectorAct 2022-11-17 14:49:39.774686 23.3249  
TARGET_DU:Rotation-PhaseErrorMMAct 2022-11-17 14:49:39.860683 -0.366519  
TARGET_DU:Rotation-VelAct      2022-11-17 14:49:39.860991 23.2315  
TARGET_DU:Rotation-VelLastSectorAct 2022-11-17 14:49:39.874505 23.3221  
TARGET_DU:Rotation-PhaseErrorMMAct 2022-11-17 14:49:39.910726 -0.239983  
TARGET_DU:Rotation-VelLastSectorAct 2022-11-17 14:49:39.924439 23.3198  
TARGET_DU:Rotation-VelAct      2022-11-17 14:49:39.974479 23.2208  
TARGET_DU:Rotation-VelLastSectorAct 2022-11-17 14:49:39.974505 23.3196  
TARGET_DU:Rotation-PhaseErrorMMAct 2022-11-17 14:49:39.976402 -0.111265  
TARGET_DU:Rotation-PhaseErrorMMAct 2022-11-17 14:49:40.046937 0.0174533  
TARGET_DU:Rotation-VelAct      2022-11-17 14:49:40.056487 23.2852  
TARGET_DU:Rotation-TorqueAct   2022-11-17 14:49:40.066511 57  
TARGET_DU:Rotation-PhaseErrorMMAct 2022-11-17 14:49:40.124543 0.113446  
TARGET_DU:Rotation-VelLastSectorAct 2022-11-17 14:49:40.124818 23.3231  
TARGET_DU:Rotation-VelAct      2022-11-17 14:49:40.194612 23.3424  
TARGET_DU:Rotation-PhaseErrorMMAct 2022-11-17 14:49:40.194726 0.198531  
TARGET_DU:Rotation-VelLastSectorAct 2022-11-17 14:49:40.224652 23.3242  
TARGET_DU:Rotation-VelAct      2022-11-17 14:49:40.274539 23.489  
TARGET_DU:Rotation-PhaseErrorMMAct 2022-11-17 14:49:40.274548 0.270526  
TARGET_DU:Rotation-VelLastSectorAct 2022-11-17 14:49:40.274554 23.3256  
TARGET_DU:Rotation-PhaseErrorMMAct 2022-11-17 14:49:40.360694 0.325068  
TARGET_DU:Rotation-VelAct      2022-11-17 14:49:40.360841 23.2887  
TARGET_DU:Rotation-VelLastSectorAct 2022-11-17 14:49:40.374510 23.3275  
TARGET_DU:Rotation-PhaseErrorMMAct 2022-11-17 14:49:40.410613 0.368701  
TARGET_DU:Rotation-VelLastSectorAct 2022-11-17 14:49:40.425499 23.3287  
TARGET_DU:Rotation-VelAct      2022-11-17 14:49:40.475517 23.2744  
TARGET_DU:Rotation-VelLastSectorAct 2022-11-17 14:49:40.475702 23.3322  
TARGET_DU:Rotation-PhaseErrorMMAct 2022-11-17 14:49:40.476417 0.379609  
TARGET_DU:Rotation-PhaseErrorMMAct 2022-11-17 14:49:40.546899 0.381791  
TARGET_DU:Rotation-VelAct      2022-11-17 14:49:40.556486 23.3173  
TARGET_DU:Rotation-TorqueAct   2022-11-17 14:49:40.566503 58.7  
TARGET_DU:Rotation-VelLastSectorAct 2022-11-17 14:49:40.574455 23.3331  
TARGET_DU:Rotation-TempAct     2022-11-17 14:49:40.576459 50.6  
TARGET_DU:Rotation-PhaseErrorMMAct 2022-11-17 14:49:40.624553 0.362156  
TARGET_DU:Rotation-VelLastSectorAct 2022-11-17 14:49:40.624692 23.3354  
TARGET_DU:Rotation-VelAct      2022-11-17 14:49:40.664555 23.3781  
TARGET_DU:Rotation-PhaseErrorMMAct 2022-11-17 14:49:40.694614 0.333794  
TARGET_DU:Rotation-VelLastSectorAct 2022-11-17 14:49:40.724729 23.3364  
TARGET_DU:Rotation-VelAct      2022-11-17 14:49:40.775574 23.2494  
TARGET_DU:Rotation-PhaseErrorMMAct 2022-11-17 14:49:40.775583 0.303251  
TARGET_DU:Rotation-VelLastSectorAct 2022-11-17 14:49:40.775664 23.3366  
TARGET_DU:Rotation-PhaseErrorMMAct 2022-11-17 14:49:40.860675 0.279253  
TARGET_DU:Rotation-VelAct      2022-11-17 14:49:40.860825 23.4175  
TARGET_DU:Rotation-VelLastSectorAct 2022-11-17 14:49:40.874573 23.3359  
TARGET_DU:Rotation-PhaseErrorMMAct 2022-11-17 14:49:40.910667 0.266163  
TARGET_DU:Rotation-VelLastSectorAct 2022-11-17 14:49:40.924673 23.3347  
TARGET_DU:Rotation-VelAct      2022-11-17 14:49:40.975600 23.2279  
TARGET_DU:Rotation-VelLastSectorAct 2022-11-17 14:49:40.975620 23.3336  
TARGET_DU:Rotation-PhaseErrorMMAct 2022-11-17 14:49:40.976492 0.263981  
TARGET_DU:Rotation-PhaseErrorMMAct 2022-11-17 14:49:41.046987 0.281434  
TARGET_DU:Rotation-VelAct      2022-11-17 14:49:41.056528 23.2995  
TARGET_DU:Rotation-TorqueAct   2022-11-17 14:49:41.067588 56.7  
TARGET_DU:Rotation-VelLastSectorAct 2022-11-17 14:49:41.074522 23.3315  
TARGET_DU:Rotation-TempAct     2022-11-17 14:49:41.076524 50.5  
TARGET_DU:Rotation-PhaseErrorMMAct 2022-11-17 14:49:41.124765 0.298888  
TARGET_DU:Rotation-VelLastSectorAct 2022-11-17 14:49:41.124855 23.3315  
TARGET_DU:Rotation-VelAct      2022-11-17 14:49:41.164627 23.3316  
TARGET_DU:Rotation-PhaseErrorMMAct 2022-11-17 14:49:41.195647 0.338158  
TARGET_DU:Rotation-VelLastSectorAct 2022-11-17 14:49:41.225786 23.3291  
TARGET_DU:Rotation-VelAct      2022-11-17 14:49:41.274741 23.4783  
TARGET_DU:Rotation-PhaseErrorMMAct 2022-11-17 14:49:41.274750 0.364337  
TARGET_DU:Rotation-VelLastSectorAct 2022-11-17 14:49:41.274757 23.3305  
TARGET_DU:Rotation-PhaseErrorMMAct 2022-11-17 14:49:41.360665 0.377427  
TARGET_DU:Rotation-VelAct      2022-11-17 14:49:41.360800 23.2458  
TARGET_DU:Rotation-VelLastSectorAct 2022-11-17 14:49:41.374632 23.3319  
TARGET_DU:Rotation-PhaseErrorMMAct 2022-11-17 14:49:41.410650 0.379609  
TARGET_DU:Rotation-VelLastSectorAct 2022-11-17 14:49:41.424607 23.3331  
TARGET_DU:Rotation-VelAct      2022-11-17 14:49:41.470584 23.2744  
TARGET_DU:Rotation-VelLastSectorAct 2022-11-17 14:49:41.474918 23.3333  
TARGET_DU:Rotation-PhaseErrorMMAct 2022-11-17 14:49:41.546864 0.353429  
TARGET_DU:Rotation-VelAct      2022-11-17 14:49:41.556669 23.3066  
TARGET_DU:Rotation-TorqueAct   2022-11-17 14:49:41.567574 57.3  
TARGET_DU:Rotation-VelLastSectorAct 2022-11-17 14:49:41.574625 23.3361  
TARGET_DU:Rotation-TempAct     2022-11-17 14:49:41.576545 50.6  
TARGET_DU:Rotation-PhaseErrorMMAct 2022-11-17 14:49:41.624645 0.305433  
TARGET_DU:Rotation-VelLastSectorAct 2022-11-17 14:49:41.624834 23.3385  
TARGET_DU:Rotation-VelAct      2022-11-17 14:49:41.665805 23.3495  
TARGET_DU:Rotation-PhaseErrorMMAct 2022-11-17 14:49:41.694632 0.253073  
TARGET_DU:Rotation-VelLastSectorAct 2022-11-17 14:49:41.724759 23.3389  
TARGET_DU:Rotation-VelAct      2022-11-17 14:49:41.775629 23.3674  
TARGET_DU:Rotation-PhaseErrorMMAct 2022-11-17 14:49:41.775638 0.17017  
TARGET_DU:Rotation-VelLastSectorAct 2022-11-17 14:49:41.775845 23.3422  
TARGET_DU:Rotation-PhaseErrorMMAct 2022-11-17 14:49:41.861928 0.0894481  
TARGET_DU:Rotation-VelAct      2022-11-17 14:49:41.862119 23.1278  
TARGET_DU:Rotation-VelLastSectorAct 2022-11-17 14:49:41.874761 23.342  
TARGET_DU:Rotation-PhaseErrorMMAct 2022-11-17 14:49:41.911855 0.00218166  
TARGET_DU:Rotation-VelLastSectorAct 2022-11-17 14:49:41.924547 23.3427  
TARGET_DU:Rotation-VelAct      2022-11-17 14:49:41.976650 23.4139  
TARGET_DU:Rotation-PhaseErrorMMAct 2022-11-17 14:49:41.976663 -0.0850848  
TARGET_DU:Rotation-PhaseErrorMMAct 2022-11-17 14:49:42.046777 -0.165806  
TARGET_DU:Rotation-VelAct      2022-11-17 14:49:42.056639 23.3746  
TARGET_DU:Rotation-TorqueAct   2022-11-17 14:49:42.066641 53.9  
TARGET_DU:Rotation-VelLastSectorAct 2022-11-17 14:49:42.074614 23.342  
TARGET_DU:Rotation-PhaseErrorMMAct 2022-11-17 14:49:42.124974 -0.231256  
TARGET_DU:Rotation-VelLastSectorAct 2022-11-17 14:49:42.125186 23.3403  
TARGET_DU:Rotation-VelAct      2022-11-17 14:49:42.194988 23.3495  
TARGET_DU:Rotation-PhaseErrorMMAct 2022-11-17 14:49:42.195221 -0.263981  
TARGET_DU:Rotation-VelLastSectorAct 2022-11-17 14:49:42.224798 23.3368  
TARGET_DU:Rotation-VelAct      2022-11-17 14:49:42.275035 23.2744  
TARGET_DU:Rotation-PhaseErrorMMAct 2022-11-17 14:49:42.275137 -0.268344  
TARGET_DU:Rotation-VelLastSectorAct 2022-11-17 14:49:42.275212 23.3338  
TARGET_DU:Rotation-PhaseErrorMMAct 2022-11-17 14:49:42.361299 -0.255254  
TARGET_DU:Rotation-VelAct      2022-11-17 14:49:42.361533 23.2673  
TARGET_DU:Rotation-VelLastSectorAct 2022-11-17 14:49:42.374641 23.3319  
TARGET_DU:Rotation-PhaseErrorMMAct 2022-11-17 14:49:42.412161 -0.220348  
TARGET_DU:Rotation-VelLastSectorAct 2022-11-17 14:49:42.425097 23.3296  
TARGET_DU:Rotation-VelAct      2022-11-17 14:49:42.475373 23.2494  
TARGET_DU:Rotation-VelLastSectorAct 2022-11-17 14:49:42.475462 23.3275  
TARGET_DU:Rotation-PhaseErrorMMAct 2022-11-17 14:49:42.477143 -0.165806  
TARGET_DU:Rotation-PhaseErrorMMAct 2022-11-17 14:49:42.546195 -0.100356  
TARGET_DU:Rotation-VelAct      2022-11-17 14:49:42.556028 23.4711  
TARGET_DU:Rotation-TorqueAct   2022-11-17 14:49:42.567220 56.1  
TARGET_DU:Rotation-VelLastSectorAct 2022-11-17 14:49:42.574030 23.3263  
TARGET_DU:Rotation-PhaseErrorMMAct 2022-11-17 14:49:42.625178 -0.0458149  
TARGET_DU:Rotation-VelLastSectorAct 2022-11-17 14:49:42.625351 23.3275  
TARGET_DU:Rotation-VelAct      2022-11-17 14:49:42.664087 23.3495  
TARGET_DU:Rotation-PhaseErrorMMAct 2022-11-17 14:49:42.694279 0.0174533  
TARGET_DU:Rotation-VelLastSectorAct 2022-11-17 14:49:42.724323 23.3266  
TARGET_DU:Rotation-VelAct      2022-11-17 14:49:42.774140 23.2852  
TARGET_DU:Rotation-PhaseErrorMMAct 2022-11-17 14:49:42.774149 0.0501782  
TARGET_DU:Rotation-VelLastSectorAct 2022-11-17 14:49:42.774154 23.3298  
TARGET_DU:Rotation-PhaseErrorMMAct 2022-11-17 14:49:42.860325 0.0872665  
TARGET_DU:Rotation-VelAct      2022-11-17 14:49:42.860490 23.3138  
TARGET_DU:Rotation-VelLastSectorAct 2022-11-17 14:49:42.874200 23.3294  
TARGET_DU:Rotation-PhaseErrorMMAct 2022-11-17 14:49:42.910221 0.124355  
TARGET_DU:Rotation-VelAct      2022-11-17 14:49:42.974349 23.2494  
TARGET_DU:Rotation-VelLastSectorAct 2022-11-17 14:49:42.974367 23.3303  
TARGET_DU:Rotation-PhaseErrorMMAct 2022-11-17 14:49:42.976217 0.152716  
TARGET_DU:Rotation-PhaseErrorMMAct 2022-11-17 14:49:43.046419 0.165806  
TARGET_DU:Rotation-VelAct      2022-11-17 14:49:43.056056 23.3603  
TARGET_DU:Rotation-TorqueAct   2022-11-17 14:49:43.066155 59.1  
TARGET_DU:Rotation-VelLastSectorAct 2022-11-17 14:49:43.074006 23.3319  
TARGET_DU:Rotation-PhaseErrorMMAct 2022-11-17 14:49:43.124235 0.163625  
TARGET_DU:Rotation-VelLastSectorAct 2022-11-17 14:49:43.124493 23.3336  
TARGET_DU:Rotation-VelAct      2022-11-17 14:49:43.164071 23.464  
TARGET_DU:Rotation-PhaseErrorMMAct 2022-11-17 14:49:43.194116 0.150535  
TARGET_DU:Rotation-VelLastSectorAct 2022-11-17 14:49:43.224211 23.3347  
TARGET_DU:Rotation-PhaseErrorMMAct 2022-11-17 14:49:43.274159 0.113446  
TARGET_DU:Rotation-VelLastSectorAct 2022-11-17 14:49:43.274271 23.3373  
TARGET_DU:Rotation-PhaseErrorMMAct 2022-11-17 14:49:43.360276 0.0829031  
TARGET_DU:Rotation-VelAct      2022-11-17 14:49:43.360396 23.2208  
TARGET_DU:Rotation-VelLastSectorAct 2022-11-17 14:49:43.374054 23.3366  
TARGET_DU:Rotation-PhaseErrorMMAct 2022-11-17 14:49:43.410230 0.0392699  
TARGET_DU:Rotation-VelLastSectorAct 2022-11-17 14:49:43.424111 23.338  
TARGET_DU:Rotation-VelAct      2022-11-17 14:49:43.474201 23.3567  
TARGET_DU:Rotation-VelLastSectorAct 2022-11-17 14:49:43.474214 23.3366  
TARGET_DU:Rotation-PhaseErrorMMAct 2022-11-17 14:49:43.476020 0.00872665  
TARGET_DU:Rotation-PhaseErrorMMAct 2022-11-17 14:49:43.546455 -0.019635  
TARGET_DU:Rotation-VelAct      2022-11-17 14:49:43.556138 23.3173  
TARGET_DU:Rotation-TorqueAct   2022-11-17 14:49:43.566110 58.2  
TARGET_DU:Rotation-VelLastSectorAct 2022-11-17 14:49:43.574116 23.3364  
TARGET_DU:Rotation-PhaseErrorMMAct 2022-11-17 14:49:43.624275 -0.0436332  
TARGET_DU:Rotation-VelLastSectorAct 2022-11-17 14:49:43.624289 23.3359  
TARGET_DU:Rotation-VelAct      2022-11-17 14:49:43.694183 23.2279  
TARGET_DU:Rotation-PhaseErrorMMAct 2022-11-17 14:49:43.694205 -0.0719948  
TARGET_DU:Rotation-VelLastSectorAct 2022-11-17 14:49:43.724270 23.3364  
TARGET_DU:Rotation-VelAct      2022-11-17 14:49:43.774172 23.3138  
TARGET_DU:Rotation-PhaseErrorMMAct 2022-11-17 14:49:43.774181 -0.0894481  
TARGET_DU:Rotation-VelLastSectorAct 2022-11-17 14:49:43.774269 23.3352  
TARGET_DU:Rotation-PhaseErrorMMAct 2022-11-17 14:49:43.860217 -0.115628  
TARGET_DU:Rotation-VelAct      2022-11-17 14:49:43.860342 23.185  
TARGET_DU:Rotation-VelLastSectorAct 2022-11-17 14:49:43.874144 23.3361  
TARGET_DU:Rotation-PhaseErrorMMAct 2022-11-17 14:49:43.910263 -0.150535  
TARGET_DU:Rotation-VelLastSectorAct 2022-11-17 14:49:43.924280 23.3371  
TARGET_DU:Rotation-VelAct      2022-11-17 14:49:43.974143 23.0956  
TARGET_DU:Rotation-VelLastSectorAct 2022-11-17 14:49:43.974204 23.338  
TARGET_DU:Rotation-PhaseErrorMMAct 2022-11-17 14:49:43.976228 -0.194168  
TARGET_DU:Rotation-PhaseErrorMMAct 2022-11-17 14:49:44.046364 -0.239983  
TARGET_DU:Rotation-VelAct      2022-11-17 14:49:44.056287 23.1814  
TARGET_DU:Rotation-TorqueAct   2022-11-17 14:49:44.066124 57.3  
TARGET_DU:Rotation-VelLastSectorAct 2022-11-17 14:49:44.074147 23.3382  
TARGET_DU:Rotation-TempAct     2022-11-17 14:49:44.075976 50.5  
