TARGET_DU:Rotation-TorqueAct   2022-11-17 13:24:37.032100 67.1  
TARGET_DU:Rotation-VelAct      2022-11-17 13:24:37.326306 23.2065  
TARGET_DU:Rotation-TempAct     2022-11-17 13:24:37.042143 50.1  
TARGET_DU:Rotation-VelLastSectorAct 2022-11-17 13:24:37.340113 23.3408  
TARGET_DU:Rotation-PhaseErrorMMAct 2022-11-17 13:24:37.407107 -0.301069  
TARGET_DU:Rotation-VelAct      2022-11-17 13:24:37.440106 23.4568  
TARGET_DU:Rotation-VelLastSectorAct 2022-11-17 13:24:37.440116 23.3424  
TARGET_DU:Rotation-PhaseErrorMMAct 2022-11-17 13:24:37.476142 -0.386154  
TARGET_DU:Rotation-VelLastSectorAct 2022-11-17 13:24:37.490293 23.3424  
TARGET_DU:Rotation-VelAct      2022-11-17 13:24:37.523132 23.5891  
TARGET_DU:Rotation-TorqueAct   2022-11-17 13:24:37.532158 63.8  
TARGET_DU:Rotation-TempAct     2022-11-17 13:24:37.542175 49.9  
TARGET_DU:Rotation-PhaseErrorMMAct 2022-11-17 13:24:37.552270 -0.473421  
TARGET_DU:Rotation-VelLastSectorAct 2022-11-17 13:24:37.590197 23.3427  
TARGET_DU:Rotation-VelAct      2022-11-17 13:24:37.630190 23.4532  
TARGET_DU:Rotation-PhaseErrorMMAct 2022-11-17 13:24:37.630200 -0.547597  
TARGET_DU:Rotation-VelLastSectorAct 2022-11-17 13:24:37.640180 23.3413  
TARGET_DU:Rotation-VelLastSectorAct 2022-11-17 13:24:37.690334 23.3413  
TARGET_DU:Rotation-PhaseErrorMMAct 2022-11-17 13:24:37.698185 -0.621774  
TARGET_DU:Rotation-VelAct      2022-11-17 13:24:37.738349 23.3746  
TARGET_DU:Rotation-PhaseErrorMMAct 2022-11-17 13:24:37.776228 -0.680678  
TARGET_DU:Rotation-VelLastSectorAct 2022-11-17 13:24:37.790247 23.3396  
TARGET_DU:Rotation-VelAct      2022-11-17 13:24:37.826383 23.2852  
TARGET_DU:Rotation-PhaseErrorMMAct 2022-11-17 13:24:37.840169 -0.711222  
TARGET_DU:Rotation-VelLastSectorAct 2022-11-17 13:24:37.840178 23.3366  
TARGET_DU:Rotation-PhaseErrorMMAct 2022-11-17 13:24:37.906159 -0.719948  
TARGET_DU:Rotation-VelAct      2022-11-17 13:24:37.940188 23.303  
TARGET_DU:Rotation-VelLastSectorAct 2022-11-17 13:24:37.940199 23.3343  
TARGET_DU:Rotation-PhaseErrorMMAct 2022-11-17 13:24:37.977180 -0.689405  
TARGET_DU:Rotation-VelLastSectorAct 2022-11-17 13:24:37.991301 23.3301  
TARGET_DU:Rotation-VelAct      2022-11-17 13:24:38.022173 23.4246  
TARGET_DU:Rotation-TorqueAct   2022-11-17 13:24:38.033212 61.9  
TARGET_DU:Rotation-TempAct     2022-11-17 13:24:38.042130 50  
TARGET_DU:Rotation-PhaseErrorMMAct 2022-11-17 13:24:38.052180 -0.64359  
TARGET_DU:Rotation-VelLastSectorAct 2022-11-17 13:24:38.090264 23.3284  
TARGET_DU:Rotation-VelAct      2022-11-17 13:24:38.130212 23.2673  
TARGET_DU:Rotation-PhaseErrorMMAct 2022-11-17 13:24:38.130220 -0.56505  
TARGET_DU:Rotation-VelLastSectorAct 2022-11-17 13:24:38.141170 23.3249  
TARGET_DU:Rotation-VelLastSectorAct 2022-11-17 13:24:38.190218 23.3224  
TARGET_DU:Rotation-PhaseErrorMMAct 2022-11-17 13:24:38.198190 -0.462512  
TARGET_DU:Rotation-VelAct      2022-11-17 13:24:38.276224 23.5963  
TARGET_DU:Rotation-PhaseErrorMMAct 2022-11-17 13:24:38.276425 -0.357792  
TARGET_DU:Rotation-VelLastSectorAct 2022-11-17 13:24:38.290384 23.3221  
TARGET_DU:Rotation-VelAct      2022-11-17 13:24:38.326590 23.3281  
TARGET_DU:Rotation-PhaseErrorMMAct 2022-11-17 13:24:38.340566 -0.250891  
TARGET_DU:Rotation-VelLastSectorAct 2022-11-17 13:24:38.340593 23.3219  
TARGET_DU:Rotation-PhaseErrorMMAct 2022-11-17 13:24:38.406320 -0.15708  
TARGET_DU:Rotation-VelAct      2022-11-17 13:24:38.440330 23.3424  
TARGET_DU:Rotation-VelLastSectorAct 2022-11-17 13:24:38.440453 23.3233  
TARGET_DU:Rotation-PhaseErrorMMAct 2022-11-17 13:24:38.477348 -0.0741765  
TARGET_DU:Rotation-VelLastSectorAct 2022-11-17 13:24:38.490319 23.3245  
TARGET_DU:Rotation-VelAct      2022-11-17 13:24:38.522264 23.4783  
TARGET_DU:Rotation-TorqueAct   2022-11-17 13:24:38.532275 67  
TARGET_DU:Rotation-TempAct     2022-11-17 13:24:38.542222 50.2  
TARGET_DU:Rotation-PhaseErrorMMAct 2022-11-17 13:24:38.552240 0  
TARGET_DU:Rotation-VelLastSectorAct 2022-11-17 13:24:38.590393 23.3254  
TARGET_DU:Rotation-VelAct      2022-11-17 13:24:38.630278 23.2923  
TARGET_DU:Rotation-PhaseErrorMMAct 2022-11-17 13:24:38.630287 0.0698132  
TARGET_DU:Rotation-VelLastSectorAct 2022-11-17 13:24:38.640252 23.3259  
TARGET_DU:Rotation-VelLastSectorAct 2022-11-17 13:24:38.691405 23.3268  
TARGET_DU:Rotation-PhaseErrorMMAct 2022-11-17 13:24:38.698286 0.1309  
TARGET_DU:Rotation-VelAct      2022-11-17 13:24:38.739319 23.3352  
TARGET_DU:Rotation-PhaseErrorMMAct 2022-11-17 13:24:38.777311 0.17017  
TARGET_DU:Rotation-VelLastSectorAct 2022-11-17 13:24:38.790280 23.3291  
TARGET_DU:Rotation-VelAct      2022-11-17 13:24:38.826490 23.2458  
TARGET_DU:Rotation-PhaseErrorMMAct 2022-11-17 13:24:38.836929 0.200713  
TARGET_DU:Rotation-VelLastSectorAct 2022-11-17 13:24:38.840220 23.3301  
TARGET_DU:Rotation-PhaseErrorMMAct 2022-11-17 13:24:38.906270 0.207258  
TARGET_DU:Rotation-VelAct      2022-11-17 13:24:38.936316 23.0742  
TARGET_DU:Rotation-VelLastSectorAct 2022-11-17 13:24:38.941186 23.3326  
TARGET_DU:Rotation-PhaseErrorMMAct 2022-11-17 13:24:38.976276 0.194168  
TARGET_DU:Rotation-VelLastSectorAct 2022-11-17 13:24:38.990292 23.3347  
TARGET_DU:Rotation-VelAct      2022-11-17 13:24:39.022248 23.4067  
TARGET_DU:Rotation-TorqueAct   2022-11-17 13:24:39.033267 67.6  
TARGET_DU:Rotation-TempAct     2022-11-17 13:24:39.042251 50  
TARGET_DU:Rotation-PhaseErrorMMAct 2022-11-17 13:24:39.052315 0.167988  
TARGET_DU:Rotation-VelLastSectorAct 2022-11-17 13:24:39.090342 23.3361  
TARGET_DU:Rotation-VelAct      2022-11-17 13:24:39.140411 23.2637  
TARGET_DU:Rotation-PhaseErrorMMAct 2022-11-17 13:24:39.140439 0.133081  
TARGET_DU:Rotation-VelLastSectorAct 2022-11-17 13:24:39.140445 23.3371  
TARGET_DU:Rotation-VelLastSectorAct 2022-11-17 13:24:39.190376 23.3364  
TARGET_DU:Rotation-PhaseErrorMMAct 2022-11-17 13:24:39.199308 0.10472  
TARGET_DU:Rotation-VelAct      2022-11-17 13:24:39.238378 23.3209  
TARGET_DU:Rotation-PhaseErrorMMAct 2022-11-17 13:24:39.277469 0.0829031  
TARGET_DU:Rotation-VelLastSectorAct 2022-11-17 13:24:39.290318 23.3357  
TARGET_DU:Rotation-VelAct      2022-11-17 13:24:39.326460 23.2065  
TARGET_DU:Rotation-PhaseErrorMMAct 2022-11-17 13:24:39.336305 0.0589049  
TARGET_DU:Rotation-VelLastSectorAct 2022-11-17 13:24:39.340297 23.3359  
TARGET_DU:Rotation-PhaseErrorMMAct 2022-11-17 13:24:39.406314 0.0458149  
TARGET_DU:Rotation-VelAct      2022-11-17 13:24:39.437326 23.6249  
TARGET_DU:Rotation-VelLastSectorAct 2022-11-17 13:24:39.440223 23.3347  
TARGET_DU:Rotation-PhaseErrorMMAct 2022-11-17 13:24:39.476309 0.0436332  
TARGET_DU:Rotation-VelLastSectorAct 2022-11-17 13:24:39.491339 23.3336  
TARGET_DU:Rotation-VelAct      2022-11-17 13:24:39.522386 23.185  
TARGET_DU:Rotation-TorqueAct   2022-11-17 13:24:39.532308 66.1  
TARGET_DU:Rotation-TempAct     2022-11-17 13:24:39.542288 50.1  
TARGET_DU:Rotation-PhaseErrorMMAct 2022-11-17 13:24:39.552378 0.0261799  
TARGET_DU:Rotation-VelLastSectorAct 2022-11-17 13:24:39.590619 23.3352  
TARGET_DU:Rotation-VelAct      2022-11-17 13:24:39.640349 23.3853  
TARGET_DU:Rotation-PhaseErrorMMAct 2022-11-17 13:24:39.640361 0.00654498  
TARGET_DU:Rotation-VelLastSectorAct 2022-11-17 13:24:39.640367 23.3354  
TARGET_DU:Rotation-VelLastSectorAct 2022-11-17 13:24:39.690495 23.335  
TARGET_DU:Rotation-PhaseErrorMMAct 2022-11-17 13:24:39.699404 -0.00872665  
TARGET_DU:Rotation-VelAct      2022-11-17 13:24:39.776432 23.4425  
TARGET_DU:Rotation-PhaseErrorMMAct 2022-11-17 13:24:39.776577 -0.0261799  
TARGET_DU:Rotation-VelLastSectorAct 2022-11-17 13:24:39.790452 23.3352  
TARGET_DU:Rotation-VelAct      2022-11-17 13:24:39.827651 23.4604  
TARGET_DU:Rotation-PhaseErrorMMAct 2022-11-17 13:24:39.840362 -0.0436332  
TARGET_DU:Rotation-VelLastSectorAct 2022-11-17 13:24:39.840374 23.3352  
TARGET_DU:Rotation-PhaseErrorMMAct 2022-11-17 13:24:39.906344 -0.0654498  
TARGET_DU:Rotation-VelAct      2022-11-17 13:24:39.940381 23.2995  
TARGET_DU:Rotation-VelLastSectorAct 2022-11-17 13:24:39.940393 23.3357  
TARGET_DU:Rotation-PhaseErrorMMAct 2022-11-17 13:24:39.976346 -0.0763582  
TARGET_DU:Rotation-VelLastSectorAct 2022-11-17 13:24:39.990457 23.3345  
TARGET_DU:Rotation-VelAct      2022-11-17 13:24:40.022437 23.4461  
TARGET_DU:Rotation-TorqueAct   2022-11-17 13:24:40.032466 64.5  
TARGET_DU:Rotation-PhaseErrorMMAct 2022-11-17 13:24:40.053387 -0.0785398  
TARGET_DU:Rotation-VelLastSectorAct 2022-11-17 13:24:40.091520 23.3336  
TARGET_DU:Rotation-VelAct      2022-11-17 13:24:40.141393 23.3603  
TARGET_DU:Rotation-PhaseErrorMMAct 2022-11-17 13:24:40.141404 -0.0676315  
TARGET_DU:Rotation-VelLastSectorAct 2022-11-17 13:24:40.141523 23.3322  
TARGET_DU:Rotation-VelLastSectorAct 2022-11-17 13:24:40.190512 23.3326  
TARGET_DU:Rotation-PhaseErrorMMAct 2022-11-17 13:24:40.198412 -0.0610865  
TARGET_DU:Rotation-VelAct      2022-11-17 13:24:40.276513 23.1206  
TARGET_DU:Rotation-PhaseErrorMMAct 2022-11-17 13:24:40.276669 -0.0458149  
TARGET_DU:Rotation-VelLastSectorAct 2022-11-17 13:24:40.291411 23.3317  
TARGET_DU:Rotation-VelAct      2022-11-17 13:24:40.326600 23.303  
TARGET_DU:Rotation-PhaseErrorMMAct 2022-11-17 13:24:40.377449 -0.0305433  
TARGET_DU:Rotation-PhaseErrorMMAct 2022-11-17 13:24:40.406367 -0.00872665  
TARGET_DU:Rotation-VelAct      2022-11-17 13:24:40.436441 23.3781  
TARGET_DU:Rotation-VelLastSectorAct 2022-11-17 13:24:40.440343 23.331  
TARGET_DU:Rotation-PhaseErrorMMAct 2022-11-17 13:24:40.476333 0.0239983  
TARGET_DU:Rotation-VelLastSectorAct 2022-11-17 13:24:40.490410 23.3298  
TARGET_DU:Rotation-VelAct      2022-11-17 13:24:40.522396 23.3674  
TARGET_DU:Rotation-TorqueAct   2022-11-17 13:24:40.532379 64.6  
TARGET_DU:Rotation-TempAct     2022-11-17 13:24:40.543358 50  
TARGET_DU:Rotation-PhaseErrorMMAct 2022-11-17 13:24:40.552346 0.0719948  
TARGET_DU:Rotation-VelLastSectorAct 2022-11-17 13:24:40.591899 23.3282  
TARGET_DU:Rotation-VelAct      2022-11-17 13:24:40.641140 23.0992  
TARGET_DU:Rotation-PhaseErrorMMAct 2022-11-17 13:24:40.641151 0.124355  
TARGET_DU:Rotation-VelLastSectorAct 2022-11-17 13:24:40.641157 23.3277  
TARGET_DU:Rotation-VelLastSectorAct 2022-11-17 13:24:40.690430 23.3273  
TARGET_DU:Rotation-PhaseErrorMMAct 2022-11-17 13:24:40.698980 0.181078  
TARGET_DU:Rotation-VelAct      2022-11-17 13:24:40.777219 23.5856  
TARGET_DU:Rotation-PhaseErrorMMAct 2022-11-17 13:24:40.777537 0.237801  
TARGET_DU:Rotation-VelAct      2022-11-17 13:24:40.825843 23.1421  
TARGET_DU:Rotation-PhaseErrorMMAct 2022-11-17 13:24:40.839815 0.274889  
TARGET_DU:Rotation-VelLastSectorAct 2022-11-17 13:24:40.839826 23.3294  
TARGET_DU:Rotation-PhaseErrorMMAct 2022-11-17 13:24:40.907744 0.303251  
TARGET_DU:Rotation-VelAct      2022-11-17 13:24:40.939766 23.5605  
TARGET_DU:Rotation-VelLastSectorAct 2022-11-17 13:24:40.939828 23.3303  
TARGET_DU:Rotation-PhaseErrorMMAct 2022-11-17 13:24:40.976863 0.296706  
TARGET_DU:Rotation-VelLastSectorAct 2022-11-17 13:24:40.990897 23.334  
TARGET_DU:Rotation-VelAct      2022-11-17 13:24:41.021755 23.4318  
TARGET_DU:Rotation-TorqueAct   2022-11-17 13:24:41.031888 66.7  
TARGET_DU:Rotation-TempAct     2022-11-17 13:24:41.041858 50.1  
TARGET_DU:Rotation-PhaseErrorMMAct 2022-11-17 13:24:41.051780 0.274889  
TARGET_DU:Rotation-VelLastSectorAct 2022-11-17 13:24:41.090073 23.3357  
TARGET_DU:Rotation-VelAct      2022-11-17 13:24:41.129890 23.21  
TARGET_DU:Rotation-PhaseErrorMMAct 2022-11-17 13:24:41.129899 0.244346  
TARGET_DU:Rotation-VelLastSectorAct 2022-11-17 13:24:41.139838 23.3366  
TARGET_DU:Rotation-VelLastSectorAct 2022-11-17 13:24:41.190211 23.3368  
TARGET_DU:Rotation-PhaseErrorMMAct 2022-11-17 13:24:41.197816 0.211621  
TARGET_DU:Rotation-VelAct      2022-11-17 13:24:41.275784 23.278  
TARGET_DU:Rotation-PhaseErrorMMAct 2022-11-17 13:24:41.275908 0.176715  
TARGET_DU:Rotation-VelLastSectorAct 2022-11-17 13:24:41.289960 23.3371  
TARGET_DU:Rotation-VelAct      2022-11-17 13:24:41.326078 23.4532  
TARGET_DU:Rotation-PhaseErrorMMAct 2022-11-17 13:24:41.335746 0.135263  
TARGET_DU:Rotation-VelLastSectorAct 2022-11-17 13:24:41.339960 23.3378  
TARGET_DU:Rotation-PhaseErrorMMAct 2022-11-17 13:24:41.406077 0.0981748  
TARGET_DU:Rotation-VelAct      2022-11-17 13:24:41.435992 23.2959  
TARGET_DU:Rotation-VelLastSectorAct 2022-11-17 13:24:41.439806 23.3373  
TARGET_DU:Rotation-PhaseErrorMMAct 2022-11-17 13:24:41.475894 0.0589049  
TARGET_DU:Rotation-VelLastSectorAct 2022-11-17 13:24:41.490021 23.3375  
TARGET_DU:Rotation-VelAct      2022-11-17 13:24:41.521751 23.3102  
TARGET_DU:Rotation-TorqueAct   2022-11-17 13:24:41.531927 65.7  
TARGET_DU:Rotation-PhaseErrorMMAct 2022-11-17 13:24:41.551778 0.019635  
TARGET_DU:Rotation-VelAct      2022-11-17 13:24:41.639936 23.3316  
TARGET_DU:Rotation-PhaseErrorMMAct 2022-11-17 13:24:41.639945 -0.00436332  
TARGET_DU:Rotation-VelLastSectorAct 2022-11-17 13:24:41.639950 23.3359  
TARGET_DU:Rotation-VelLastSectorAct 2022-11-17 13:24:41.689966 23.3357  
TARGET_DU:Rotation-PhaseErrorMMAct 2022-11-17 13:24:41.697841 -0.0261799  
TARGET_DU:Rotation-VelAct      2022-11-17 13:24:41.775858 23.2852  
TARGET_DU:Rotation-PhaseErrorMMAct 2022-11-17 13:24:41.776086 -0.0152716  
TARGET_DU:Rotation-VelLastSectorAct 2022-11-17 13:24:41.790130 23.3322  
TARGET_DU:Rotation-VelAct      2022-11-17 13:24:41.826151 23.3781  
TARGET_DU:Rotation-PhaseErrorMMAct 2022-11-17 13:24:41.835900 0.00218166  
TARGET_DU:Rotation-VelLastSectorAct 2022-11-17 13:24:41.839736 23.3315  
TARGET_DU:Rotation-PhaseErrorMMAct 2022-11-17 13:24:41.905781 0.0327249  
TARGET_DU:Rotation-VelAct      2022-11-17 13:24:41.939911 23.4926  
TARGET_DU:Rotation-VelLastSectorAct 2022-11-17 13:24:41.940154 23.3301  
TARGET_DU:Rotation-PhaseErrorMMAct 2022-11-17 13:24:41.975896 0.0654498  
TARGET_DU:Rotation-VelLastSectorAct 2022-11-17 13:24:41.990057 23.3298  
TARGET_DU:Rotation-VelAct      2022-11-17 13:24:42.021824 23.4175  
TARGET_DU:Rotation-TorqueAct   2022-11-17 13:24:42.031757 67.7  
TARGET_DU:Rotation-TempAct     2022-11-17 13:24:42.041895 50  
TARGET_DU:Rotation-PhaseErrorMMAct 2022-11-17 13:24:42.051801 0.0981748  
TARGET_DU:Rotation-VelLastSectorAct 2022-11-17 13:24:42.090144 23.3298  
TARGET_DU:Rotation-VelAct      2022-11-17 13:24:42.129851 23.0706  
TARGET_DU:Rotation-PhaseErrorMMAct 2022-11-17 13:24:42.129860 0.11781  
TARGET_DU:Rotation-VelLastSectorAct 2022-11-17 13:24:42.139830 23.3312  
TARGET_DU:Rotation-VelLastSectorAct 2022-11-17 13:24:42.190209 23.3331  
TARGET_DU:Rotation-PhaseErrorMMAct 2022-11-17 13:24:42.197890 0.119991  
TARGET_DU:Rotation-VelAct      2022-11-17 13:24:42.237941 23.3781  
TARGET_DU:Rotation-PhaseErrorMMAct 2022-11-17 13:24:42.276115 0.100356  
TARGET_DU:Rotation-VelLastSectorAct 2022-11-17 13:24:42.289924 23.3354  
TARGET_DU:Rotation-VelAct      2022-11-17 13:24:42.325974 23.303  
TARGET_DU:Rotation-PhaseErrorMMAct 2022-11-17 13:24:42.335898 0.0676315  
TARGET_DU:Rotation-VelLastSectorAct 2022-11-17 13:24:42.339768 23.3368  
TARGET_DU:Rotation-PhaseErrorMMAct 2022-11-17 13:24:42.405858 0.00218166  
TARGET_DU:Rotation-VelAct      2022-11-17 13:24:42.435851 23.2708  
TARGET_DU:Rotation-VelLastSectorAct 2022-11-17 13:24:42.439707 23.3403  
TARGET_DU:Rotation-PhaseErrorMMAct 2022-11-17 13:24:42.475746 -0.0763582  
TARGET_DU:Rotation-VelLastSectorAct 2022-11-17 13:24:42.489983 23.3417  
TARGET_DU:Rotation-VelAct      2022-11-17 13:24:42.521926 22.949  
TARGET_DU:Rotation-TorqueAct   2022-11-17 13:24:42.531870 66.1  
TARGET_DU:Rotation-TempAct     2022-11-17 13:24:42.541805 50.2  
TARGET_DU:Rotation-PhaseErrorMMAct 2022-11-17 13:24:42.552051 -0.174533  
TARGET_DU:Rotation-VelLastSectorAct 2022-11-17 13:24:42.589877 23.3438  
TARGET_DU:Rotation-VelAct      2022-11-17 13:24:42.629940 23.2136  
TARGET_DU:Rotation-PhaseErrorMMAct 2022-11-17 13:24:42.629950 -0.263981  
TARGET_DU:Rotation-VelLastSectorAct 2022-11-17 13:24:42.639846 23.3429  
TARGET_DU:Rotation-VelLastSectorAct 2022-11-17 13:24:42.690041 23.3441  
TARGET_DU:Rotation-PhaseErrorMMAct 2022-11-17 13:24:42.697793 -0.364337  
TARGET_DU:Rotation-VelAct      2022-11-17 13:24:42.738016 23.4175  
TARGET_DU:Rotation-PhaseErrorMMAct 2022-11-17 13:24:42.775927 -0.460331  
TARGET_DU:Rotation-VelLastSectorAct 2022-11-17 13:24:42.789919 23.3436  
TARGET_DU:Rotation-VelAct      2022-11-17 13:24:42.826083 23.4318  
TARGET_DU:Rotation-PhaseErrorMMAct 2022-11-17 13:24:42.835765 -0.558505  
TARGET_DU:Rotation-VelLastSectorAct 2022-11-17 13:24:42.839826 23.3438  
TARGET_DU:Rotation-PhaseErrorMMAct 2022-11-17 13:24:42.906011 -0.645772  
TARGET_DU:Rotation-VelAct      2022-11-17 13:24:42.939903 23.3138  
TARGET_DU:Rotation-VelLastSectorAct 2022-11-17 13:24:42.939939 23.3427  
TARGET_DU:Rotation-PhaseErrorMMAct 2022-11-17 13:24:42.975917 -0.70904  
TARGET_DU:Rotation-VelLastSectorAct 2022-11-17 13:24:42.990347 23.3401  
TARGET_DU:Rotation-VelAct      2022-11-17 13:24:43.021823 23.464  
TARGET_DU:Rotation-TorqueAct   2022-11-17 13:24:43.031897 61.5  
TARGET_DU:Rotation-TempAct     2022-11-17 13:24:43.041870 50.1  
TARGET_DU:Rotation-PhaseErrorMMAct 2022-11-17 13:24:43.051834 -0.737402  
TARGET_DU:Rotation-VelLastSectorAct 2022-11-17 13:24:43.090003 23.3364  
TARGET_DU:Rotation-VelAct      2022-11-17 13:24:43.129779 23.185  
TARGET_DU:Rotation-PhaseErrorMMAct 2022-11-17 13:24:43.129796 -0.739583  
TARGET_DU:Rotation-VelLastSectorAct 2022-11-17 13:24:43.139883 23.3336  
TARGET_DU:Rotation-VelLastSectorAct 2022-11-17 13:24:43.189913 23.3312  
TARGET_DU:Rotation-PhaseErrorMMAct 2022-11-17 13:24:43.198010 -0.719948  
TARGET_DU:Rotation-VelAct      2022-11-17 13:24:43.237794 23.3388  
TARGET_DU:Rotation-PhaseErrorMMAct 2022-11-17 13:24:43.275875 -0.66977  
TARGET_DU:Rotation-VelLastSectorAct 2022-11-17 13:24:43.289953 23.328  
TARGET_DU:Rotation-VelAct      2022-11-17 13:24:43.325980 23.3638  
TARGET_DU:Rotation-PhaseErrorMMAct 2022-11-17 13:24:43.335841 -0.60432  
TARGET_DU:Rotation-VelLastSectorAct 2022-11-17 13:24:43.339711 23.3263  
TARGET_DU:Rotation-PhaseErrorMMAct 2022-11-17 13:24:43.405788 -0.519235  
TARGET_DU:Rotation-VelAct      2022-11-17 13:24:43.435823 23.2494  
TARGET_DU:Rotation-VelLastSectorAct 2022-11-17 13:24:43.439836 23.3242  
TARGET_DU:Rotation-PhaseErrorMMAct 2022-11-17 13:24:43.475899 -0.438514  
TARGET_DU:Rotation-VelLastSectorAct 2022-11-17 13:24:43.489835 23.3247  
TARGET_DU:Rotation-VelAct      2022-11-17 13:24:43.521851 23.3495  
TARGET_DU:Rotation-TorqueAct   2022-11-17 13:24:43.531755 65.4  
TARGET_DU:Rotation-TempAct     2022-11-17 13:24:43.541941 49.9  
TARGET_DU:Rotation-PhaseErrorMMAct 2022-11-17 13:24:43.551893 -0.346884  
TARGET_DU:Rotation-VelLastSectorAct 2022-11-17 13:24:43.590149 23.3235  
TARGET_DU:Rotation-VelAct      2022-11-17 13:24:43.630002 23.4175  
TARGET_DU:Rotation-PhaseErrorMMAct 2022-11-17 13:24:43.630011 -0.285798  
TARGET_DU:Rotation-VelLastSectorAct 2022-11-17 13:24:43.640093 23.3268  
TARGET_DU:Rotation-VelLastSectorAct 2022-11-17 13:24:43.689958 23.3261  
TARGET_DU:Rotation-PhaseErrorMMAct 2022-11-17 13:24:43.697987 -0.218166  
TARGET_DU:Rotation-VelAct      2022-11-17 13:24:43.776120 23.3459  
TARGET_DU:Rotation-PhaseErrorMMAct 2022-11-17 13:24:43.776174 -0.14399  
TARGET_DU:Rotation-VelLastSectorAct 2022-11-17 13:24:43.789930 23.3254  
TARGET_DU:Rotation-VelAct      2022-11-17 13:24:43.825987 23.5069  
TARGET_DU:Rotation-PhaseErrorMMAct 2022-11-17 13:24:43.835918 -0.0829031  
TARGET_DU:Rotation-VelLastSectorAct 2022-11-17 13:24:43.839851 23.3268  
TARGET_DU:Rotation-PhaseErrorMMAct 2022-11-17 13:24:43.905908 -0.0327249  
TARGET_DU:Rotation-VelAct      2022-11-17 13:24:43.935901 23.2887  
TARGET_DU:Rotation-VelLastSectorAct 2022-11-17 13:24:43.939706 23.328  
TARGET_DU:Rotation-PhaseErrorMMAct 2022-11-17 13:24:43.975763 0.0109083  
TARGET_DU:Rotation-VelLastSectorAct 2022-11-17 13:24:43.989993 23.3287  
TARGET_DU:Rotation-VelAct      2022-11-17 13:24:44.021951 23.1779  
TARGET_DU:Rotation-TorqueAct   2022-11-17 13:24:44.031910 67.9  
TARGET_DU:Rotation-TempAct     2022-11-17 13:24:44.041795 50.1  
TARGET_DU:Rotation-PhaseErrorMMAct 2022-11-17 13:24:44.052016 0.0305433  
TARGET_DU:Rotation-VelLastSectorAct 2022-11-17 13:24:44.089947 23.3312  
TARGET_DU:Rotation-VelAct      2022-11-17 13:24:44.139906 23.6499  
TARGET_DU:Rotation-PhaseErrorMMAct 2022-11-17 13:24:44.139916 0.0392699  
TARGET_DU:Rotation-VelLastSectorAct 2022-11-17 13:24:44.139925 23.3324  
TARGET_DU:Rotation-VelLastSectorAct 2022-11-17 13:24:44.190051 23.3343  
TARGET_DU:Rotation-PhaseErrorMMAct 2022-11-17 13:24:44.197769 0.0305433  
TARGET_DU:Rotation-VelAct      2022-11-17 13:24:44.237919 23.1922  
TARGET_DU:Rotation-PhaseErrorMMAct 2022-11-17 13:24:44.275832 0.00654498  
TARGET_DU:Rotation-VelLastSectorAct 2022-11-17 13:24:44.290132 23.3359  
TARGET_DU:Rotation-VelAct      2022-11-17 13:24:44.326430 23.3638  
TARGET_DU:Rotation-PhaseErrorMMAct 2022-11-17 13:24:44.339929 -0.00654498  
TARGET_DU:Rotation-VelLastSectorAct 2022-11-17 13:24:44.339938 23.3347  
TARGET_DU:Rotation-PhaseErrorMMAct 2022-11-17 13:24:44.405901 -0.019635  
TARGET_DU:Rotation-VelAct      2022-11-17 13:24:44.439886 23.3889  
TARGET_DU:Rotation-VelLastSectorAct 2022-11-17 13:24:44.439915 23.3347  
TARGET_DU:Rotation-PhaseErrorMMAct 2022-11-17 13:24:44.475862 -0.0261799  
TARGET_DU:Rotation-VelLastSectorAct 2022-11-17 13:24:44.490034 23.334  
TARGET_DU:Rotation-VelAct      2022-11-17 13:24:44.521787 23.3674  
TARGET_DU:Rotation-TorqueAct   2022-11-17 13:24:44.531925 66.2  
TARGET_DU:Rotation-TempAct     2022-11-17 13:24:44.542239 50.2  
TARGET_DU:Rotation-PhaseErrorMMAct 2022-11-17 13:24:44.552005 -0.0436332  
TARGET_DU:Rotation-VelLastSectorAct 2022-11-17 13:24:44.589977 23.3352  
TARGET_DU:Rotation-VelAct      2022-11-17 13:24:44.639944 23.4103  
TARGET_DU:Rotation-PhaseErrorMMAct 2022-11-17 13:24:44.639964 -0.0458149  
TARGET_DU:Rotation-VelLastSectorAct 2022-11-17 13:24:44.639987 23.3336  
TARGET_DU:Rotation-VelLastSectorAct 2022-11-17 13:24:44.689986 23.3359  
TARGET_DU:Rotation-PhaseErrorMMAct 2022-11-17 13:24:44.697919 -0.0698132  
TARGET_DU:Rotation-VelAct      2022-11-17 13:24:44.737842 23.2708  
TARGET_DU:Rotation-PhaseErrorMMAct 2022-11-17 13:24:44.776214 -0.0959931  
TARGET_DU:Rotation-VelLastSectorAct 2022-11-17 13:24:44.790116 23.3361  
TARGET_DU:Rotation-VelAct      2022-11-17 13:24:44.826106 23.4532  
TARGET_DU:Rotation-PhaseErrorMMAct 2022-11-17 13:24:44.835822 -0.126536  
TARGET_DU:Rotation-VelLastSectorAct 2022-11-17 13:24:44.839738 23.3366  
TARGET_DU:Rotation-PhaseErrorMMAct 2022-11-17 13:24:44.905807 -0.148353  
TARGET_DU:Rotation-VelAct      2022-11-17 13:24:44.935835 23.3173  
TARGET_DU:Rotation-VelLastSectorAct 2022-11-17 13:24:44.939875 23.3357  
TARGET_DU:Rotation-PhaseErrorMMAct 2022-11-17 13:24:44.976048 -0.176715  
TARGET_DU:Rotation-VelLastSectorAct 2022-11-17 13:24:44.989924 23.3364  
TARGET_DU:Rotation-VelAct      2022-11-17 13:24:45.021847 23.3781  
TARGET_DU:Rotation-TorqueAct   2022-11-17 13:24:45.031853 63.9  
TARGET_DU:Rotation-TempAct     2022-11-17 13:24:45.041941 50  
TARGET_DU:Rotation-PhaseErrorMMAct 2022-11-17 13:24:45.051870 -0.205076  
TARGET_DU:Rotation-VelAct      2022-11-17 13:24:45.139901 23.2387  
TARGET_DU:Rotation-PhaseErrorMMAct 2022-11-17 13:24:45.139909 -0.235619  
TARGET_DU:Rotation-VelLastSectorAct 2022-11-17 13:24:45.139915 23.3366  
TARGET_DU:Rotation-VelLastSectorAct 2022-11-17 13:24:45.189906 23.3345  
TARGET_DU:Rotation-PhaseErrorMMAct 2022-11-17 13:24:45.197996 -0.246528  
TARGET_DU:Rotation-VelAct      2022-11-17 13:24:45.237863 23.2565  
TARGET_DU:Rotation-PhaseErrorMMAct 2022-11-17 13:24:45.276053 -0.259618  
TARGET_DU:Rotation-VelLastSectorAct 2022-11-17 13:24:45.289883 23.3347  
TARGET_DU:Rotation-VelAct      2022-11-17 13:24:45.325969 23.3316  
TARGET_DU:Rotation-VelLastSectorAct 2022-11-17 13:24:45.339820 23.3333  
TARGET_DU:Rotation-PhaseErrorMMAct 2022-11-17 13:24:45.405923 -0.257436  
TARGET_DU:Rotation-VelAct      2022-11-17 13:24:45.439891 23.4425  
TARGET_DU:Rotation-VelLastSectorAct 2022-11-17 13:24:45.439962 23.3331  
TARGET_DU:Rotation-PhaseErrorMMAct 2022-11-17 13:24:45.475996 -0.246528  
TARGET_DU:Rotation-VelLastSectorAct 2022-11-17 13:24:45.489991 23.3322  
TARGET_DU:Rotation-VelAct      2022-11-17 13:24:45.521920 23.2422  
TARGET_DU:Rotation-TorqueAct   2022-11-17 13:24:45.531880 62.9  
TARGET_DU:Rotation-TempAct     2022-11-17 13:24:45.541779 50.1  
TARGET_DU:Rotation-PhaseErrorMMAct 2022-11-17 13:24:45.551928 -0.220348  
TARGET_DU:Rotation-VelLastSectorAct 2022-11-17 13:24:45.589910 23.3305  
TARGET_DU:Rotation-VelAct      2022-11-17 13:24:45.639871 23.4282  
TARGET_DU:Rotation-PhaseErrorMMAct 2022-11-17 13:24:45.639881 -0.18326  
TARGET_DU:Rotation-VelLastSectorAct 2022-11-17 13:24:45.639936 23.3294  
TARGET_DU:Rotation-VelLastSectorAct 2022-11-17 13:24:45.690097 23.3287  
TARGET_DU:Rotation-PhaseErrorMMAct 2022-11-17 13:24:45.697800 -0.139626  
TARGET_DU:Rotation-VelAct      2022-11-17 13:24:45.775823 23.2208  
TARGET_DU:Rotation-PhaseErrorMMAct 2022-11-17 13:24:45.775920 -0.0807215  
TARGET_DU:Rotation-VelLastSectorAct 2022-11-17 13:24:45.790001 23.327  
TARGET_DU:Rotation-VelAct      2022-11-17 13:24:45.826194 23.4675  
TARGET_DU:Rotation-PhaseErrorMMAct 2022-11-17 13:24:45.839969 -0.019635  
TARGET_DU:Rotation-VelLastSectorAct 2022-11-17 13:24:45.839980 23.3268  
TARGET_DU:Rotation-PhaseErrorMMAct 2022-11-17 13:24:45.905902 0.0479966  
TARGET_DU:Rotation-VelAct      2022-11-17 13:24:45.935919 23.3138  
TARGET_DU:Rotation-VelLastSectorAct 2022-11-17 13:24:45.939817 23.3261  
TARGET_DU:Rotation-PhaseErrorMMAct 2022-11-17 13:24:45.975845 0.111265  
TARGET_DU:Rotation-VelLastSectorAct 2022-11-17 13:24:45.990007 23.3266  
TARGET_DU:Rotation-VelAct      2022-11-17 13:24:46.021769 23.1779  
TARGET_DU:Rotation-TorqueAct   2022-11-17 13:24:46.031958 65.5  
TARGET_DU:Rotation-PhaseErrorMMAct 2022-11-17 13:24:46.051836 0.161443  
TARGET_DU:Rotation-VelLastSectorAct 2022-11-17 13:24:46.090064 23.328  
TARGET_DU:Rotation-VelAct      2022-11-17 13:24:46.129832 23.3924  
TARGET_DU:Rotation-PhaseErrorMMAct 2022-11-17 13:24:46.129843 0.202895  
TARGET_DU:Rotation-VelLastSectorAct 2022-11-17 13:24:46.139919 23.3289  
TARGET_DU:Rotation-VelLastSectorAct 2022-11-17 13:24:46.189972 23.3317  
TARGET_DU:Rotation-PhaseErrorMMAct 2022-11-17 13:24:46.197850 0.218166  
TARGET_DU:Rotation-VelAct      2022-11-17 13:24:46.276085 23.7894  
TARGET_DU:Rotation-PhaseErrorMMAct 2022-11-17 13:24:46.276114 0.233438  
TARGET_DU:Rotation-VelLastSectorAct 2022-11-17 13:24:46.290026 23.3317  
TARGET_DU:Rotation-VelAct      2022-11-17 13:24:46.326115 23.5283  
TARGET_DU:Rotation-PhaseErrorMMAct 2022-11-17 13:24:46.339852 0.259618  
TARGET_DU:Rotation-VelLastSectorAct 2022-11-17 13:24:46.339862 23.3305  
TARGET_DU:Rotation-PhaseErrorMMAct 2022-11-17 13:24:46.405837 0.279253  
TARGET_DU:Rotation-VelAct      2022-11-17 13:24:46.435865 23.2852  
TARGET_DU:Rotation-VelLastSectorAct 2022-11-17 13:24:46.439860 23.3312  
TARGET_DU:Rotation-PhaseErrorMMAct 2022-11-17 13:24:46.475933 0.292343  
TARGET_DU:Rotation-VelLastSectorAct 2022-11-17 13:24:46.490201 23.3319  
TARGET_DU:Rotation-VelAct      2022-11-17 13:24:46.521951 23.253  
TARGET_DU:Rotation-TorqueAct   2022-11-17 13:24:46.531872 66.7  
TARGET_DU:Rotation-TempAct     2022-11-17 13:24:46.542052 50  
TARGET_DU:Rotation-PhaseErrorMMAct 2022-11-17 13:24:46.551884 0.307614  
TARGET_DU:Rotation-VelLastSectorAct 2022-11-17 13:24:46.590143 23.3317  
TARGET_DU:Rotation-VelAct      2022-11-17 13:24:46.629937 23.4962  
TARGET_DU:Rotation-PhaseErrorMMAct 2022-11-17 13:24:46.629945 0.318523  
TARGET_DU:Rotation-VelLastSectorAct 2022-11-17 13:24:46.639887 23.3322  
TARGET_DU:Rotation-VelLastSectorAct 2022-11-17 13:24:46.692148 23.3331  
TARGET_DU:Rotation-PhaseErrorMMAct 2022-11-17 13:24:46.698167 0.320704  
TARGET_DU:Rotation-VelAct      2022-11-17 13:24:46.775971 23.3102  
TARGET_DU:Rotation-PhaseErrorMMAct 2022-11-17 13:24:46.776097 0.316341  
TARGET_DU:Rotation-VelLastSectorAct 2022-11-17 13:24:46.790005 23.3338  
TARGET_DU:Rotation-VelAct      2022-11-17 13:24:46.826203 23.1099  
TARGET_DU:Rotation-VelLastSectorAct 2022-11-17 13:24:46.839983 23.3333  
TARGET_DU:Rotation-PhaseErrorMMAct 2022-11-17 13:24:46.905935 0.320704  
TARGET_DU:Rotation-VelAct      2022-11-17 13:24:46.939963 23.6893  
TARGET_DU:Rotation-VelLastSectorAct 2022-11-17 13:24:46.939975 23.3329  
TARGET_DU:Rotation-PhaseErrorMMAct 2022-11-17 13:24:46.976013 0.322886  
TARGET_DU:Rotation-VelLastSectorAct 2022-11-17 13:24:46.989956 23.3331  
TARGET_DU:Rotation-VelAct      2022-11-17 13:24:47.021940 23.0706  
TARGET_DU:Rotation-TorqueAct   2022-11-17 13:24:47.031884 67.3  
TARGET_DU:Rotation-TempAct     2022-11-17 13:24:47.041908 50.1  
TARGET_DU:Rotation-PhaseErrorMMAct 2022-11-17 13:24:47.051993 0.338158  
TARGET_DU:Rotation-VelLastSectorAct 2022-11-17 13:24:47.089970 23.3317  
TARGET_DU:Rotation-VelAct      2022-11-17 13:24:47.129959 23.3746  
TARGET_DU:Rotation-PhaseErrorMMAct 2022-11-17 13:24:47.129967 0.329431  
TARGET_DU:Rotation-VelLastSectorAct 2022-11-17 13:24:47.139984 23.3343  
TARGET_DU:Rotation-VelLastSectorAct 2022-11-17 13:24:47.190015 23.3324  
TARGET_DU:Rotation-PhaseErrorMMAct 2022-11-17 13:24:47.197967 0.338158  
TARGET_DU:Rotation-VelAct      2022-11-17 13:24:47.276032 23.4711  
TARGET_DU:Rotation-PhaseErrorMMAct 2022-11-17 13:24:47.276131 0.311978  
TARGET_DU:Rotation-VelLastSectorAct 2022-11-17 13:24:47.289953 23.3361  
TARGET_DU:Rotation-VelAct      2022-11-17 13:24:47.326279 23.4532  
TARGET_DU:Rotation-PhaseErrorMMAct 2022-11-17 13:24:47.339936 0.279253  
TARGET_DU:Rotation-VelLastSectorAct 2022-11-17 13:24:47.339948 23.3368  
TARGET_DU:Rotation-PhaseErrorMMAct 2022-11-17 13:24:47.406228 0.233438  
TARGET_DU:Rotation-VelAct      2022-11-17 13:24:47.435915 23.6285  
TARGET_DU:Rotation-VelLastSectorAct 2022-11-17 13:24:47.439875 23.3382  
TARGET_DU:Rotation-PhaseErrorMMAct 2022-11-17 13:24:47.475984 0.167988  
TARGET_DU:Rotation-VelLastSectorAct 2022-11-17 13:24:47.490001 23.3403  
TARGET_DU:Rotation-VelAct      2022-11-17 13:24:47.521917 23.5355  
TARGET_DU:Rotation-TorqueAct   2022-11-17 13:24:47.531959 65.9  
TARGET_DU:Rotation-PhaseErrorMMAct 2022-11-17 13:24:47.551945 0.0850848  
TARGET_DU:Rotation-VelLastSectorAct 2022-11-17 13:24:47.590134 23.3422  
TARGET_DU:Rotation-VelAct      2022-11-17 13:24:47.630226 23.092  
TARGET_DU:Rotation-PhaseErrorMMAct 2022-11-17 13:24:47.630239 0  
TARGET_DU:Rotation-VelLastSectorAct 2022-11-17 13:24:47.639933 23.3424  
TARGET_DU:Rotation-VelLastSectorAct 2022-11-17 13:24:47.690091 23.3434  
TARGET_DU:Rotation-PhaseErrorMMAct 2022-11-17 13:24:47.697948 -0.0938114  
TARGET_DU:Rotation-VelAct      2022-11-17 13:24:47.775958 23.2494  
TARGET_DU:Rotation-PhaseErrorMMAct 2022-11-17 13:24:47.776170 -0.174533  
TARGET_DU:Rotation-VelLastSectorAct 2022-11-17 13:24:47.790035 23.342  
TARGET_DU:Rotation-VelAct      2022-11-17 13:24:47.826155 23.3424  
TARGET_DU:Rotation-PhaseErrorMMAct 2022-11-17 13:24:47.840325 -0.255254  
TARGET_DU:Rotation-VelLastSectorAct 2022-11-17 13:24:47.840473 23.342  
TARGET_DU:Rotation-PhaseErrorMMAct 2022-11-17 13:24:47.905926 -0.320704  
TARGET_DU:Rotation-VelAct      2022-11-17 13:24:47.940093 23.278  
TARGET_DU:Rotation-VelLastSectorAct 2022-11-17 13:24:47.940105 23.3403  
TARGET_DU:Rotation-PhaseErrorMMAct 2022-11-17 13:24:47.975982 -0.390517  
TARGET_DU:Rotation-VelLastSectorAct 2022-11-17 13:24:47.990023 23.3408  
TARGET_DU:Rotation-VelAct      2022-11-17 13:24:48.021975 23.1779  
TARGET_DU:Rotation-TorqueAct   2022-11-17 13:24:48.031954 62.3  
TARGET_DU:Rotation-TempAct     2022-11-17 13:24:48.041958 50  
TARGET_DU:Rotation-PhaseErrorMMAct 2022-11-17 13:24:48.052004 -0.436332  
TARGET_DU:Rotation-VelLastSectorAct 2022-11-17 13:24:48.090124 23.3382  
TARGET_DU:Rotation-VelAct      2022-11-17 13:24:48.139987 23.3495  
TARGET_DU:Rotation-PhaseErrorMMAct 2022-11-17 13:24:48.139998 -0.471239  
TARGET_DU:Rotation-VelLastSectorAct 2022-11-17 13:24:48.140036 23.3371  
TARGET_DU:Rotation-VelLastSectorAct 2022-11-17 13:24:48.190093 23.3338  
TARGET_DU:Rotation-PhaseErrorMMAct 2022-11-17 13:24:48.198159 -0.475602  
TARGET_DU:Rotation-VelAct      2022-11-17 13:24:48.276048 23.4067  
TARGET_DU:Rotation-PhaseErrorMMAct 2022-11-17 13:24:48.276164 -0.458149  
TARGET_DU:Rotation-VelLastSectorAct 2022-11-17 13:24:48.290152 23.3315  
TARGET_DU:Rotation-VelAct      2022-11-17 13:24:48.326250 23.3138  
TARGET_DU:Rotation-PhaseErrorMMAct 2022-11-17 13:24:48.339991 -0.421061  
TARGET_DU:Rotation-VelLastSectorAct 2022-11-17 13:24:48.340004 23.3294  
TARGET_DU:Rotation-PhaseErrorMMAct 2022-11-17 13:24:48.406001 -0.366519  
TARGET_DU:Rotation-VelAct      2022-11-17 13:24:48.437077 23.2959  
TARGET_DU:Rotation-VelLastSectorAct 2022-11-17 13:24:48.439912 23.3275  
TARGET_DU:Rotation-PhaseErrorMMAct 2022-11-17 13:24:48.475991 -0.307614  
TARGET_DU:Rotation-VelLastSectorAct 2022-11-17 13:24:48.490207 23.327  
TARGET_DU:Rotation-VelAct      2022-11-17 13:24:48.522094 23.3567  
TARGET_DU:Rotation-TorqueAct   2022-11-17 13:24:48.532075 64.8  
TARGET_DU:Rotation-PhaseErrorMMAct 2022-11-17 13:24:48.552044 -0.248709  
TARGET_DU:Rotation-VelAct      2022-11-17 13:24:48.630167 23.421  
TARGET_DU:Rotation-PhaseErrorMMAct 2022-11-17 13:24:48.630177 -0.198531  
TARGET_DU:Rotation-VelLastSectorAct 2022-11-17 13:24:48.639994 23.328  
TARGET_DU:Rotation-VelLastSectorAct 2022-11-17 13:24:48.690189 23.3289  
TARGET_DU:Rotation-PhaseErrorMMAct 2022-11-17 13:24:48.698076 -0.15708  
TARGET_DU:Rotation-VelAct      2022-11-17 13:24:48.776070 23.3388  
TARGET_DU:Rotation-PhaseErrorMMAct 2022-11-17 13:24:48.776251 -0.148353  
TARGET_DU:Rotation-VelLastSectorAct 2022-11-17 13:24:48.790264 23.3324  
TARGET_DU:Rotation-VelAct      2022-11-17 13:24:48.826328 23.2029  
TARGET_DU:Rotation-PhaseErrorMMAct 2022-11-17 13:24:48.840044 -0.14399  
TARGET_DU:Rotation-VelLastSectorAct 2022-11-17 13:24:48.840057 23.3329  
TARGET_DU:Rotation-PhaseErrorMMAct 2022-11-17 13:24:48.906047 -0.150535  
TARGET_DU:Rotation-VelAct      2022-11-17 13:24:48.936091 23.4675  
TARGET_DU:Rotation-VelLastSectorAct 2022-11-17 13:24:48.939991 23.334  
TARGET_DU:Rotation-PhaseErrorMMAct 2022-11-17 13:24:48.976210 -0.17017  
TARGET_DU:Rotation-VelLastSectorAct 2022-11-17 13:24:48.990165 23.3354  
TARGET_DU:Rotation-VelAct      2022-11-17 13:24:49.022047 23.3424  
TARGET_DU:Rotation-TorqueAct   2022-11-17 13:24:49.032042 66.2  
TARGET_DU:Rotation-TempAct     2022-11-17 13:24:49.042044 50.2  
TARGET_DU:Rotation-PhaseErrorMMAct 2022-11-17 13:24:49.052040 -0.205076  
TARGET_DU:Rotation-VelLastSectorAct 2022-11-17 13:24:49.090227 23.3371  
TARGET_DU:Rotation-VelAct      2022-11-17 13:24:49.130045 23.185  
TARGET_DU:Rotation-PhaseErrorMMAct 2022-11-17 13:24:49.130070 -0.237801  
TARGET_DU:Rotation-VelLastSectorAct 2022-11-17 13:24:49.140034 23.3368  
TARGET_DU:Rotation-VelLastSectorAct 2022-11-17 13:24:49.190358 23.3375  
TARGET_DU:Rotation-PhaseErrorMMAct 2022-11-17 13:24:49.198080 -0.277071  
TARGET_DU:Rotation-VelAct      2022-11-17 13:24:49.276096 23.4139  
TARGET_DU:Rotation-PhaseErrorMMAct 2022-11-17 13:24:49.276204 -0.322886  
TARGET_DU:Rotation-VelLastSectorAct 2022-11-17 13:24:49.290156 23.3382  
TARGET_DU:Rotation-VelAct      2022-11-17 13:24:49.326342 23.2565  
TARGET_DU:Rotation-PhaseErrorMMAct 2022-11-17 13:24:49.340089 -0.364337  
TARGET_DU:Rotation-VelLastSectorAct 2022-11-17 13:24:49.340100 23.3378  
TARGET_DU:Rotation-PhaseErrorMMAct 2022-11-17 13:24:49.406109 -0.394881  
TARGET_DU:Rotation-VelAct      2022-11-17 13:24:49.436087 23.2494  
TARGET_DU:Rotation-VelLastSectorAct 2022-11-17 13:24:49.441041 23.3366  
TARGET_DU:Rotation-PhaseErrorMMAct 2022-11-17 13:24:49.476220 -0.412334  
TARGET_DU:Rotation-VelLastSectorAct 2022-11-17 13:24:49.490171 23.3352  
TARGET_DU:Rotation-VelAct      2022-11-17 13:24:49.522094 23.3352  
TARGET_DU:Rotation-TorqueAct   2022-11-17 13:24:49.532094 64.6  
TARGET_DU:Rotation-TempAct     2022-11-17 13:24:49.542126 50  
TARGET_DU:Rotation-PhaseErrorMMAct 2022-11-17 13:24:49.552076 -0.403607  
TARGET_DU:Rotation-VelLastSectorAct 2022-11-17 13:24:49.590232 23.3324  
TARGET_DU:Rotation-VelAct      2022-11-17 13:24:49.640128 23.4175  
TARGET_DU:Rotation-PhaseErrorMMAct 2022-11-17 13:24:49.640139 -0.379609  
TARGET_DU:Rotation-VelLastSectorAct 2022-11-17 13:24:49.640166 23.3308  
TARGET_DU:Rotation-VelLastSectorAct 2022-11-17 13:24:49.690120 23.3291  
TARGET_DU:Rotation-PhaseErrorMMAct 2022-11-17 13:24:49.698139 -0.340339  
TARGET_DU:Rotation-VelAct      2022-11-17 13:24:49.776204 23.2065  
TARGET_DU:Rotation-PhaseErrorMMAct 2022-11-17 13:24:49.776261 -0.281434  
TARGET_DU:Rotation-VelLastSectorAct 2022-11-17 13:24:49.790131 23.327  
TARGET_DU:Rotation-VelAct      2022-11-17 13:24:49.826760 23.4854  
TARGET_DU:Rotation-PhaseErrorMMAct 2022-11-17 13:24:49.840239 -0.237801  
TARGET_DU:Rotation-VelLastSectorAct 2022-11-17 13:24:49.840254 23.3287  
TARGET_DU:Rotation-PhaseErrorMMAct 2022-11-17 13:24:49.906138 -0.198531  
TARGET_DU:Rotation-VelAct      2022-11-17 13:24:49.936177 23.3531  
TARGET_DU:Rotation-VelLastSectorAct 2022-11-17 13:24:49.940083 23.3291  
TARGET_DU:Rotation-PhaseErrorMMAct 2022-11-17 13:24:49.976119 -0.165806  
TARGET_DU:Rotation-VelLastSectorAct 2022-11-17 13:24:49.990149 23.3298  
TARGET_DU:Rotation-VelAct      2022-11-17 13:24:50.022174 23.1957  
TARGET_DU:Rotation-TorqueAct   2022-11-17 13:24:50.032172 66  
TARGET_DU:Rotation-TempAct     2022-11-17 13:24:50.042169 50.1  
TARGET_DU:Rotation-PhaseErrorMMAct 2022-11-17 13:24:50.052279 -0.135263  
TARGET_DU:Rotation-VelLastSectorAct 2022-11-17 13:24:50.090269 23.3301  
TARGET_DU:Rotation-VelAct      2022-11-17 13:24:50.140172 23.3603  
TARGET_DU:Rotation-PhaseErrorMMAct 2022-11-17 13:24:50.140188 -0.122173  
TARGET_DU:Rotation-VelLastSectorAct 2022-11-17 13:24:50.140196 23.3319  
TARGET_DU:Rotation-VelLastSectorAct 2022-11-17 13:24:50.190196 23.3331  
TARGET_DU:Rotation-PhaseErrorMMAct 2022-11-17 13:24:50.198155 -0.119991  
TARGET_DU:Rotation-VelAct      2022-11-17 13:24:50.238140 23.396  
TARGET_DU:Rotation-PhaseErrorMMAct 2022-11-17 13:24:50.276232 -0.126536  
TARGET_DU:Rotation-VelLastSectorAct 2022-11-17 13:24:50.290336 23.334  
TARGET_DU:Rotation-VelAct      2022-11-17 13:24:50.326350 23.5069  
TARGET_DU:Rotation-PhaseErrorMMAct 2022-11-17 13:24:50.340247 -0.150535  
TARGET_DU:Rotation-VelLastSectorAct 2022-11-17 13:24:50.340267 23.3359  
TARGET_DU:Rotation-PhaseErrorMMAct 2022-11-17 13:24:50.406187 -0.165806  
TARGET_DU:Rotation-VelAct      2022-11-17 13:24:50.440194 23.1314  
TARGET_DU:Rotation-VelLastSectorAct 2022-11-17 13:24:50.440208 23.335  
TARGET_DU:Rotation-PhaseErrorMMAct 2022-11-17 13:24:50.476229 -0.19635  
TARGET_DU:Rotation-VelLastSectorAct 2022-11-17 13:24:50.490167 23.3366  
TARGET_DU:Rotation-VelAct      2022-11-17 13:24:50.522163 23.421  
TARGET_DU:Rotation-TorqueAct   2022-11-17 13:24:50.532183 64.2  
TARGET_DU:Rotation-PhaseErrorMMAct 2022-11-17 13:24:50.552208 -0.231256  
TARGET_DU:Rotation-VelLastSectorAct 2022-11-17 13:24:50.590297 23.3371  
TARGET_DU:Rotation-VelAct      2022-11-17 13:24:50.630183 23.3531  
TARGET_DU:Rotation-PhaseErrorMMAct 2022-11-17 13:24:50.630194 -0.263981  
TARGET_DU:Rotation-VelLastSectorAct 2022-11-17 13:24:50.640213 23.3368  
TARGET_DU:Rotation-VelLastSectorAct 2022-11-17 13:24:50.690299 23.3371  
TARGET_DU:Rotation-PhaseErrorMMAct 2022-11-17 13:24:50.698211 -0.298888  
TARGET_DU:Rotation-VelAct      2022-11-17 13:24:50.739683 23.3281  
TARGET_DU:Rotation-PhaseErrorMMAct 2022-11-17 13:24:50.776338 -0.311978  
TARGET_DU:Rotation-VelLastSectorAct 2022-11-17 13:24:50.790317 23.3347  
TARGET_DU:Rotation-VelAct      2022-11-17 13:24:50.826714 23.2351  
TARGET_DU:Rotation-VelLastSectorAct 2022-11-17 13:24:50.840206 23.3333  
TARGET_DU:Rotation-PhaseErrorMMAct 2022-11-17 13:24:50.906154 -0.292343  
TARGET_DU:Rotation-VelAct      2022-11-17 13:24:50.940234 23.4711  
TARGET_DU:Rotation-VelLastSectorAct 2022-11-17 13:24:50.940293 23.3312  
TARGET_DU:Rotation-PhaseErrorMMAct 2022-11-17 13:24:50.976249 -0.257436  
TARGET_DU:Rotation-VelLastSectorAct 2022-11-17 13:24:50.990274 23.3296  
TARGET_DU:Rotation-VelAct      2022-11-17 13:24:51.022206 23.1671  
TARGET_DU:Rotation-TorqueAct   2022-11-17 13:24:51.032252 63.6  
TARGET_DU:Rotation-TempAct     2022-11-17 13:24:51.042210 49.9  
TARGET_DU:Rotation-PhaseErrorMMAct 2022-11-17 13:24:51.052237 -0.200713  
TARGET_DU:Rotation-VelLastSectorAct 2022-11-17 13:24:51.090227 23.3273  
TARGET_DU:Rotation-VelAct      2022-11-17 13:24:51.140266 23.2351  
TARGET_DU:Rotation-PhaseErrorMMAct 2022-11-17 13:24:51.140284 -0.146171  
TARGET_DU:Rotation-VelLastSectorAct 2022-11-17 13:24:51.140291 23.3275  
TARGET_DU:Rotation-VelLastSectorAct 2022-11-17 13:24:51.190262 23.3268  
TARGET_DU:Rotation-PhaseErrorMMAct 2022-11-17 13:24:51.198307 -0.0850848  
TARGET_DU:Rotation-VelAct      2022-11-17 13:24:51.276239 23.4532  
TARGET_DU:Rotation-PhaseErrorMMAct 2022-11-17 13:24:51.276364 -0.0327249  
TARGET_DU:Rotation-VelLastSectorAct 2022-11-17 13:24:51.291263 23.3277  
TARGET_DU:Rotation-VelAct      2022-11-17 13:24:51.326303 23.3281  
TARGET_DU:Rotation-PhaseErrorMMAct 2022-11-17 13:24:51.340265 0.0174533  
TARGET_DU:Rotation-VelLastSectorAct 2022-11-17 13:24:51.340291 23.328  
TARGET_DU:Rotation-PhaseErrorMMAct 2022-11-17 13:24:51.407267 0.0676315  
TARGET_DU:Rotation-VelAct      2022-11-17 13:24:51.442287 23.3388  
TARGET_DU:Rotation-PhaseErrorMMAct 2022-11-17 13:24:51.476363 0.124355  
TARGET_DU:Rotation-VelLastSectorAct 2022-11-17 13:24:51.490364 23.3273  
TARGET_DU:Rotation-VelAct      2022-11-17 13:24:51.522284 23.1493  
TARGET_DU:Rotation-TorqueAct   2022-11-17 13:24:51.532268 66  
TARGET_DU:Rotation-TempAct     2022-11-17 13:24:51.542237 50.1  
TARGET_DU:Rotation-PhaseErrorMMAct 2022-11-17 13:24:51.552267 0.185441  
TARGET_DU:Rotation-VelLastSectorAct 2022-11-17 13:24:51.590478 23.3268  
TARGET_DU:Rotation-VelAct      2022-11-17 13:24:51.630282 23.4139  
TARGET_DU:Rotation-PhaseErrorMMAct 2022-11-17 13:24:51.630292 0.246528  
TARGET_DU:Rotation-VelLastSectorAct 2022-11-17 13:24:51.690416 23.328  
TARGET_DU:Rotation-PhaseErrorMMAct 2022-11-17 13:24:51.698278 0.296706  
TARGET_DU:Rotation-VelAct      2022-11-17 13:24:51.790335 23.3781  
TARGET_DU:Rotation-PhaseErrorMMAct 2022-11-17 13:24:51.790565 0.335976  
TARGET_DU:Rotation-VelLastSectorAct 2022-11-17 13:24:51.790774 23.3291  
TARGET_DU:Rotation-VelAct      2022-11-17 13:24:51.826610 23.2995  
TARGET_DU:Rotation-PhaseErrorMMAct 2022-11-17 13:24:51.841276 0.370882  
TARGET_DU:Rotation-VelLastSectorAct 2022-11-17 13:24:51.841285 23.3296  
TARGET_DU:Rotation-PhaseErrorMMAct 2022-11-17 13:24:51.906283 0.392699  
TARGET_DU:Rotation-VelAct      2022-11-17 13:24:51.940329 23.2637  
TARGET_DU:Rotation-VelLastSectorAct 2022-11-17 13:24:51.940373 23.331  
TARGET_DU:Rotation-PhaseErrorMMAct 2022-11-17 13:24:51.976304 0.416697  
TARGET_DU:Rotation-VelLastSectorAct 2022-11-17 13:24:51.990348 23.3308  
TARGET_DU:Rotation-VelAct      2022-11-17 13:24:52.022265 23.2565  
TARGET_DU:Rotation-TorqueAct   2022-11-17 13:24:52.032287 67.6  
TARGET_DU:Rotation-PhaseErrorMMAct 2022-11-17 13:24:52.052358 0.445059  
TARGET_DU:Rotation-VelLastSectorAct 2022-11-17 13:24:52.090428 23.3303  
TARGET_DU:Rotation-VelAct      2022-11-17 13:24:52.140479 23.3352  
TARGET_DU:Rotation-PhaseErrorMMAct 2022-11-17 13:24:52.140505 0.479966  
TARGET_DU:Rotation-VelLastSectorAct 2022-11-17 13:24:52.140512 23.3296  
TARGET_DU:Rotation-VelLastSectorAct 2022-11-17 13:24:52.190453 23.3305  
TARGET_DU:Rotation-PhaseErrorMMAct 2022-11-17 13:24:52.198280 0.506145  
TARGET_DU:Rotation-VelAct      2022-11-17 13:24:52.276398 23.278  
TARGET_DU:Rotation-PhaseErrorMMAct 2022-11-17 13:24:52.276652 0.530144  
TARGET_DU:Rotation-VelLastSectorAct 2022-11-17 13:24:52.290515 23.3308  
TARGET_DU:Rotation-VelAct      2022-11-17 13:24:52.326540 23.2959  
TARGET_DU:Rotation-PhaseErrorMMAct 2022-11-17 13:24:52.340326 0.543234  
TARGET_DU:Rotation-VelLastSectorAct 2022-11-17 13:24:52.340337 23.3319  
TARGET_DU:Rotation-PhaseErrorMMAct 2022-11-17 13:24:52.406323 0.534507  
TARGET_DU:Rotation-VelAct      2022-11-17 13:24:52.440350 23.1278  
TARGET_DU:Rotation-VelLastSectorAct 2022-11-17 13:24:52.440396 23.3343  
TARGET_DU:Rotation-PhaseErrorMMAct 2022-11-17 13:24:52.476436 0.501782  
TARGET_DU:Rotation-VelLastSectorAct 2022-11-17 13:24:52.490466 23.3368  
TARGET_DU:Rotation-VelAct      2022-11-17 13:24:52.522316 23.6678  
TARGET_DU:Rotation-TorqueAct   2022-11-17 13:24:52.533326 67.9  
TARGET_DU:Rotation-TempAct     2022-11-17 13:24:52.542340 50  
TARGET_DU:Rotation-PhaseErrorMMAct 2022-11-17 13:24:52.552380 0.449422  
TARGET_DU:Rotation-VelLastSectorAct 2022-11-17 13:24:52.590468 23.3389  
TARGET_DU:Rotation-VelAct      2022-11-17 13:24:52.631356 23.4246  
TARGET_DU:Rotation-PhaseErrorMMAct 2022-11-17 13:24:52.631374 0.383972  
TARGET_DU:Rotation-VelLastSectorAct 2022-11-17 13:24:52.640349 23.3403  
TARGET_DU:Rotation-VelLastSectorAct 2022-11-17 13:24:52.691582 23.3427  
TARGET_DU:Rotation-PhaseErrorMMAct 2022-11-17 13:24:52.698375 0.296706  
TARGET_DU:Rotation-VelAct      2022-11-17 13:24:52.776362 23.3459  
TARGET_DU:Rotation-PhaseErrorMMAct 2022-11-17 13:24:52.776447 0.185441  
TARGET_DU:Rotation-VelLastSectorAct 2022-11-17 13:24:52.790417 23.3452  
TARGET_DU:Rotation-VelAct      2022-11-17 13:24:52.826470 23.4783  
TARGET_DU:Rotation-PhaseErrorMMAct 2022-11-17 13:24:52.840341 0.0829031  
TARGET_DU:Rotation-VelLastSectorAct 2022-11-17 13:24:52.840352 23.3443  
TARGET_DU:Rotation-PhaseErrorMMAct 2022-11-17 13:24:52.906538 -0.0283616  
TARGET_DU:Rotation-VelAct      2022-11-17 13:24:52.940459 23.3495  
TARGET_DU:Rotation-VelLastSectorAct 2022-11-17 13:24:52.940470 23.3452  
TARGET_DU:Rotation-PhaseErrorMMAct 2022-11-17 13:24:52.976379 -0.126536  
TARGET_DU:Rotation-VelLastSectorAct 2022-11-17 13:24:52.991817 23.3438  
TARGET_DU:Rotation-VelAct      2022-11-17 13:24:53.022370 23.2637  
TARGET_DU:Rotation-TorqueAct   2022-11-17 13:24:53.033372 63.5  
TARGET_DU:Rotation-TempAct     2022-11-17 13:24:53.042574 50.1  
TARGET_DU:Rotation-PhaseErrorMMAct 2022-11-17 13:24:53.052408 -0.213803  
TARGET_DU:Rotation-VelLastSectorAct 2022-11-17 13:24:53.090576 23.3427  
TARGET_DU:Rotation-VelAct      2022-11-17 13:24:53.145334 23.5105  
TARGET_DU:Rotation-PhaseErrorMMAct 2022-11-17 13:24:53.145455 -0.294524  
TARGET_DU:Rotation-VelLastSectorAct 2022-11-17 13:24:53.145645 23.342  
TARGET_DU:Rotation-VelLastSectorAct 2022-11-17 13:24:53.190551 23.3399  
TARGET_DU:Rotation-PhaseErrorMMAct 2022-11-17 13:24:53.198433 -0.355611  
TARGET_DU:Rotation-VelAct      2022-11-17 13:24:53.277591 23.21  
TARGET_DU:Rotation-PhaseErrorMMAct 2022-11-17 13:24:53.277785 -0.392699  
TARGET_DU:Rotation-VelLastSectorAct 2022-11-17 13:24:53.290490 23.3373  
TARGET_DU:Rotation-VelAct      2022-11-17 13:24:53.327732 23.2995  
TARGET_DU:Rotation-PhaseErrorMMAct 2022-11-17 13:24:53.336428 -0.394881  
TARGET_DU:Rotation-VelLastSectorAct 2022-11-17 13:24:53.340367 23.3336  
TARGET_DU:Rotation-PhaseErrorMMAct 2022-11-17 13:24:53.406487 -0.375246  
TARGET_DU:Rotation-VelAct      2022-11-17 13:24:53.436446 23.1993  
TARGET_DU:Rotation-VelLastSectorAct 2022-11-17 13:24:53.440376 23.3312  
TARGET_DU:Rotation-PhaseErrorMMAct 2022-11-17 13:24:53.476441 -0.329431  
TARGET_DU:Rotation-VelLastSectorAct 2022-11-17 13:24:53.490584 23.3284  
TARGET_DU:Rotation-VelAct      2022-11-17 13:24:53.522644 23.3495  
TARGET_DU:Rotation-TorqueAct   2022-11-17 13:24:53.532530 63.3  
TARGET_DU:Rotation-PhaseErrorMMAct 2022-11-17 13:24:53.552579 -0.268344  
TARGET_DU:Rotation-VelLastSectorAct 2022-11-17 13:24:53.590609 23.3268  
TARGET_DU:Rotation-VelAct      2022-11-17 13:24:53.640464 23.3066  
TARGET_DU:Rotation-PhaseErrorMMAct 2022-11-17 13:24:53.640472 -0.185441  
TARGET_DU:Rotation-VelLastSectorAct 2022-11-17 13:24:53.640478 23.3245  
TARGET_DU:Rotation-PhaseErrorMMAct 2022-11-17 13:24:53.699547 -0.102538  
TARGET_DU:Rotation-VelAct      2022-11-17 13:24:53.776506 23.1493  
TARGET_DU:Rotation-PhaseErrorMMAct 2022-11-17 13:24:53.776745 -0.0327249  
TARGET_DU:Rotation-VelLastSectorAct 2022-11-17 13:24:53.790592 23.3259  
TARGET_DU:Rotation-VelAct      2022-11-17 13:24:53.827663 23.3352  
TARGET_DU:Rotation-PhaseErrorMMAct 2022-11-17 13:24:53.836496 0.0218166  
TARGET_DU:Rotation-VelLastSectorAct 2022-11-17 13:24:53.840408 23.3275  
TARGET_DU:Rotation-PhaseErrorMMAct 2022-11-17 13:24:53.906482 0.0545415  
TARGET_DU:Rotation-VelAct      2022-11-17 13:24:53.940494 22.9561  
TARGET_DU:Rotation-VelLastSectorAct 2022-11-17 13:24:53.940506 23.3298  
TARGET_DU:Rotation-PhaseErrorMMAct 2022-11-17 13:24:53.976480 0.0698132  
TARGET_DU:Rotation-VelLastSectorAct 2022-11-17 13:24:53.990732 23.3317  
TARGET_DU:Rotation-VelAct      2022-11-17 13:24:54.022512 23.2422  
TARGET_DU:Rotation-TorqueAct   2022-11-17 13:24:54.032488 67.9  
TARGET_DU:Rotation-TempAct     2022-11-17 13:24:54.042537 50  
TARGET_DU:Rotation-PhaseErrorMMAct 2022-11-17 13:24:54.053473 0.0785398  
TARGET_DU:Rotation-VelLastSectorAct 2022-11-17 13:24:54.090586 23.3324  
TARGET_DU:Rotation-VelAct      2022-11-17 13:24:54.140527 23.2387  
TARGET_DU:Rotation-PhaseErrorMMAct 2022-11-17 13:24:54.140547 0.0807215  
TARGET_DU:Rotation-VelLastSectorAct 2022-11-17 13:24:54.140573 23.3331  
TARGET_DU:Rotation-VelLastSectorAct 2022-11-17 13:24:54.190823 23.3359  
TARGET_DU:Rotation-PhaseErrorMMAct 2022-11-17 13:24:54.198498 0.0567232  
TARGET_DU:Rotation-VelAct      2022-11-17 13:24:54.277276 23.5212  
TARGET_DU:Rotation-PhaseErrorMMAct 2022-11-17 13:24:54.277312 0.0218166  
TARGET_DU:Rotation-VelLastSectorAct 2022-11-17 13:24:54.291008 23.3371  
TARGET_DU:Rotation-VelAct      2022-11-17 13:24:54.327153 23.1957  
TARGET_DU:Rotation-PhaseErrorMMAct 2022-11-17 13:24:54.339859 -0.0261799  
TARGET_DU:Rotation-VelLastSectorAct 2022-11-17 13:24:54.339868 23.3385  
TARGET_DU:Rotation-PhaseErrorMMAct 2022-11-17 13:24:54.408188 -0.0872665  
TARGET_DU:Rotation-VelAct      2022-11-17 13:24:54.441009 23.253  
TARGET_DU:Rotation-VelLastSectorAct 2022-11-17 13:24:54.441032 23.3399  
TARGET_DU:Rotation-PhaseErrorMMAct 2022-11-17 13:24:54.475893 -0.146171  
TARGET_DU:Rotation-VelLastSectorAct 2022-11-17 13:24:54.489945 23.3396  
TARGET_DU:Rotation-VelAct      2022-11-17 13:24:54.523018 23.2816  
TARGET_DU:Rotation-TorqueAct   2022-11-17 13:24:54.532091 65.8  
TARGET_DU:Rotation-TempAct     2022-11-17 13:24:54.543004 50.1  
TARGET_DU:Rotation-PhaseErrorMMAct 2022-11-17 13:24:54.553073 -0.207258  
TARGET_DU:Rotation-VelLastSectorAct 2022-11-17 13:24:54.590015 23.3399  
TARGET_DU:Rotation-VelAct      2022-11-17 13:24:54.639942 23.3459  
TARGET_DU:Rotation-PhaseErrorMMAct 2022-11-17 13:24:54.639960 -0.253073  
TARGET_DU:Rotation-VelLastSectorAct 2022-11-17 13:24:54.639977 23.3382  
TARGET_DU:Rotation-VelLastSectorAct 2022-11-17 13:24:54.690146 23.3368  
TARGET_DU:Rotation-PhaseErrorMMAct 2022-11-17 13:24:54.697943 -0.285798  
TARGET_DU:Rotation-VelAct      2022-11-17 13:24:54.737893 23.2637  
TARGET_DU:Rotation-PhaseErrorMMAct 2022-11-17 13:24:54.776071 -0.296706  
TARGET_DU:Rotation-VelLastSectorAct 2022-11-17 13:24:54.790137 23.3345  
TARGET_DU:Rotation-VelAct      2022-11-17 13:24:54.826297 23.6034  
TARGET_DU:Rotation-VelLastSectorAct 2022-11-17 13:24:54.840114 23.3333  
TARGET_DU:Rotation-PhaseErrorMMAct 2022-11-17 13:24:54.905893 -0.287979  
TARGET_DU:Rotation-VelAct      2022-11-17 13:24:54.935901 23.3066  
TARGET_DU:Rotation-VelLastSectorAct 2022-11-17 13:24:54.940066 23.3324  
TARGET_DU:Rotation-PhaseErrorMMAct 2022-11-17 13:24:54.975980 -0.283616  
TARGET_DU:Rotation-VelLastSectorAct 2022-11-17 13:24:54.990002 23.3329  
TARGET_DU:Rotation-VelAct      2022-11-17 13:24:55.021997 23.1314  
TARGET_DU:Rotation-TempAct     2022-11-17 13:24:55.042161 50.2  
TARGET_DU:Rotation-PhaseErrorMMAct 2022-11-17 13:24:55.052026 -0.279253  
TARGET_DU:Rotation-VelLastSectorAct 2022-11-17 13:24:55.090172 23.3329  
TARGET_DU:Rotation-VelAct      2022-11-17 13:24:55.129961 23.4747  
TARGET_DU:Rotation-PhaseErrorMMAct 2022-11-17 13:24:55.129970 -0.281434  
TARGET_DU:Rotation-VelLastSectorAct 2022-11-17 13:24:55.139847 23.3336  
TARGET_DU:Rotation-VelLastSectorAct 2022-11-17 13:24:55.189998 23.3333  
TARGET_DU:Rotation-VelAct      2022-11-17 13:24:55.237968 23.1993  
TARGET_DU:Rotation-PhaseErrorMMAct 2022-11-17 13:24:55.276076 -0.292343  
TARGET_DU:Rotation-VelLastSectorAct 2022-11-17 13:24:55.290069 23.3345  
TARGET_DU:Rotation-VelAct      2022-11-17 13:24:55.326054 23.1636  
TARGET_DU:Rotation-PhaseErrorMMAct 2022-11-17 13:24:55.339952 -0.307614  
TARGET_DU:Rotation-VelLastSectorAct 2022-11-17 13:24:55.339962 23.335  
TARGET_DU:Rotation-PhaseErrorMMAct 2022-11-17 13:24:55.405952 -0.327249  
TARGET_DU:Rotation-VelAct      2022-11-17 13:24:55.439942 23.4532  
TARGET_DU:Rotation-VelLastSectorAct 2022-11-17 13:24:55.439965 23.3354  
TARGET_DU:Rotation-PhaseErrorMMAct 2022-11-17 13:24:55.475891 -0.333794  
TARGET_DU:Rotation-VelLastSectorAct 2022-11-17 13:24:55.489970 23.334  
TARGET_DU:Rotation-VelAct      2022-11-17 13:24:55.522008 23.3424  
TARGET_DU:Rotation-TorqueAct   2022-11-17 13:24:55.532002 65  
TARGET_DU:Rotation-TempAct     2022-11-17 13:24:55.542039 50  
TARGET_DU:Rotation-PhaseErrorMMAct 2022-11-17 13:24:55.552087 -0.344703  
TARGET_DU:Rotation-VelLastSectorAct 2022-11-17 13:24:55.590082 23.3345  
TARGET_DU:Rotation-VelAct      2022-11-17 13:24:55.640034 23.4246  
TARGET_DU:Rotation-PhaseErrorMMAct 2022-11-17 13:24:55.640045 -0.362156  
TARGET_DU:Rotation-VelLastSectorAct 2022-11-17 13:24:55.640052 23.3352  
