TARGET_DU:Rotation-TorqueAct   2022-11-17 16:19:43.602389 55.1  
TARGET_DU:Rotation-VelAct      2022-11-17 16:19:43.896691 23.6106  
TARGET_DU:Rotation-TempAct     2022-11-17 16:19:43.612545 51.2  
TARGET_DU:Rotation-VelLastSectorAct 2022-11-17 16:19:43.910494 23.3343  
TARGET_DU:Rotation-PhaseErrorMMAct 2022-11-17 16:19:43.910490 0.133081  
TARGET_DU:Rotation-PhaseErrorMMAct 2022-11-17 16:19:43.976469 0.119991  
TARGET_DU:Rotation-VelAct      2022-11-17 16:19:43.996540 23.5069  
TARGET_DU:Rotation-VelLastSectorAct 2022-11-17 16:19:44.010632 23.3347  
TARGET_DU:Rotation-PhaseErrorMMAct 2022-11-17 16:19:44.046469 0.0894481  
TARGET_DU:Rotation-VelLastSectorAct 2022-11-17 16:19:44.060586 23.3366  
TARGET_DU:Rotation-VelAct      2022-11-17 16:19:44.092488 23.7036  
TARGET_DU:Rotation-TorqueAct   2022-11-17 16:19:44.102489 54.8  
TARGET_DU:Rotation-VelLastSectorAct 2022-11-17 16:19:44.110494 23.3378  
TARGET_DU:Rotation-TempAct     2022-11-17 16:19:44.112346 51.1  
TARGET_DU:Rotation-PhaseErrorMMAct 2022-11-17 16:19:44.112354 0.0479966  
TARGET_DU:Rotation-PhaseErrorMMAct 2022-11-17 16:19:44.210501 -0.0239983  
TARGET_DU:Rotation-VelAct      2022-11-17 16:19:44.210515 23.3424  
TARGET_DU:Rotation-VelLastSectorAct 2022-11-17 16:19:44.210521 23.341  
TARGET_DU:Rotation-PhaseErrorMMAct 2022-11-17 16:19:44.260554 -0.0959931  
TARGET_DU:Rotation-VelLastSectorAct 2022-11-17 16:19:44.260656 23.341  
TARGET_DU:Rotation-VelAct      2022-11-17 16:19:44.346471 23.5176  
TARGET_DU:Rotation-PhaseErrorMMAct 2022-11-17 16:19:44.346615 -0.174533  
TARGET_DU:Rotation-VelLastSectorAct 2022-11-17 16:19:44.360460 23.3417  
TARGET_DU:Rotation-VelAct      2022-11-17 16:19:44.397400 23.2637  
TARGET_DU:Rotation-PhaseErrorMMAct 2022-11-17 16:19:44.410486 -0.255254  
TARGET_DU:Rotation-VelLastSectorAct 2022-11-17 16:19:44.410497 23.342  
TARGET_DU:Rotation-PhaseErrorMMAct 2022-11-17 16:19:44.479579 -0.335976  
TARGET_DU:Rotation-VelAct      2022-11-17 16:19:44.496443 23.3746  
TARGET_DU:Rotation-VelLastSectorAct 2022-11-17 16:19:44.510444 23.342  
TARGET_DU:Rotation-PhaseErrorMMAct 2022-11-17 16:19:44.546462 -0.390517  
TARGET_DU:Rotation-VelLastSectorAct 2022-11-17 16:19:44.560546 23.3392  
TARGET_DU:Rotation-VelAct      2022-11-17 16:19:44.592411 23.303  
TARGET_DU:Rotation-TorqueAct   2022-11-17 16:19:44.602512 49.6  
TARGET_DU:Rotation-VelLastSectorAct 2022-11-17 16:19:44.610378 23.3373  
TARGET_DU:Rotation-TempAct     2022-11-17 16:19:44.612434 51.2  
TARGET_DU:Rotation-PhaseErrorMMAct 2022-11-17 16:19:44.612443 -0.427606  
TARGET_DU:Rotation-PhaseErrorMMAct 2022-11-17 16:19:44.700436 -0.431969  
TARGET_DU:Rotation-VelAct      2022-11-17 16:19:44.700448 23.5534  
TARGET_DU:Rotation-VelLastSectorAct 2022-11-17 16:19:44.710635 23.3338  
TARGET_DU:Rotation-PhaseErrorMMAct 2022-11-17 16:19:44.760544 -0.403607  
TARGET_DU:Rotation-VelLastSectorAct 2022-11-17 16:19:44.760556 23.3303  
TARGET_DU:Rotation-VelAct      2022-11-17 16:19:44.850328 23.4067  
TARGET_DU:Rotation-PhaseErrorMMAct 2022-11-17 16:19:44.850471 -0.346884  
TARGET_DU:Rotation-VelLastSectorAct 2022-11-17 16:19:44.860517 23.3273  
TARGET_DU:Rotation-VelAct      2022-11-17 16:19:44.896840 23.1636  
TARGET_DU:Rotation-PhaseErrorMMAct 2022-11-17 16:19:44.910457 -0.266163  
TARGET_DU:Rotation-VelLastSectorAct 2022-11-17 16:19:44.910466 23.3247  
TARGET_DU:Rotation-PhaseErrorMMAct 2022-11-17 16:19:44.976782 -0.172351  
TARGET_DU:Rotation-VelAct      2022-11-17 16:19:44.996533 23.3138  
TARGET_DU:Rotation-VelLastSectorAct 2022-11-17 16:19:45.010559 23.3233  
TARGET_DU:Rotation-PhaseErrorMMAct 2022-11-17 16:19:45.046519 -0.0545415  
TARGET_DU:Rotation-VelLastSectorAct 2022-11-17 16:19:45.060715 23.3207  
TARGET_DU:Rotation-VelAct      2022-11-17 16:19:45.092473 23.2887  
TARGET_DU:Rotation-TorqueAct   2022-11-17 16:19:45.102501 52.9  
TARGET_DU:Rotation-VelLastSectorAct 2022-11-17 16:19:45.110448 23.321  
TARGET_DU:Rotation-TempAct     2022-11-17 16:19:45.112470 51.3  
TARGET_DU:Rotation-PhaseErrorMMAct 2022-11-17 16:19:45.112478 0.0610865  
TARGET_DU:Rotation-PhaseErrorMMAct 2022-11-17 16:19:45.200498 0.176715  
TARGET_DU:Rotation-VelAct      2022-11-17 16:19:45.200510 23.4354  
TARGET_DU:Rotation-VelLastSectorAct 2022-11-17 16:19:45.210527 23.321  
TARGET_DU:Rotation-PhaseErrorMMAct 2022-11-17 16:19:45.260524 0.277071  
TARGET_DU:Rotation-VelLastSectorAct 2022-11-17 16:19:45.260540 23.3226  
TARGET_DU:Rotation-VelAct      2022-11-17 16:19:45.346596 23.2244  
TARGET_DU:Rotation-PhaseErrorMMAct 2022-11-17 16:19:45.346677 0.366519  
TARGET_DU:Rotation-VelLastSectorAct 2022-11-17 16:19:45.360438 23.3238  
TARGET_DU:Rotation-VelAct      2022-11-17 16:19:45.396632 23.2565  
TARGET_DU:Rotation-PhaseErrorMMAct 2022-11-17 16:19:45.410522 0.445059  
TARGET_DU:Rotation-VelLastSectorAct 2022-11-17 16:19:45.410535 23.3249  
TARGET_DU:Rotation-PhaseErrorMMAct 2022-11-17 16:19:45.476501 0.508327  
TARGET_DU:Rotation-VelAct      2022-11-17 16:19:45.496562 23.489  
TARGET_DU:Rotation-VelLastSectorAct 2022-11-17 16:19:45.510514 23.3266  
TARGET_DU:Rotation-PhaseErrorMMAct 2022-11-17 16:19:45.546507 0.558505  
TARGET_DU:Rotation-VelLastSectorAct 2022-11-17 16:19:45.560769 23.328  
TARGET_DU:Rotation-VelAct      2022-11-17 16:19:45.592492 23.1278  
TARGET_DU:Rotation-TorqueAct   2022-11-17 16:19:45.602508 57  
TARGET_DU:Rotation-VelLastSectorAct 2022-11-17 16:19:45.610470 23.3315  
TARGET_DU:Rotation-TempAct     2022-11-17 16:19:45.612449 51  
TARGET_DU:Rotation-PhaseErrorMMAct 2022-11-17 16:19:45.612457 0.575959  
TARGET_DU:Rotation-VelAct      2022-11-17 16:19:45.700548 23.2029  
TARGET_DU:Rotation-VelLastSectorAct 2022-11-17 16:19:45.710518 23.3333  
TARGET_DU:Rotation-PhaseErrorMMAct 2022-11-17 16:19:45.760583 0.558505  
TARGET_DU:Rotation-VelLastSectorAct 2022-11-17 16:19:45.760676 23.3352  
TARGET_DU:Rotation-VelAct      2022-11-17 16:19:45.846591 23.4318  
TARGET_DU:Rotation-PhaseErrorMMAct 2022-11-17 16:19:45.846791 0.514872  
TARGET_DU:Rotation-VelLastSectorAct 2022-11-17 16:19:45.860469 23.338  
TARGET_DU:Rotation-VelAct      2022-11-17 16:19:45.896842 23.2065  
TARGET_DU:Rotation-PhaseErrorMMAct 2022-11-17 16:19:45.910526 0.471239  
TARGET_DU:Rotation-VelLastSectorAct 2022-11-17 16:19:45.910535 23.338  
TARGET_DU:Rotation-PhaseErrorMMAct 2022-11-17 16:19:45.976511 0.414516  
TARGET_DU:Rotation-VelAct      2022-11-17 16:19:45.996653 23.3781  
TARGET_DU:Rotation-VelLastSectorAct 2022-11-17 16:19:46.010665 23.3394  
TARGET_DU:Rotation-PhaseErrorMMAct 2022-11-17 16:19:46.046540 0.366519  
TARGET_DU:Rotation-VelLastSectorAct 2022-11-17 16:19:46.060682 23.3385  
TARGET_DU:Rotation-VelAct      2022-11-17 16:19:46.092522 23.421  
TARGET_DU:Rotation-TorqueAct   2022-11-17 16:19:46.102574 55.4  
TARGET_DU:Rotation-VelLastSectorAct 2022-11-17 16:19:46.110544 23.338  
TARGET_DU:Rotation-TempAct     2022-11-17 16:19:46.112487 51.3  
TARGET_DU:Rotation-PhaseErrorMMAct 2022-11-17 16:19:46.112495 0.322886  
TARGET_DU:Rotation-PhaseErrorMMAct 2022-11-17 16:19:46.210594 0.281434  
TARGET_DU:Rotation-VelAct      2022-11-17 16:19:46.210610 23.1528  
TARGET_DU:Rotation-VelLastSectorAct 2022-11-17 16:19:46.210634 23.3378  
TARGET_DU:Rotation-PhaseErrorMMAct 2022-11-17 16:19:46.260622 0.237801  
TARGET_DU:Rotation-VelLastSectorAct 2022-11-17 16:19:46.260643 23.338  
TARGET_DU:Rotation-VelAct      2022-11-17 16:19:46.346671 23.3746  
TARGET_DU:Rotation-PhaseErrorMMAct 2022-11-17 16:19:46.346687 0.202895  
TARGET_DU:Rotation-VelLastSectorAct 2022-11-17 16:19:46.360599 23.3371  
TARGET_DU:Rotation-VelAct      2022-11-17 16:19:46.396788 23.3424  
TARGET_DU:Rotation-PhaseErrorMMAct 2022-11-17 16:19:46.410605 0.161443  
TARGET_DU:Rotation-VelLastSectorAct 2022-11-17 16:19:46.410624 23.3378  
TARGET_DU:Rotation-PhaseErrorMMAct 2022-11-17 16:19:46.477655 0.111265  
TARGET_DU:Rotation-VelAct      2022-11-17 16:19:46.496644 23.4067  
TARGET_DU:Rotation-VelLastSectorAct 2022-11-17 16:19:46.510655 23.3387  
TARGET_DU:Rotation-PhaseErrorMMAct 2022-11-17 16:19:46.546624 0.0785398  
TARGET_DU:Rotation-VelLastSectorAct 2022-11-17 16:19:46.560590 23.3368  
TARGET_DU:Rotation-VelAct      2022-11-17 16:19:46.592629 23.3781  
TARGET_DU:Rotation-TorqueAct   2022-11-17 16:19:46.602615 53.6  
TARGET_DU:Rotation-VelLastSectorAct 2022-11-17 16:19:46.610550 23.3378  
TARGET_DU:Rotation-PhaseErrorMMAct 2022-11-17 16:19:46.622584 0.0370882  
TARGET_DU:Rotation-PhaseErrorMMAct 2022-11-17 16:19:46.710643 -0.00218166  
TARGET_DU:Rotation-VelAct      2022-11-17 16:19:46.710662 23.2351  
TARGET_DU:Rotation-VelLastSectorAct 2022-11-17 16:19:46.710668 23.3375  
TARGET_DU:Rotation-PhaseErrorMMAct 2022-11-17 16:19:46.760616 -0.0545415  
TARGET_DU:Rotation-VelLastSectorAct 2022-11-17 16:19:46.760629 23.3389  
TARGET_DU:Rotation-VelAct      2022-11-17 16:19:46.846669 23.4425  
TARGET_DU:Rotation-PhaseErrorMMAct 2022-11-17 16:19:46.846917 -0.113446  
TARGET_DU:Rotation-VelLastSectorAct 2022-11-17 16:19:46.860681 23.3396  
TARGET_DU:Rotation-VelAct      2022-11-17 16:19:46.896750 23.3209  
TARGET_DU:Rotation-PhaseErrorMMAct 2022-11-17 16:19:46.910600 -0.176715  
TARGET_DU:Rotation-VelLastSectorAct 2022-11-17 16:19:46.910610 23.3401  
TARGET_DU:Rotation-PhaseErrorMMAct 2022-11-17 16:19:46.976704 -0.244346  
TARGET_DU:Rotation-VelAct      2022-11-17 16:19:46.996842 23.4568  
TARGET_DU:Rotation-VelLastSectorAct 2022-11-17 16:19:47.010665 23.3406  
TARGET_DU:Rotation-PhaseErrorMMAct 2022-11-17 16:19:47.046604 -0.307614  
TARGET_DU:Rotation-VelLastSectorAct 2022-11-17 16:19:47.060696 23.3401  
TARGET_DU:Rotation-VelAct      2022-11-17 16:19:47.092619 23.3138  
TARGET_DU:Rotation-TorqueAct   2022-11-17 16:19:47.102615 51.2  
TARGET_DU:Rotation-VelLastSectorAct 2022-11-17 16:19:47.110582 23.3392  
TARGET_DU:Rotation-TempAct     2022-11-17 16:19:47.112608 51.1  
TARGET_DU:Rotation-PhaseErrorMMAct 2022-11-17 16:19:47.112616 -0.362156  
TARGET_DU:Rotation-PhaseErrorMMAct 2022-11-17 16:19:47.210638 -0.407971  
TARGET_DU:Rotation-VelAct      2022-11-17 16:19:47.210651 23.1135  
TARGET_DU:Rotation-VelLastSectorAct 2022-11-17 16:19:47.210705 23.3382  
TARGET_DU:Rotation-PhaseErrorMMAct 2022-11-17 16:19:47.260718 -0.434151  
TARGET_DU:Rotation-VelLastSectorAct 2022-11-17 16:19:47.260739 23.3361  
TARGET_DU:Rotation-VelAct      2022-11-17 16:19:47.346765 23.4032  
TARGET_DU:Rotation-PhaseErrorMMAct 2022-11-17 16:19:47.346796 -0.440696  
TARGET_DU:Rotation-VelLastSectorAct 2022-11-17 16:19:47.360590 23.334  
TARGET_DU:Rotation-VelAct      2022-11-17 16:19:47.396909 23.2852  
TARGET_DU:Rotation-PhaseErrorMMAct 2022-11-17 16:19:47.410669 -0.438514  
TARGET_DU:Rotation-VelLastSectorAct 2022-11-17 16:19:47.410679 23.3331  
TARGET_DU:Rotation-PhaseErrorMMAct 2022-11-17 16:19:47.476711 -0.421061  
TARGET_DU:Rotation-VelAct      2022-11-17 16:19:47.496664 23.3603  
TARGET_DU:Rotation-VelLastSectorAct 2022-11-17 16:19:47.510903 23.3315  
TARGET_DU:Rotation-PhaseErrorMMAct 2022-11-17 16:19:47.546657 -0.390517  
TARGET_DU:Rotation-VelLastSectorAct 2022-11-17 16:19:47.560716 23.3301  
TARGET_DU:Rotation-TorqueAct   2022-11-17 16:19:47.602696 52.5  
TARGET_DU:Rotation-VelLastSectorAct 2022-11-17 16:19:47.610636 23.3291  
TARGET_DU:Rotation-TempAct     2022-11-17 16:19:47.612607 51.4  
TARGET_DU:Rotation-PhaseErrorMMAct 2022-11-17 16:19:47.612617 -0.351248  
TARGET_DU:Rotation-PhaseErrorMMAct 2022-11-17 16:19:47.700692 -0.305433  
TARGET_DU:Rotation-VelAct      2022-11-17 16:19:47.700704 23.2279  
TARGET_DU:Rotation-VelLastSectorAct 2022-11-17 16:19:47.710764 23.3284  
TARGET_DU:Rotation-PhaseErrorMMAct 2022-11-17 16:19:47.760672 -0.268344  
TARGET_DU:Rotation-VelLastSectorAct 2022-11-17 16:19:47.760835 23.3294  
TARGET_DU:Rotation-VelAct      2022-11-17 16:19:47.846745 23.4246  
TARGET_DU:Rotation-PhaseErrorMMAct 2022-11-17 16:19:47.846806 -0.235619  
TARGET_DU:Rotation-VelLastSectorAct 2022-11-17 16:19:47.860789 23.3298  
TARGET_DU:Rotation-VelAct      2022-11-17 16:19:47.896853 23.3066  
TARGET_DU:Rotation-PhaseErrorMMAct 2022-11-17 16:19:47.910727 -0.224711  
TARGET_DU:Rotation-VelLastSectorAct 2022-11-17 16:19:47.910800 23.3322  
TARGET_DU:Rotation-PhaseErrorMMAct 2022-11-17 16:19:47.976698 -0.207258  
TARGET_DU:Rotation-VelAct      2022-11-17 16:19:47.996825 23.1528  
TARGET_DU:Rotation-VelLastSectorAct 2022-11-17 16:19:48.010713 23.3315  
TARGET_DU:Rotation-PhaseErrorMMAct 2022-11-17 16:19:48.046836 -0.189805  
TARGET_DU:Rotation-VelAct      2022-11-17 16:19:48.092689 23.3352  
TARGET_DU:Rotation-TorqueAct   2022-11-17 16:19:48.102708 54.9  
TARGET_DU:Rotation-VelLastSectorAct 2022-11-17 16:19:48.110674 23.3329  
TARGET_DU:Rotation-TempAct     2022-11-17 16:19:48.112654 51.3  
TARGET_DU:Rotation-PhaseErrorMMAct 2022-11-17 16:19:48.112670 -0.185441  
TARGET_DU:Rotation-PhaseErrorMMAct 2022-11-17 16:19:48.210754 -0.194168  
TARGET_DU:Rotation-VelAct      2022-11-17 16:19:48.210768 23.3245  
TARGET_DU:Rotation-VelLastSectorAct 2022-11-17 16:19:48.211074 23.3343  
TARGET_DU:Rotation-PhaseErrorMMAct 2022-11-17 16:19:48.260737 -0.202895  
TARGET_DU:Rotation-VelLastSectorAct 2022-11-17 16:19:48.260856 23.3343  
TARGET_DU:Rotation-VelAct      2022-11-17 16:19:48.346856 23.2887  
TARGET_DU:Rotation-PhaseErrorMMAct 2022-11-17 16:19:48.347055 -0.222529  
TARGET_DU:Rotation-VelLastSectorAct 2022-11-17 16:19:48.360846 23.3354  
TARGET_DU:Rotation-VelAct      2022-11-17 16:19:48.397018 23.4532  
TARGET_DU:Rotation-PhaseErrorMMAct 2022-11-17 16:19:48.410729 -0.239983  
TARGET_DU:Rotation-VelLastSectorAct 2022-11-17 16:19:48.410739 23.3352  
TARGET_DU:Rotation-PhaseErrorMMAct 2022-11-17 16:19:48.476752 -0.261799  
TARGET_DU:Rotation-VelAct      2022-11-17 16:19:48.496811 23.2637  
TARGET_DU:Rotation-VelLastSectorAct 2022-11-17 16:19:48.510738 23.3357  
TARGET_DU:Rotation-PhaseErrorMMAct 2022-11-17 16:19:48.546745 -0.272708  
TARGET_DU:Rotation-VelLastSectorAct 2022-11-17 16:19:48.560850 23.3345  
TARGET_DU:Rotation-VelAct      2022-11-17 16:19:48.592721 23.4818  
TARGET_DU:Rotation-TorqueAct   2022-11-17 16:19:48.602731 53.7  
TARGET_DU:Rotation-VelLastSectorAct 2022-11-17 16:19:48.610745 23.3329  
TARGET_DU:Rotation-TempAct     2022-11-17 16:19:48.612690 51.1  
TARGET_DU:Rotation-PhaseErrorMMAct 2022-11-17 16:19:48.612699 -0.268344  
TARGET_DU:Rotation-PhaseErrorMMAct 2022-11-17 16:19:48.700878 -0.253073  
TARGET_DU:Rotation-VelAct      2022-11-17 16:19:48.700916 23.3316  
TARGET_DU:Rotation-VelLastSectorAct 2022-11-17 16:19:48.710796 23.3317  
TARGET_DU:Rotation-PhaseErrorMMAct 2022-11-17 16:19:48.760774 -0.224711  
TARGET_DU:Rotation-VelLastSectorAct 2022-11-17 16:19:48.760803 23.3303  
TARGET_DU:Rotation-VelAct      2022-11-17 16:19:48.846800 23.3281  
TARGET_DU:Rotation-PhaseErrorMMAct 2022-11-17 16:19:48.846927 -0.207258  
TARGET_DU:Rotation-VelLastSectorAct 2022-11-17 16:19:48.860720 23.3315  
TARGET_DU:Rotation-VelAct      2022-11-17 16:19:48.897019 23.3424  
TARGET_DU:Rotation-PhaseErrorMMAct 2022-11-17 16:19:48.910819 -0.163625  
TARGET_DU:Rotation-VelLastSectorAct 2022-11-17 16:19:48.910830 23.3287  
TARGET_DU:Rotation-PhaseErrorMMAct 2022-11-17 16:19:48.976752 -0.135263  
TARGET_DU:Rotation-VelAct      2022-11-17 16:19:48.996787 23.067  
TARGET_DU:Rotation-VelLastSectorAct 2022-11-17 16:19:49.010858 23.3303  
TARGET_DU:Rotation-PhaseErrorMMAct 2022-11-17 16:19:49.046809 -0.106901  
TARGET_DU:Rotation-VelLastSectorAct 2022-11-17 16:19:49.061035 23.3303  
TARGET_DU:Rotation-VelAct      2022-11-17 16:19:49.092781 23.2959  
TARGET_DU:Rotation-TorqueAct   2022-11-17 16:19:49.102775 54.1  
TARGET_DU:Rotation-VelLastSectorAct 2022-11-17 16:19:49.110762 23.3312  
TARGET_DU:Rotation-TempAct     2022-11-17 16:19:49.112727 51.3  
TARGET_DU:Rotation-PhaseErrorMMAct 2022-11-17 16:19:49.112736 -0.0872665  
TARGET_DU:Rotation-PhaseErrorMMAct 2022-11-17 16:19:49.210801 -0.0829031  
TARGET_DU:Rotation-VelAct      2022-11-17 16:19:49.210852 23.5033  
TARGET_DU:Rotation-VelLastSectorAct 2022-11-17 16:19:49.210862 23.3329  
TARGET_DU:Rotation-PhaseErrorMMAct 2022-11-17 16:19:49.260823 -0.0850848  
TARGET_DU:Rotation-VelLastSectorAct 2022-11-17 16:19:49.260850 23.3336  
TARGET_DU:Rotation-VelAct      2022-11-17 16:19:49.346851 23.2458  
TARGET_DU:Rotation-PhaseErrorMMAct 2022-11-17 16:19:49.346914 -0.119991  
TARGET_DU:Rotation-VelLastSectorAct 2022-11-17 16:19:49.361093 23.3371  
TARGET_DU:Rotation-VelAct      2022-11-17 16:19:49.396974 23.2136  
TARGET_DU:Rotation-PhaseErrorMMAct 2022-11-17 16:19:49.411808 -0.159261  
TARGET_DU:Rotation-VelLastSectorAct 2022-11-17 16:19:49.411821 23.3375  
TARGET_DU:Rotation-PhaseErrorMMAct 2022-11-17 16:19:49.476833 -0.220348  
TARGET_DU:Rotation-VelAct      2022-11-17 16:19:49.510845 23.2387  
TARGET_DU:Rotation-VelLastSectorAct 2022-11-17 16:19:49.510900 23.3399  
TARGET_DU:Rotation-PhaseErrorMMAct 2022-11-17 16:19:49.546841 -0.290161  
TARGET_DU:Rotation-VelLastSectorAct 2022-11-17 16:19:49.560866 23.3408  
TARGET_DU:Rotation-VelAct      2022-11-17 16:19:49.593809 23.4783  
TARGET_DU:Rotation-TorqueAct   2022-11-17 16:19:49.602848 51.4  
TARGET_DU:Rotation-VelLastSectorAct 2022-11-17 16:19:49.611798 23.3403  
TARGET_DU:Rotation-PhaseErrorMMAct 2022-11-17 16:19:49.622855 -0.355611  
TARGET_DU:Rotation-PhaseErrorMMAct 2022-11-17 16:19:49.700882 -0.427606  
TARGET_DU:Rotation-VelAct      2022-11-17 16:19:49.700895 23.3066  
TARGET_DU:Rotation-VelLastSectorAct 2022-11-17 16:19:49.710900 23.341  
TARGET_DU:Rotation-PhaseErrorMMAct 2022-11-17 16:19:49.760920 -0.473421  
TARGET_DU:Rotation-VelLastSectorAct 2022-11-17 16:19:49.760999 23.3382  
TARGET_DU:Rotation-VelAct      2022-11-17 16:19:49.846934 23.1993  
TARGET_DU:Rotation-PhaseErrorMMAct 2022-11-17 16:19:49.846948 -0.508327  
TARGET_DU:Rotation-VelLastSectorAct 2022-11-17 16:19:49.860906 23.3371  
TARGET_DU:Rotation-VelAct      2022-11-17 16:19:49.897108 23.4747  
TARGET_DU:Rotation-PhaseErrorMMAct 2022-11-17 16:19:49.911888 -0.510509  
TARGET_DU:Rotation-VelLastSectorAct 2022-11-17 16:19:49.911899 23.3336  
TARGET_DU:Rotation-PhaseErrorMMAct 2022-11-17 16:19:49.976862 -0.495237  
TARGET_DU:Rotation-VelAct      2022-11-17 16:19:50.010996 23.2887  
TARGET_DU:Rotation-VelLastSectorAct 2022-11-17 16:19:50.011300 23.3317  
TARGET_DU:Rotation-PhaseErrorMMAct 2022-11-17 16:19:50.046876 -0.449422  
TARGET_DU:Rotation-VelLastSectorAct 2022-11-17 16:19:50.060977 23.3284  
TARGET_DU:Rotation-VelAct      2022-11-17 16:19:50.092880 23.16  
TARGET_DU:Rotation-TorqueAct   2022-11-17 16:19:50.102871 50.6  
TARGET_DU:Rotation-VelLastSectorAct 2022-11-17 16:19:50.110832 23.3273  
TARGET_DU:Rotation-TempAct     2022-11-17 16:19:50.112820 51  
TARGET_DU:Rotation-PhaseErrorMMAct 2022-11-17 16:19:50.112829 -0.392699  
TARGET_DU:Rotation-PhaseErrorMMAct 2022-11-17 16:19:50.211184 -0.309796  
TARGET_DU:Rotation-VelAct      2022-11-17 16:19:50.211197 23.3281  
TARGET_DU:Rotation-VelLastSectorAct 2022-11-17 16:19:50.211203 23.3245  
TARGET_DU:Rotation-PhaseErrorMMAct 2022-11-17 16:19:50.260888 -0.215984  
TARGET_DU:Rotation-VelLastSectorAct 2022-11-17 16:19:50.260988 23.3233  
TARGET_DU:Rotation-VelAct      2022-11-17 16:19:50.346984 23.3495  
TARGET_DU:Rotation-PhaseErrorMMAct 2022-11-17 16:19:50.347198 -0.11781  
TARGET_DU:Rotation-VelLastSectorAct 2022-11-17 16:19:50.360953 23.3228  
TARGET_DU:Rotation-VelAct      2022-11-17 16:19:50.397126 23.253  
TARGET_DU:Rotation-PhaseErrorMMAct 2022-11-17 16:19:50.410971 -0.019635  
TARGET_DU:Rotation-VelLastSectorAct 2022-11-17 16:19:50.410985 23.3228  
TARGET_DU:Rotation-PhaseErrorMMAct 2022-11-17 16:19:50.477913 0.0501782  
TARGET_DU:Rotation-VelAct      2022-11-17 16:19:50.511941 23.514  
TARGET_DU:Rotation-VelLastSectorAct 2022-11-17 16:19:50.511966 23.3259  
TARGET_DU:Rotation-PhaseErrorMMAct 2022-11-17 16:19:50.547938 0.126536  
TARGET_DU:Rotation-VelLastSectorAct 2022-11-17 16:19:50.560947 23.3252  
TARGET_DU:Rotation-VelAct      2022-11-17 16:19:50.592883 23.3889  
TARGET_DU:Rotation-TorqueAct   2022-11-17 16:19:50.602939 55  
TARGET_DU:Rotation-TempAct     2022-11-17 16:19:50.613996 51.3  
TARGET_DU:Rotation-PhaseErrorMMAct 2022-11-17 16:19:50.614011 0.202895  
TARGET_DU:Rotation-PhaseErrorMMAct 2022-11-17 16:19:50.711920 0.266163  
TARGET_DU:Rotation-VelAct      2022-11-17 16:19:50.711943 23.2315  
TARGET_DU:Rotation-VelLastSectorAct 2022-11-17 16:19:50.712016 23.3266  
TARGET_DU:Rotation-PhaseErrorMMAct 2022-11-17 16:19:50.761729 0.298888  
TARGET_DU:Rotation-VelLastSectorAct 2022-11-17 16:19:50.761843 23.3298  
TARGET_DU:Rotation-VelAct      2022-11-17 16:19:50.847131 23.489  
TARGET_DU:Rotation-PhaseErrorMMAct 2022-11-17 16:19:50.847144 0.322886  
TARGET_DU:Rotation-VelLastSectorAct 2022-11-17 16:19:50.860843 23.3308  
TARGET_DU:Rotation-VelAct      2022-11-17 16:19:50.897224 23.2816  
TARGET_DU:Rotation-VelLastSectorAct 2022-11-17 16:19:50.910927 23.3333  
TARGET_DU:Rotation-PhaseErrorMMAct 2022-11-17 16:19:50.976911 0.307614  
TARGET_DU:Rotation-VelAct      2022-11-17 16:19:50.996916 23.2172  
TARGET_DU:Rotation-VelLastSectorAct 2022-11-17 16:19:51.011585 23.335  
TARGET_DU:Rotation-PhaseErrorMMAct 2022-11-17 16:19:51.046996 0.290161  
TARGET_DU:Rotation-VelLastSectorAct 2022-11-17 16:19:51.061015 23.3352  
TARGET_DU:Rotation-VelAct      2022-11-17 16:19:51.092962 23.4497  
TARGET_DU:Rotation-TorqueAct   2022-11-17 16:19:51.103940 54.6  
TARGET_DU:Rotation-VelLastSectorAct 2022-11-17 16:19:51.110884 23.3359  
TARGET_DU:Rotation-PhaseErrorMMAct 2022-11-17 16:19:51.123012 0.266163  
TARGET_DU:Rotation-PhaseErrorMMAct 2022-11-17 16:19:51.211125 0.259618  
TARGET_DU:Rotation-VelAct      2022-11-17 16:19:51.211142 23.2995  
TARGET_DU:Rotation-VelLastSectorAct 2022-11-17 16:19:51.211151 23.334  
TARGET_DU:Rotation-PhaseErrorMMAct 2022-11-17 16:19:51.261985 0.250891  
TARGET_DU:Rotation-VelLastSectorAct 2022-11-17 16:19:51.262139 23.3343  
TARGET_DU:Rotation-VelAct      2022-11-17 16:19:51.348087 23.21  
TARGET_DU:Rotation-PhaseErrorMMAct 2022-11-17 16:19:51.348225 0.261799  
TARGET_DU:Rotation-VelLastSectorAct 2022-11-17 16:19:51.361080 23.3322  
TARGET_DU:Rotation-VelAct      2022-11-17 16:19:51.398287 23.6392  
TARGET_DU:Rotation-PhaseErrorMMAct 2022-11-17 16:19:51.411953 0.266163  
TARGET_DU:Rotation-VelLastSectorAct 2022-11-17 16:19:51.412049 23.3329  
TARGET_DU:Rotation-PhaseErrorMMAct 2022-11-17 16:19:51.477028 0.281434  
TARGET_DU:Rotation-VelAct      2022-11-17 16:19:51.498090 23.1171  
TARGET_DU:Rotation-VelLastSectorAct 2022-11-17 16:19:51.510968 23.3317  
TARGET_DU:Rotation-PhaseErrorMMAct 2022-11-17 16:19:51.547006 0.296706  
TARGET_DU:Rotation-VelAct      2022-11-17 16:19:51.592963 22.9061  
TARGET_DU:Rotation-TorqueAct   2022-11-17 16:19:51.603978 53.4  
TARGET_DU:Rotation-VelLastSectorAct 2022-11-17 16:19:51.610939 23.3329  
TARGET_DU:Rotation-TempAct     2022-11-17 16:19:51.612933 51.1  
TARGET_DU:Rotation-PhaseErrorMMAct 2022-11-17 16:19:51.612948 0.301069  
TARGET_DU:Rotation-PhaseErrorMMAct 2022-11-17 16:19:51.711053 0.303251  
TARGET_DU:Rotation-VelAct      2022-11-17 16:19:51.711077 23.3781  
TARGET_DU:Rotation-VelLastSectorAct 2022-11-17 16:19:51.711109 23.3331  
TARGET_DU:Rotation-PhaseErrorMMAct 2022-11-17 16:19:51.760995 0.296706  
TARGET_DU:Rotation-VelLastSectorAct 2022-11-17 16:19:51.761069 23.334  
TARGET_DU:Rotation-VelAct      2022-11-17 16:19:51.857082 23.0777  
TARGET_DU:Rotation-PhaseErrorMMAct 2022-11-17 16:19:51.857293 0.285798  
TARGET_DU:Rotation-VelLastSectorAct 2022-11-17 16:19:51.860976 23.3345  
TARGET_DU:Rotation-VelAct      2022-11-17 16:19:51.898343 23.3102  
TARGET_DU:Rotation-PhaseErrorMMAct 2022-11-17 16:19:51.912077 0.250891  
TARGET_DU:Rotation-VelLastSectorAct 2022-11-17 16:19:51.912092 23.3371  
TARGET_DU:Rotation-PhaseErrorMMAct 2022-11-17 16:19:51.978006 0.200713  
TARGET_DU:Rotation-VelAct      2022-11-17 16:19:51.997026 23.793  
TARGET_DU:Rotation-VelLastSectorAct 2022-11-17 16:19:52.011024 23.3387  
TARGET_DU:Rotation-PhaseErrorMMAct 2022-11-17 16:19:52.047055 0.135263  
TARGET_DU:Rotation-VelLastSectorAct 2022-11-17 16:19:52.061071 23.3403  
TARGET_DU:Rotation-VelAct      2022-11-17 16:19:52.094000 23.0992  
TARGET_DU:Rotation-TorqueAct   2022-11-17 16:19:52.103022 52.6  
TARGET_DU:Rotation-VelLastSectorAct 2022-11-17 16:19:52.111018 23.3417  
TARGET_DU:Rotation-TempAct     2022-11-17 16:19:52.112966 51.2  
TARGET_DU:Rotation-PhaseErrorMMAct 2022-11-17 16:19:52.112974 0.0567232  
TARGET_DU:Rotation-PhaseErrorMMAct 2022-11-17 16:19:52.201021 -0.019635  
TARGET_DU:Rotation-VelAct      2022-11-17 16:19:52.201051 23.2351  
TARGET_DU:Rotation-VelLastSectorAct 2022-11-17 16:19:52.210966 23.3415  
TARGET_DU:Rotation-PhaseErrorMMAct 2022-11-17 16:19:52.261040 -0.0959931  
TARGET_DU:Rotation-VelLastSectorAct 2022-11-17 16:19:52.261201 23.3415  
TARGET_DU:Rotation-VelAct      2022-11-17 16:19:52.347100 23.3531  
TARGET_DU:Rotation-PhaseErrorMMAct 2022-11-17 16:19:52.347191 -0.163625  
TARGET_DU:Rotation-VelLastSectorAct 2022-11-17 16:19:52.362194 23.3406  
TARGET_DU:Rotation-VelAct      2022-11-17 16:19:52.397309 23.3889  
TARGET_DU:Rotation-PhaseErrorMMAct 2022-11-17 16:19:52.411571 -0.224711  
TARGET_DU:Rotation-VelLastSectorAct 2022-11-17 16:19:52.411626 23.3399  
TARGET_DU:Rotation-PhaseErrorMMAct 2022-11-17 16:19:52.478449 -0.257436  
TARGET_DU:Rotation-VelAct      2022-11-17 16:19:52.497055 23.371  
TARGET_DU:Rotation-VelLastSectorAct 2022-11-17 16:19:52.511034 23.3368  
TARGET_DU:Rotation-PhaseErrorMMAct 2022-11-17 16:19:52.547649 -0.272708  
TARGET_DU:Rotation-VelLastSectorAct 2022-11-17 16:19:52.561724 23.335  
TARGET_DU:Rotation-VelAct      2022-11-17 16:19:52.592463 23.5641  
TARGET_DU:Rotation-TorqueAct   2022-11-17 16:19:52.602446 50.7  
TARGET_DU:Rotation-VelLastSectorAct 2022-11-17 16:19:52.610397 23.3324  
TARGET_DU:Rotation-TempAct     2022-11-17 16:19:52.612345 51.3  
TARGET_DU:Rotation-PhaseErrorMMAct 2022-11-17 16:19:52.612354 -0.263981  
TARGET_DU:Rotation-PhaseErrorMMAct 2022-11-17 16:19:52.710555 -0.246528  
TARGET_DU:Rotation-VelAct      2022-11-17 16:19:52.710572 23.3209  
TARGET_DU:Rotation-VelLastSectorAct 2022-11-17 16:19:52.710579 23.3315  
TARGET_DU:Rotation-PhaseErrorMMAct 2022-11-17 16:19:52.760525 -0.202895  
TARGET_DU:Rotation-VelLastSectorAct 2022-11-17 16:19:52.760579 23.3287  
TARGET_DU:Rotation-VelAct      2022-11-17 16:19:52.846534 23.3531  
TARGET_DU:Rotation-PhaseErrorMMAct 2022-11-17 16:19:52.846715 -0.154898  
TARGET_DU:Rotation-VelLastSectorAct 2022-11-17 16:19:52.860540 23.3282  
TARGET_DU:Rotation-VelAct      2022-11-17 16:19:52.896709 23.253  
TARGET_DU:Rotation-PhaseErrorMMAct 2022-11-17 16:19:52.910539 -0.113446  
TARGET_DU:Rotation-VelLastSectorAct 2022-11-17 16:19:52.910550 23.3289  
TARGET_DU:Rotation-PhaseErrorMMAct 2022-11-17 16:19:52.976582 -0.0632682  
TARGET_DU:Rotation-VelAct      2022-11-17 16:19:52.996401 23.1528  
TARGET_DU:Rotation-VelLastSectorAct 2022-11-17 16:19:53.010508 23.328  
TARGET_DU:Rotation-PhaseErrorMMAct 2022-11-17 16:19:53.047618 -0.0392699  
TARGET_DU:Rotation-VelLastSectorAct 2022-11-17 16:19:53.060746 23.3308  
TARGET_DU:Rotation-VelAct      2022-11-17 16:19:53.092427 23.7966  
TARGET_DU:Rotation-TorqueAct   2022-11-17 16:19:53.102562 53.8  
TARGET_DU:Rotation-VelLastSectorAct 2022-11-17 16:19:53.110390 23.3298  
TARGET_DU:Rotation-TempAct     2022-11-17 16:19:53.112604 51.1  
TARGET_DU:Rotation-PhaseErrorMMAct 2022-11-17 16:19:53.112622 -0.00654498  
TARGET_DU:Rotation-PhaseErrorMMAct 2022-11-17 16:19:53.200434 0.0283616  
TARGET_DU:Rotation-VelAct      2022-11-17 16:19:53.200448 23.2422  
TARGET_DU:Rotation-VelLastSectorAct 2022-11-17 16:19:53.210614 23.3296  
TARGET_DU:Rotation-PhaseErrorMMAct 2022-11-17 16:19:53.260457 0.0567232  
TARGET_DU:Rotation-VelLastSectorAct 2022-11-17 16:19:53.260622 23.3303  
TARGET_DU:Rotation-VelAct      2022-11-17 16:19:53.346769 23.2816  
TARGET_DU:Rotation-PhaseErrorMMAct 2022-11-17 16:19:53.346791 0.0632682  
TARGET_DU:Rotation-VelLastSectorAct 2022-11-17 16:19:53.360477 23.3326  
TARGET_DU:Rotation-VelAct      2022-11-17 16:19:53.397357 23.3424  
TARGET_DU:Rotation-PhaseErrorMMAct 2022-11-17 16:19:53.410480 0.0676315  
TARGET_DU:Rotation-VelLastSectorAct 2022-11-17 16:19:53.410493 23.3329  
TARGET_DU:Rotation-PhaseErrorMMAct 2022-11-17 16:19:53.477885 0.0589049  
TARGET_DU:Rotation-VelAct      2022-11-17 16:19:53.496582 23.2458  
TARGET_DU:Rotation-VelLastSectorAct 2022-11-17 16:19:53.510688 23.3343  
TARGET_DU:Rotation-PhaseErrorMMAct 2022-11-17 16:19:53.546661 0.0327249  
TARGET_DU:Rotation-VelLastSectorAct 2022-11-17 16:19:53.560579 23.3361  
TARGET_DU:Rotation-VelAct      2022-11-17 16:19:53.592539 23.1957  
TARGET_DU:Rotation-TorqueAct   2022-11-17 16:19:53.602437 55.2  
TARGET_DU:Rotation-VelLastSectorAct 2022-11-17 16:19:53.610451 23.3359  
TARGET_DU:Rotation-TempAct     2022-11-17 16:19:53.612504 51.4  
TARGET_DU:Rotation-PhaseErrorMMAct 2022-11-17 16:19:53.612513 0.00872665  
TARGET_DU:Rotation-PhaseErrorMMAct 2022-11-17 16:19:53.710407 -0.019635  
TARGET_DU:Rotation-VelAct      2022-11-17 16:19:53.710418 23.5176  
TARGET_DU:Rotation-VelLastSectorAct 2022-11-17 16:19:53.710423 23.3364  
TARGET_DU:Rotation-PhaseErrorMMAct 2022-11-17 16:19:53.760487 -0.0392699  
TARGET_DU:Rotation-VelLastSectorAct 2022-11-17 16:19:53.760642 23.3354  
TARGET_DU:Rotation-VelAct      2022-11-17 16:19:53.846583 23.1779  
TARGET_DU:Rotation-PhaseErrorMMAct 2022-11-17 16:19:53.846747 -0.0545415  
TARGET_DU:Rotation-VelLastSectorAct 2022-11-17 16:19:53.860651 23.335  
TARGET_DU:Rotation-VelAct      2022-11-17 16:19:53.896502 23.2279  
TARGET_DU:Rotation-PhaseErrorMMAct 2022-11-17 16:19:53.910567 -0.0676315  
TARGET_DU:Rotation-VelLastSectorAct 2022-11-17 16:19:53.910576 23.3347  
TARGET_DU:Rotation-PhaseErrorMMAct 2022-11-17 16:19:53.976516 -0.0872665  
TARGET_DU:Rotation-VelAct      2022-11-17 16:19:53.996718 23.6034  
TARGET_DU:Rotation-VelLastSectorAct 2022-11-17 16:19:54.010404 23.3354  
TARGET_DU:Rotation-PhaseErrorMMAct 2022-11-17 16:19:54.046426 -0.102538  
TARGET_DU:Rotation-VelLastSectorAct 2022-11-17 16:19:54.060664 23.335  
TARGET_DU:Rotation-VelAct      2022-11-17 16:19:54.092538 23.185  
TARGET_DU:Rotation-TorqueAct   2022-11-17 16:19:54.102541 54.6  
TARGET_DU:Rotation-VelLastSectorAct 2022-11-17 16:19:54.110538 23.3364  
TARGET_DU:Rotation-TempAct     2022-11-17 16:19:54.112441 51.3  
TARGET_DU:Rotation-PhaseErrorMMAct 2022-11-17 16:19:54.112451 -0.1309  
TARGET_DU:Rotation-PhaseErrorMMAct 2022-11-17 16:19:54.200568 -0.163625  
TARGET_DU:Rotation-VelAct      2022-11-17 16:19:54.200581 23.2494  
TARGET_DU:Rotation-VelLastSectorAct 2022-11-17 16:19:54.210556 23.3368  
TARGET_DU:Rotation-PhaseErrorMMAct 2022-11-17 16:19:54.260726 -0.205076  
TARGET_DU:Rotation-VelLastSectorAct 2022-11-17 16:19:54.260765 23.3378  
TARGET_DU:Rotation-VelAct      2022-11-17 16:19:54.346654 23.6034  
TARGET_DU:Rotation-PhaseErrorMMAct 2022-11-17 16:19:54.346672 -0.239983  
TARGET_DU:Rotation-VelLastSectorAct 2022-11-17 16:19:54.360638 23.3371  
TARGET_DU:Rotation-VelAct      2022-11-17 16:19:54.396794 23.0527  
TARGET_DU:Rotation-PhaseErrorMMAct 2022-11-17 16:19:54.410552 -0.287979  
TARGET_DU:Rotation-VelLastSectorAct 2022-11-17 16:19:54.410565 23.3385  
TARGET_DU:Rotation-PhaseErrorMMAct 2022-11-17 16:19:54.476589 -0.353429  
TARGET_DU:Rotation-VelAct      2022-11-17 16:19:54.496423 23.4675  
TARGET_DU:Rotation-VelLastSectorAct 2022-11-17 16:19:54.511657 23.3403  
TARGET_DU:Rotation-PhaseErrorMMAct 2022-11-17 16:19:54.546518 -0.423242  
TARGET_DU:Rotation-VelLastSectorAct 2022-11-17 16:19:54.560762 23.3408  
TARGET_DU:Rotation-VelAct      2022-11-17 16:19:54.592455 23.3316  
TARGET_DU:Rotation-TorqueAct   2022-11-17 16:19:54.602606 51.7  
TARGET_DU:Rotation-VelLastSectorAct 2022-11-17 16:19:54.610395 23.3415  
TARGET_DU:Rotation-TempAct     2022-11-17 16:19:54.612561 51  
TARGET_DU:Rotation-PhaseErrorMMAct 2022-11-17 16:19:54.612590 -0.4996  
TARGET_DU:Rotation-PhaseErrorMMAct 2022-11-17 16:19:54.710598 -0.560687  
TARGET_DU:Rotation-VelAct      2022-11-17 16:19:54.710640 23.0312  
TARGET_DU:Rotation-VelLastSectorAct 2022-11-17 16:19:54.710656 23.3399  
