IOC_TEST:MCU-ErrRst
IOC_TEST:m0s000-Stat_
IOC_TEST:m0-Stat_
IOC_TEST:m0-Dom-Stat_
REQMOD:mcag-trgt-muts--17270:MODULES
REQMOD:mcag-trgt-muts--17270:VERSIONS
REQMOD:mcag-trgt-muts--17270:MOD_VER
IOC_TEST:MCU-ErrMsg
IOC_TEST:MCU-Updated
IOC_TEST:m0s000-Stat
IOC_TEST:m0-Stat
IOC_TEST:m0-SlvCntr
IOC_TEST:m0-MemmapCntr
IOC_TEST:m0-DomFailCntrTot
IOC_TEST:m0-EntryCntr
IOC_TEST:m0-Dom-Stat
IOC_TEST:m0s000-Online
IOC_TEST:m0s000-Operational
IOC_TEST:m0s000-Alstate-Init
IOC_TEST:m0s000-Alstate-Preop
IOC_TEST:m0s000-Alstate-Safeop
IOC_TEST:m0s000-Alstate-Op
IOC_TEST:m0-LinkUp
IOC_TEST:m0-AlStates-Init
IOC_TEST:m0-AlStates-Preop
IOC_TEST:m0-AlStates-Safeop
IOC_TEST:m0-AlStates-Op
IOC_TEST:m0-Dom-RedunActive
IOC_TEST:m0-Dom-WC-Zero
IOC_TEST:m0-Dom-WC-Incomplete
IOC_TEST:m0-Dom-WC-Complete
IOC_TEST:m0-Stat-OK
IOC_TEST:m0s000-EntryCntr
IOC_TEST:m0-SlvRsp
IOC_TEST:m0-Dom-WC
IOC_TEST:m0s000-One
IOC_TEST:m0s000-Zero
REQMOD:mcag-trgt-muts--17270:exit
REQMOD:mcag-trgt-muts--17270:BaseVersion
REQMOD:mcag-trgt-muts--17270:require_VER
REQMOD:mcag-trgt-muts--17270:ecmccfg_VER
REQMOD:mcag-trgt-muts--17270:asyn_VER
REQMOD:mcag-trgt-muts--17270:exprtk_VER
REQMOD:mcag-trgt-muts--17270:motor_VER
REQMOD:mcag-trgt-muts--17270:ecmc_VER
REQMOD:mcag-trgt-muts--17270:iocshutils_VER
IOC_TEST:m0s000-HWType
IOC_TEST:m0s000-Enc01-PosAct
IOC_TEST:MCU-AppMode
IOC_TEST:MCU-ErrId
IOC_TEST:MCU-ThdLatMin
IOC_TEST:MCU-ThdLatMax
IOC_TEST:MCU-ThdPrdMin
IOC_TEST:MCU-ThdPrdMmax
IOC_TEST:MCU-ThdExeMin
IOC_TEST:MCU-ThdExeMax
IOC_TEST:MCU-ThdSndMin
IOC_TEST:MCU-ThdSndMax
IOC_TEST:MCU-Cmd
