TARGET_DU:Rotation-Drv-Stat-Err 2022-05-02 10:50:16.887000 No Error  
TARGET_DU:Rotation-VelAct      2022-05-02 08:54:24.527855 0.1967  
TARGET_DU:Rotation-VelAct      2022-05-02 08:54:24.673995 -0.0358  
TARGET_DU:Rotation-VelAct      2022-05-02 08:54:24.860310 -0.0787  
TARGET_DU:Rotation-VelAct      2022-05-02 08:54:24.860442 -0.0322  
TARGET_DU:Rotation-VelAct      2022-05-02 08:54:25.018489 0.0787  
TARGET_DU:Rotation-VelAct      2022-05-02 08:54:25.027284 -0.0036  
TARGET_DU:Rotation-VelAct      2022-05-02 08:54:25.173529 0.0107  
TARGET_DU:Rotation-VelAct      2022-05-02 08:54:25.359386 0.0215  
TARGET_DU:Rotation-VelAct      2022-05-02 08:54:25.359564 0.1001  
TARGET_DU:Rotation-VelAct      2022-05-02 08:54:25.517329 -0.1431  
TARGET_DU:Rotation-VelAct      2022-05-02 08:54:25.527508 0.0572  
TARGET_DU:Rotation-VelAct      2022-05-02 08:54:25.673462 -0.0608  
TARGET_DU:Rotation-VelAct      2022-05-02 08:54:25.859317 -0.0143  
TARGET_DU:Rotation-VelAct      2022-05-02 08:54:25.859396 0.0751  
TARGET_DU:Rotation-VelAct      2022-05-02 08:54:26.017386 0.1609  
TARGET_DU:Rotation-VelAct      2022-05-02 08:54:26.027171 0.1216  
TARGET_DU:Rotation-VelAct      2022-05-02 08:54:26.173802 -0.0715  
TARGET_DU:Rotation-VelAct      2022-05-02 08:54:26.359323 -0.025  
TARGET_DU:Rotation-VelAct      2022-05-02 08:54:26.359626 0.0787  
TARGET_DU:Rotation-VelAct      2022-05-02 08:54:26.517433 -0.0715  
TARGET_DU:Rotation-VelAct      2022-05-02 08:54:26.527258 -0.0429  
TARGET_DU:Rotation-VelAct      2022-05-02 08:54:26.673609 -0.0143  
TARGET_DU:Rotation-VelAct      2022-05-02 08:54:26.859432 -0.2325  
TARGET_DU:Rotation-VelAct      2022-05-02 08:54:26.859709 -0.0823  
TARGET_DU:Rotation-VelAct      2022-05-02 08:54:27.017295 0.0215  
TARGET_DU:Rotation-VelAct      2022-05-02 08:54:27.173571 -0.0608  
TARGET_DU:Rotation-VelAct      2022-05-02 08:54:27.359784 -0.0072  
TARGET_DU:Rotation-VelAct      2022-05-02 08:54:27.517385 -0.1609  
TARGET_DU:Rotation-VelAct      2022-05-02 08:54:27.527167 -0.0072  
TARGET_DU:Rotation-VelAct      2022-05-02 08:54:27.673768 -0.0107  
TARGET_DU:Rotation-VelAct      2022-05-02 08:54:27.859302 0.2754  
TARGET_DU:Rotation-VelAct      2022-05-02 08:54:27.859634 0.0429  
TARGET_DU:Rotation-VelAct      2022-05-02 08:54:28.017782 -0.1073  
TARGET_DU:Rotation-VelAct      2022-05-02 08:54:28.027517 -0.0715  
TARGET_DU:Rotation-VelAct      2022-05-02 08:54:28.173653 0.0858  
TARGET_DU:Rotation-VelAct      2022-05-02 08:54:28.359409 -0.0429  
TARGET_DU:Rotation-VelAct      2022-05-02 08:54:28.359776 -0.0715  
TARGET_DU:Rotation-VelAct      2022-05-02 08:54:28.517366 0.0858  
TARGET_DU:Rotation-VelAct      2022-05-02 08:54:28.527390 -0.093  
TARGET_DU:Rotation-VelAct      2022-05-02 08:54:28.673603 -0.1073  
TARGET_DU:Rotation-VelAct      2022-05-02 08:54:28.819349 0.0286  
TARGET_DU:Rotation-VelAct      2022-05-02 08:54:28.859245 -0.0823  
TARGET_DU:Rotation-VelAct      2022-05-02 08:54:29.017310 0.1216  
TARGET_DU:Rotation-VelAct      2022-05-02 08:54:29.027201 -0.0715  
TARGET_DU:Rotation-VelAct      2022-05-02 08:54:29.173679 0.0393  
TARGET_DU:Rotation-VelAct      2022-05-02 08:54:29.319486 -0.0036  
TARGET_DU:Rotation-VelAct      2022-05-02 08:54:29.359371 0  
TARGET_DU:Rotation-VelAct      2022-05-02 08:54:29.517464 0.0644  
TARGET_DU:Rotation-VelAct      2022-05-02 08:54:29.527341 0.1609  
TARGET_DU:Rotation-VelAct      2022-05-02 08:54:29.673708 -0.0215  
TARGET_DU:Rotation-VelAct      2022-05-02 08:54:29.859390 -0.1931  
TARGET_DU:Rotation-VelAct      2022-05-02 08:54:29.859771 0.0465  
TARGET_DU:Rotation-VelAct      2022-05-02 08:54:30.017481 0.0429  
TARGET_DU:Rotation-VelAct      2022-05-02 08:54:30.027372 -0.0536  
TARGET_DU:Rotation-VelAct      2022-05-02 08:54:30.173536 -0.0358  
TARGET_DU:Rotation-VelAct      2022-05-02 08:54:30.359362 0.0536  
TARGET_DU:Rotation-VelAct      2022-05-02 08:54:30.359704 0.0286  
TARGET_DU:Rotation-VelAct      2022-05-02 08:54:30.517444 -0.0644  
TARGET_DU:Rotation-VelAct      2022-05-02 08:54:30.527364 0.2646  
TARGET_DU:Rotation-VelAct      2022-05-02 08:54:30.673741 -0.1502  
TARGET_DU:Rotation-VelAct      2022-05-02 08:54:30.859381 -0.0536  
TARGET_DU:Rotation-VelAct      2022-05-02 08:54:30.859733 -0.0393  
TARGET_DU:Rotation-VelAct      2022-05-02 08:54:31.017639 -0.1645  
TARGET_DU:Rotation-VelAct      2022-05-02 08:54:31.027375 -0.1323  
TARGET_DU:Rotation-VelAct      2022-05-02 08:54:31.173789 -0.0358  
TARGET_DU:Rotation-VelAct      2022-05-02 08:54:31.359508 0.0608  
TARGET_DU:Rotation-VelAct      2022-05-02 08:54:31.359863 -0.0572  
TARGET_DU:Rotation-VelAct      2022-05-02 08:54:31.517814 0.0644  
TARGET_DU:Rotation-VelAct      2022-05-02 08:54:31.527379 -0.1359  
TARGET_DU:Rotation-VelAct      2022-05-02 08:54:31.673679 0.0465  
TARGET_DU:Rotation-VelAct      2022-05-02 08:54:31.859426 -0.1609  
TARGET_DU:Rotation-VelAct      2022-05-02 08:54:31.859701 0.0072  
TARGET_DU:Rotation-VelAct      2022-05-02 08:54:32.017513 0.1216  
TARGET_DU:Rotation-VelAct      2022-05-02 08:54:32.027400 -0.0179  
TARGET_DU:Rotation-VelAct      2022-05-02 08:54:32.173684 0.2468  
TARGET_DU:Rotation-VelAct      2022-05-02 08:54:32.359613 -0.1395  
TARGET_DU:Rotation-VelAct      2022-05-02 08:54:32.360369 -0.1037  
TARGET_DU:Rotation-VelAct      2022-05-02 08:54:32.517616 -0.0179  
TARGET_DU:Rotation-VelAct      2022-05-02 08:54:32.527610 0.0823  
TARGET_DU:Rotation-VelAct      2022-05-02 08:54:32.673835 0.0036  
TARGET_DU:Rotation-VelAct      2022-05-02 08:54:32.859621 -0.0465  
TARGET_DU:Rotation-VelAct      2022-05-02 08:54:32.859861 -0.0358  
TARGET_DU:Rotation-VelAct      2022-05-02 08:54:33.018095 0  
TARGET_DU:Rotation-VelAct      2022-05-02 08:54:33.027521 -0.0465  
TARGET_DU:Rotation-VelAct      2022-05-02 08:54:33.173846 0.0608  
TARGET_DU:Rotation-VelAct      2022-05-02 08:54:33.359560 -0.0107  
TARGET_DU:Rotation-VelAct      2022-05-02 08:54:33.360000 0.0072  
TARGET_DU:Rotation-VelAct      2022-05-02 08:54:33.517729 0.025  
TARGET_DU:Rotation-VelAct      2022-05-02 08:54:33.527596 0  
TARGET_DU:Rotation-VelAct      2022-05-02 08:54:33.673983 0.211  
TARGET_DU:Rotation-VelAct      2022-05-02 08:54:33.859591 0.0572  
TARGET_DU:Rotation-VelAct      2022-05-02 08:54:33.859983 0.0107  
TARGET_DU:Rotation-VelAct      2022-05-02 08:54:34.017754 -0.0715  
TARGET_DU:Rotation-VelAct      2022-05-02 08:54:34.027800 0.0751  
TARGET_DU:Rotation-VelAct      2022-05-02 08:54:34.173835 -0.0787  
TARGET_DU:Rotation-VelAct      2022-05-02 08:54:34.359663 0.025  
TARGET_DU:Rotation-VelAct      2022-05-02 08:54:34.359989 0.0536  
TARGET_DU:Rotation-VelAct      2022-05-02 08:54:34.517781 0.0715  
TARGET_DU:Rotation-VelAct      2022-05-02 08:54:34.527876 0.0179  
TARGET_DU:Rotation-VelAct      2022-05-02 08:54:34.673928 0.0215  
TARGET_DU:Rotation-VelAct      2022-05-02 08:54:34.859678 0.0465  
TARGET_DU:Rotation-VelAct      2022-05-02 08:54:34.859851 -0.1681  
TARGET_DU:Rotation-VelAct      2022-05-02 08:54:35.017861 -0.0215  
TARGET_DU:Rotation-VelAct      2022-05-02 08:54:35.027726 -0.0823  
TARGET_DU:Rotation-VelAct      2022-05-02 08:54:35.173801 -0.0465  
TARGET_DU:Rotation-VelAct      2022-05-02 08:54:35.359733 0.0358  
TARGET_DU:Rotation-VelAct      2022-05-02 08:54:35.359959 0.0966  
TARGET_DU:Rotation-VelAct      2022-05-02 08:54:35.517788 -0.093  
TARGET_DU:Rotation-VelAct      2022-05-02 08:54:35.527701 -0.0215  
TARGET_DU:Rotation-VelAct      2022-05-02 08:54:35.674020 0.093  
TARGET_DU:Rotation-VelAct      2022-05-02 08:54:35.859740 -0.0215  
TARGET_DU:Rotation-VelAct      2022-05-02 08:54:35.860157 -0.2038  
TARGET_DU:Rotation-VelAct      2022-05-02 08:54:36.017846 -0.0143  
TARGET_DU:Rotation-VelAct      2022-05-02 08:54:36.027749 0.0966  
TARGET_DU:Rotation-VelAct      2022-05-02 08:54:36.175009 0  
TARGET_DU:Rotation-VelAct      2022-05-02 08:54:36.359803 0.0036  
TARGET_DU:Rotation-VelAct      2022-05-02 08:54:36.360038 0.0322  
TARGET_DU:Rotation-VelAct      2022-05-02 08:54:36.517864 0.0465  
TARGET_DU:Rotation-VelAct      2022-05-02 08:54:36.527795 0.1502  
TARGET_DU:Rotation-VelAct      2022-05-02 08:54:36.674023 -0.0286  
TARGET_DU:Rotation-VelAct      2022-05-02 08:54:36.859846 -0.0143  
TARGET_DU:Rotation-VelAct      2022-05-02 08:54:36.860216 -0.0215  
TARGET_DU:Rotation-VelAct      2022-05-02 08:54:37.017912 0.0107  
TARGET_DU:Rotation-VelAct      2022-05-02 08:54:37.174105 -0.0393  
TARGET_DU:Rotation-VelAct      2022-05-02 08:54:37.360013 -0.0036  
TARGET_DU:Rotation-VelAct      2022-05-02 08:54:37.360307 0.0036  
TARGET_DU:Rotation-VelAct      2022-05-02 08:54:37.517950 -0.0072  
TARGET_DU:Rotation-VelAct      2022-05-02 08:54:37.527923 0.0215  
TARGET_DU:Rotation-VelAct      2022-05-02 08:54:37.674162 0.0143  
TARGET_DU:Rotation-VelAct      2022-05-02 08:54:37.819927 -0.1037  
TARGET_DU:Rotation-VelAct      2022-05-02 08:54:37.859918 -0.1359  
TARGET_DU:Rotation-VelAct      2022-05-02 08:54:38.019104 -0.1037  
TARGET_DU:Rotation-VelAct      2022-05-02 08:54:38.174458 0.0286  
TARGET_DU:Rotation-VelAct      2022-05-02 08:54:38.320983 -0.1538  
TARGET_DU:Rotation-VelAct      2022-05-02 08:54:38.361077 0.0715  
TARGET_DU:Rotation-VelAct      2022-05-02 08:54:38.517982 -0.0751  
TARGET_DU:Rotation-VelAct      2022-05-02 08:54:38.527926 0.1967  
TARGET_DU:Rotation-VelAct      2022-05-02 08:54:38.674147 0.0072  
TARGET_DU:Rotation-VelAct      2022-05-02 08:54:38.860516 -0.1574  
TARGET_DU:Rotation-VelAct      2022-05-02 08:54:38.860774 0.0286  
TARGET_DU:Rotation-VelAct      2022-05-02 08:54:39.017621 -0.1252  
TARGET_DU:Rotation-VelAct      2022-05-02 08:54:39.027346 0.2146  
TARGET_DU:Rotation-VelAct      2022-05-02 08:54:39.174652 -0.1359  
TARGET_DU:Rotation-VelAct      2022-05-02 08:54:39.359500 0.0536  
TARGET_DU:Rotation-VelAct      2022-05-02 08:54:39.359952 -0.1287  
TARGET_DU:Rotation-VelAct      2022-05-02 08:54:39.517397 0.0143  
TARGET_DU:Rotation-VelAct      2022-05-02 08:54:39.527559 -0.0536  
TARGET_DU:Rotation-VelAct      2022-05-02 08:54:39.673966 0.0429  
TARGET_DU:Rotation-VelAct      2022-05-02 08:54:39.819612 0.1001  
TARGET_DU:Rotation-VelAct      2022-05-02 08:54:39.859384 -0.025  
TARGET_DU:Rotation-VelAct      2022-05-02 08:54:39.933511 0.1359  
TARGET_DU:Rotation-VelAct      2022-05-02 08:54:40.027377 -0.118  
TARGET_DU:Rotation-VelAct      2022-05-02 08:54:40.173761 -0.0143  
TARGET_DU:Rotation-VelAct      2022-05-02 08:54:40.239464 0.0107  
TARGET_DU:Rotation-VelAct      2022-05-02 08:54:40.359564 0.0894  
TARGET_DU:Rotation-VelAct      2022-05-02 08:54:40.517561 -0.0966  
TARGET_DU:Rotation-VelAct      2022-05-02 08:54:40.527402 0.0215  
TARGET_DU:Rotation-VelAct      2022-05-02 08:54:40.673777 -0.0215  
TARGET_DU:Rotation-VelAct      2022-05-02 08:54:40.739550 -0.0823  
TARGET_DU:Rotation-VelAct      2022-05-02 08:54:40.859576 -0.1788  
TARGET_DU:Rotation-VelAct      2022-05-02 08:54:41.017363 0.0429  
TARGET_DU:Rotation-VelAct      2022-05-02 08:54:41.027661 -0.0215  
TARGET_DU:Rotation-VelAct      2022-05-02 08:54:41.173758 -0.211  
TARGET_DU:Rotation-VelAct      2022-05-02 08:54:41.239446 0.0787  
TARGET_DU:Rotation-VelAct      2022-05-02 08:54:41.359385 -0.1073  
TARGET_DU:Rotation-VelAct      2022-05-02 08:54:41.517565 0.118  
TARGET_DU:Rotation-VelAct      2022-05-02 08:54:41.527464 -0.1252  
TARGET_DU:Rotation-VelAct      2022-05-02 08:54:41.673744 0.0143  
TARGET_DU:Rotation-VelAct      2022-05-02 08:54:41.739782 0.0179  
TARGET_DU:Rotation-VelAct      2022-05-02 08:54:41.859431 0.118  
TARGET_DU:Rotation-VelAct      2022-05-02 08:54:42.017579 0  
TARGET_DU:Rotation-VelAct      2022-05-02 08:54:42.027465 -0.1502  
TARGET_DU:Rotation-VelAct      2022-05-02 08:54:42.173885 -0.118  
TARGET_DU:Rotation-VelAct      2022-05-02 08:54:42.239423 0.3433  
TARGET_DU:Rotation-VelAct      2022-05-02 08:54:42.359499 0.7224  
TARGET_DU:Rotation-VelAct      2022-05-02 08:54:42.463530 1.0836  
TARGET_DU:Rotation-VelAct      2022-05-02 08:54:42.530394 1.6093  
TARGET_DU:Rotation-VelAct      2022-05-02 08:54:42.673768 1.9419  
TARGET_DU:Rotation-VelAct      2022-05-02 08:54:42.779530 2.3603  
TARGET_DU:Rotation-VelAct      2022-05-02 08:54:42.859463 2.625  
TARGET_DU:Rotation-VelAct      2022-05-02 08:54:43.017532 3.3152  
TARGET_DU:Rotation-VelAct      2022-05-02 08:54:43.027469 3.68  
TARGET_DU:Rotation-VelAct      2022-05-02 08:54:43.173915 4.1056  
TARGET_DU:Rotation-VelAct      2022-05-02 08:54:43.239519 4.6742  
TARGET_DU:Rotation-VelAct      2022-05-02 08:54:43.359532 5.1785  
TARGET_DU:Rotation-VelAct      2022-05-02 08:54:43.517543 5.5826  
TARGET_DU:Rotation-VelAct      2022-05-02 08:54:43.527586 6.0582  
TARGET_DU:Rotation-VelAct      2022-05-02 08:54:43.673805 6.7091  
TARGET_DU:Rotation-VelAct      2022-05-02 08:54:43.739477 7.3743  
TARGET_DU:Rotation-VelAct      2022-05-02 08:54:43.859565 7.5817  
TARGET_DU:Rotation-VelAct      2022-05-02 08:54:44.017516 8.0574  
TARGET_DU:Rotation-VelAct      2022-05-02 08:54:44.027542 8.7047  
TARGET_DU:Rotation-VelAct      2022-05-02 08:54:44.173785 9.0015  
TARGET_DU:Rotation-VelAct      2022-05-02 08:54:44.239489 9.7454  
TARGET_DU:Rotation-VelAct      2022-05-02 08:54:44.359434 10.1101  
TARGET_DU:Rotation-VelAct      2022-05-02 08:54:44.517569 10.3855  
TARGET_DU:Rotation-VelAct      2022-05-02 08:54:44.527549 10.7217  
TARGET_DU:Rotation-VelAct      2022-05-02 08:54:44.673796 11.2367  
TARGET_DU:Rotation-VelAct      2022-05-02 08:54:44.739549 11.487  
TARGET_DU:Rotation-VelAct      2022-05-02 08:54:44.859551 12.0306  
TARGET_DU:Rotation-VelAct      2022-05-02 08:54:45.017702 12.8353  
TARGET_DU:Rotation-VelAct      2022-05-02 08:54:45.027532 12.8818  
TARGET_DU:Rotation-VelAct      2022-05-02 08:54:45.173778 13.1428  
TARGET_DU:Rotation-VelAct      2022-05-02 08:54:45.239603 13.7401  
TARGET_DU:Rotation-VelAct      2022-05-02 08:54:45.359618 14.1191  
TARGET_DU:Rotation-VelAct      2022-05-02 08:54:45.517600 14.6234  
TARGET_DU:Rotation-VelAct      2022-05-02 08:54:45.527640 14.7593  
TARGET_DU:Rotation-VelAct      2022-05-02 08:54:45.673814 15.049  
TARGET_DU:Rotation-VelAct      2022-05-02 08:54:45.739551 15.31  
TARGET_DU:Rotation-VelAct      2022-05-02 08:54:45.859600 15.5175  
TARGET_DU:Rotation-VelAct      2022-05-02 08:54:46.017729 16.0539  
TARGET_DU:Rotation-VelAct      2022-05-02 08:54:46.173767 16.4652  
TARGET_DU:Rotation-VelAct      2022-05-02 08:54:46.239652 17.1912  
TARGET_DU:Rotation-VelAct      2022-05-02 08:54:46.359662 16.551  
TARGET_DU:Rotation-VelAct      2022-05-02 08:54:46.517630 17.4344  
TARGET_DU:Rotation-VelAct      2022-05-02 08:54:46.527645 17.4773  
TARGET_DU:Rotation-VelAct      2022-05-02 08:54:46.674209 18.6789  
TARGET_DU:Rotation-VelAct      2022-05-02 08:54:46.739682 18.2748  
TARGET_DU:Rotation-VelAct      2022-05-02 08:54:46.859733 18.9936  
TARGET_DU:Rotation-VelAct      2022-05-02 08:54:47.017672 19.1224  
TARGET_DU:Rotation-VelAct      2022-05-02 08:54:47.027615 19.362  
TARGET_DU:Rotation-VelAct      2022-05-02 08:54:47.173870 19.8948  
TARGET_DU:Rotation-VelAct      2022-05-02 08:54:47.239655 21.4219  
TARGET_DU:Rotation-VelAct      2022-05-02 08:54:47.359748 20.1488  
TARGET_DU:Rotation-VelAct      2022-05-02 08:54:47.517859 20.4992  
TARGET_DU:Rotation-VelAct      2022-05-02 08:54:47.527683 20.8318  
TARGET_DU:Rotation-VelAct      2022-05-02 08:54:47.674035 21.5828  
TARGET_DU:Rotation-VelAct      2022-05-02 08:54:47.739728 21.9226  
TARGET_DU:Rotation-VelAct      2022-05-02 08:54:47.859693 23.16  
TARGET_DU:Rotation-VelAct      2022-05-02 08:54:48.017778 21.9977  
TARGET_DU:Rotation-VelAct      2022-05-02 08:54:48.027880 22.3589  
TARGET_DU:Rotation-VelAct      2022-05-02 08:54:48.174110 22.5055  
TARGET_DU:Rotation-VelAct      2022-05-02 08:54:48.239731 23.4532  
TARGET_DU:Rotation-VelAct      2022-05-02 08:54:48.359852 23.6571  
TARGET_DU:Rotation-VelAct      2022-05-02 08:54:48.517901 23.4675  
TARGET_DU:Rotation-VelAct      2022-05-02 08:54:48.527793 24.5512  
TARGET_DU:Rotation-VelAct      2022-05-02 08:54:48.674087 24.6692  
TARGET_DU:Rotation-VelAct      2022-05-02 08:54:48.739856 24.2758  
TARGET_DU:Rotation-VelAct      2022-05-02 08:54:48.859812 25.2128  
TARGET_DU:Rotation-VelAct      2022-05-02 08:54:49.017887 25.4667  
TARGET_DU:Rotation-VelAct      2022-05-02 08:54:49.027856 25.4595  
TARGET_DU:Rotation-VelAct      2022-05-02 08:54:49.174088 25.4881  
TARGET_DU:Rotation-VelAct      2022-05-02 08:54:49.239847 25.8136  
TARGET_DU:Rotation-VelAct      2022-05-02 08:54:49.359879 25.9352  
TARGET_DU:Rotation-VelAct      2022-05-02 08:54:49.517924 25.202  
TARGET_DU:Rotation-VelAct      2022-05-02 08:54:49.527909 26.9866  
TARGET_DU:Rotation-VelAct      2022-05-02 08:54:49.674106 26.2642  
TARGET_DU:Rotation-VelAct      2022-05-02 08:54:49.739856 26.8507  
TARGET_DU:Rotation-VelAct      2022-05-02 08:54:49.859928 25.5704  
TARGET_DU:Rotation-VelAct      2022-05-02 08:54:50.017951 26.5861  
TARGET_DU:Rotation-VelAct      2022-05-02 08:54:50.028966 26.0711  
TARGET_DU:Rotation-VelAct      2022-05-02 08:54:50.175170 27.9486  
TARGET_DU:Rotation-VelAct      2022-05-02 08:54:50.241810 26.722  
TARGET_DU:Rotation-VelAct      2022-05-02 08:54:50.359900 28.0738  
TARGET_DU:Rotation-VelAct      2022-05-02 08:54:50.517942 27.3871  
TARGET_DU:Rotation-VelAct      2022-05-02 08:54:50.527942 27.895  
TARGET_DU:Rotation-VelAct      2022-05-02 08:54:50.675209 27.7948  
TARGET_DU:Rotation-VelAct      2022-05-02 08:54:50.739963 27.9987  
TARGET_DU:Rotation-VelAct      2022-05-02 08:54:50.859944 26.9437  
TARGET_DU:Rotation-VelAct      2022-05-02 08:54:50.933948 25.7564  
TARGET_DU:Rotation-VelAct      2022-05-02 08:54:51.027948 25.3379  
TARGET_DU:Rotation-Drv-Stat-Err 2022-05-02 11:02:23.104000 Error STATE MAJOR
TARGET_DU:Rotation-VelAct      2022-05-02 08:54:51.174122 24.4331  
TARGET_DU:Rotation-VelAct      2022-05-02 08:54:51.240091 23.2351  
TARGET_DU:Rotation-VelAct      2022-05-02 08:54:51.360000 23.1099  
TARGET_DU:Rotation-VelAct      2022-05-02 08:54:51.519105 22.2945  
TARGET_DU:Rotation-VelAct      2022-05-02 08:54:51.528003 21.5721  
TARGET_DU:Rotation-VelAct      2022-05-02 08:54:51.674673 20.7424  
TARGET_DU:Rotation-VelAct      2022-05-02 08:54:51.739984 20.1201  
TARGET_DU:Rotation-VelAct      2022-05-02 08:54:51.861120 19.1903  
TARGET_DU:Rotation-VelAct      2022-05-02 08:54:52.019237 18.6825  
TARGET_DU:Rotation-VelAct      2022-05-02 08:54:52.028030 18.028  
TARGET_DU:Rotation-VelAct      2022-05-02 08:54:52.174531 17.1161  
TARGET_DU:Rotation-VelAct      2022-05-02 08:54:52.240188 16.5832  
TARGET_DU:Rotation-VelAct      2022-05-02 08:54:52.361063 15.8679  
TARGET_DU:Rotation-VelAct      2022-05-02 08:54:52.518139 15.3422  
TARGET_DU:Rotation-VelAct      2022-05-02 08:54:52.528082 14.5698  
TARGET_DU:Rotation-VelAct      2022-05-02 08:54:52.674525 14.0977  
TARGET_DU:Rotation-VelAct      2022-05-02 08:54:52.740676 13.0856  
TARGET_DU:Rotation-VelAct      2022-05-02 08:54:52.860586 12.7316  
TARGET_DU:Rotation-VelAct      2022-05-02 08:54:53.017462 11.816  
TARGET_DU:Rotation-VelAct      2022-05-02 08:54:53.028686 11.8911  
TARGET_DU:Rotation-VelAct      2022-05-02 08:54:53.173775 11.0543  
TARGET_DU:Rotation-VelAct      2022-05-02 08:54:53.319457 10.3176  
TARGET_DU:Rotation-VelAct      2022-05-02 08:54:53.359614 10.0672  
TARGET_DU:Rotation-VelAct      2022-05-02 08:54:53.517593 9.3913  
TARGET_DU:Rotation-VelAct      2022-05-02 08:54:53.527591 8.8406  
TARGET_DU:Rotation-VelAct      2022-05-02 08:54:53.673662 8.1217  
TARGET_DU:Rotation-VelAct      2022-05-02 08:54:53.859460 7.7856  
TARGET_DU:Rotation-VelAct      2022-05-02 08:54:53.859576 7.3779  
TARGET_DU:Rotation-VelAct      2022-05-02 08:54:54.017617 6.7735  
TARGET_DU:Rotation-VelAct      2022-05-02 08:54:54.027511 6.3586  
TARGET_DU:Rotation-VelAct      2022-05-02 08:54:54.173835 5.8079  
TARGET_DU:Rotation-VelAct      2022-05-02 08:54:54.239536 5.3644  
TARGET_DU:Rotation-VelAct      2022-05-02 08:54:54.359936 4.9174  
TARGET_DU:Rotation-VelAct      2022-05-02 08:54:54.517656 4.4096  
TARGET_DU:Rotation-VelAct      2022-05-02 08:54:54.527608 3.9053  
TARGET_DU:Rotation-VelAct      2022-05-02 08:54:54.674305 3.5512  
TARGET_DU:Rotation-VelAct      2022-05-02 08:54:54.779640 3.1006  
TARGET_DU:Rotation-VelAct      2022-05-02 08:54:54.859768 2.7144  
TARGET_DU:Rotation-VelAct      2022-05-02 08:54:55.017533 2.3317  
TARGET_DU:Rotation-VelAct      2022-05-02 08:54:55.027523 1.7381  
TARGET_DU:Rotation-VelAct      2022-05-02 08:54:55.173767 1.2946  
TARGET_DU:Rotation-VelAct      2022-05-02 08:54:55.359558 0.9406  
TARGET_DU:Rotation-VelAct      2022-05-02 08:54:55.359808 0.4363  
TARGET_DU:Rotation-VelAct      2022-05-02 08:54:55.489930 0.1395  
TARGET_DU:Rotation-VelAct      2022-05-02 08:54:55.527724 -0.025  
TARGET_DU:Rotation-VelAct      2022-05-02 08:54:55.673977 -0.0215  
TARGET_DU:Rotation-VelAct      2022-05-02 08:54:55.859599 -0.0143  
TARGET_DU:Rotation-VelAct      2022-05-02 08:54:55.861012 -0.0536  
TARGET_DU:Rotation-VelAct      2022-05-02 08:54:56.017803 -0.0179  
TARGET_DU:Rotation-VelAct      2022-05-02 08:54:56.027611 0.0608  
TARGET_DU:Rotation-VelAct      2022-05-02 08:54:56.173729 0.1359  
TARGET_DU:Rotation-VelAct      2022-05-02 08:54:56.359570 -0.0572  
TARGET_DU:Rotation-VelAct      2022-05-02 08:54:56.359830 -0.1001  
TARGET_DU:Rotation-VelAct      2022-05-02 08:54:56.517596 0.1073  
TARGET_DU:Rotation-VelAct      2022-05-02 08:54:56.527652 -0.0322  
TARGET_DU:Rotation-VelAct      2022-05-02 08:54:56.673580 0.0787  
TARGET_DU:Rotation-VelAct      2022-05-02 08:54:56.859616 0.0143  
TARGET_DU:Rotation-VelAct      2022-05-02 08:54:56.859744 0.0644  
TARGET_DU:Rotation-VelAct      2022-05-02 08:54:57.017702 0.0215  
TARGET_DU:Rotation-VelAct      2022-05-02 08:54:57.027569 -0.0215  
TARGET_DU:Rotation-VelAct      2022-05-02 08:54:57.197047 0.0179  
TARGET_DU:Rotation-VelAct      2022-05-02 08:54:57.359624 0.0286  
TARGET_DU:Rotation-VelAct      2022-05-02 08:54:57.359938 -0.0322  
TARGET_DU:Rotation-VelAct      2022-05-02 08:54:57.517785 -0.0465  
TARGET_DU:Rotation-VelAct      2022-05-02 08:54:57.527683 -0.0358  
TARGET_DU:Rotation-VelAct      2022-05-02 08:54:57.673726 -0.0715  
TARGET_DU:Rotation-VelAct      2022-05-02 08:54:57.859613 0.1037  
TARGET_DU:Rotation-VelAct      2022-05-02 08:54:57.859872 0.0787  
TARGET_DU:Rotation-VelAct      2022-05-02 08:54:58.017671 0.0393  
TARGET_DU:Rotation-VelAct      2022-05-02 08:54:58.027601 -0.0143  
TARGET_DU:Rotation-VelAct      2022-05-02 08:54:58.173742 -0.0036  
TARGET_DU:Rotation-VelAct      2022-05-02 08:54:58.359630 -0.0608  
TARGET_DU:Rotation-VelAct      2022-05-02 08:54:58.359759 0.0501  
TARGET_DU:Rotation-VelAct      2022-05-02 08:54:58.517977 0.0107  
TARGET_DU:Rotation-VelAct      2022-05-02 08:54:58.527594 0.0751  
TARGET_DU:Rotation-VelAct      2022-05-02 08:54:58.673849 0.0072  
TARGET_DU:Rotation-VelAct      2022-05-02 08:54:58.859641 0.0679  
TARGET_DU:Rotation-VelAct      2022-05-02 08:54:58.859949 -0.0787  
TARGET_DU:Rotation-VelAct      2022-05-02 08:54:59.017693 -0.0429  
TARGET_DU:Rotation-VelAct      2022-05-02 08:54:59.027616 0.0358  
TARGET_DU:Rotation-VelAct      2022-05-02 08:54:59.174883 0.0286  
