IOC_TEST:m0s002-Enc01-PosAct   2022-10-19 10:31:09.780509 22.817  
IOC_TEST:m0s011-Enc01-PosAct   2022-10-19 10:31:09.780509 30.715876  
IOC_TEST:m0s005-AI01           2022-10-19 10:31:09.780509 10.7961608  
IOC_TEST:m0s005-AI02           2022-10-19 10:31:09.780509 12.11024334  
IOC_TEST:m0s005-AI03           2022-10-19 10:31:09.680506 11.58679981  
IOC_TEST:m0s005-AI04           2022-10-19 10:31:09.780509 12.10958332  
TARGET_DU:X-PosAct             2022-10-19 10:27:20.636836 -0.1999976074  
TARGET_DU:Y-PosAct             2022-10-19 10:27:20.636842 4.299998401 HIGH MINOR
TARGET_DU:Z-PosAct             2022-10-19 10:27:20.636849 0.780999918  
TARGET_DU:X-PosAct02           2022-10-19 10:31:09.800605 13321345  
TARGET_DU:Y-PosAct02           2022-10-19 10:31:09.346567 4294387172  
TARGET_DU:Z-PosAct02           2022-10-19 10:31:09.395193 4224719658  
TARGET_DU:Y-PosAct02           2022-10-19 10:31:09.846600 4294387177  
IOC_TEST:m0s002-Enc01-PosAct   2022-10-19 10:31:09.880509 22.817816  
IOC_TEST:m0s005-AI01           2022-10-19 10:31:09.880509 10.7980883  
IOC_TEST:m0s005-AI02           2022-10-19 10:31:09.880509 12.10409942  
IOC_TEST:m0s005-AI03           2022-10-19 10:31:09.880509 11.58893682  
IOC_TEST:m0s011-Enc01-PosAct   2022-10-19 10:31:09.880509 30.716284  
TARGET_DU:Z-PosAct02           2022-10-19 10:31:09.895135 4224719666  
IOC_TEST:m0s002-Enc01-PosAct   2022-10-19 10:31:09.980546 22.818224  
IOC_TEST:m0s005-AI02           2022-10-19 10:31:09.980546 12.10256345  
IOC_TEST:m0s005-AI03           2022-10-19 10:31:09.980546 11.59000533  
IOC_TEST:m0s005-AI04           2022-10-19 10:31:09.980546 12.10814299  
IOC_TEST:m0s011-Enc01-PosAct   2022-10-19 10:31:09.980546 30.716692  
IOC_TEST:m0s002-Enc01-PosAct   2022-10-19 10:31:10.080507 22.818632  
IOC_TEST:m0s005-AI01           2022-10-19 10:31:10.080507 10.79519705  
IOC_TEST:m0s005-AI02           2022-10-19 10:31:10.080507 12.10870736  
IOC_TEST:m0s005-AI03           2022-10-19 10:31:10.080507 11.58786831  
IOC_TEST:m0s005-AI04           2022-10-19 10:31:10.080507 12.10958332  
IOC_TEST:m0s011-Enc01-PosAct   2022-10-19 10:31:10.080507 30.716488  
IOC_TEST:m0s002-Enc01-PosAct   2022-10-19 10:31:10.180506 22.819448  
IOC_TEST:m0s005-AI01           2022-10-19 10:31:10.180506 10.79230579  
IOC_TEST:m0s005-AI02           2022-10-19 10:31:10.180506 12.1056354  
IOC_TEST:m0s005-AI03           2022-10-19 10:31:10.180506 11.59321085  
IOC_TEST:m0s011-Enc01-PosAct   2022-10-19 10:31:10.180506 30.71608  
IOC_TEST:m0s002-Enc01-PosAct   2022-10-19 10:31:10.280507 22.817  
IOC_TEST:m0s005-AI01           2022-10-19 10:31:10.280507 10.79712455  
IOC_TEST:m0s005-AI02           2022-10-19 10:31:10.280507 12.10870736  
IOC_TEST:m0s005-AI03           2022-10-19 10:31:10.280507 11.59000533  
IOC_TEST:m0s005-AI04           2022-10-19 10:31:10.280507 12.10742282  
TARGET_DU:X-PosAct02           2022-10-19 10:31:10.300060 13321339  
TARGET_DU:Y-PosAct02           2022-10-19 10:31:10.346254 4294387208  
IOC_TEST:m0s002-Enc01-PosAct   2022-10-19 10:31:10.380507 22.813736  
IOC_TEST:m0s005-AI02           2022-10-19 10:31:10.380507 12.10409942  
IOC_TEST:m0s005-AI03           2022-10-19 10:31:10.380507 11.59107384  
IOC_TEST:m0s005-AI04           2022-10-19 10:31:10.380507 12.10814299  
IOC_TEST:m0s011-Enc01-PosAct   2022-10-19 10:31:10.380507 30.715876  
TARGET_DU:Z-PosAct02           2022-10-19 10:31:10.395235 4224719685  
IOC_TEST:m0s002-Enc01-PosAct   2022-10-19 10:31:10.480507 22.819448  
IOC_TEST:m0s005-AI01           2022-10-19 10:31:10.480507 10.79905205  
IOC_TEST:m0s005-AI02           2022-10-19 10:31:10.480507 12.10102747  
IOC_TEST:m0s005-AI03           2022-10-19 10:31:10.480507 11.59000533  
IOC_TEST:m0s011-Enc01-PosAct   2022-10-19 10:31:10.480507 30.71608  
IOC_TEST:m0s002-Enc01-PosAct   2022-10-19 10:31:10.580508 22.818632  
IOC_TEST:m0s005-AI01           2022-10-19 10:31:10.580508 10.79230579  
IOC_TEST:m0s005-AI02           2022-10-19 10:31:10.580508 12.10717138  
IOC_TEST:m0s005-AI03           2022-10-19 10:31:10.580508 11.59107384  
IOC_TEST:m0s005-AI04           2022-10-19 10:31:10.580508 12.10742282  
IOC_TEST:m0s011-Enc01-PosAct   2022-10-19 10:31:10.580508 30.716692  
IOC_TEST:m0s002-Enc01-PosAct   2022-10-19 10:31:10.680508 22.816184  
IOC_TEST:m0s005-AI01           2022-10-19 10:31:10.680508 10.79134204  
IOC_TEST:m0s005-AI02           2022-10-19 10:31:10.680508 12.11024334  
IOC_TEST:m0s005-AI03           2022-10-19 10:31:10.680508 11.59214234  
IOC_TEST:m0s005-AI04           2022-10-19 10:31:10.680508 12.11030349  
IOC_TEST:m0s011-Enc01-PosAct   2022-10-19 10:31:10.680508 30.716488  
IOC_TEST:m0s002-Enc01-PosAct   2022-10-19 10:31:10.780508 22.818632  
IOC_TEST:m0s005-AI01           2022-10-19 10:31:10.780508 10.79712455  
IOC_TEST:m0s005-AI02           2022-10-19 10:31:10.780508 12.10870736  
IOC_TEST:m0s005-AI03           2022-10-19 10:31:10.780508 11.59107384  
IOC_TEST:m0s005-AI04           2022-10-19 10:31:10.780508 12.10886315  
IOC_TEST:m0s011-Enc01-PosAct   2022-10-19 10:31:10.780508 30.715876  
TARGET_DU:X-PosAct02           2022-10-19 10:31:10.800228 13321308  
TARGET_DU:Y-PosAct02           2022-10-19 10:31:10.846429 4294387175  
IOC_TEST:m0s002-Enc01-PosAct   2022-10-19 10:31:10.880504 22.815368  
IOC_TEST:m0s005-AI01           2022-10-19 10:31:10.880504 10.79905205  
IOC_TEST:m0s005-AI02           2022-10-19 10:31:10.880504 12.09795551  
IOC_TEST:m0s005-AI03           2022-10-19 10:31:10.880504 11.59000533  
IOC_TEST:m0s005-AI04           2022-10-19 10:31:10.880504 12.10958332  
IOC_TEST:m0s011-Enc01-PosAct   2022-10-19 10:31:10.880504 30.715672  
TARGET_DU:Z-PosAct02           2022-10-19 10:31:10.895292 4224719651  
IOC_TEST:m0s002-Enc01-PosAct   2022-10-19 10:31:10.980508 22.817816  
IOC_TEST:m0s005-AI02           2022-10-19 10:31:10.980508 12.10256345  
IOC_TEST:m0s005-AI03           2022-10-19 10:31:10.980508 11.59107384  
IOC_TEST:m0s005-AI04           2022-10-19 10:31:10.980508 12.10814299  
IOC_TEST:m0s002-Enc01-PosAct   2022-10-19 10:31:11.080509 22.818224  
IOC_TEST:m0s005-AI01           2022-10-19 10:31:11.080509 10.79134204  
IOC_TEST:m0s005-AI02           2022-10-19 10:31:11.080509 12.10717138  
IOC_TEST:m0s005-AI03           2022-10-19 10:31:11.080509 11.59214234  
IOC_TEST:m0s005-AI04           2022-10-19 10:31:11.080509 12.10742282  
IOC_TEST:m0s002-Enc01-PosAct   2022-10-19 10:31:11.180548 22.814144  
IOC_TEST:m0s005-AI01           2022-10-19 10:31:11.180548 10.79230579  
IOC_TEST:m0s005-AI02           2022-10-19 10:31:11.180548 12.10870736  
IOC_TEST:m0s005-AI04           2022-10-19 10:31:11.180548 12.10958332  
IOC_TEST:m0s011-Enc01-PosAct   2022-10-19 10:31:11.180548 30.71608  
IOC_TEST:m0s002-Enc01-PosAct   2022-10-19 10:31:11.280506 22.814552  
IOC_TEST:m0s005-AI01           2022-10-19 10:31:11.280506 10.80001581  
IOC_TEST:m0s005-AI04           2022-10-19 10:31:11.280506 12.10886315  
TARGET_DU:X-PosAct02           2022-10-19 10:31:11.299271 13321330  
TARGET_DU:Y-PosAct02           2022-10-19 10:31:11.345469 4294387184  
IOC_TEST:m0s002-Enc01-PosAct   2022-10-19 10:31:11.380509 22.813736  
IOC_TEST:m0s005-AI01           2022-10-19 10:31:11.380509 10.7980883  
IOC_TEST:m0s005-AI02           2022-10-19 10:31:11.380509 12.10102747  
IOC_TEST:m0s005-AI03           2022-10-19 10:31:11.380509 11.59107384  
IOC_TEST:m0s011-Enc01-PosAct   2022-10-19 10:31:11.380509 30.715876  
TARGET_DU:Z-PosAct02           2022-10-19 10:31:11.394407 4224719638  
IOC_TEST:m0s005-AI01           2022-10-19 10:31:11.480508 10.7942333  
IOC_TEST:m0s005-AI03           2022-10-19 10:31:11.480508 11.59000533  
IOC_TEST:m0s011-Enc01-PosAct   2022-10-19 10:31:11.480508 30.715264  
IOC_TEST:m0s002-Enc01-PosAct   2022-10-19 10:31:11.580506 22.817  
IOC_TEST:m0s005-AI01           2022-10-19 10:31:11.580506 10.79230579  
IOC_TEST:m0s005-AI02           2022-10-19 10:31:11.580506 12.10870736  
IOC_TEST:m0s005-AI03           2022-10-19 10:31:11.580506 11.59534786  
IOC_TEST:m0s011-Enc01-PosAct   2022-10-19 10:31:11.580506 30.71506  
