IOC_TEST:m0s002-Enc01-PosAct   2022-10-19 10:37:20.080509 22.779872  
IOC_TEST:m0s011-Enc01-PosAct   2022-10-19 10:37:20.080509 30.715468  
IOC_TEST:m0s005-AI01           2022-10-19 10:37:20.080509 10.7942333  
IOC_TEST:m0s005-AI02           2022-10-19 10:37:20.080509 12.11024334  
IOC_TEST:m0s005-AI03           2022-10-19 10:37:20.080509 11.59000533  
IOC_TEST:m0s005-AI04           2022-10-19 10:37:20.080509 12.10886315  
TARGET_DU:X-PosAct             2022-10-19 10:36:02.774290 0  
TARGET_DU:Y-PosAct             2022-10-19 10:36:06.319200 0  
TARGET_DU:Z-PosAct             2022-10-19 10:36:11.867072 0  
TARGET_DU:X-PosAct02           2022-10-19 10:37:19.802651 13321329  
TARGET_DU:Y-PosAct02           2022-10-19 10:37:19.848564 4294387202  
TARGET_DU:Z-PosAct02           2022-10-19 10:37:19.897147 4224719651  
IOC_TEST:m0s002-Enc01-PosAct   2022-10-19 10:37:20.180507 22.790888  
IOC_TEST:m0s005-AI01           2022-10-19 10:37:20.180507 10.79519705  
IOC_TEST:m0s005-AI02           2022-10-19 10:37:20.180507 12.1133153  
IOC_TEST:m0s005-AI03           2022-10-19 10:37:20.180507 11.59107384  
IOC_TEST:m0s005-AI04           2022-10-19 10:37:20.180507 12.10742282  
IOC_TEST:m0s011-Enc01-PosAct   2022-10-19 10:37:20.180507 30.715264  
IOC_TEST:m0s002-Enc01-PosAct   2022-10-19 10:37:20.280508 22.789256  
IOC_TEST:m0s005-AI01           2022-10-19 10:37:20.280508 10.7942333  
IOC_TEST:m0s005-AI02           2022-10-19 10:37:20.280508 12.11024334  
IOC_TEST:m0s005-AI03           2022-10-19 10:37:20.280508 11.58786831  
IOC_TEST:m0s005-AI04           2022-10-19 10:37:20.280508 12.10526232  
IOC_TEST:m0s011-Enc01-PosAct   2022-10-19 10:37:20.280508 30.715468  
TARGET_DU:X-PosAct02           2022-10-19 10:37:20.302453 13321358  
TARGET_DU:Y-PosAct02           2022-10-19 10:37:20.349575 4294387204  
IOC_TEST:m0s002-Enc01-PosAct   2022-10-19 10:37:20.380509 22.7864  
IOC_TEST:m0s005-AI01           2022-10-19 10:37:20.380509 10.79905205  
IOC_TEST:m0s005-AI02           2022-10-19 10:37:20.380509 12.10256345  
IOC_TEST:m0s005-AI03           2022-10-19 10:37:20.380509 11.59107384  
IOC_TEST:m0s005-AI04           2022-10-19 10:37:20.380509 12.10814299  
IOC_TEST:m0s011-Enc01-PosAct   2022-10-19 10:37:20.380509 30.71608  
TARGET_DU:Z-PosAct02           2022-10-19 10:37:20.398467 4224719668  
IOC_TEST:m0s002-Enc01-PosAct   2022-10-19 10:37:20.480508 22.785584  
IOC_TEST:m0s005-AI01           2022-10-19 10:37:20.480508 10.79712455  
IOC_TEST:m0s005-AI02           2022-10-19 10:37:20.480508 12.1056354  
IOC_TEST:m0s005-AI03           2022-10-19 10:37:20.480508 11.59000533  
IOC_TEST:m0s005-AI04           2022-10-19 10:37:20.480508 12.10742282  
IOC_TEST:m0s002-Enc01-PosAct   2022-10-19 10:37:20.580505 22.786808  
IOC_TEST:m0s005-AI01           2022-10-19 10:37:20.580505 10.7942333  
IOC_TEST:m0s005-AI02           2022-10-19 10:37:20.580505 12.10870736  
IOC_TEST:m0s005-AI03           2022-10-19 10:37:20.580505 11.58893682  
IOC_TEST:m0s005-AI04           2022-10-19 10:37:20.580505 12.11030349  
IOC_TEST:m0s002-Enc01-PosAct   2022-10-19 10:37:20.680509 22.787624  
IOC_TEST:m0s005-AI01           2022-10-19 10:37:20.680509 10.79905205  
IOC_TEST:m0s005-AI02           2022-10-19 10:37:20.680509 12.10256345  
IOC_TEST:m0s005-AI03           2022-10-19 10:37:20.680509 11.59214234  
IOC_TEST:m0s005-AI04           2022-10-19 10:37:20.680509 12.10886315  
IOC_TEST:m0s002-Enc01-PosAct   2022-10-19 10:37:20.780508 22.79252  
IOC_TEST:m0s005-AI01           2022-10-19 10:37:20.780508 10.79712455  
IOC_TEST:m0s005-AI02           2022-10-19 10:37:20.780508 12.10409942  
IOC_TEST:m0s005-AI03           2022-10-19 10:37:20.780508 11.59534786  
IOC_TEST:m0s005-AI04           2022-10-19 10:37:20.780508 12.10598249  
IOC_TEST:m0s011-Enc01-PosAct   2022-10-19 10:37:20.780508 30.715672  
TARGET_DU:X-PosAct02           2022-10-19 10:37:20.803640 13321346  
TARGET_DU:Y-PosAct02           2022-10-19 10:37:20.848409 4294387162  
IOC_TEST:m0s002-Enc01-PosAct   2022-10-19 10:37:20.880510 22.787624  
IOC_TEST:m0s005-AI01           2022-10-19 10:37:20.880510 10.7980883  
IOC_TEST:m0s005-AI02           2022-10-19 10:37:20.880510 12.09795551  
IOC_TEST:m0s005-AI03           2022-10-19 10:37:20.880510 11.59107384  
IOC_TEST:m0s005-AI04           2022-10-19 10:37:20.880510 12.11030349  
IOC_TEST:m0s011-Enc01-PosAct   2022-10-19 10:37:20.880510 30.715876  
TARGET_DU:Z-PosAct02           2022-10-19 10:37:20.897504 4224719660  
IOC_TEST:m0s002-Enc01-PosAct   2022-10-19 10:37:20.980508 22.787216  
IOC_TEST:m0s005-AI01           2022-10-19 10:37:20.980508 10.7961608  
IOC_TEST:m0s005-AI02           2022-10-19 10:37:20.980508 12.10256345  
IOC_TEST:m0s005-AI03           2022-10-19 10:37:20.980508 11.59214234  
IOC_TEST:m0s005-AI04           2022-10-19 10:37:20.980508 12.10814299  
IOC_TEST:m0s002-Enc01-PosAct   2022-10-19 10:37:21.080507 22.790888  
IOC_TEST:m0s005-AI01           2022-10-19 10:37:21.080507 10.79519705  
IOC_TEST:m0s005-AI02           2022-10-19 10:37:21.080507 12.11485128  
IOC_TEST:m0s005-AI03           2022-10-19 10:37:21.080507 11.58786831  
IOC_TEST:m0s005-AI04           2022-10-19 10:37:21.080507 12.10886315  
IOC_TEST:m0s011-Enc01-PosAct   2022-10-19 10:37:21.080507 30.716284  
IOC_TEST:m0s002-Enc01-PosAct   2022-10-19 10:37:21.180507 22.79252  
IOC_TEST:m0s005-AI01           2022-10-19 10:37:21.180507 10.79905205  
IOC_TEST:m0s005-AI02           2022-10-19 10:37:21.180507 12.10256345  
IOC_TEST:m0s005-AI03           2022-10-19 10:37:21.180507 11.59000533  
IOC_TEST:m0s005-AI04           2022-10-19 10:37:21.180507 12.10814299  
IOC_TEST:m0s011-Enc01-PosAct   2022-10-19 10:37:21.180507 30.715876  
IOC_TEST:m0s002-Enc01-PosAct   2022-10-19 10:37:21.280508 22.792112  
IOC_TEST:m0s005-AI01           2022-10-19 10:37:21.280508 10.79519705  
IOC_TEST:m0s005-AI02           2022-10-19 10:37:21.280508 12.1056354  
IOC_TEST:m0s005-AI03           2022-10-19 10:37:21.280508 11.59321085  
IOC_TEST:m0s011-Enc01-PosAct   2022-10-19 10:37:21.280508 30.715264  
TARGET_DU:X-PosAct02           2022-10-19 10:37:21.302470 13321323  
TARGET_DU:Y-PosAct02           2022-10-19 10:37:21.348474 4294387160  
IOC_TEST:m0s002-Enc01-PosAct   2022-10-19 10:37:21.380517 22.791296  
IOC_TEST:m0s005-AI01           2022-10-19 10:37:21.380517 10.7942333  
IOC_TEST:m0s005-AI02           2022-10-19 10:37:21.380517 12.10717138  
IOC_TEST:m0s005-AI03           2022-10-19 10:37:21.380517 11.59107384  
IOC_TEST:m0s005-AI04           2022-10-19 10:37:21.380517 12.10886315  
IOC_TEST:m0s011-Enc01-PosAct   2022-10-19 10:37:21.380517 30.714856  
TARGET_DU:Z-PosAct02           2022-10-19 10:37:21.397688 4224719630  
IOC_TEST:m0s002-Enc01-PosAct   2022-10-19 10:37:21.480508 22.788848  
IOC_TEST:m0s005-AI03           2022-10-19 10:37:21.480508 11.59000533  
IOC_TEST:m0s005-AI04           2022-10-19 10:37:21.480508 12.10598249  
IOC_TEST:m0s011-Enc01-PosAct   2022-10-19 10:37:21.480508 30.71506  
IOC_TEST:m0s002-Enc01-PosAct   2022-10-19 10:37:21.580509 22.789256  
IOC_TEST:m0s005-AI01           2022-10-19 10:37:21.580509 10.79519705  
IOC_TEST:m0s005-AI02           2022-10-19 10:37:21.580509 12.11024334  
IOC_TEST:m0s005-AI03           2022-10-19 10:37:21.580509 11.58786831  
IOC_TEST:m0s005-AI04           2022-10-19 10:37:21.580509 12.10958332  
IOC_TEST:m0s011-Enc01-PosAct   2022-10-19 10:37:21.580509 30.714856  
