TARGET_DU:Rotation-TorqueAct   2022-11-18 08:49:41.470310 91.6  
TARGET_DU:Rotation-VelAct      2022-11-18 08:49:41.864231 12.1129  
TARGET_DU:Rotation-TempAct     2022-11-18 08:49:40.980154 41.5  
TARGET_DU:Rotation-VelLastSectorAct 2022-11-18 08:49:41.928355 12.0017  
TARGET_DU:Rotation-PhaseErrorMMAct 2022-11-18 08:28:05.442818 -22.986  
TARGET_DU:Rotation-VelAct      2022-11-18 08:49:41.960183 12.0056  
TARGET_DU:Rotation-TorqueAct   2022-11-18 08:49:41.970263 91.7  
TARGET_DU:Rotation-TempAct     2022-11-18 08:49:41.980303 41.6  
TARGET_DU:Rotation-VelLastSectorAct 2022-11-18 08:49:42.028396 12.001  
TARGET_DU:Rotation-VelAct      2022-11-18 08:49:42.078438 12.1129  
TARGET_DU:Rotation-VelLastSectorAct 2022-11-18 08:49:42.078448 12.002  
TARGET_DU:Rotation-VelAct      2022-11-18 08:49:42.178346 11.9913  
TARGET_DU:Rotation-VelLastSectorAct 2022-11-18 08:49:42.178359 12.0013  
TARGET_DU:Rotation-VelLastSectorAct 2022-11-18 08:49:42.228242 12.001  
TARGET_DU:Rotation-VelAct      2022-11-18 08:49:42.264388 12.2344  
TARGET_DU:Rotation-VelLastSectorAct 2022-11-18 08:49:42.328270 12.0008  
TARGET_DU:Rotation-VelAct      2022-11-18 08:49:42.374257 12.1093  
TARGET_DU:Rotation-VelLastSectorAct 2022-11-18 08:49:42.378120 11.9987  
TARGET_DU:Rotation-VelLastSectorAct 2022-11-18 08:49:42.428331 11.9996  
TARGET_DU:Rotation-VelAct      2022-11-18 08:49:42.460417 12.0056  
TARGET_DU:Rotation-TorqueAct   2022-11-18 08:49:42.470226 91.2  
TARGET_DU:Rotation-TempAct     2022-11-18 08:49:42.480164 41.8  
TARGET_DU:Rotation-VelLastSectorAct 2022-11-18 08:49:42.528397 11.9989  
TARGET_DU:Rotation-VelAct      2022-11-18 08:49:42.578731 11.816  
TARGET_DU:Rotation-VelLastSectorAct 2022-11-18 08:49:42.578759 11.998  
TARGET_DU:Rotation-VelAct      2022-11-18 08:49:42.678231 11.7946  
TARGET_DU:Rotation-VelLastSectorAct 2022-11-18 08:49:42.678431 12.0003  
TARGET_DU:Rotation-VelLastSectorAct 2022-11-18 08:49:42.728406 11.998  
TARGET_DU:Rotation-VelAct      2022-11-18 08:49:42.764478 12.0986  
TARGET_DU:Rotation-VelLastSectorAct 2022-11-18 08:49:42.828208 11.9992  
TARGET_DU:Rotation-VelAct      2022-11-18 08:49:42.865486 11.9233  
TARGET_DU:Rotation-VelLastSectorAct 2022-11-18 08:49:42.878205 12.0008  
TARGET_DU:Rotation-VelLastSectorAct 2022-11-18 08:49:42.928440 11.9996  
TARGET_DU:Rotation-VelAct      2022-11-18 08:49:42.960174 12.1701  
TARGET_DU:Rotation-TorqueAct   2022-11-18 08:49:42.970322 91.7  
TARGET_DU:Rotation-TempAct     2022-11-18 08:49:42.980283 41.7  
TARGET_DU:Rotation-VelLastSectorAct 2022-11-18 08:49:43.028391 12.0003  
TARGET_DU:Rotation-VelAct      2022-11-18 08:49:43.078495 12.0485  
TARGET_DU:Rotation-VelLastSectorAct 2022-11-18 08:49:43.078582 12.0013  
TARGET_DU:Rotation-VelAct      2022-11-18 08:49:43.178494 12.1558  
TARGET_DU:Rotation-VelLastSectorAct 2022-11-18 08:49:43.178504 12.001  
TARGET_DU:Rotation-VelLastSectorAct 2022-11-18 08:49:43.228341 12.0015  
TARGET_DU:Rotation-VelAct      2022-11-18 08:49:43.264518 11.9126  
TARGET_DU:Rotation-VelLastSectorAct 2022-11-18 08:49:43.328302 12.0034  
TARGET_DU:Rotation-VelAct      2022-11-18 08:49:43.364357 11.9305  
TARGET_DU:Rotation-VelLastSectorAct 2022-11-18 08:49:43.378369 12.0038  
TARGET_DU:Rotation-VelLastSectorAct 2022-11-18 08:49:43.428252 12.0034  
TARGET_DU:Rotation-VelAct      2022-11-18 08:49:43.460295 11.9269  
TARGET_DU:Rotation-TorqueAct   2022-11-18 08:49:43.470289 90  
TARGET_DU:Rotation-TempAct     2022-11-18 08:49:43.480318 41.8  
TARGET_DU:Rotation-VelLastSectorAct 2022-11-18 08:49:43.528380 12.0038  
TARGET_DU:Rotation-VelAct      2022-11-18 08:49:43.578349 12.1307  
TARGET_DU:Rotation-VelLastSectorAct 2022-11-18 08:49:43.578388 12.0022  
TARGET_DU:Rotation-VelAct      2022-11-18 08:49:43.678388 12.0056  
TARGET_DU:Rotation-VelLastSectorAct 2022-11-18 08:49:43.678561 12.0034  
TARGET_DU:Rotation-VelLastSectorAct 2022-11-18 08:49:43.728207 12.0027  
TARGET_DU:Rotation-VelAct      2022-11-18 08:49:43.764329 12.0163  
TARGET_DU:Rotation-VelLastSectorAct 2022-11-18 08:49:43.828305 12.0006  
TARGET_DU:Rotation-VelAct      2022-11-18 08:49:43.864459 12.12  
TARGET_DU:Rotation-VelLastSectorAct 2022-11-18 08:49:43.878144 12.0022  
TARGET_DU:Rotation-VelLastSectorAct 2022-11-18 08:49:43.928327 12.0006  
TARGET_DU:Rotation-VelAct      2022-11-18 08:49:43.960338 11.9448  
TARGET_DU:Rotation-TorqueAct   2022-11-18 08:49:43.970296 89.2  
TARGET_DU:Rotation-TempAct     2022-11-18 08:49:43.980244 41.7  
TARGET_DU:Rotation-VelLastSectorAct 2022-11-18 08:49:44.028374 12.001  
TARGET_DU:Rotation-VelAct      2022-11-18 08:49:44.078424 11.9269  
TARGET_DU:Rotation-VelLastSectorAct 2022-11-18 08:49:44.078562 12.0003  
TARGET_DU:Rotation-VelAct      2022-11-18 08:49:44.178344 12.0234  
TARGET_DU:Rotation-VelLastSectorAct 2022-11-18 08:49:44.178354 11.9989  
TARGET_DU:Rotation-VelLastSectorAct 2022-11-18 08:49:44.228234 11.9987  
TARGET_DU:Rotation-VelAct      2022-11-18 08:49:44.264489 11.9448  
TARGET_DU:Rotation-VelLastSectorAct 2022-11-18 08:49:44.328184 11.9975  
TARGET_DU:Rotation-VelAct      2022-11-18 08:49:44.364241 11.934  
TARGET_DU:Rotation-VelLastSectorAct 2022-11-18 08:49:44.378233 11.9973  
TARGET_DU:Rotation-VelLastSectorAct 2022-11-18 08:49:44.428372 11.9971  
TARGET_DU:Rotation-VelAct      2022-11-18 08:49:44.460212 12.0199  
TARGET_DU:Rotation-TorqueAct   2022-11-18 08:49:44.470409 90.3  
TARGET_DU:Rotation-VelLastSectorAct 2022-11-18 08:49:44.528441 11.9973  
TARGET_DU:Rotation-VelLastSectorAct 2022-11-18 08:49:44.578705 11.9985  
TARGET_DU:Rotation-VelAct      2022-11-18 08:49:44.678286 11.9841  
TARGET_DU:Rotation-VelLastSectorAct 2022-11-18 08:49:44.678321 11.998  
TARGET_DU:Rotation-VelLastSectorAct 2022-11-18 08:49:44.728357 11.9985  
TARGET_DU:Rotation-VelAct      2022-11-18 08:49:44.764499 12.1021  
TARGET_DU:Rotation-VelLastSectorAct 2022-11-18 08:49:44.828217 11.9999  
TARGET_DU:Rotation-VelAct      2022-11-18 08:49:44.878410 12.1164  
TARGET_DU:Rotation-VelLastSectorAct 2022-11-18 08:49:44.878422 11.9994  
TARGET_DU:Rotation-VelLastSectorAct 2022-11-18 08:49:44.928332 11.9999  
TARGET_DU:Rotation-VelAct      2022-11-18 08:49:44.960246 11.9162  
TARGET_DU:Rotation-TorqueAct   2022-11-18 08:49:44.970242 90.7  
TARGET_DU:Rotation-TempAct     2022-11-18 08:49:44.980349 41.5  
TARGET_DU:Rotation-VelLastSectorAct 2022-11-18 08:49:45.028596 12.0006  
TARGET_DU:Rotation-VelAct      2022-11-18 08:49:45.098502 12.0056  
TARGET_DU:Rotation-VelAct      2022-11-18 08:49:45.178377 12.0234  
TARGET_DU:Rotation-VelLastSectorAct 2022-11-18 08:49:45.178475 12.0006  
TARGET_DU:Rotation-VelLastSectorAct 2022-11-18 08:49:45.228340 12.0017  
TARGET_DU:Rotation-VelAct      2022-11-18 08:49:45.264595 11.977  
TARGET_DU:Rotation-VelLastSectorAct 2022-11-18 08:49:45.328338 12.0015  
TARGET_DU:Rotation-VelAct      2022-11-18 08:49:45.364397 12.0735  
TARGET_DU:Rotation-VelLastSectorAct 2022-11-18 08:49:45.378207 12.0022  
TARGET_DU:Rotation-VelAct      2022-11-18 08:49:45.460313 12.1272  
TARGET_DU:Rotation-TorqueAct   2022-11-18 08:49:45.470270 89.7  
TARGET_DU:Rotation-TempAct     2022-11-18 08:49:45.480375 41.7  
TARGET_DU:Rotation-VelLastSectorAct 2022-11-18 08:49:45.528596 12.0017  
TARGET_DU:Rotation-VelAct      2022-11-18 08:49:45.578509 11.9877  
TARGET_DU:Rotation-VelLastSectorAct 2022-11-18 08:49:45.578523 12.001  
TARGET_DU:Rotation-VelAct      2022-11-18 08:49:45.678483 12.027  
TARGET_DU:Rotation-VelLastSectorAct 2022-11-18 08:49:45.678493 11.9999  
TARGET_DU:Rotation-VelLastSectorAct 2022-11-18 08:49:45.728229 12.0006  
TARGET_DU:Rotation-VelAct      2022-11-18 08:49:45.764747 11.9805  
TARGET_DU:Rotation-VelLastSectorAct 2022-11-18 08:49:45.828264 11.9989  
TARGET_DU:Rotation-VelAct      2022-11-18 08:49:45.864323 12.0986  
TARGET_DU:Rotation-VelLastSectorAct 2022-11-18 08:49:45.878262 11.998  
TARGET_DU:Rotation-VelLastSectorAct 2022-11-18 08:49:45.928449 12.0008  
TARGET_DU:Rotation-VelAct      2022-11-18 08:49:45.960329 11.9913  
TARGET_DU:Rotation-TorqueAct   2022-11-18 08:49:45.970354 89.5  
TARGET_DU:Rotation-VelLastSectorAct 2022-11-18 08:49:46.028631 11.9987  
TARGET_DU:Rotation-VelAct      2022-11-18 08:49:46.078671 12.0234  
TARGET_DU:Rotation-VelLastSectorAct 2022-11-18 08:49:46.078681 11.9989  
TARGET_DU:Rotation-VelAct      2022-11-18 08:49:46.178449 11.9483  
TARGET_DU:Rotation-VelLastSectorAct 2022-11-18 08:49:46.178565 11.9996  
TARGET_DU:Rotation-VelLastSectorAct 2022-11-18 08:49:46.228663 11.9978  
TARGET_DU:Rotation-VelAct      2022-11-18 08:49:46.264590 11.8947  
TARGET_DU:Rotation-VelLastSectorAct 2022-11-18 08:49:46.328297 11.998  
TARGET_DU:Rotation-VelAct      2022-11-18 08:49:46.364386 11.9805  
TARGET_DU:Rotation-VelLastSectorAct 2022-11-18 08:49:46.379335 11.9978  
TARGET_DU:Rotation-VelLastSectorAct 2022-11-18 08:49:46.428511 11.9985  
TARGET_DU:Rotation-VelAct      2022-11-18 08:49:46.460355 11.934  
TARGET_DU:Rotation-TorqueAct   2022-11-18 08:49:46.470324 90.8  
TARGET_DU:Rotation-TempAct     2022-11-18 08:49:46.480423 41.8  
TARGET_DU:Rotation-VelLastSectorAct 2022-11-18 08:49:46.528659 11.9989  
TARGET_DU:Rotation-VelAct      2022-11-18 08:49:46.578592 12.027  
TARGET_DU:Rotation-VelLastSectorAct 2022-11-18 08:49:46.578624 11.9985  
TARGET_DU:Rotation-VelAct      2022-11-18 08:49:46.678377 11.9877  
TARGET_DU:Rotation-VelLastSectorAct 2022-11-18 08:49:46.678391 11.9996  
TARGET_DU:Rotation-VelLastSectorAct 2022-11-18 08:49:46.728325 11.9693  
TARGET_DU:Rotation-VelLastSectorAct 2022-11-18 08:49:46.828371 11.8911  
TARGET_DU:Rotation-VelAct      2022-11-18 08:49:46.864482 11.9197  
TARGET_DU:Rotation-VelLastSectorAct 2022-11-18 08:49:46.878355 11.8055  
TARGET_DU:Rotation-VelLastSectorAct 2022-11-18 08:49:46.928511 11.718  
TARGET_DU:Rotation-VelAct      2022-11-18 08:49:46.960430 11.7517  
TARGET_DU:Rotation-TorqueAct   2022-11-18 08:49:46.970398 0.1  
TARGET_DU:Rotation-TempAct     2022-11-18 08:49:46.980375 41  
TARGET_DU:Rotation-VelLastSectorAct 2022-11-18 08:49:47.028449 11.6319  
TARGET_DU:Rotation-VelAct      2022-11-18 08:49:47.068737 11.723  
TARGET_DU:Rotation-VelLastSectorAct 2022-11-18 08:49:47.078396 11.5451  
TARGET_DU:Rotation-VelAct      2022-11-18 08:49:47.176474 11.3618  
TARGET_DU:Rotation-VelLastSectorAct 2022-11-18 08:49:47.178346 11.4599  
TARGET_DU:Rotation-VelLastSectorAct 2022-11-18 08:49:47.228494 11.3745  
TARGET_DU:Rotation-VelAct      2022-11-18 08:49:47.264581 11.5085  
TARGET_DU:Rotation-VelLastSectorAct 2022-11-18 08:49:47.328363 11.287  
TARGET_DU:Rotation-VelAct      2022-11-18 08:49:47.378534 11.3404  
TARGET_DU:Rotation-VelLastSectorAct 2022-11-18 08:49:47.378580 11.2016  
TARGET_DU:Rotation-VelLastSectorAct 2022-11-18 08:49:47.428590 11.1158  
TARGET_DU:Rotation-VelAct      2022-11-18 08:49:47.460438 11.1902  
TARGET_DU:Rotation-TorqueAct   2022-11-18 08:49:47.470469 0  
TARGET_DU:Rotation-VelLastSectorAct 2022-11-18 08:49:47.528720 11.0297  
TARGET_DU:Rotation-VelAct      2022-11-18 08:49:47.578812 11.0722  
TARGET_DU:Rotation-VelLastSectorAct 2022-11-18 08:49:47.578893 10.9445  
TARGET_DU:Rotation-VelAct      2022-11-18 08:49:47.676594 10.8147  
TARGET_DU:Rotation-VelLastSectorAct 2022-11-18 08:49:47.678386 10.8614  
TARGET_DU:Rotation-VelLastSectorAct 2022-11-18 08:49:47.728551 10.776  
TARGET_DU:Rotation-VelAct      2022-11-18 08:49:47.764760 11.0042  
TARGET_DU:Rotation-VelLastSectorAct 2022-11-18 08:49:47.828415 10.6927  
TARGET_DU:Rotation-VelAct      2022-11-18 08:49:47.864499 10.8504  
TARGET_DU:Rotation-VelLastSectorAct 2022-11-18 08:49:47.878442 10.6101  
TARGET_DU:Rotation-VelLastSectorAct 2022-11-18 08:49:47.928521 10.5266  
TARGET_DU:Rotation-VelAct      2022-11-18 08:49:47.960479 10.6251  
TARGET_DU:Rotation-TorqueAct   2022-11-18 08:49:47.970505 -0.3  
TARGET_DU:Rotation-VelLastSectorAct 2022-11-18 08:49:48.028621 10.4424  
TARGET_DU:Rotation-VelAct      2022-11-18 08:49:48.078768 10.4749  
TARGET_DU:Rotation-VelLastSectorAct 2022-11-18 08:49:48.078781 10.3605  
TARGET_DU:Rotation-VelAct      2022-11-18 08:49:48.178570 10.7324  
TARGET_DU:Rotation-VelLastSectorAct 2022-11-18 08:49:48.178582 10.2781  
TARGET_DU:Rotation-VelLastSectorAct 2022-11-18 08:49:48.228647 10.1976  
TARGET_DU:Rotation-VelAct      2022-11-18 08:49:48.264703 10.1531  
TARGET_DU:Rotation-VelLastSectorAct 2022-11-18 08:49:48.328502 10.1152  
TARGET_DU:Rotation-VelAct      2022-11-18 08:49:48.378733 9.9814  
TARGET_DU:Rotation-VelLastSectorAct 2022-11-18 08:49:48.378747 10.034  
TARGET_DU:Rotation-VelLastSectorAct 2022-11-18 08:49:48.428628 9.95353  
TARGET_DU:Rotation-VelAct      2022-11-18 08:49:48.460493 10.0207  
TARGET_DU:Rotation-VelLastSectorAct 2022-11-18 08:49:48.528768 9.87303  
TARGET_DU:Rotation-VelAct      2022-11-18 08:49:48.578708 9.8133  
TARGET_DU:Rotation-VelLastSectorAct 2022-11-18 08:49:48.578717 9.79183  
TARGET_DU:Rotation-VelAct      2022-11-18 08:49:48.676560 9.7561  
TARGET_DU:Rotation-VelLastSectorAct 2022-11-18 08:49:48.678453 9.7111  
TARGET_DU:Rotation-VelLastSectorAct 2022-11-18 08:49:48.728642 9.63247  
TARGET_DU:Rotation-VelAct      2022-11-18 08:49:48.765056 9.9528  
TARGET_DU:Rotation-VelLastSectorAct 2022-11-18 08:49:48.828494 9.55243  
TARGET_DU:Rotation-VelAct      2022-11-18 08:49:48.878563 9.5093  
TARGET_DU:Rotation-VelLastSectorAct 2022-11-18 08:49:48.878573 9.47497  
TARGET_DU:Rotation-VelLastSectorAct 2022-11-18 08:49:48.928669 9.39493  
TARGET_DU:Rotation-VelAct      2022-11-18 08:49:48.960539 9.3842  
TARGET_DU:Rotation-TorqueAct   2022-11-18 08:49:48.970611 -0.1  
TARGET_DU:Rotation-VelLastSectorAct 2022-11-18 08:49:49.028765 9.31677  
TARGET_DU:Rotation-VelAct      2022-11-18 08:49:49.078956 9.4628  
TARGET_DU:Rotation-VelLastSectorAct 2022-11-18 08:49:49.078967 9.2414  
TARGET_DU:Rotation-VelAct      2022-11-18 08:49:49.178630 9.3341  
TARGET_DU:Rotation-VelLastSectorAct 2022-11-18 08:49:49.178683 9.16417  
TARGET_DU:Rotation-VelLastSectorAct 2022-11-18 08:49:49.228515 9.08577  
TARGET_DU:Rotation-VelAct      2022-11-18 08:49:49.264871 9.191  
TARGET_DU:Rotation-VelLastSectorAct 2022-11-18 08:49:49.328522 9.00923  
TARGET_DU:Rotation-VelAct      2022-11-18 08:49:49.364704 8.9121  
TARGET_DU:Rotation-VelLastSectorAct 2022-11-18 08:49:49.378711 8.93153  
TARGET_DU:Rotation-VelLastSectorAct 2022-11-18 08:49:49.428739 8.85593  
TARGET_DU:Rotation-VelAct      2022-11-18 08:49:49.460565 8.8084  
TARGET_DU:Rotation-TorqueAct   2022-11-18 08:49:49.470600 0.1  
TARGET_DU:Rotation-VelLastSectorAct 2022-11-18 08:49:49.528680 8.77987  
TARGET_DU:Rotation-VelAct      2022-11-18 08:49:49.578739 8.769  
TARGET_DU:Rotation-VelLastSectorAct 2022-11-18 08:49:49.578752 8.70427  
TARGET_DU:Rotation-VelAct      2022-11-18 08:49:49.678663 8.5509  
TARGET_DU:Rotation-VelLastSectorAct 2022-11-18 08:49:49.678752 8.62797  
TARGET_DU:Rotation-VelLastSectorAct 2022-11-18 08:49:49.728670 8.5547  
TARGET_DU:Rotation-VelAct      2022-11-18 08:49:49.764836 8.5258  
TARGET_DU:Rotation-VelLastSectorAct 2022-11-18 08:49:49.828885 8.47863  
TARGET_DU:Rotation-VelAct      2022-11-18 08:49:49.878677 8.533  
TARGET_DU:Rotation-VelLastSectorAct 2022-11-18 08:49:49.878695 8.4049  
TARGET_DU:Rotation-VelLastSectorAct 2022-11-18 08:49:49.928699 8.33  
TARGET_DU:Rotation-VelAct      2022-11-18 08:49:49.960620 8.3935  
TARGET_DU:Rotation-TorqueAct   2022-11-18 08:49:49.970646 -0.2  
TARGET_DU:Rotation-TempAct     2022-11-18 08:49:49.980704 40.9  
TARGET_DU:Rotation-VelLastSectorAct 2022-11-18 08:49:50.028759 8.25487  
TARGET_DU:Rotation-VelAct      2022-11-18 08:49:50.078969 8.2934  
TARGET_DU:Rotation-VelLastSectorAct 2022-11-18 08:49:50.079035 8.18207  
TARGET_DU:Rotation-VelAct      2022-11-18 08:49:50.176784 8.136  
TARGET_DU:Rotation-VelLastSectorAct 2022-11-18 08:49:50.178603 8.10787  
TARGET_DU:Rotation-VelLastSectorAct 2022-11-18 08:49:50.228838 8.0353  
TARGET_DU:Rotation-VelAct      2022-11-18 08:49:50.264938 8.0287  
TARGET_DU:Rotation-VelLastSectorAct 2022-11-18 08:49:50.329663 7.96203  
TARGET_DU:Rotation-VelAct      2022-11-18 08:49:50.378699 7.9358  
TARGET_DU:Rotation-VelLastSectorAct 2022-11-18 08:49:50.378795 7.88993  
TARGET_DU:Rotation-VelLastSectorAct 2022-11-18 08:49:50.428746 7.81737  
TARGET_DU:Rotation-VelAct      2022-11-18 08:49:50.460805 7.8678  
TARGET_DU:Rotation-TorqueAct   2022-11-18 08:49:50.470766 0.1  
TARGET_DU:Rotation-VelLastSectorAct 2022-11-18 08:49:50.530155 7.74573  
TARGET_DU:Rotation-VelAct      2022-11-18 08:49:50.579986 7.7999  
TARGET_DU:Rotation-VelLastSectorAct 2022-11-18 08:49:50.580004 7.67363  
TARGET_DU:Rotation-VelAct      2022-11-18 08:49:50.678723 7.5781  
TARGET_DU:Rotation-VelLastSectorAct 2022-11-18 08:49:50.678749 7.6006  
TARGET_DU:Rotation-VelLastSectorAct 2022-11-18 08:49:50.728861 7.5299  
TARGET_DU:Rotation-VelAct      2022-11-18 08:49:50.764943 7.503  
TARGET_DU:Rotation-VelLastSectorAct 2022-11-18 08:49:50.828671 7.45897  
TARGET_DU:Rotation-VelAct      2022-11-18 08:49:50.864867 7.4387  
TARGET_DU:Rotation-VelLastSectorAct 2022-11-18 08:49:50.878753 7.38757  
TARGET_DU:Rotation-VelLastSectorAct 2022-11-18 08:49:50.929771 7.3178  
TARGET_DU:Rotation-VelAct      2022-11-18 08:49:50.960826 7.2062  
TARGET_DU:Rotation-TorqueAct   2022-11-18 08:49:50.970728 -0.2  
TARGET_DU:Rotation-VelLastSectorAct 2022-11-18 08:49:51.028948 7.24827  
TARGET_DU:Rotation-VelAct      2022-11-18 08:49:51.080013 7.4029  
TARGET_DU:Rotation-VelLastSectorAct 2022-11-18 08:49:51.080074 7.17803  
TARGET_DU:Rotation-VelAct      2022-11-18 08:49:51.179863 7.2062  
TARGET_DU:Rotation-VelLastSectorAct 2022-11-18 08:49:51.179874 7.10803  
TARGET_DU:Rotation-VelLastSectorAct 2022-11-18 08:49:51.228713 7.03943  
TARGET_DU:Rotation-VelAct      2022-11-18 08:49:51.265258 6.9129  
TARGET_DU:Rotation-VelLastSectorAct 2022-11-18 08:49:51.329740 6.97013  
TARGET_DU:Rotation-VelAct      2022-11-18 08:49:51.374797 6.9773  
TARGET_DU:Rotation-VelLastSectorAct 2022-11-18 08:49:51.378692 6.9013  
TARGET_DU:Rotation-VelLastSectorAct 2022-11-18 08:49:51.429859 6.83223  
TARGET_DU:Rotation-VelAct      2022-11-18 08:49:51.460797 6.8951  
TARGET_DU:Rotation-VelLastSectorAct 2022-11-18 08:49:51.528997 6.76457  
TARGET_DU:Rotation-VelAct      2022-11-18 08:49:51.578963 6.7198  
TARGET_DU:Rotation-VelLastSectorAct 2022-11-18 08:49:51.578976 6.69643  
TARGET_DU:Rotation-VelAct      2022-11-18 08:49:51.678961 6.5768  
TARGET_DU:Rotation-VelLastSectorAct 2022-11-18 08:49:51.678974 6.62993  
TARGET_DU:Rotation-VelLastSectorAct 2022-11-18 08:49:51.728837 6.56203  
TARGET_DU:Rotation-VelAct      2022-11-18 08:49:51.765081 6.6447  
TARGET_DU:Rotation-VelLastSectorAct 2022-11-18 08:49:51.828807 6.49437  
TARGET_DU:Rotation-VelAct      2022-11-18 08:49:51.879810 6.609  
TARGET_DU:Rotation-VelLastSectorAct 2022-11-18 08:49:51.879829 6.42693  
TARGET_DU:Rotation-VelLastSectorAct 2022-11-18 08:49:51.929818 6.36067  
TARGET_DU:Rotation-VelAct      2022-11-18 08:49:51.960996 6.3586  
TARGET_DU:Rotation-TorqueAct   2022-11-18 08:49:51.971874 0  
TARGET_DU:Rotation-VelLastSectorAct 2022-11-18 08:49:52.028953 6.29463  
TARGET_DU:Rotation-VelAct      2022-11-18 08:49:52.079026 6.2048  
TARGET_DU:Rotation-VelLastSectorAct 2022-11-18 08:49:52.079053 6.22907  
TARGET_DU:Rotation-VelAct      2022-11-18 08:49:52.177015 6.3765  
TARGET_DU:Rotation-VelLastSectorAct 2022-11-18 08:49:52.178849 6.16373  
TARGET_DU:Rotation-VelLastSectorAct 2022-11-18 08:49:52.229044 6.09957  
TARGET_DU:Rotation-VelAct      2022-11-18 08:49:52.265173 6.1011  
TARGET_DU:Rotation-VelLastSectorAct 2022-11-18 08:49:52.328778 6.03447  
TARGET_DU:Rotation-VelAct      2022-11-18 08:49:52.378880 5.9545  
TARGET_DU:Rotation-VelLastSectorAct 2022-11-18 08:49:52.378927 5.9682  
TARGET_DU:Rotation-VelLastSectorAct 2022-11-18 08:49:52.429948 5.90473  
TARGET_DU:Rotation-VelAct      2022-11-18 08:49:52.460875 5.9652  
TARGET_DU:Rotation-VelLastSectorAct 2022-11-18 08:49:52.529753 5.8429  
TARGET_DU:Rotation-VelAct      2022-11-18 08:49:52.580095 5.8472  
TARGET_DU:Rotation-VelLastSectorAct 2022-11-18 08:49:52.580105 5.7771  
TARGET_DU:Rotation-VelAct      2022-11-18 08:49:52.678968 5.722  
TARGET_DU:Rotation-VelLastSectorAct 2022-11-18 08:49:52.678980 5.7127  
TARGET_DU:Rotation-VelLastSectorAct 2022-11-18 08:49:52.730261 5.64993  
TARGET_DU:Rotation-VelAct      2022-11-18 08:49:52.765186 5.5218  
TARGET_DU:Rotation-VelLastSectorAct 2022-11-18 08:49:52.830188 5.58717  
TARGET_DU:Rotation-VelAct      2022-11-18 08:49:52.879340 5.579  
TARGET_DU:Rotation-VelLastSectorAct 2022-11-18 08:49:52.879379 5.52393  
TARGET_DU:Rotation-VelLastSectorAct 2022-11-18 08:49:52.928329 5.4614  
TARGET_DU:Rotation-VelAct      2022-11-18 08:49:52.961659 5.5683  
TARGET_DU:Rotation-TorqueAct   2022-11-18 08:49:52.971318 0.2  
TARGET_DU:Rotation-VelLastSectorAct 2022-11-18 08:49:53.029710 5.39863  
TARGET_DU:Rotation-VelAct      2022-11-18 08:49:53.078469 5.3537  
TARGET_DU:Rotation-VelLastSectorAct 2022-11-18 08:49:53.078481 5.33703  
TARGET_DU:Rotation-VelAct      2022-11-18 08:49:53.179181 5.3215  
TARGET_DU:Rotation-VelLastSectorAct 2022-11-18 08:49:53.179216 5.27427  
TARGET_DU:Rotation-VelLastSectorAct 2022-11-18 08:49:53.228525 5.2136  
TARGET_DU:Rotation-VelAct      2022-11-18 08:49:53.264575 5.2857  
TARGET_DU:Rotation-VelLastSectorAct 2022-11-18 08:49:53.328423 5.152  
TARGET_DU:Rotation-VelAct      2022-11-18 08:49:53.378362 5.1141  
TARGET_DU:Rotation-VelLastSectorAct 2022-11-18 08:49:53.378499 5.09133  
TARGET_DU:Rotation-VelLastSectorAct 2022-11-18 08:49:53.428451 5.03043  
TARGET_DU:Rotation-VelAct      2022-11-18 08:49:53.460678 5.0998  
TARGET_DU:Rotation-TorqueAct   2022-11-18 08:49:53.470345 0  
TARGET_DU:Rotation-VelLastSectorAct 2022-11-18 08:49:53.528419 4.96907  
TARGET_DU:Rotation-VelAct      2022-11-18 08:49:53.578575 5.0783  
TARGET_DU:Rotation-VelLastSectorAct 2022-11-18 08:49:53.578607 4.90887  
TARGET_DU:Rotation-VelAct      2022-11-18 08:49:53.678500 4.8065  
TARGET_DU:Rotation-VelLastSectorAct 2022-11-18 08:49:53.678519 4.8489  
TARGET_DU:Rotation-VelLastSectorAct 2022-11-18 08:49:53.728443 4.78917  
TARGET_DU:Rotation-VelAct      2022-11-18 08:49:53.764519 4.6813  
TARGET_DU:Rotation-VelLastSectorAct 2022-11-18 08:49:53.828231 4.72967  
TARGET_DU:Rotation-VelAct      2022-11-18 08:49:53.878401 4.8065  
TARGET_DU:Rotation-VelLastSectorAct 2022-11-18 08:49:53.878432 4.6704  
TARGET_DU:Rotation-VelLastSectorAct 2022-11-18 08:49:53.928525 4.61137  
TARGET_DU:Rotation-VelAct      2022-11-18 08:49:53.960281 4.735  
TARGET_DU:Rotation-VelLastSectorAct 2022-11-18 08:49:54.028548 4.5542  
TARGET_DU:Rotation-VelAct      2022-11-18 08:49:54.078692 4.5204  
TARGET_DU:Rotation-VelLastSectorAct 2022-11-18 08:49:54.078702 4.4954  
TARGET_DU:Rotation-VelAct      2022-11-18 08:49:54.178403 4.524  
TARGET_DU:Rotation-VelLastSectorAct 2022-11-18 08:49:54.178447 4.4387  
TARGET_DU:Rotation-VelLastSectorAct 2022-11-18 08:49:54.228501 4.3792  
TARGET_DU:Rotation-VelAct      2022-11-18 08:49:54.264590 4.3881  
TARGET_DU:Rotation-VelLastSectorAct 2022-11-18 08:49:54.328374 4.3218  
TARGET_DU:Rotation-VelAct      2022-11-18 08:49:54.374280 4.4882  
TARGET_DU:Rotation-VelLastSectorAct 2022-11-18 08:49:54.378391 4.2651  
TARGET_DU:Rotation-VelLastSectorAct 2022-11-18 08:49:54.428376 4.20957  
TARGET_DU:Rotation-VelAct      2022-11-18 08:49:54.460427 4.1556  
TARGET_DU:Rotation-TorqueAct   2022-11-18 08:49:54.470329 -0.2  
TARGET_DU:Rotation-VelLastSectorAct 2022-11-18 08:49:54.528521 4.15193  
TARGET_DU:Rotation-VelAct      2022-11-18 08:49:54.578497 4.2379  
TARGET_DU:Rotation-VelLastSectorAct 2022-11-18 08:49:54.578509 4.09663  
TARGET_DU:Rotation-VelAct      2022-11-18 08:49:54.678823 3.8874  
TARGET_DU:Rotation-VelLastSectorAct 2022-11-18 08:49:54.678833 4.04017  
TARGET_DU:Rotation-VelLastSectorAct 2022-11-18 08:49:54.728420 3.98417  
TARGET_DU:Rotation-VelAct      2022-11-18 08:49:54.764468 4.0627  
TARGET_DU:Rotation-VelLastSectorAct 2022-11-18 08:49:54.828363 3.92933  
TARGET_DU:Rotation-VelAct      2022-11-18 08:49:54.878327 3.8052  
TARGET_DU:Rotation-VelLastSectorAct 2022-11-18 08:49:54.878342 3.87427  
TARGET_DU:Rotation-VelLastSectorAct 2022-11-18 08:49:54.928410 3.81873  
TARGET_DU:Rotation-VelAct      2022-11-18 08:49:54.960405 3.9053  
TARGET_DU:Rotation-TorqueAct   2022-11-18 08:49:54.970354 0  
TARGET_DU:Rotation-VelLastSectorAct 2022-11-18 08:49:55.028484 3.76343  
TARGET_DU:Rotation-VelAct      2022-11-18 08:49:55.078604 3.6693  
TARGET_DU:Rotation-VelLastSectorAct 2022-11-18 08:49:55.078623 3.7093  
TARGET_DU:Rotation-VelAct      2022-11-18 08:49:55.178306 3.705  
TARGET_DU:Rotation-VelLastSectorAct 2022-11-18 08:49:55.178317 3.65423  
TARGET_DU:Rotation-VelLastSectorAct 2022-11-18 08:49:55.228416 3.6022  
TARGET_DU:Rotation-VelAct      2022-11-18 08:49:55.264585 3.68  
TARGET_DU:Rotation-VelLastSectorAct 2022-11-18 08:49:55.328316 3.54783  
TARGET_DU:Rotation-VelAct      2022-11-18 08:49:55.378402 3.5298  
TARGET_DU:Rotation-VelLastSectorAct 2022-11-18 08:49:55.378431 3.49277  
TARGET_DU:Rotation-VelLastSectorAct 2022-11-18 08:49:55.428530 3.44143  
TARGET_DU:Rotation-VelAct      2022-11-18 08:49:55.460326 3.3903  
TARGET_DU:Rotation-TorqueAct   2022-11-18 08:49:55.470368 0.2  
TARGET_DU:Rotation-VelLastSectorAct 2022-11-18 08:49:55.528776 3.3859  
TARGET_DU:Rotation-VelAct      2022-11-18 08:49:55.579695 3.3724  
TARGET_DU:Rotation-VelLastSectorAct 2022-11-18 08:49:55.579929 3.33457  
TARGET_DU:Rotation-VelAct      2022-11-18 08:49:55.678431 3.2258  
TARGET_DU:Rotation-VelLastSectorAct 2022-11-18 08:49:55.678511 3.28183  
TARGET_DU:Rotation-VelLastSectorAct 2022-11-18 08:49:55.728269 3.22957  
TARGET_DU:Rotation-VelAct      2022-11-18 08:49:55.764737 3.2616  
TARGET_DU:Rotation-VelLastSectorAct 2022-11-18 08:49:55.828421 3.17753  
TARGET_DU:Rotation-VelAct      2022-11-18 08:49:55.864495 3.2294  
TARGET_DU:Rotation-VelLastSectorAct 2022-11-18 08:49:55.878399 3.12643  
TARGET_DU:Rotation-VelLastSectorAct 2022-11-18 08:49:55.928390 3.07417  
TARGET_DU:Rotation-VelAct      2022-11-18 08:49:55.960481 3.0649  
TARGET_DU:Rotation-TorqueAct   2022-11-18 08:49:55.970260 0.1  
TARGET_DU:Rotation-TempAct     2022-11-18 08:49:55.980391 40.8  
TARGET_DU:Rotation-VelLastSectorAct 2022-11-18 08:49:56.028839 3.02213  
TARGET_DU:Rotation-VelAct      2022-11-18 08:49:56.078544 3.1185  
TARGET_DU:Rotation-VelLastSectorAct 2022-11-18 08:49:56.078595 2.97173  
TARGET_DU:Rotation-VelAct      2022-11-18 08:49:56.178614 2.8718  
TARGET_DU:Rotation-VelLastSectorAct 2022-11-18 08:49:56.178624 2.9218  
TARGET_DU:Rotation-VelLastSectorAct 2022-11-18 08:49:56.228334 2.87093  
TARGET_DU:Rotation-VelAct      2022-11-18 08:49:56.264524 2.9862  
TARGET_DU:Rotation-VelLastSectorAct 2022-11-18 08:49:56.328349 2.82287  
TARGET_DU:Rotation-VelAct      2022-11-18 08:49:56.378355 2.8896  
TARGET_DU:Rotation-VelLastSectorAct 2022-11-18 08:49:56.378400 2.77223  
TARGET_DU:Rotation-VelLastSectorAct 2022-11-18 08:49:56.428568 2.723  
TARGET_DU:Rotation-VelAct      2022-11-18 08:49:56.460429 2.7001  
TARGET_DU:Rotation-TorqueAct   2022-11-18 08:49:56.470433 -0.1  
TARGET_DU:Rotation-VelLastSectorAct 2022-11-18 08:49:56.528474 2.67657  
TARGET_DU:Rotation-VelAct      2022-11-18 08:49:56.578735 2.6822  
TARGET_DU:Rotation-VelLastSectorAct 2022-11-18 08:49:56.578745 2.6264  
TARGET_DU:Rotation-VelAct      2022-11-18 08:49:56.678452 2.557  
TARGET_DU:Rotation-VelLastSectorAct 2022-11-18 08:49:56.678467 2.57833  
TARGET_DU:Rotation-VelLastSectorAct 2022-11-18 08:49:56.728538 2.53003  
TARGET_DU:Rotation-VelAct      2022-11-18 08:49:56.764661 2.5678  
TARGET_DU:Rotation-VelLastSectorAct 2022-11-18 08:49:56.828281 2.4822  
TARGET_DU:Rotation-VelAct      2022-11-18 08:49:56.878588 2.4498  
TARGET_DU:Rotation-VelLastSectorAct 2022-11-18 08:49:56.878600 2.4353  
TARGET_DU:Rotation-VelLastSectorAct 2022-11-18 08:49:56.928480 2.38723  
TARGET_DU:Rotation-VelAct      2022-11-18 08:49:56.960328 2.4712  
TARGET_DU:Rotation-TorqueAct   2022-11-18 08:49:56.970424 0  
TARGET_DU:Rotation-VelLastSectorAct 2022-11-18 08:49:57.028646 2.3408  
TARGET_DU:Rotation-VelAct      2022-11-18 08:49:57.078838 2.2817  
TARGET_DU:Rotation-VelLastSectorAct 2022-11-18 08:49:57.078867 2.29413  
TARGET_DU:Rotation-VelAct      2022-11-18 08:49:57.176502 2.2781  
TARGET_DU:Rotation-VelLastSectorAct 2022-11-18 08:49:57.178389 2.24793  
TARGET_DU:Rotation-VelLastSectorAct 2022-11-18 08:49:57.228443 2.2029  
TARGET_DU:Rotation-VelAct      2022-11-18 08:49:57.264613 2.3603  
TARGET_DU:Rotation-VelLastSectorAct 2022-11-18 08:49:57.328409 2.15693  
TARGET_DU:Rotation-VelAct      2022-11-18 08:49:57.378393 2.1386  
TARGET_DU:Rotation-VelLastSectorAct 2022-11-18 08:49:57.378405 2.1119  
TARGET_DU:Rotation-VelLastSectorAct 2022-11-18 08:49:57.428378 2.0664  
TARGET_DU:Rotation-VelAct      2022-11-18 08:49:57.460460 2.0814  
TARGET_DU:Rotation-TorqueAct   2022-11-18 08:49:57.470384 0.1  
TARGET_DU:Rotation-VelLastSectorAct 2022-11-18 08:49:57.528567 2.02137  
TARGET_DU:Rotation-VelAct      2022-11-18 08:49:57.578467 1.9991  
TARGET_DU:Rotation-VelLastSectorAct 2022-11-18 08:49:57.578477 1.9775  
TARGET_DU:Rotation-VelAct      2022-11-18 08:49:57.678418 1.9169  
TARGET_DU:Rotation-VelLastSectorAct 2022-11-18 08:49:57.678431 1.93247  
TARGET_DU:Rotation-VelLastSectorAct 2022-11-18 08:49:57.728437 1.8893  
TARGET_DU:Rotation-VelAct      2022-11-18 08:49:57.764585 1.7202  
TARGET_DU:Rotation-VelLastSectorAct 2022-11-18 08:49:57.828332 1.84613  
TARGET_DU:Rotation-VelAct      2022-11-18 08:49:57.878368 1.8919  
TARGET_DU:Rotation-VelLastSectorAct 2022-11-18 08:49:57.878381 1.8018  
TARGET_DU:Rotation-VelLastSectorAct 2022-11-18 08:49:57.928540 1.7584  
TARGET_DU:Rotation-VelAct      2022-11-18 08:49:57.960408 1.8311  
TARGET_DU:Rotation-TorqueAct   2022-11-18 08:49:57.970463 0  
TARGET_DU:Rotation-VelLastSectorAct 2022-11-18 08:49:58.028673 1.71617  
TARGET_DU:Rotation-VelAct      2022-11-18 08:49:58.078643 1.6594  
TARGET_DU:Rotation-VelLastSectorAct 2022-11-18 08:49:58.078652 1.67277  
TARGET_DU:Rotation-VelAct      2022-11-18 08:49:58.178407 1.7631  
TARGET_DU:Rotation-VelLastSectorAct 2022-11-18 08:49:58.178597 1.63147  
TARGET_DU:Rotation-VelLastSectorAct 2022-11-18 08:49:58.228529 1.58923  
TARGET_DU:Rotation-VelAct      2022-11-18 08:49:58.264686 1.4949  
TARGET_DU:Rotation-VelLastSectorAct 2022-11-18 08:49:58.328346 1.54747  
TARGET_DU:Rotation-VelAct      2022-11-18 08:49:58.378483 1.6737  
TARGET_DU:Rotation-VelLastSectorAct 2022-11-18 08:49:58.378517 1.50687  
TARGET_DU:Rotation-VelLastSectorAct 2022-11-18 08:49:58.428410 1.46487  
TARGET_DU:Rotation-VelAct      2022-11-18 08:49:58.460340 1.3804  
TARGET_DU:Rotation-TorqueAct   2022-11-18 08:49:58.470407 -0.1  
TARGET_DU:Rotation-VelLastSectorAct 2022-11-18 08:49:58.528565 1.42497  
TARGET_DU:Rotation-VelAct      2022-11-18 08:49:58.578712 1.4091  
TARGET_DU:Rotation-VelLastSectorAct 2022-11-18 08:49:58.578721 1.38483  
TARGET_DU:Rotation-VelAct      2022-11-18 08:49:58.678542 1.2088  
TARGET_DU:Rotation-VelLastSectorAct 2022-11-18 08:49:58.678558 1.34423  
TARGET_DU:Rotation-VelLastSectorAct 2022-11-18 08:49:58.728576 1.30457  
TARGET_DU:Rotation-VelAct      2022-11-18 08:49:58.764720 1.0943  
TARGET_DU:Rotation-VelLastSectorAct 2022-11-18 08:49:58.828421 1.26653  
TARGET_DU:Rotation-VelAct      2022-11-18 08:49:58.878350 1.3411  
TARGET_DU:Rotation-VelLastSectorAct 2022-11-18 08:49:58.878458 1.22617  
TARGET_DU:Rotation-VelLastSectorAct 2022-11-18 08:49:58.929564 1.1879  
TARGET_DU:Rotation-VelAct      2022-11-18 08:49:58.960655 1.4055  
TARGET_DU:Rotation-TorqueAct   2022-11-18 08:49:58.970404 0.1  
TARGET_DU:Rotation-VelLastSectorAct 2022-11-18 08:49:59.028533 1.1487  
TARGET_DU:Rotation-VelAct      2022-11-18 08:49:59.078618 1.1516  
TARGET_DU:Rotation-VelLastSectorAct 2022-11-18 08:49:59.078655 1.10857  
TARGET_DU:Rotation-VelAct      2022-11-18 08:49:59.178446 1.1873  
TARGET_DU:Rotation-VelLastSectorAct 2022-11-18 08:49:59.178492 1.07147  
TARGET_DU:Rotation-VelLastSectorAct 2022-11-18 08:49:59.228702 1.0311  
TARGET_DU:Rotation-VelAct      2022-11-18 08:49:59.264878 1.0586  
TARGET_DU:Rotation-VelLastSectorAct 2022-11-18 08:49:59.328357 0.9919  
TARGET_DU:Rotation-VelAct      2022-11-18 08:49:59.378620 1.1587  
TARGET_DU:Rotation-VelLastSectorAct 2022-11-18 08:49:59.378653 0.952467  
TARGET_DU:Rotation-VelLastSectorAct 2022-11-18 08:49:59.428646 0.915133  
TARGET_DU:Rotation-VelAct      2022-11-18 08:49:59.460432 0.9155  
TARGET_DU:Rotation-VelLastSectorAct 2022-11-18 08:49:59.528930 0.875233  
TARGET_DU:Rotation-VelAct      2022-11-18 08:49:59.578748 0.9263  
TARGET_DU:Rotation-VelLastSectorAct 2022-11-18 08:49:59.578814 0.836733  
TARGET_DU:Rotation-VelAct      2022-11-18 08:49:59.678718 0.6902  
TARGET_DU:Rotation-VelLastSectorAct 2022-11-18 08:49:59.678731 0.7966  
TARGET_DU:Rotation-VelLastSectorAct 2022-11-18 08:49:59.728520 0.759267  
TARGET_DU:Rotation-VelAct      2022-11-18 08:49:59.764733 0.9441  
TARGET_DU:Rotation-VelLastSectorAct 2022-11-18 08:49:59.828440 0.721  
TARGET_DU:Rotation-VelAct      2022-11-18 08:49:59.878667 0.5329  
TARGET_DU:Rotation-VelLastSectorAct 2022-11-18 08:49:59.878694 0.682033  
TARGET_DU:Rotation-VelLastSectorAct 2022-11-18 08:49:59.928692 0.6433  
TARGET_DU:Rotation-VelAct      2022-11-18 08:49:59.960517 0.6974  
TARGET_DU:Rotation-TorqueAct   2022-11-18 08:49:59.970570 0  
TARGET_DU:Rotation-VelLastSectorAct 2022-11-18 08:50:00.028861 0.605033  
TARGET_DU:Rotation-VelAct      2022-11-18 08:50:00.078915 0.5007  
TARGET_DU:Rotation-VelLastSectorAct 2022-11-18 08:50:00.078927 0.565833  
TARGET_DU:Rotation-VelAct      2022-11-18 08:50:00.178513 0.2682  
TARGET_DU:Rotation-VelLastSectorAct 2022-11-18 08:50:00.178532 0.526867  
TARGET_DU:Rotation-VelLastSectorAct 2022-11-18 08:50:00.228645 0.490233  
TARGET_DU:Rotation-VelAct      2022-11-18 08:50:00.264758 0.4327  
TARGET_DU:Rotation-VelLastSectorAct 2022-11-18 08:50:00.328448 0.4501  
TARGET_DU:Rotation-VelAct      2022-11-18 08:50:00.378641 0.4864  
TARGET_DU:Rotation-VelLastSectorAct 2022-11-18 08:50:00.378671 0.410433  
TARGET_DU:Rotation-VelLastSectorAct 2022-11-18 08:50:00.428576 0.367733  
TARGET_DU:Rotation-VelAct      2022-11-18 08:50:00.460544 0.4184  
TARGET_DU:Rotation-TempAct     2022-11-18 08:50:00.480616 40.7  
TARGET_DU:Rotation-VelLastSectorAct 2022-11-18 08:50:00.529141 0.325033  
TARGET_DU:Rotation-VelAct      2022-11-18 08:50:00.578838 0.1645  
TARGET_DU:Rotation-VelLastSectorAct 2022-11-18 08:50:00.578859 0.2793  
TARGET_DU:Rotation-VelAct      2022-11-18 08:50:00.678833 0.2003  
TARGET_DU:Rotation-VelLastSectorAct 2022-11-18 08:50:00.678951 0.232633  
TARGET_DU:Rotation-VelLastSectorAct 2022-11-18 08:50:00.728710 0.184567  
TARGET_DU:Rotation-VelAct      2022-11-18 08:50:00.764658 0.3111  
TARGET_DU:Rotation-VelLastSectorAct 2022-11-18 08:50:00.828613 0.132767  
TARGET_DU:Rotation-VelAct      2022-11-18 08:50:00.866545 0.0644  
TARGET_DU:Rotation-VelLastSectorAct 2022-11-18 08:50:00.878562 0.0802667  
TARGET_DU:Rotation-VelLastSectorAct 2022-11-18 08:50:00.928611 0.0263667  
TARGET_DU:Rotation-VelAct      2022-11-18 08:50:00.960650 0.0072  
TARGET_DU:Rotation-TorqueAct   2022-11-18 08:50:00.970589 0.1  
TARGET_DU:Rotation-VelLastSectorAct 2022-11-18 08:50:01.028972 -0.0158667  
TARGET_DU:Rotation-VelAct      2022-11-18 08:50:01.078787 -0.0286  
TARGET_DU:Rotation-VelLastSectorAct 2022-11-18 08:50:01.078948 -0.0375667  
TARGET_DU:Rotation-VelAct      2022-11-18 08:50:01.178733 0.0072  
TARGET_DU:Rotation-VelLastSectorAct 2022-11-18 08:50:01.178748 -0.0408333  
TARGET_DU:Rotation-VelLastSectorAct 2022-11-18 08:50:01.228717 -0.0324333  
TARGET_DU:Rotation-VelAct      2022-11-18 08:50:01.264790 -0.0894  
TARGET_DU:Rotation-VelLastSectorAct 2022-11-18 08:50:01.328513 -0.0186667  
TARGET_DU:Rotation-VelAct      2022-11-18 08:50:01.378636 0.0572  
TARGET_DU:Rotation-VelLastSectorAct 2022-11-18 08:50:01.378649 -0.00303333  
TARGET_DU:Rotation-VelLastSectorAct 2022-11-18 08:50:01.428786 0.0084  
TARGET_DU:Rotation-VelAct      2022-11-18 08:50:01.460626 -0.1895  
TARGET_DU:Rotation-TorqueAct   2022-11-18 08:50:01.470664 0  
TARGET_DU:Rotation-VelLastSectorAct 2022-11-18 08:50:01.528817 0.0112  
TARGET_DU:Rotation-VelAct      2022-11-18 08:50:01.578830 0.093  
TARGET_DU:Rotation-VelLastSectorAct 2022-11-18 08:50:01.578840 0.0063  
