
Sensor 4

3mm
IOC_TEST:ec0-s2-EL3174_0to10V-AI4 2022-04-20 10:37:19.454618 3.18802  
IOC_TEST:ec0-s2-EL3174_0to10V-AI4 2022-04-20 10:37:19.554620 3.1885  
IOC_TEST:ec0-s2-EL3174_0to10V-AI4 2022-04-20 10:37:19.654617 3.18802  
IOC_TEST:ec0-s2-EL3174_0to10V-AI4 2022-04-20 10:37:19.754616 3.18898  
IOC_TEST:ec0-s2-EL3174_0to10V-AI4 2022-04-20 10:37:19.854615 3.18802  
IOC_TEST:ec0-s2-EL3174_0to10V-AI4 2022-04-20 10:37:19.954618 3.1885  
IOC_TEST:ec0-s2-EL3174_0to10V-AI4 2022-04-20 10:37:20.054619 3.18994  
IOC_TEST:ec0-s2-EL3174_0to10V-AI4 2022-04-20 10:37:20.154617 3.1885  
IOC_TEST:ec0-s2-EL3174_0to10V-AI4 2022-04-20 10:37:20.254616 3.18802  
IOC_TEST:ec0-s2-EL3174_0to10V-AI4 2022-04-20 10:37:20.354615 3.18898  
IOC_TEST:ec0-s2-EL3174_0to10V-AI4 2022-04-20 10:37:20.454660 3.1885  
IOC_TEST:ec0-s2-EL3174_0to10V-AI4 2022-04-20 10:37:20.654618 3.18898  
IOC_TEST:ec0-s2-EL3174_0to10V-AI4 2022-04-20 10:37:20.754614 3.1885  
IOC_TEST:ec0-s2-EL3174_0to10V-AI4 2022-04-20 10:37:20.854614 3.18802  
IOC_TEST:ec0-s2-EL3174_0to10V-AI4 2022-04-20 10:37:20.954615 3.18755  
IOC_TEST:ec0-s2-EL3174_0to10V-AI4 2022-04-20 10:37:21.054618 3.18898  
IOC_TEST:ec0-s2-EL3174_0to10V-AI4 2022-04-20 10:37:21.154617 3.18946  
IOC_TEST:ec0-s2-EL3174_0to10V-AI4 2022-04-20 10:37:21.254619 3.1885  
IOC_TEST:ec0-s2-EL3174_0to10V-AI4 2022-04-20 10:37:21.354617 3.18898  
IOC_TEST:ec0-s2-EL3174_0to10V-AI4 2022-04-20 10:37:21.754617 3.1885  
IOC_TEST:ec0-s2-EL3174_0to10V-AI4 2022-04-20 10:37:21.854618 3.1875

6mm
IOC_TEST:ec0-s2-EL3174_0to10V-AI4 2022-04-20 10:37:31.454617 6.13372  
IOC_TEST:ec0-s2-EL3174_0to10V-AI4 2022-04-20 10:37:31.554615 6.13242  
IOC_TEST:ec0-s2-EL3174_0to10V-AI4 2022-04-20 10:37:31.654616 6.13826  
IOC_TEST:ec0-s2-EL3174_0to10V-AI4 2022-04-20 10:37:31.754617 6.13437  
IOC_TEST:ec0-s2-EL3174_0to10V-AI4 2022-04-20 10:37:31.854614 6.13502  
IOC_TEST:ec0-s2-EL3174_0to10V-AI4 2022-04-20 10:37:32.054614 6.13307  
IOC_TEST:ec0-s2-EL3174_0to10V-AI4 2022-04-20 10:37:32.154616 6.13631  
IOC_TEST:ec0-s2-EL3174_0to10V-AI4 2022-04-20 10:37:32.254618 6.13437  
IOC_TEST:ec0-s2-EL3174_0to10V-AI4 2022-04-20 10:37:32.554617 6.13372  
IOC_TEST:ec0-s2-EL3174_0to10V-AI4 2022-04-20 10:37:32.654617 6.13502  
IOC_TEST:ec0-s2-EL3174_0to10V-AI4 2022-04-20 10:37:32.754621 6.13437  
IOC_TEST:ec0-s2-EL3174_0to10V-AI4 2022-04-20 10:37:32.854617 6.13696  
IOC_TEST:ec0-s2-EL3174_0to10V-AI4 2022-04-20 10:37:32.954617 6.13372  
IOC_TEST:ec0-s2-EL3174_0to10V-AI4 2022-04-20 10:37:33.254617 6.13437  
IOC_TEST:ec0-s2-EL3174_0to10V-AI4 2022-04-20 10:37:33.554617 6.13631  
IOC_TEST:ec0-s2-EL3174_0to10V-AI4 2022-04-20 10:37:33.654618 6.13372  
IOC_TEST:ec0-s2-EL3174_0to10V-AI4 2022-04-20 10:37:33.754614 6.13437  
IOC_TEST:ec0-s2-EL3174_0to10V-AI4 2022-04-20 10:37:33.854617 6.13372  
IOC_TEST:ec0-s2-EL3174_0to10V-AI4 2022-04-20 10:37:34.154618 6.13631  
IOC_TEST:ec0-s2-EL3174_0to10V-AI4 2022-04-20 10:37:34.254617 6.13307  
IOC_TEST:ec0-s2-EL3174_0to10V-AI4 2022-04-20 10:37:34.354617 6.13372  

9mm
IOC_TEST:ec0-s2-EL3174_0to10V-AI4 2022-04-20 10:37:51.354616 9.13333  
IOC_TEST:ec0-s2-EL3174_0to10V-AI4 2022-04-20 10:37:51.454617 9.134  
IOC_TEST:ec0-s2-EL3174_0to10V-AI4 2022-04-20 10:37:51.554615 9.13333  
IOC_TEST:ec0-s2-EL3174_0to10V-AI4 2022-04-20 10:37:51.654614 9.13467  
IOC_TEST:ec0-s2-EL3174_0to10V-AI4 2022-04-20 10:37:51.754614 9.134  
IOC_TEST:ec0-s2-EL3174_0to10V-AI4 2022-04-20 10:37:51.954614 9.13333  
IOC_TEST:ec0-s2-EL3174_0to10V-AI4 2022-04-20 10:37:52.254617 9.134  
IOC_TEST:ec0-s2-EL3174_0to10V-AI4 2022-04-20 10:37:52.354614 9.13333  
IOC_TEST:ec0-s2-EL3174_0to10V-AI4 2022-04-20 10:37:52.554616 9.13467  
IOC_TEST:ec0-s2-EL3174_0to10V-AI4 2022-04-20 10:37:52.754618 9.13266  
IOC_TEST:ec0-s2-EL3174_0to10V-AI4 2022-04-20 10:37:52.854614 9.13333  
IOC_TEST:ec0-s2-EL3174_0to10V-AI4 2022-04-20 10:37:52.954614 9.13467  
IOC_TEST:ec0-s2-EL3174_0to10V-AI4 2022-04-20 10:37:53.054615 9.13266  
IOC_TEST:ec0-s2-EL3174_0to10V-AI4 2022-04-20 10:37:53.254617 9.134  
IOC_TEST:ec0-s2-EL3174_0to10V-AI4 2022-04-20 10:37:53.354615 9.13333  
IOC_TEST:ec0-s2-EL3174_0to10V-AI4 2022-04-20 10:37:53.454614 9.13467  
IOC_TEST:ec0-s2-EL3174_0to10V-AI4 2022-04-20 10:37:53.654618 9.13333  
IOC_TEST:ec0-s2-EL3174_0to10V-AI4 2022-04-20 10:37:53.754615 9.134  
IOC_TEST:ec0-s2-EL3174_0to10V-AI4 2022-04-20 10:37:53.854614 9.13467  

12mm
IOC_TEST:ec0-s2-EL3174_0to10V-AI4 2022-04-20 10:38:05.854617 12.2709  
IOC_TEST:ec0-s2-EL3174_0to10V-AI4 2022-04-20 10:38:05.954618 12.2723  
IOC_TEST:ec0-s2-EL3174_0to10V-AI4 2022-04-20 10:38:06.054614 12.2709  
IOC_TEST:ec0-s2-EL3174_0to10V-AI4 2022-04-20 10:38:06.154617 12.2752  
IOC_TEST:ec0-s2-EL3174_0to10V-AI4 2022-04-20 10:38:06.254620 12.2723  
IOC_TEST:ec0-s2-EL3174_0to10V-AI4 2022-04-20 10:38:06.354617 12.2709  
IOC_TEST:ec0-s2-EL3174_0to10V-AI4 2022-04-20 10:38:06.554620 12.2723  
IOC_TEST:ec0-s2-EL3174_0to10V-AI4 2022-04-20 10:38:06.654615 12.2716  
IOC_TEST:ec0-s2-EL3174_0to10V-AI4 2022-04-20 10:38:06.854615 12.2723  
IOC_TEST:ec0-s2-EL3174_0to10V-AI4 2022-04-20 10:38:07.054614 12.2709  
IOC_TEST:ec0-s2-EL3174_0to10V-AI4 2022-04-20 10:38:07.154617 12.2702  
IOC_TEST:ec0-s2-EL3174_0to10V-AI4 2022-04-20 10:38:07.254618 12.2709  
IOC_TEST:ec0-s2-EL3174_0to10V-AI4 2022-04-20 10:38:07.354617 12.2738  
IOC_TEST:ec0-s2-EL3174_0to10V-AI4 2022-04-20 10:38:07.454618 12.2716  
IOC_TEST:ec0-s2-EL3174_0to10V-AI4 2022-04-20 10:38:07.554617 12.2723  
IOC_TEST:ec0-s2-EL3174_0to10V-AI4 2022-04-20 10:38:07.754617 12.2716  
IOC_TEST:ec0-s2-EL3174_0to10V-AI4 2022-04-20 10:38:07.854616 12.2723  
IOC_TEST:ec0-s2-EL3174_0to10V-AI4 2022-04-20 10:38:07.954617 12.2738  
IOC_TEST:ec0-s2-EL3174_0to10V-AI4 2022-04-20 10:38:08.054618 12.2723  
IOC_TEST:ec0-s2-EL3174_0to10V-AI4 2022-04-20 10:38:08.154617 12.2738  
IOC_TEST:ec0-s2-EL3174_0to10V-AI4 2022-04-20 10:38:08.254618 12.2709  
IOC_TEST:ec0-s2-EL3174_0to10V-AI4 2022-04-20 10:38:08.354618 12.2723  

15mm
IOC_TEST:ec0-s2-EL3174_0to10V-AI4 2022-04-20 10:38:24.454618 15.3556  
IOC_TEST:ec0-s2-EL3174_0to10V-AI4 2022-04-20 10:38:24.554614 15.351  
IOC_TEST:ec0-s2-EL3174_0to10V-AI4 2022-04-20 10:38:24.754616 15.3544  
IOC_TEST:ec0-s2-EL3174_0to10V-AI4 2022-04-20 10:38:24.854614 15.3521  
IOC_TEST:ec0-s2-EL3174_0to10V-AI4 2022-04-20 10:38:24.954614 15.3533  
IOC_TEST:ec0-s2-EL3174_0to10V-AI4 2022-04-20 10:38:25.054617 15.3544  
IOC_TEST:ec0-s2-EL3174_0to10V-AI4 2022-04-20 10:38:25.254617 15.3556  
IOC_TEST:ec0-s2-EL3174_0to10V-AI4 2022-04-20 10:38:25.354617 15.3544  
IOC_TEST:ec0-s2-EL3174_0to10V-AI4 2022-04-20 10:38:25.454614 15.3533  
IOC_TEST:ec0-s2-EL3174_0to10V-AI4 2022-04-20 10:38:25.554616 15.3556  
IOC_TEST:ec0-s2-EL3174_0to10V-AI4 2022-04-20 10:38:25.654617 15.3544  
IOC_TEST:ec0-s2-EL3174_0to10V-AI4 2022-04-20 10:38:25.754614 15.3556  
IOC_TEST:ec0-s2-EL3174_0to10V-AI4 2022-04-20 10:38:25.854614 15.3544  
IOC_TEST:ec0-s2-EL3174_0to10V-AI4 2022-04-20 10:38:25.954614 15.3556  
IOC_TEST:ec0-s2-EL3174_0to10V-AI4 2022-04-20 10:38:26.054614 15.3544  
IOC_TEST:ec0-s2-EL3174_0to10V-AI4 2022-04-20 10:38:26.254617 15.3533  
IOC_TEST:ec0-s2-EL3174_0to10V-AI4 2022-04-20 10:38:26.354617 15.3556  
IOC_TEST:ec0-s2-EL3174_0to10V-AI4 2022-04-20 10:38:26.454614 15.3544  
IOC_TEST:ec0-s2-EL3174_0to10V-AI4 2022-04-20 10:38:26.554614 15.3533  
IOC_TEST:ec0-s2-EL3174_0to10V-AI4 2022-04-20 10:38:26.754617 15.3567  
IOC_TEST:ec0-s2-EL3174_0to10V-AI4 2022-04-20 10:38:26.854614 15.3533  


18mm
IOC_TEST:ec0-s2-EL3174_0to10V-AI4 2022-04-20 10:38:38.554643 18.3051  
IOC_TEST:ec0-s2-EL3174_0to10V-AI4 2022-04-20 10:38:38.654617 18.2961  
IOC_TEST:ec0-s2-EL3174_0to10V-AI4 2022-04-20 10:38:38.754614 18.2991  
IOC_TEST:ec0-s2-EL3174_0to10V-AI4 2022-04-20 10:38:39.054616 18.2961  
IOC_TEST:ec0-s2-EL3174_0to10V-AI4 2022-04-20 10:38:39.154614 18.2991  
IOC_TEST:ec0-s2-EL3174_0to10V-AI4 2022-04-20 10:38:39.254617 18.2961  
IOC_TEST:ec0-s2-EL3174_0to10V-AI4 2022-04-20 10:38:39.354614 18.2991  
IOC_TEST:ec0-s2-EL3174_0to10V-AI4 2022-04-20 10:38:39.454614 18.2961  
IOC_TEST:ec0-s2-EL3174_0to10V-AI4 2022-04-20 10:38:39.754616 18.2991  
IOC_TEST:ec0-s2-EL3174_0to10V-AI4 2022-04-20 10:38:39.854614 18.2961  
IOC_TEST:ec0-s2-EL3174_0to10V-AI4 2022-04-20 10:38:40.054616 18.2991  
IOC_TEST:ec0-s2-EL3174_0to10V-AI4 2022-04-20 10:38:40.154617 18.2961  
IOC_TEST:ec0-s2-EL3174_0to10V-AI4 2022-04-20 10:38:40.254616 18.2991  
IOC_TEST:ec0-s2-EL3174_0to10V-AI4 2022-04-20 10:38:40.354617 18.2931  
IOC_TEST:ec0-s2-EL3174_0to10V-AI4 2022-04-20 10:38:40.654617 18.2991  
IOC_TEST:ec0-s2-EL3174_0to10V-AI4 2022-04-20 10:38:40.754614 18.2931  
IOC_TEST:ec0-s2-EL3174_0to10V-AI4 2022-04-20 10:38:41.054617 18.2991  
IOC_TEST:ec0-s2-EL3174_0to10V-AI4 2022-04-20 10:38:41.154617 18.2961  
IOC_TEST:ec0-s2-EL3174_0to10V-AI4 2022-04-20 10:38:41.254667 18.2991  
IOC_TEST:ec0-s2-EL3174_0to10V-AI4 2022-04-20 10:38:41.354617 18.3021 

21mm
IOC_TEST:ec0-s2-EL3174_0to10V-AI4 2022-04-20 10:38:53.854615 20.9473 SOFT MAJOR
IOC_TEST:ec0-s2-EL3174_0to10V-AI4 2022-04-20 10:38:53.954617 20.9503 SOFT MAJOR
IOC_TEST:ec0-s2-EL3174_0to10V-AI4 2022-04-20 10:38:54.054616 20.9443 SOFT MAJOR
IOC_TEST:ec0-s2-EL3174_0to10V-AI4 2022-04-20 10:38:54.254618 20.9414 SOFT MAJOR
IOC_TEST:ec0-s2-EL3174_0to10V-AI4 2022-04-20 10:38:54.354614 20.9503 SOFT MAJOR
IOC_TEST:ec0-s2-EL3174_0to10V-AI4 2022-04-20 10:38:54.454614 20.9473 SOFT MAJOR
IOC_TEST:ec0-s2-EL3174_0to10V-AI4 2022-04-20 10:38:54.654617 20.9503 SOFT MAJOR
IOC_TEST:ec0-s2-EL3174_0to10V-AI4 2022-04-20 10:38:54.954617 20.9384 SOFT MAJOR
IOC_TEST:ec0-s2-EL3174_0to10V-AI4 2022-04-20 10:38:55.054614 20.9592 SOFT MAJOR
IOC_TEST:ec0-s2-EL3174_0to10V-AI4 2022-04-20 10:38:55.154614 20.9473 SOFT MAJOR
IOC_TEST:ec0-s2-EL3174_0to10V-AI4 2022-04-20 10:38:55.354617 20.9503 SOFT MAJOR
IOC_TEST:ec0-s2-EL3174_0to10V-AI4 2022-04-20 10:38:55.454614 20.9443 SOFT MAJOR
IOC_TEST:ec0-s2-EL3174_0to10V-AI4 2022-04-20 10:38:55.754617 20.9473 SOFT MAJOR
IOC_TEST:ec0-s2-EL3174_0to10V-AI4 2022-04-20 10:38:55.854617 20.9503 SOFT MAJOR
IOC_TEST:ec0-s2-EL3174_0to10V-AI4 2022-04-20 10:38:55.954615 20.9473 SOFT MAJOR
IOC_TEST:ec0-s2-EL3174_0to10V-AI4 2022-04-20 10:38:56.054614 20.9503 SOFT MAJOR
IOC_TEST:ec0-s2-EL3174_0to10V-AI4 2022-04-20 10:38:56.154617 20.9443 SOFT MAJOR
IOC_TEST:ec0-s2-EL3174_0to10V-AI4 2022-04-20 10:38:56.254617 20.9414 SOFT MAJOR
IOC_TEST:ec0-s2-EL3174_0to10V-AI4 2022-04-20 10:38:56.354648 20.9533 SOFT MAJOR
IOC_TEST:ec0-s2-EL3174_0to10V-AI4 2022-04-20 10:38:56.454614 20.9503 SOFT MAJOR
IOC_TEST:ec0-s2-EL3174_0to10V-AI4 2022-04-20 10:38:56.654616 20.9443 SOFT MAJOR
IOC_TEST:ec0-s2-EL3174_0to10V-AI4 2022-04-20 10:38:56.754614 20.9414 SOFT MAJOR


