
Sensor 3 

3mm
IOC_TEST:ec0-s2-EL3174_0to10V-AI3 2022-04-20 10:31:48.754617 3.1136  
IOC_TEST:ec0-s2-EL3174_0to10V-AI3 2022-04-20 10:31:48.854614 3.11321  
IOC_TEST:ec0-s2-EL3174_0to10V-AI3 2022-04-20 10:31:49.054616 3.11205  
IOC_TEST:ec0-s2-EL3174_0to10V-AI3 2022-04-20 10:31:49.154617 3.1136  
IOC_TEST:ec0-s2-EL3174_0to10V-AI3 2022-04-20 10:31:49.254616 3.11321  
IOC_TEST:ec0-s2-EL3174_0to10V-AI3 2022-04-20 10:31:49.354615 3.11205  
IOC_TEST:ec0-s2-EL3174_0to10V-AI3 2022-04-20 10:31:49.454615 3.11321  
IOC_TEST:ec0-s2-EL3174_0to10V-AI3 2022-04-20 10:31:49.554615 3.11283  
IOC_TEST:ec0-s2-EL3174_0to10V-AI3 2022-04-20 10:31:49.654617 3.11399  
IOC_TEST:ec0-s2-EL3174_0to10V-AI3 2022-04-20 10:31:49.754616 3.1136  
IOC_TEST:ec0-s2-EL3174_0to10V-AI3 2022-04-20 10:31:49.854617 3.11321  
IOC_TEST:ec0-s2-EL3174_0to10V-AI3 2022-04-20 10:31:49.954616 3.1136  


6mm
IOC_TEST:ec0-s2-EL3174_0to10V-AI3 2022-04-20 10:32:10.754616 6.10822  
IOC_TEST:ec0-s2-EL3174_0to10V-AI3 2022-04-20 10:32:10.954616 6.10922  
IOC_TEST:ec0-s2-EL3174_0to10V-AI3 2022-04-20 10:32:11.054618 6.10771  
IOC_TEST:ec0-s2-EL3174_0to10V-AI3 2022-04-20 10:32:11.154617 6.10922  
IOC_TEST:ec0-s2-EL3174_0to10V-AI3 2022-04-20 10:32:11.354616 6.10872  
IOC_TEST:ec0-s2-EL3174_0to10V-AI3 2022-04-20 10:32:11.454617 6.10721  
IOC_TEST:ec0-s2-EL3174_0to10V-AI3 2022-04-20 10:32:11.554617 6.10872  
IOC_TEST:ec0-s2-EL3174_0to10V-AI3 2022-04-20 10:32:11.654618 6.11022  
IOC_TEST:ec0-s2-EL3174_0to10V-AI3 2022-04-20 10:32:11.754616 6.10822  
IOC_TEST:ec0-s2-EL3174_0to10V-AI3 2022-04-20 10:32:11.854617 6.11022  
IOC_TEST:ec0-s2-EL3174_0to10V-AI3 2022-04-20 10:32:11.954617 6.10822  
IOC_TEST:ec0-s2-EL3174_0to10V-AI3 2022-04-20 10:32:12.154617 6.10771  
IOC_TEST:ec0-s2-EL3174_0to10V-AI3 2022-04-20 10:32:12.254618 6.10721  
IOC_TEST:ec0-s2-EL3174_0to10V-AI3 2022-04-20 10:32:12.354617 6.10872  
IOC_TEST:ec0-s2-EL3174_0to10V-AI3 2022-04-20 10:32:12.554617 6.10822  
IOC_TEST:ec0-s2-EL3174_0to10V-AI3 2022-04-20 10:32:12.754617 6.10771 

9mm
IOC_TEST:ec0-s2-EL3174_0to10V-AI3 2022-04-20 10:32:24.654616 9.07842  
IOC_TEST:ec0-s2-EL3174_0to10V-AI3 2022-04-20 10:32:24.754614 9.03374  
IOC_TEST:ec0-s2-EL3174_0to10V-AI3 2022-04-20 10:32:24.854614 8.88094  
IOC_TEST:ec0-s2-EL3174_0to10V-AI3 2022-04-20 10:32:24.954614 8.98813  
IOC_TEST:ec0-s2-EL3174_0to10V-AI3 2022-04-20 10:32:25.054614 9.10449  
IOC_TEST:ec0-s2-EL3174_0to10V-AI3 2022-04-20 10:32:25.154614 9.05236  
IOC_TEST:ec0-s2-EL3174_0to10V-AI3 2022-04-20 10:32:25.254617 8.92225  
IOC_TEST:ec0-s2-EL3174_0to10V-AI3 2022-04-20 10:32:25.354614 8.90081  
IOC_TEST:ec0-s2-EL3174_0to10V-AI3 2022-04-20 10:32:25.454614 9.03747  
IOC_TEST:ec0-s2-EL3174_0to10V-AI3 2022-04-20 10:32:25.554614 9.08438  
IOC_TEST:ec0-s2-EL3174_0to10V-AI3 2022-04-20 10:32:25.654614 8.91127  
IOC_TEST:ec0-s2-EL3174_0to10V-AI3 2022-04-20 10:32:25.754614 8.95519  
IOC_TEST:ec0-s2-EL3174_0to10V-AI3 2022-04-20 10:32:25.854617 9.11045  
IOC_TEST:ec0-s2-EL3174_0to10V-AI3 2022-04-20 10:32:25.954617 8.90604  
IOC_TEST:ec0-s2-EL3174_0to10V-AI3 2022-04-20 10:32:26.054614 9.01066  
IOC_TEST:ec0-s2-EL3174_0to10V-AI3 2022-04-20 10:32:26.154617 9.0047  
IOC_TEST:ec0-s2-EL3174_0to10V-AI3 2022-04-20 10:32:26.254617 8.91754  
IOC_TEST:ec0-s2-EL3174_0to10V-AI3 2022-04-20 10:32:26.354614 9.0613  
IOC_TEST:ec0-s2-EL3174_0to10V-AI3 2022-04-20 10:32:26.454614 8.9714  
IOC_TEST:ec0-s2-EL3174_0to10V-AI3 2022-04-20 10:32:26.554614 8.89088  
IOC_TEST:ec0-s2-EL3174_0to10V-AI3 2022-04-20 10:32:26.654614 8.99807  
IOC_TEST:ec0-s2-EL3174_0to10V-AI3 2022-04-20 10:32:26.754615 9.11343  
IOC_TEST:ec0-s2-EL3174_0to10V-AI3 2022-04-20 10:32:26.854614 9.04268  
IOC_TEST:ec0-s2-EL3174_0to10V-AI3 2022-04-20 10:32:26.954614 8.89558  
IOC_TEST:ec0-s2-EL3174_0to10V-AI3 2022-04-20 10:32:27.054614 8.90186  
IOC_TEST:ec0-s2-EL3174_0to10V-AI3 2022-04-20 10:32:27.154614 8.985  
IOC_TEST:ec0-s2-EL3174_0to10V-AI3 2022-04-20 10:32:27.254617 9.07396  
IOC_TEST:ec0-s2-EL3174_0to10V-AI3 2022-04-20 10:32:27.354614 9.09108  
IOC_TEST:ec0-s2-EL3174_0to10V-AI3 2022-04-20 10:32:27.454614 9.10672  
IOC_TEST:ec0-s2-EL3174_0to10V-AI3 2022-04-20 10:32:27.554665 9.07396  
IOC_TEST:ec0-s2-EL3174_0to10V-AI3 2022-04-20 10:32:27.654617 9.04044  
IOC_TEST:ec0-s2-EL3174_0to10V-AI3 2022-04-20 10:32:27.754614 9.01363  
IOC_TEST:ec0-s2-EL3174_0to10V-AI3 2022-04-20 10:32:27.854614 9.0047

12mm
IOC_TEST:ec0-s2-EL3174_0to10V-AI3 2022-04-20 10:32:50.154614 11.964  
IOC_TEST:ec0-s2-EL3174_0to10V-AI3 2022-04-20 10:32:50.254619 11.605  
IOC_TEST:ec0-s2-EL3174_0to10V-AI3 2022-04-20 10:32:50.354617 11.9031  
IOC_TEST:ec0-s2-EL3174_0to10V-AI3 2022-04-20 10:32:50.454616 11.8871  
IOC_TEST:ec0-s2-EL3174_0to10V-AI3 2022-04-20 10:32:50.554616 11.6092  
IOC_TEST:ec0-s2-EL3174_0to10V-AI3 2022-04-20 10:32:50.654619 11.9629  
IOC_TEST:ec0-s2-EL3174_0to10V-AI3 2022-04-20 10:32:50.754614 12.0213  
IOC_TEST:ec0-s2-EL3174_0to10V-AI3 2022-04-20 10:32:50.854615 11.6124  
IOC_TEST:ec0-s2-EL3174_0to10V-AI3 2022-04-20 10:32:50.954614 11.8977  
IOC_TEST:ec0-s2-EL3174_0to10V-AI3 2022-04-20 10:32:51.054614 11.9512  
IOC_TEST:ec0-s2-EL3174_0to10V-AI3 2022-04-20 10:32:51.154615 11.6723  
IOC_TEST:ec0-s2-EL3174_0to10V-AI3 2022-04-20 10:32:51.254618 11.9747  
IOC_TEST:ec0-s2-EL3174_0to10V-AI3 2022-04-20 10:32:51.354617 11.6466  
IOC_TEST:ec0-s2-EL3174_0to10V-AI3 2022-04-20 10:32:51.454615 12.1002  
IOC_TEST:ec0-s2-EL3174_0to10V-AI3 2022-04-20 10:32:51.554617 11.6434  
IOC_TEST:ec0-s2-EL3174_0to10V-AI3 2022-04-20 10:32:51.654617 11.8561  
IOC_TEST:ec0-s2-EL3174_0to10V-AI3 2022-04-20 10:32:51.754615 11.9063  
IOC_TEST:ec0-s2-EL3174_0to10V-AI3 2022-04-20 10:32:51.854614 11.7845  
IOC_TEST:ec0-s2-EL3174_0to10V-AI3 2022-04-20 10:32:51.954614 11.7161  
IOC_TEST:ec0-s2-EL3174_0to10V-AI3 2022-04-20 10:32:52.054615 12.0675  
IOC_TEST:ec0-s2-EL3174_0to10V-AI3 2022-04-20 10:32:52.154614 11.6018  
IOC_TEST:ec0-s2-EL3174_0to10V-AI3 2022-04-20 10:32:52.254617 11.8785

15mm
IOC_TEST:ec0-s2-EL3174_0to10V-AI3 2022-04-20 10:33:07.754617 14.1254  
IOC_TEST:ec0-s2-EL3174_0to10V-AI3 2022-04-20 10:33:07.854616 14.5701  
IOC_TEST:ec0-s2-EL3174_0to10V-AI3 2022-04-20 10:33:07.954664 14.1441  
IOC_TEST:ec0-s2-EL3174_0to10V-AI3 2022-04-20 10:33:08.054614 14.3735  
IOC_TEST:ec0-s2-EL3174_0to10V-AI3 2022-04-20 10:33:08.154615 14.2962  
IOC_TEST:ec0-s2-EL3174_0to10V-AI3 2022-04-20 10:33:08.254617 14.4203  
IOC_TEST:ec0-s2-EL3174_0to10V-AI3 2022-04-20 10:33:08.354614 14.2377  
IOC_TEST:ec0-s2-EL3174_0to10V-AI3 2022-04-20 10:33:08.454614 14.315  
IOC_TEST:ec0-s2-EL3174_0to10V-AI3 2022-04-20 10:33:08.554614 14.446  
IOC_TEST:ec0-s2-EL3174_0to10V-AI3 2022-04-20 10:33:08.654614 14.1301  
IOC_TEST:ec0-s2-EL3174_0to10V-AI3 2022-04-20 10:33:08.754617 14.5841  
IOC_TEST:ec0-s2-EL3174_0to10V-AI3 2022-04-20 10:33:08.854617 14.0669  
IOC_TEST:ec0-s2-EL3174_0to10V-AI3 2022-04-20 10:33:08.954617 14.5022  
IOC_TEST:ec0-s2-EL3174_0to10V-AI3 2022-04-20 10:33:09.054614 14.1769  
IOC_TEST:ec0-s2-EL3174_0to10V-AI3 2022-04-20 10:33:09.154614 14.4624  
IOC_TEST:ec0-s2-EL3174_0to10V-AI3 2022-04-20 10:33:09.254619 14.1652  
IOC_TEST:ec0-s2-EL3174_0to10V-AI3 2022-04-20 10:33:09.354614 14.4624  
IOC_TEST:ec0-s2-EL3174_0to10V-AI3 2022-04-20 10:33:09.454614 14.1488  
IOC_TEST:ec0-s2-EL3174_0to10V-AI3 2022-04-20 10:33:09.554615 14.4999  
IOC_TEST:ec0-s2-EL3174_0to10V-AI3 2022-04-20 10:33:09.654617 14.1301  
IOC_TEST:ec0-s2-EL3174_0to10V-AI3 2022-04-20 10:33:09.754615 14.5186  
IOC_TEST:ec0-s2-EL3174_0to10V-AI3 2022-04-20 10:33:09.854615 14.0645  
IOC_TEST:ec0-s2-EL3174_0to10V-AI3 2022-04-20 10:33:09.954614 14.5771  
IOC_TEST:ec0-s2-EL3174_0to10V-AI3 2022-04-20 10:33:10.054616 14.0739  
IOC_TEST:ec0-s2-EL3174_0to10V-AI3 2022-04-20 10:33:10.154615 14.535  


