
Sensor 1

3mm
IOC_TEST:ec0-s2-EL3174_0to10V-AI1 2022-04-20 10:35:58.654617 2.97127  
IOC_TEST:ec0-s2-EL3174_0to10V-AI1 2022-04-20 10:35:58.854617 2.97199  
IOC_TEST:ec0-s2-EL3174_0to10V-AI1 2022-04-20 10:35:58.954643 2.97163  
IOC_TEST:ec0-s2-EL3174_0to10V-AI1 2022-04-20 10:35:59.154617 2.97056  
IOC_TEST:ec0-s2-EL3174_0to10V-AI1 2022-04-20 10:35:59.254618 2.97127  
IOC_TEST:ec0-s2-EL3174_0to10V-AI1 2022-04-20 10:35:59.354617 2.97163  
IOC_TEST:ec0-s2-EL3174_0to10V-AI1 2022-04-20 10:35:59.554618 2.97127  
IOC_TEST:ec0-s2-EL3174_0to10V-AI1 2022-04-20 10:35:59.654667 2.97056  
IOC_TEST:ec0-s2-EL3174_0to10V-AI1 2022-04-20 10:35:59.754617 2.97199  
IOC_TEST:ec0-s2-EL3174_0to10V-AI1 2022-04-20 10:35:59.854617 2.97127  
IOC_TEST:ec0-s2-EL3174_0to10V-AI1 2022-04-20 10:35:59.954617 2.97056  
IOC_TEST:ec0-s2-EL3174_0to10V-AI1 2022-04-20 10:36:00.154617 2.97021  
IOC_TEST:ec0-s2-EL3174_0to10V-AI1 2022-04-20 10:36:00.254618 2.96985  
IOC_TEST:ec0-s2-EL3174_0to10V-AI1 2022-04-20 10:36:00.354617 2.97021  
IOC_TEST:ec0-s2-EL3174_0to10V-AI1 2022-04-20 10:36:00.454616 2.97056 

6mm
IOC_TEST:ec0-s2-EL3174_0to10V-AI1 2022-04-20 10:36:11.954617 5.97159  
IOC_TEST:ec0-s2-EL3174_0to10V-AI1 2022-04-20 10:36:12.054617 5.97066  
IOC_TEST:ec0-s2-EL3174_0to10V-AI1 2022-04-20 10:36:12.154617 5.97159  
IOC_TEST:ec0-s2-EL3174_0to10V-AI1 2022-04-20 10:36:12.254618 5.97066  
IOC_TEST:ec0-s2-EL3174_0to10V-AI1 2022-04-20 10:36:12.354614 5.97205  
IOC_TEST:ec0-s2-EL3174_0to10V-AI1 2022-04-20 10:36:12.554616 5.97159  
IOC_TEST:ec0-s2-EL3174_0to10V-AI1 2022-04-20 10:36:12.654617 5.97205  
IOC_TEST:ec0-s2-EL3174_0to10V-AI1 2022-04-20 10:36:12.754614 5.97159  
IOC_TEST:ec0-s2-EL3174_0to10V-AI1 2022-04-20 10:36:12.854614 5.97066  
IOC_TEST:ec0-s2-EL3174_0to10V-AI1 2022-04-20 10:36:12.954614 5.97252  
IOC_TEST:ec0-s2-EL3174_0to10V-AI1 2022-04-20 10:36:13.054614 5.97205  
IOC_TEST:ec0-s2-EL3174_0to10V-AI1 2022-04-20 10:36:13.254618 5.97252  
IOC_TEST:ec0-s2-EL3174_0to10V-AI1 2022-04-20 10:36:13.454617 5.97159  
IOC_TEST:ec0-s2-EL3174_0to10V-AI1 2022-04-20 10:36:13.554616 5.97205  
IOC_TEST:ec0-s2-EL3174_0to10V-AI1 2022-04-20 10:36:14.054617 5.97159  
IOC_TEST:ec0-s2-EL3174_0to10V-AI1 2022-04-20 10:36:14.154617 5.97252

9mm
IOC_TEST:ec0-s2-EL3174_0to10V-AI1 2022-04-20 10:36:26.254617 8.99311  
IOC_TEST:ec0-s2-EL3174_0to10V-AI1 2022-04-20 10:36:26.354617 8.99202  
IOC_TEST:ec0-s2-EL3174_0to10V-AI1 2022-04-20 10:36:26.454617 8.99256  
IOC_TEST:ec0-s2-EL3174_0to10V-AI1 2022-04-20 10:36:26.554617 8.99311  
IOC_TEST:ec0-s2-EL3174_0to10V-AI1 2022-04-20 10:36:26.754617 8.99202  
IOC_TEST:ec0-s2-EL3174_0to10V-AI1 2022-04-20 10:36:26.854617 8.99311  
IOC_TEST:ec0-s2-EL3174_0to10V-AI1 2022-04-20 10:36:26.954646 8.99256  
IOC_TEST:ec0-s2-EL3174_0to10V-AI1 2022-04-20 10:36:27.154617 8.98983  
IOC_TEST:ec0-s2-EL3174_0to10V-AI1 2022-04-20 10:36:27.254617 8.98819  
IOC_TEST:ec0-s2-EL3174_0to10V-AI1 2022-04-20 10:36:27.354616 8.98655  
IOC_TEST:ec0-s2-EL3174_0to10V-AI1 2022-04-20 10:36:27.454614 8.98437  
IOC_TEST:ec0-s2-EL3174_0to10V-AI1 2022-04-20 10:36:27.654617 8.98328  
IOC_TEST:ec0-s2-EL3174_0to10V-AI1 2022-04-20 10:36:27.754614 8.98437  
IOC_TEST:ec0-s2-EL3174_0to10V-AI1 2022-04-20 10:36:27.854614 8.98546  
IOC_TEST:ec0-s2-EL3174_0to10V-AI1 2022-04-20 10:36:27.954614 8.98437  
IOC_TEST:ec0-s2-EL3174_0to10V-AI1 2022-04-20 10:36:28.054614 8.98655  
IOC_TEST:ec0-s2-EL3174_0to10V-AI1 2022-04-20 10:36:28.154617 8.9871  

12mm
IOC_TEST:ec0-s2-EL3174_0to10V-AI1 2022-04-20 10:36:38.954617 11.8332  
IOC_TEST:ec0-s2-EL3174_0to10V-AI1 2022-04-20 10:36:39.054620 11.8322  
IOC_TEST:ec0-s2-EL3174_0to10V-AI1 2022-04-20 10:36:39.154617 11.8312  
IOC_TEST:ec0-s2-EL3174_0to10V-AI1 2022-04-20 10:36:39.254618 11.8332  
IOC_TEST:ec0-s2-EL3174_0to10V-AI1 2022-04-20 10:36:39.354617 11.8438  
IOC_TEST:ec0-s2-EL3174_0to10V-AI1 2022-04-20 10:36:39.454615 11.8399  
IOC_TEST:ec0-s2-EL3174_0to10V-AI1 2022-04-20 10:36:39.554617 11.8428  
IOC_TEST:ec0-s2-EL3174_0to10V-AI1 2022-04-20 10:36:39.654615 11.8438  
IOC_TEST:ec0-s2-EL3174_0to10V-AI1 2022-04-20 10:36:39.854618 11.8399  
IOC_TEST:ec0-s2-EL3174_0to10V-AI1 2022-04-20 10:36:39.954618 11.837  
IOC_TEST:ec0-s2-EL3174_0to10V-AI1 2022-04-20 10:36:40.054671 11.8332  
IOC_TEST:ec0-s2-EL3174_0to10V-AI1 2022-04-20 10:36:40.354617 11.8322  
IOC_TEST:ec0-s2-EL3174_0to10V-AI1 2022-04-20 10:36:40.454617 11.8332  
IOC_TEST:ec0-s2-EL3174_0to10V-AI1 2022-04-20 10:36:40.554617 11.8351  
IOC_TEST:ec0-s2-EL3174_0to10V-AI1 2022-04-20 10:36:40.654616 11.836  
IOC_TEST:ec0-s2-EL3174_0to10V-AI1 2022-04-20 10:36:40.754617 11.8332  
IOC_TEST:ec0-s2-EL3174_0to10V-AI1 2022-04-20 10:36:40.854616 11.837  
IOC_TEST:ec0-s2-EL3174_0to10V-AI1 2022-04-20 10:36:40.954617 11.838  
IOC_TEST:ec0-s2-EL3174_0to10V-AI1 2022-04-20 10:36:41.054618 11.8399  

15mm
IOC_TEST:ec0-s2-EL3174_0to10V-AI1 2022-04-20 10:36:53.554617 15.0404 SOFT MAJOR
IOC_TEST:ec0-s2-EL3174_0to10V-AI1 2022-04-20 10:36:53.654617 15.118 SOFT MAJOR
IOC_TEST:ec0-s2-EL3174_0to10V-AI1 2022-04-20 10:36:53.754620 15.03 SOFT MAJOR
IOC_TEST:ec0-s2-EL3174_0to10V-AI1 2022-04-20 10:36:53.854615 15.1206 SOFT MAJOR
IOC_TEST:ec0-s2-EL3174_0to10V-AI1 2022-04-20 10:36:53.954614 15.0326 SOFT MAJOR
IOC_TEST:ec0-s2-EL3174_0to10V-AI1 2022-04-20 10:36:54.054617 15.1206 SOFT MAJOR
IOC_TEST:ec0-s2-EL3174_0to10V-AI1 2022-04-20 10:36:54.154615 15.0352 SOFT MAJOR
IOC_TEST:ec0-s2-EL3174_0to10V-AI1 2022-04-20 10:36:54.254619 15.1102 SOFT MAJOR
IOC_TEST:ec0-s2-EL3174_0to10V-AI1 2022-04-20 10:36:54.354617 15.0378 SOFT MAJOR
IOC_TEST:ec0-s2-EL3174_0to10V-AI1 2022-04-20 10:36:54.454618 15.1232 SOFT MAJOR
IOC_TEST:ec0-s2-EL3174_0to10V-AI1 2022-04-20 10:36:54.554619 15.0404 SOFT MAJOR
IOC_TEST:ec0-s2-EL3174_0to10V-AI1 2022-04-20 10:36:54.654617 15.1154 SOFT MAJOR
IOC_TEST:ec0-s2-EL3174_0to10V-AI1 2022-04-20 10:36:54.754617 15.0637 SOFT MAJOR
IOC_TEST:ec0-s2-EL3174_0to10V-AI1 2022-04-20 10:36:54.854617 15.074 SOFT MAJOR
IOC_TEST:ec0-s2-EL3174_0to10V-AI1 2022-04-20 10:36:54.954617 15.1128 SOFT MAJOR
IOC_TEST:ec0-s2-EL3174_0to10V-AI1 2022-04-20 10:36:55.054618 15.0585 SOFT MAJOR
IOC_TEST:ec0-s2-EL3174_0to10V-AI1 2022-04-20 10:36:55.154617 15.1232 SOFT MAJOR
IOC_TEST:ec0-s2-EL3174_0to10V-AI1 2022-04-20 10:36:55.254621 15.0637 SOFT MAJOR
IOC_TEST:ec0-s2-EL3174_0to10V-AI1 2022-04-20 10:36:55.354617 15.0611 SOFT MAJOR
IOC_TEST:ec0-s2-EL3174_0to10V-AI1 2022-04-20 10:36:55.454618 15.1154 SOFT MAJOR


