TARGET_DU:Rotation-VelLastSectorAct 2022-05-04 08:14:49.013788 0.7616  
TARGET_DU:Rotation-VelAct      2022-05-04 08:14:48.974611 0.819  
TARGET_DU:Rotation-Err         2022-05-04 08:12:21.372955 0  
TARGET_DU:Rotation-Drv-Stat-STOActiveCh1 2022-05-04 10:21:36.487000 0  
TARGET_DU:Rotation-Drv-Stat-STOActiveCh2 2022-05-04 10:21:36.494000 0  
TARGET_DU:Rotation-EnaAct      2022-05-04 08:14:12.372108 1  
TARGET_DU:Rotation-VelAct      2022-05-04 08:14:49.107183 0.8154  
TARGET_DU:Rotation-VelLastSectorAct 2022-05-04 08:14:49.113682 0.7268333333  
TARGET_DU:Rotation-VelLastSectorAct 2022-05-04 08:14:49.164064 0.7049  
TARGET_DU:Rotation-VelAct      2022-05-04 08:14:49.172724 0.7403  
TARGET_DU:Rotation-VelLastSectorAct 2022-05-04 08:14:49.213668 0.7693  
TARGET_DU:Rotation-VelAct      2022-05-04 08:14:49.287801 0.6974  
TARGET_DU:Rotation-VelLastSectorAct 2022-05-04 08:14:49.313732 0.8684666667  
TARGET_DU:Rotation-VelLastSectorAct 2022-05-04 08:14:49.363959 0.8138666667  
TARGET_DU:Rotation-VelAct      2022-05-04 08:14:49.400800 0.8619  
TARGET_DU:Rotation-VelLastSectorAct 2022-05-04 08:14:49.463735 0.7448  
TARGET_DU:Rotation-VelAct      2022-05-04 08:14:49.473753 0.7081  
TARGET_DU:Rotation-VelLastSectorAct 2022-05-04 08:14:49.514218 0.6983666667  
TARGET_DU:Rotation-VelAct      2022-05-04 08:14:49.607868 0.7117  
TARGET_DU:Rotation-VelLastSectorAct 2022-05-04 08:14:49.613815 0.7623  
TARGET_DU:Rotation-VelLastSectorAct 2022-05-04 08:14:49.664360 0.8939  
TARGET_DU:Rotation-VelAct      2022-05-04 08:14:49.672743 0.8154  
TARGET_DU:Rotation-VelLastSectorAct 2022-05-04 08:14:49.713728 0.8425666667  
TARGET_DU:Rotation-VelAct      2022-05-04 08:14:49.788001 0.8547  
TARGET_DU:Rotation-VelLastSectorAct 2022-05-04 08:14:49.813793 0.7457333333  
TARGET_DU:Rotation-VelLastSectorAct 2022-05-04 08:14:49.864096 0.714  
TARGET_DU:Rotation-VelAct      2022-05-04 08:14:49.933864 0.6974  
TARGET_DU:Rotation-VelLastSectorAct 2022-05-04 08:14:49.963772 0.7931  
TARGET_DU:Rotation-VelAct      2022-05-04 08:14:49.974667 0.819  
TARGET_DU:Rotation-VelLastSectorAct 2022-05-04 08:14:50.014040 0.9104666667  
IOC_TEST:PLC-VelAct            *** Not connected (PV not found)
TARGET_DU:Rotation-VelAct      2022-05-04 08:14:50.107292 0.9334  
TARGET_DU:Rotation-VelLastSectorAct 2022-05-04 08:14:50.113812 0.8491  
TARGET_DU:Rotation-VelLastSectorAct 2022-05-04 08:14:50.164452 0.7569333333  
TARGET_DU:Rotation-VelAct      2022-05-04 08:14:50.172920 0.8547  
TARGET_DU:Rotation-VelLastSectorAct 2022-05-04 08:14:50.213742 0.7345333333  
TARGET_DU:Rotation-VelAct      2022-05-04 08:14:50.287869 0.6974  
TARGET_DU:Rotation-VelLastSectorAct 2022-05-04 08:14:50.313744 0.8075666667  
TARGET_DU:Rotation-VelLastSectorAct 2022-05-04 08:14:50.363969 0.9107  
TARGET_DU:Rotation-VelAct      2022-05-04 08:14:50.401860 0.7868  
TARGET_DU:Rotation-VelLastSectorAct 2022-05-04 08:14:50.463842 0.8542333333  
TARGET_DU:Rotation-VelAct      2022-05-04 08:14:50.474960 0.9048  
TARGET_DU:Rotation-VelLastSectorAct 2022-05-04 08:14:50.514053 0.7716333333  
TARGET_DU:Rotation-VelAct      2022-05-04 08:14:50.607351 0.7296  
TARGET_DU:Rotation-VelLastSectorAct 2022-05-04 08:14:50.613820 0.7410666667  
TARGET_DU:Rotation-VelLastSectorAct 2022-05-04 08:14:50.665344 0.8325333333  
TARGET_DU:Rotation-VelAct      2022-05-04 08:14:50.673926 0.7117  
TARGET_DU:Rotation-VelLastSectorAct 2022-05-04 08:14:50.713784 0.9433666667  
TARGET_DU:Rotation-VelAct      2022-05-04 08:14:50.788009 0.8976  
TARGET_DU:Rotation-VelLastSectorAct 2022-05-04 08:14:50.813776 0.8773333333  
TARGET_DU:Rotation-VelLastSectorAct 2022-05-04 08:14:50.864241 0.7613666667  
TARGET_DU:Rotation-VelAct      2022-05-04 08:14:50.900901 0.9012  
TARGET_DU:Rotation-VelLastSectorAct 2022-05-04 08:14:50.963906 0.7396666667  
TARGET_DU:Rotation-VelAct      2022-05-04 08:14:50.974719 0.7653  
TARGET_DU:Rotation-VelLastSectorAct 2022-05-04 08:14:51.014097 0.8850333333  
TARGET_DU:Rotation-VelAct      2022-05-04 08:14:51.107218 1.0014  
TARGET_DU:Rotation-VelLastSectorAct 2022-05-04 08:14:51.113812 0.9746333333  
TARGET_DU:Rotation-VelLastSectorAct 2022-05-04 08:14:51.164404 0.8619333333  
TARGET_DU:Rotation-VelAct      2022-05-04 08:14:51.173941 1.0264  
TARGET_DU:Rotation-VelLastSectorAct 2022-05-04 08:14:51.213838 0.7242666667  
TARGET_DU:Rotation-VelAct      2022-05-04 08:14:51.288958 0.6473  
TARGET_DU:Rotation-VelLastSectorAct 2022-05-04 08:14:51.313825 0.7655666667  
TARGET_DU:Rotation-VelLastSectorAct 2022-05-04 08:14:51.364192 0.9641333333  
TARGET_DU:Rotation-VelAct      2022-05-04 08:14:51.400946 0.8011  
TARGET_DU:Rotation-VelLastSectorAct 2022-05-04 08:14:51.464892 0.9576  
TARGET_DU:Rotation-VelAct      2022-05-04 08:14:51.474715 1.0371  
TARGET_DU:Rotation-VelLastSectorAct 2022-05-04 08:14:51.514136 0.8108333333  
TARGET_DU:Rotation-VelAct      2022-05-04 08:14:51.607455 0.6652  
TARGET_DU:Rotation-VelLastSectorAct 2022-05-04 08:14:51.613906 0.7312666667  
TARGET_DU:Rotation-VelLastSectorAct 2022-05-04 08:14:51.664359 0.8624  
TARGET_DU:Rotation-VelAct      2022-05-04 08:14:51.672906 0.7045  
TARGET_DU:Rotation-VelLastSectorAct 2022-05-04 08:14:51.713926 1.022  
TARGET_DU:Rotation-VelAct      2022-05-04 08:14:51.787971 0.9763  
TARGET_DU:Rotation-VelLastSectorAct 2022-05-04 08:14:51.813836 0.9284333333  
TARGET_DU:Rotation-VelLastSectorAct 2022-05-04 08:14:51.864032 0.7746666667  
TARGET_DU:Rotation-VelAct      2022-05-04 08:14:51.900983 0.8655  
TARGET_DU:Rotation-VelLastSectorAct 2022-05-04 08:14:51.963919 0.7599666667  
TARGET_DU:Rotation-VelAct      2022-05-04 08:14:51.973998 0.7045  
TARGET_DU:Rotation-VelLastSectorAct 2022-05-04 08:14:52.014055 0.9597  
TARGET_DU:Rotation-VelAct      2022-05-04 08:14:52.107270 0.9513  
TARGET_DU:Rotation-VelLastSectorAct 2022-05-04 08:14:52.114949 1.027366667  
TARGET_DU:Rotation-VelLastSectorAct 2022-05-04 08:14:52.164343 0.8645  
TARGET_DU:Rotation-VelAct      2022-05-04 08:14:52.172991 0.9012  
TARGET_DU:Rotation-VelLastSectorAct 2022-05-04 08:14:52.213953 0.7317333333  
TARGET_DU:Rotation-VelAct      2022-05-04 08:14:52.287991 0.7725  
TARGET_DU:Rotation-VelLastSectorAct 2022-05-04 08:14:52.315449 0.8407  
TARGET_DU:Rotation-VelLastSectorAct 2022-05-04 08:14:52.365782 1.053966667  
TARGET_DU:Rotation-VelAct      2022-05-04 08:14:52.401017 0.9334  
TARGET_DU:Rotation-VelLastSectorAct 2022-05-04 08:14:52.464336 0.9874666667  
TARGET_DU:Rotation-VelAct      2022-05-04 08:14:52.473475 1.1086  
TARGET_DU:Rotation-VelLastSectorAct 2022-05-04 08:14:52.514524 0.7868  
TARGET_DU:Rotation-VelAct      2022-05-04 08:14:52.606855 0.8118  
TARGET_DU:Rotation-VelLastSectorAct 2022-05-04 08:14:52.614428 0.7546  
TARGET_DU:Rotation-VelLastSectorAct 2022-05-04 08:14:52.663863 0.9926  
TARGET_DU:Rotation-VelAct      2022-05-04 08:14:52.672409 0.8941  
TARGET_DU:Rotation-VelLastSectorAct 2022-05-04 08:14:52.713449 1.0976  
TARGET_DU:Rotation-VelAct      2022-05-04 08:14:52.787485 1.0657  
TARGET_DU:Rotation-VelLastSectorAct 2022-05-04 08:14:52.813450 0.9006666667  
TARGET_DU:Rotation-VelLastSectorAct 2022-05-04 08:14:52.863690 0.6986  
TARGET_DU:Rotation-VelAct      2022-05-04 08:14:52.900554 0.6688  
TARGET_DU:Rotation-VelLastSectorAct 2022-05-04 08:14:52.963715 0.8687  
TARGET_DU:Rotation-VelAct      2022-05-04 08:14:52.973514 0.7689  
TARGET_DU:Rotation-VelLastSectorAct 2022-05-04 08:14:53.013694 1.135866667  
TARGET_DU:Rotation-VelAct      2022-05-04 08:14:53.106739 0.9978  
TARGET_DU:Rotation-VelLastSectorAct 2022-05-04 08:14:53.113552 1.006366667  
TARGET_DU:Rotation-VelLastSectorAct 2022-05-04 08:14:53.163896 0.7275333333  
TARGET_DU:Rotation-VelAct      2022-05-04 08:14:53.172344 0.8118  
TARGET_DU:Rotation-VelLastSectorAct 2022-05-04 08:14:53.213484 0.7786333333  
TARGET_DU:Rotation-VelAct      2022-05-04 08:14:53.287815 0.819  
TARGET_DU:Rotation-VelLastSectorAct 2022-05-04 08:14:53.313395 1.115566667  
TARGET_DU:Rotation-VelAct      2022-05-04 08:14:53.400396 1.3161  
TARGET_DU:Rotation-VelLastSectorAct 2022-05-04 08:14:53.463505 0.8115333333  
TARGET_DU:Rotation-VelAct      2022-05-04 08:14:53.473611 0.8547  
TARGET_DU:Rotation-VelLastSectorAct 2022-05-04 08:14:53.513768 0.7046666667  
TARGET_DU:Rotation-VelAct      2022-05-04 08:14:53.606927 0.658  
TARGET_DU:Rotation-VelLastSectorAct 2022-05-04 08:14:53.613450 1.0423  
TARGET_DU:Rotation-VelLastSectorAct 2022-05-04 08:14:53.663937 1.205866667  
TARGET_DU:Rotation-VelAct      2022-05-04 08:14:53.672392 1.2624  
TARGET_DU:Rotation-VelLastSectorAct 2022-05-04 08:14:53.713521 0.9125666667  
TARGET_DU:Rotation-VelAct      2022-05-04 08:14:53.787548 0.8941  
TARGET_DU:Rotation-VelLastSectorAct 2022-05-04 08:14:53.813542 0.6547333333  
TARGET_DU:Rotation-VelLastSectorAct 2022-05-04 08:14:53.863797 0.9391666667  
TARGET_DU:Rotation-VelAct      2022-05-04 08:14:53.900499 0.5758  
TARGET_DU:Rotation-VelLastSectorAct 2022-05-04 08:14:53.963566 1.266533333  
TARGET_DU:Rotation-VelAct      2022-05-04 08:14:53.973524 1.2267  
TARGET_DU:Rotation-VelLastSectorAct 2022-05-04 08:14:54.013908 1.0353  
TARGET_DU:Rotation-VelAct      2022-05-04 08:14:54.106847 1.0049  
TARGET_DU:Rotation-VelLastSectorAct 2022-05-04 08:14:54.113518 0.6386333333  
TARGET_DU:Rotation-VelLastSectorAct 2022-05-04 08:14:54.163936 0.8358  
TARGET_DU:Rotation-VelAct      2022-05-04 08:14:54.172563 0.6294  
TARGET_DU:Rotation-VelLastSectorAct 2022-05-04 08:14:54.213405 1.295233333  
TARGET_DU:Rotation-VelAct      2022-05-04 08:14:54.287753 1.241  
TARGET_DU:Rotation-VelLastSectorAct 2022-05-04 08:14:54.313528 1.162  
TARGET_DU:Rotation-VelLastSectorAct 2022-05-04 08:14:54.363848 0.6547333333  
TARGET_DU:Rotation-VelAct      2022-05-04 08:14:54.400530 1.0836  
TARGET_DU:Rotation-VelLastSectorAct 2022-05-04 08:14:54.463563 0.7338333333  
TARGET_DU:Rotation-VelAct      2022-05-04 08:14:54.473597 0.658  
TARGET_DU:Rotation-VelLastSectorAct 2022-05-04 08:14:54.513713 1.287066667  
TARGET_DU:Rotation-VelAct      2022-05-04 08:14:54.606725 1.4305  
TARGET_DU:Rotation-VelLastSectorAct 2022-05-04 08:14:54.613682 1.263266667  
TARGET_DU:Rotation-VelLastSectorAct 2022-05-04 08:14:54.664098 0.6895  
TARGET_DU:Rotation-VelAct      2022-05-04 08:14:54.672478 0.9835  
TARGET_DU:Rotation-VelLastSectorAct 2022-05-04 08:14:54.713561 0.6605666667  
TARGET_DU:Rotation-VelAct      2022-05-04 08:14:54.787641 0.6151  
TARGET_DU:Rotation-VelLastSectorAct 2022-05-04 08:14:54.813425 1.276566667  
TARGET_DU:Rotation-VelLastSectorAct 2022-05-04 08:14:54.863662 1.355666667  
TARGET_DU:Rotation-VelAct      2022-05-04 08:14:54.900555 1.5593  
TARGET_DU:Rotation-VelLastSectorAct 2022-05-04 08:14:54.963454 0.7217  
TARGET_DU:Rotation-VelAct      2022-05-04 08:14:54.973639 0.8976  
TARGET_DU:Rotation-VelLastSectorAct 2022-05-04 08:14:55.013582 0.5919666667  
TARGET_DU:Rotation-VelAct      2022-05-04 08:14:55.106811 0.7474  
TARGET_DU:Rotation-VelLastSectorAct 2022-05-04 08:14:55.113473 1.266766667  
TARGET_DU:Rotation-VelLastSectorAct 2022-05-04 08:14:55.163765 1.434766667  
TARGET_DU:Rotation-VelAct      2022-05-04 08:14:55.172392 1.4484  
TARGET_DU:Rotation-VelLastSectorAct 2022-05-04 08:14:55.213547 0.7487666667  
TARGET_DU:Rotation-VelAct      2022-05-04 08:14:55.287621 0.7439  
TARGET_DU:Rotation-VelLastSectorAct 2022-05-04 08:14:55.313490 0.5355  
TARGET_DU:Rotation-VelLastSectorAct 2022-05-04 08:14:55.363839 1.261866667  
TARGET_DU:Rotation-VelAct      2022-05-04 08:14:55.400537 0.6974  
TARGET_DU:Rotation-VelLastSectorAct 2022-05-04 08:14:55.463560 1.533  
TARGET_DU:Rotation-VelAct      2022-05-04 08:14:55.473537 1.57  
TARGET_DU:Rotation-VelLastSectorAct 2022-05-04 08:14:55.513737 0.7800333333  
TARGET_DU:Rotation-VelAct      2022-05-04 08:14:55.606852 0.7474  
TARGET_DU:Rotation-VelLastSectorAct 2022-05-04 08:14:55.613571 0.4785666667  
TARGET_DU:Rotation-VelLastSectorAct 2022-05-04 08:14:55.664017 1.263966667  
TARGET_DU:Rotation-VelAct      2022-05-04 08:14:55.672513 0.8798  
TARGET_DU:Rotation-VelLastSectorAct 2022-05-04 08:14:55.713411 1.613733333  
TARGET_DU:Rotation-VelAct      2022-05-04 08:14:55.787587 1.8167  
TARGET_DU:Rotation-VelLastSectorAct 2022-05-04 08:14:55.813530 0.7879666667  
TARGET_DU:Rotation-VelLastSectorAct 2022-05-04 08:14:55.863853 0.4214  
TARGET_DU:Rotation-VelAct      2022-05-04 08:14:55.933654 0.4721  
TARGET_DU:Rotation-VelLastSectorAct 2022-05-04 08:14:55.963552 1.270966667  
TARGET_DU:Rotation-VelAct      2022-05-04 08:14:55.973560 1.0908  
TARGET_DU:Rotation-VelLastSectorAct 2022-05-04 08:14:56.013546 1.658533333  
TARGET_DU:Rotation-VelAct      2022-05-04 08:14:56.106847 1.688  
TARGET_DU:Rotation-VelLastSectorAct 2022-05-04 08:14:56.113634 0.7900666667  
TARGET_DU:Rotation-VelLastSectorAct 2022-05-04 08:14:56.163836 0.427  
TARGET_DU:Rotation-VelAct      2022-05-04 08:14:56.172362 0.2074  
TARGET_DU:Rotation-VelLastSectorAct 2022-05-04 08:14:56.213572 1.297333333  
TARGET_DU:Rotation-VelAct      2022-05-04 08:14:56.287661 1.3447  
TARGET_DU:Rotation-VelLastSectorAct 2022-05-04 08:14:56.313461 1.6975  
TARGET_DU:Rotation-VelLastSectorAct 2022-05-04 08:14:56.363730 0.7809666667  
TARGET_DU:Rotation-VelAct      2022-05-04 08:14:56.400460 1.4055  
TARGET_DU:Rotation-VelLastSectorAct 2022-05-04 08:14:56.463511 0.4377333333  
TARGET_DU:Rotation-VelAct      2022-05-04 08:14:56.473632 0.2968  
TARGET_DU:Rotation-VelLastSectorAct 2022-05-04 08:14:56.513710 1.3223  
TARGET_DU:Rotation-VelAct      2022-05-04 08:14:56.607131 1.5271  
TARGET_DU:Rotation-VelLastSectorAct 2022-05-04 08:14:56.613464 1.6786  
TARGET_DU:Rotation-VelLastSectorAct 2022-05-04 08:14:56.663890 0.7424666667  
TARGET_DU:Rotation-VelAct      2022-05-04 08:14:56.672435 1.3626  
TARGET_DU:Rotation-VelLastSectorAct 2022-05-04 08:14:56.713551 0.4879  
TARGET_DU:Rotation-VelAct      2022-05-04 08:14:56.787682 0.5329  
TARGET_DU:Rotation-VelLastSectorAct 2022-05-04 08:14:56.813495 1.372  
TARGET_DU:Rotation-VelLastSectorAct 2022-05-04 08:14:56.863888 1.658533333  
TARGET_DU:Rotation-VelAct      2022-05-04 08:14:56.900550 1.8525  
TARGET_DU:Rotation-VelLastSectorAct 2022-05-04 08:14:56.963551 0.7364  
TARGET_DU:Rotation-VelAct      2022-05-04 08:14:56.973478 0.7761  
TARGET_DU:Rotation-VelLastSectorAct 2022-05-04 08:14:57.013846 0.5448333333  
TARGET_DU:Rotation-VelAct      2022-05-04 08:14:57.107091 0.6902  
TARGET_DU:Rotation-VelLastSectorAct 2022-05-04 08:14:57.113616 1.4028  
TARGET_DU:Rotation-VelLastSectorAct 2022-05-04 08:14:57.164335 1.6254  
TARGET_DU:Rotation-VelAct      2022-05-04 08:14:57.172522 1.9205  
TARGET_DU:Rotation-VelLastSectorAct 2022-05-04 08:14:57.213410 0.7275333333  
TARGET_DU:Rotation-VelAct      2022-05-04 08:14:57.287597 0.701  
TARGET_DU:Rotation-VelLastSectorAct 2022-05-04 08:14:57.313523 0.5826333333  
TARGET_DU:Rotation-VelLastSectorAct 2022-05-04 08:14:57.363741 1.446433333  
TARGET_DU:Rotation-VelAct      2022-05-04 08:14:57.400565 0.7582  
TARGET_DU:Rotation-VelLastSectorAct 2022-05-04 08:14:57.463585 1.572433333  
TARGET_DU:Rotation-VelAct      2022-05-04 08:14:57.473568 1.9383  
TARGET_DU:Rotation-VelLastSectorAct 2022-05-04 08:14:57.513597 0.7205333333  
TARGET_DU:Rotation-VelAct      2022-05-04 08:14:57.606956 0.5901  
TARGET_DU:Rotation-VelLastSectorAct 2022-05-04 08:14:57.613615 0.6559  
TARGET_DU:Rotation-VelLastSectorAct 2022-05-04 08:14:57.663807 1.502433333  
TARGET_DU:Rotation-VelAct      2022-05-04 08:14:57.672355 1.123  
TARGET_DU:Rotation-VelLastSectorAct 2022-05-04 08:14:57.713521 1.498933333  
TARGET_DU:Rotation-VelAct      2022-05-04 08:14:57.788486 1.4269  
TARGET_DU:Rotation-VelLastSectorAct 2022-05-04 08:14:57.813510 0.7275333333  
TARGET_DU:Rotation-VelLastSectorAct 2022-05-04 08:14:57.863873 0.7665  
TARGET_DU:Rotation-VelAct      2022-05-04 08:14:57.900451 0.49  
TARGET_DU:Rotation-VelLastSectorAct 2022-05-04 08:14:57.963466 1.487733333  
TARGET_DU:Rotation-VelAct      2022-05-04 08:14:57.974042 1.3983  
TARGET_DU:Rotation-VelLastSectorAct 2022-05-04 08:14:58.013745 1.3811  
TARGET_DU:Rotation-VelAct      2022-05-04 08:14:58.107195 1.3018  
TARGET_DU:Rotation-VelLastSectorAct 2022-05-04 08:14:58.113487 0.7793333333  
TARGET_DU:Rotation-VelLastSectorAct 2022-05-04 08:14:58.163897 0.9221333333  
TARGET_DU:Rotation-VelAct      2022-05-04 08:14:58.172520 0.6151  
TARGET_DU:Rotation-VelLastSectorAct 2022-05-04 08:14:58.213569 1.395566667  
TARGET_DU:Rotation-VelAct      2022-05-04 08:14:58.287523 1.4269  
TARGET_DU:Rotation-VelLastSectorAct 2022-05-04 08:14:58.313552 1.282166667  
TARGET_DU:Rotation-VelLastSectorAct 2022-05-04 08:14:58.363870 0.9296  
TARGET_DU:Rotation-VelAct      2022-05-04 08:14:58.400560 0.9727  
TARGET_DU:Rotation-VelLastSectorAct 2022-05-04 08:14:58.463595 1.000066667  
TARGET_DU:Rotation-VelAct      2022-05-04 08:14:58.473626 1.0657  
TARGET_DU:Rotation-VelLastSectorAct 2022-05-04 08:14:58.513824 1.249733333  
TARGET_DU:Rotation-VelAct      2022-05-04 08:14:58.607041 1.359  
TARGET_DU:Rotation-VelLastSectorAct 2022-05-04 08:14:58.613592 1.279366667  
TARGET_DU:Rotation-VelLastSectorAct 2022-05-04 08:14:58.663935 1.088033333  
TARGET_DU:Rotation-VelAct      2022-05-04 08:14:58.672497 1.0657  
TARGET_DU:Rotation-VelLastSectorAct 2022-05-04 08:14:58.713423 0.9562  
TARGET_DU:Rotation-VelAct      2022-05-04 08:14:58.787613 0.8476  
TARGET_DU:Rotation-VelLastSectorAct 2022-05-04 08:14:58.813546 1.179966667  
TARGET_DU:Rotation-VelLastSectorAct 2022-05-04 08:14:58.863744 1.3832  
TARGET_DU:Rotation-VelAct      2022-05-04 08:14:58.900579 1.3018  
TARGET_DU:Rotation-VelLastSectorAct 2022-05-04 08:14:58.963587 1.137266667  
TARGET_DU:Rotation-VelAct      2022-05-04 08:14:58.974001 1.0979  
TARGET_DU:Rotation-VelLastSectorAct 2022-05-04 08:14:59.013755 0.8670666667  
TARGET_DU:Rotation-VelAct      2022-05-04 08:14:59.106913 0.7296  
TARGET_DU:Rotation-VelLastSectorAct 2022-05-04 08:14:59.113619 1.191866667  
TARGET_DU:Rotation-VelLastSectorAct 2022-05-04 08:14:59.163834 1.477  
TARGET_DU:Rotation-VelAct      2022-05-04 08:14:59.172506 1.3804  
TARGET_DU:Rotation-VelLastSectorAct 2022-05-04 08:14:59.213494 1.0766  
TARGET_DU:Rotation-VelAct      2022-05-04 08:14:59.287944 1.0836  
TARGET_DU:Rotation-VelLastSectorAct 2022-05-04 08:14:59.313478 0.8542333333  
TARGET_DU:Rotation-VelLastSectorAct 2022-05-04 08:14:59.363838 1.293833333  
TARGET_DU:Rotation-VelAct      2022-05-04 08:14:59.400565 0.8762  
TARGET_DU:Rotation-VelLastSectorAct 2022-05-04 08:14:59.463674 1.489833333  
TARGET_DU:Rotation-VelAct      2022-05-04 08:14:59.473899 1.5235  
TARGET_DU:Rotation-VelLastSectorAct 2022-05-04 08:14:59.513659 0.9947  
TARGET_DU:Rotation-VelAct      2022-05-04 08:14:59.607006 0.8941  
TARGET_DU:Rotation-VelLastSectorAct 2022-05-04 08:14:59.613549 0.9025333333  
TARGET_DU:Rotation-VelLastSectorAct 2022-05-04 08:14:59.664706 1.4063  
TARGET_DU:Rotation-VelAct      2022-05-04 08:14:59.672673 1.3161  
TARGET_DU:Rotation-VelLastSectorAct 2022-05-04 08:14:59.713545 1.3832  
TARGET_DU:Rotation-VelAct      2022-05-04 08:14:59.787626 1.359  
TARGET_DU:Rotation-VelLastSectorAct 2022-05-04 08:14:59.813499 0.9354333333  
TARGET_DU:Rotation-VelLastSectorAct 2022-05-04 08:14:59.863751 1.039033333  
TARGET_DU:Rotation-VelAct      2022-05-04 08:14:59.900743 0.8154  
TARGET_DU:Rotation-VelLastSectorAct 2022-05-04 08:14:59.963594 1.420766667  
TARGET_DU:Rotation-VelAct      2022-05-04 08:14:59.973939 1.5163  
TARGET_DU:Rotation-VelLastSectorAct 2022-05-04 08:15:00.013874 1.297333333  
TARGET_DU:Rotation-VelAct      2022-05-04 08:15:00.107067 1.2159  
TARGET_DU:Rotation-VelLastSectorAct 2022-05-04 08:15:00.113536 1.0318  
TARGET_DU:Rotation-VelLastSectorAct 2022-05-04 08:15:00.164039 1.125833333  
TARGET_DU:Rotation-VelAct      2022-05-04 08:15:00.172545 1.0908  
TARGET_DU:Rotation-VelLastSectorAct 2022-05-04 08:15:00.213588 1.305033333  
TARGET_DU:Rotation-VelAct      2022-05-04 08:15:00.287826 1.0979  
TARGET_DU:Rotation-VelLastSectorAct 2022-05-04 08:15:00.313563 1.2901  
TARGET_DU:Rotation-VelLastSectorAct 2022-05-04 08:15:00.364002 1.151266667  
TARGET_DU:Rotation-VelAct      2022-05-04 08:15:00.400732 1.2589  
TARGET_DU:Rotation-VelLastSectorAct 2022-05-04 08:15:00.463636 1.0591  
TARGET_DU:Rotation-VelAct      2022-05-04 08:15:00.473977 0.9477  
TARGET_DU:Rotation-VelLastSectorAct 2022-05-04 08:15:00.513895 1.256266667  
TARGET_DU:Rotation-VelAct      2022-05-04 08:15:00.607013 1.3089  
TARGET_DU:Rotation-VelLastSectorAct 2022-05-04 08:15:00.613610 1.411666667  
TARGET_DU:Rotation-VelLastSectorAct 2022-05-04 08:15:00.663943 1.151266667  
TARGET_DU:Rotation-VelAct      2022-05-04 08:15:00.672698 1.3268  
TARGET_DU:Rotation-VelLastSectorAct 2022-05-04 08:15:00.713643 1.015933333  
TARGET_DU:Rotation-VelAct      2022-05-04 08:15:00.787838 0.9298  
TARGET_DU:Rotation-VelLastSectorAct 2022-05-04 08:15:00.813595 1.3398  
TARGET_DU:Rotation-VelLastSectorAct 2022-05-04 08:15:00.863927 1.449933333  
TARGET_DU:Rotation-VelAct      2022-05-04 08:15:00.900676 1.6379  
TARGET_DU:Rotation-VelLastSectorAct 2022-05-04 08:15:00.963652 1.060033333  
TARGET_DU:Rotation-VelAct      2022-05-04 08:15:00.974177 1.1265  
TARGET_DU:Rotation-VelLastSectorAct 2022-05-04 08:15:01.013702 1.030866667  
TARGET_DU:Rotation-VelAct      2022-05-04 08:15:01.108081 1.0014  
TARGET_DU:Rotation-VelLastSectorAct 2022-05-04 08:15:01.113648 1.4364  
TARGET_DU:Rotation-VelLastSectorAct 2022-05-04 08:15:01.164280 1.374333333  
TARGET_DU:Rotation-VelAct      2022-05-04 08:15:01.172777 1.4484  
TARGET_DU:Rotation-VelLastSectorAct 2022-05-04 08:15:01.213605 1.054666667  
TARGET_DU:Rotation-VelAct      2022-05-04 08:15:01.287879 1.1909  
TARGET_DU:Rotation-VelLastSectorAct 2022-05-04 08:15:01.313701 1.162466667  
TARGET_DU:Rotation-VelLastSectorAct 2022-05-04 08:15:01.364092 1.3874  
TARGET_DU:Rotation-VelAct      2022-05-04 08:15:01.400766 1.291  
TARGET_DU:Rotation-VelLastSectorAct 2022-05-04 08:15:01.463687 1.3258  
TARGET_DU:Rotation-VelAct      2022-05-04 08:15:01.473917 1.4198  
TARGET_DU:Rotation-VelLastSectorAct 2022-05-04 08:15:01.514028 1.1676  
TARGET_DU:Rotation-VelAct      2022-05-04 08:15:01.607176 1.0943  
TARGET_DU:Rotation-VelLastSectorAct 2022-05-04 08:15:01.613677 1.137733333  
TARGET_DU:Rotation-VelLastSectorAct 2022-05-04 08:15:01.664022 1.3181  
TARGET_DU:Rotation-VelAct      2022-05-04 08:15:01.672747 1.266  
TARGET_DU:Rotation-VelLastSectorAct 2022-05-04 08:15:01.713729 1.423566667  
TARGET_DU:Rotation-VelAct      2022-05-04 08:15:01.787725 1.3125  
TARGET_DU:Rotation-VelLastSectorAct 2022-05-04 08:15:01.813694 1.1949  
TARGET_DU:Rotation-VelLastSectorAct 2022-05-04 08:15:01.863796 1.071233333  
TARGET_DU:Rotation-VelAct      2022-05-04 08:15:01.933753 1.1516  
TARGET_DU:Rotation-VelLastSectorAct 2022-05-04 08:15:01.963728 1.377833333  
TARGET_DU:Rotation-VelAct      2022-05-04 08:15:01.973868 1.4126  
TARGET_DU:Rotation-VelLastSectorAct 2022-05-04 08:15:02.013767 1.480266667  
TARGET_DU:Rotation-VelAct      2022-05-04 08:15:02.107050 1.4699  
TARGET_DU:Rotation-VelLastSectorAct 2022-05-04 08:15:02.113675 1.116966667  
TARGET_DU:Rotation-VelLastSectorAct 2022-05-04 08:15:02.164015 1.098766667  
TARGET_DU:Rotation-VelAct      2022-05-04 08:15:02.172711 0.962  
TARGET_DU:Rotation-VelLastSectorAct 2022-05-04 08:15:02.213671 1.460666667  
TARGET_DU:Rotation-VelAct      2022-05-04 08:15:02.287808 1.5843  
TARGET_DU:Rotation-VelLastSectorAct 2022-05-04 08:15:02.313681 1.4126  
TARGET_DU:Rotation-VelLastSectorAct 2022-05-04 08:15:02.363849 1.127  
TARGET_DU:Rotation-VelAct      2022-05-04 08:15:02.400791 1.1408  
TARGET_DU:Rotation-VelLastSectorAct 2022-05-04 08:15:02.463779 1.1949  
TARGET_DU:Rotation-VelAct      2022-05-04 08:15:02.473823 1.148  
TARGET_DU:Rotation-VelLastSectorAct 2022-05-04 08:15:02.513980 1.389033333  
TARGET_DU:Rotation-VelAct      2022-05-04 08:15:02.607163 1.1694  
TARGET_DU:Rotation-VelLastSectorAct 2022-05-04 08:15:02.613805 1.3937  
TARGET_DU:Rotation-VelLastSectorAct 2022-05-04 08:15:02.664162 1.223366667  
TARGET_DU:Rotation-VelAct      2022-05-04 08:15:02.672865 1.3626  
TARGET_DU:Rotation-VelLastSectorAct 2022-05-04 08:15:02.713719 1.1375  
TARGET_DU:Rotation-VelAct      2022-05-04 08:15:02.787981 1.1587  
TARGET_DU:Rotation-VelLastSectorAct 2022-05-04 08:15:02.813721 1.3986  
TARGET_DU:Rotation-VelLastSectorAct 2022-05-04 08:15:02.864061 1.506633333  
TARGET_DU:Rotation-VelAct      2022-05-04 08:15:02.933810 1.4627  
TARGET_DU:Rotation-VelLastSectorAct 2022-05-04 08:15:02.963826 1.164566667  
TARGET_DU:Rotation-VelAct      2022-05-04 08:15:02.974005 1.3125  
TARGET_DU:Rotation-VelLastSectorAct 2022-05-04 08:15:03.013905 1.137266667  
TARGET_DU:Rotation-VelAct      2022-05-04 08:15:03.107476 1.1194  
TARGET_DU:Rotation-VelLastSectorAct 2022-05-04 08:15:03.113788 1.511533333  
TARGET_DU:Rotation-VelLastSectorAct 2022-05-04 08:15:03.164285 1.436866667  
TARGET_DU:Rotation-VelAct      2022-05-04 08:15:03.173590 1.7524  
TARGET_DU:Rotation-VelLastSectorAct 2022-05-04 08:15:03.213754 1.109266667  
TARGET_DU:Rotation-VelAct      2022-05-04 08:15:03.287850 1.0657  
TARGET_DU:Rotation-VelLastSectorAct 2022-05-04 08:15:03.313813 1.2523  
TARGET_DU:Rotation-VelLastSectorAct 2022-05-04 08:15:03.364017 1.490766667  
TARGET_DU:Rotation-VelAct      2022-05-04 08:15:03.400880 1.241  
TARGET_DU:Rotation-VelLastSectorAct 2022-05-04 08:15:03.463794 1.392066667  
TARGET_DU:Rotation-VelAct      2022-05-04 08:15:03.474435 1.4126  
TARGET_DU:Rotation-VelLastSectorAct 2022-05-04 08:15:03.514002 1.2327  
TARGET_DU:Rotation-VelAct      2022-05-04 08:15:03.607185 1.123  
TARGET_DU:Rotation-VelLastSectorAct 2022-05-04 08:15:03.613847 1.228733333  
TARGET_DU:Rotation-VelLastSectorAct 2022-05-04 08:15:03.664117 1.4224  
TARGET_DU:Rotation-VelAct      2022-05-04 08:15:03.673544 1.2231  
TARGET_DU:Rotation-VelLastSectorAct 2022-05-04 08:15:03.713817 1.476066667  
TARGET_DU:Rotation-VelAct      2022-05-04 08:15:03.788050 1.4699  
TARGET_DU:Rotation-VelLastSectorAct 2022-05-04 08:15:03.813854 1.196766667  
TARGET_DU:Rotation-VelLastSectorAct 2022-05-04 08:15:03.865101 1.207266667  
TARGET_DU:Rotation-VelAct      2022-05-04 08:15:03.901937 1.148  
TARGET_DU:Rotation-VelLastSectorAct 2022-05-04 08:15:03.963849 1.526  
TARGET_DU:Rotation-VelAct      2022-05-04 08:15:03.974036 1.4591  
TARGET_DU:Rotation-VelLastSectorAct 2022-05-04 08:15:04.014261 1.451333333  
TARGET_DU:Rotation-VelAct      2022-05-04 08:15:04.107452 1.1837  
TARGET_DU:Rotation-VelLastSectorAct 2022-05-04 08:15:04.113902 1.189766667  
TARGET_DU:Rotation-VelLastSectorAct 2022-05-04 08:15:04.164269 1.3146  
TARGET_DU:Rotation-VelAct      2022-05-04 08:15:04.173009 1.1373  
TARGET_DU:Rotation-VelLastSectorAct 2022-05-04 08:15:04.213838 1.468133333  
TARGET_DU:Rotation-VelAct      2022-05-04 08:15:04.287954 1.4162  
TARGET_DU:Rotation-VelLastSectorAct 2022-05-04 08:15:04.313852 1.3951  
TARGET_DU:Rotation-VelLastSectorAct 2022-05-04 08:15:04.364281 1.2887  
TARGET_DU:Rotation-VelAct      2022-05-04 08:15:04.401015 1.3983  
TARGET_DU:Rotation-VelLastSectorAct 2022-05-04 08:15:04.463914 1.276333333  
TARGET_DU:Rotation-VelAct      2022-05-04 08:15:04.473995 1.3089  
TARGET_DU:Rotation-VelLastSectorAct 2022-05-04 08:15:04.514026 1.4539  
TARGET_DU:Rotation-VelAct      2022-05-04 08:15:04.607373 1.4305  
TARGET_DU:Rotation-VelLastSectorAct 2022-05-04 08:15:04.613899 1.506166667  
TARGET_DU:Rotation-VelLastSectorAct 2022-05-04 08:15:04.664574 1.246933333  
TARGET_DU:Rotation-VelAct      2022-05-04 08:15:04.673058 1.6308  
TARGET_DU:Rotation-VelLastSectorAct 2022-05-04 08:15:04.714920 1.274933333  
TARGET_DU:Rotation-VelAct      2022-05-04 08:15:04.788009 1.2374  
TARGET_DU:Rotation-VelLastSectorAct 2022-05-04 08:15:04.813969 1.540933333  
TARGET_DU:Rotation-VelLastSectorAct 2022-05-04 08:15:04.864179 1.420766667  
TARGET_DU:Rotation-VelAct      2022-05-04 08:15:04.901007 1.5843  
TARGET_DU:Rotation-VelLastSectorAct 2022-05-04 08:15:04.963945 1.2495  
TARGET_DU:Rotation-VelAct      2022-05-04 08:15:04.974660 1.3125  
TARGET_DU:Rotation-VelLastSectorAct 2022-05-04 08:15:05.014188 1.3832  
TARGET_DU:Rotation-VelAct      2022-05-04 08:15:05.107522 1.4877  
TARGET_DU:Rotation-VelLastSectorAct 2022-05-04 08:15:05.113953 1.456  
TARGET_DU:Rotation-VelLastSectorAct 2022-05-04 08:15:05.164243 1.438033333  
TARGET_DU:Rotation-VelAct      2022-05-04 08:15:05.174072 1.2374  
TARGET_DU:Rotation-VelLastSectorAct 2022-05-04 08:15:05.214948 1.347733333  
TARGET_DU:Rotation-VelAct      2022-05-04 08:15:05.289232 1.3304  
TARGET_DU:Rotation-VelLastSectorAct 2022-05-04 08:15:05.314953 1.304333333  
TARGET_DU:Rotation-VelLastSectorAct 2022-05-04 08:15:05.364128 1.489366667  
TARGET_DU:Rotation-VelAct      2022-05-04 08:15:05.434040 1.4269  
TARGET_DU:Rotation-VelLastSectorAct 2022-05-04 08:15:05.463980 1.496833333  
TARGET_DU:Rotation-VelAct      2022-05-04 08:15:05.474089 1.5807  
TARGET_DU:Rotation-VelLastSectorAct 2022-05-04 08:15:05.514201 1.295233333  
TARGET_DU:Rotation-VelAct      2022-05-04 08:15:05.607388 1.3411  
TARGET_DU:Rotation-VelLastSectorAct 2022-05-04 08:15:05.613990 1.380633333  
TARGET_DU:Rotation-VelLastSectorAct 2022-05-04 08:15:05.664485 1.505  
TARGET_DU:Rotation-VelAct      2022-05-04 08:15:05.674042 1.5843  
TARGET_DU:Rotation-VelLastSectorAct 2022-05-04 08:15:05.713943 1.4196  
TARGET_DU:Rotation-VelAct      2022-05-04 08:15:05.788059 1.3411  
TARGET_DU:Rotation-VelLastSectorAct 2022-05-04 08:15:05.814022 1.378766667  
TARGET_DU:Rotation-VelLastSectorAct 2022-05-04 08:15:05.864151 1.3706  
TARGET_DU:Rotation-VelAct      2022-05-04 08:15:05.901063 1.266  
TARGET_DU:Rotation-VelLastSectorAct 2022-05-04 08:15:05.964014 1.4672  
TARGET_DU:Rotation-VelAct      2022-05-04 08:15:05.975062 1.5593  
TARGET_DU:Rotation-VelLastSectorAct 2022-05-04 08:15:06.014249 1.531366667  
TARGET_DU:Rotation-VelAct      2022-05-04 08:15:06.107399 1.3661  
TARGET_DU:Rotation-VelLastSectorAct 2022-05-04 08:15:06.114132 1.3405  
TARGET_DU:Rotation-VelLastSectorAct 2022-05-04 08:15:06.164360 1.3587  
TARGET_DU:Rotation-VelAct      2022-05-04 08:15:06.173092 1.3304  
TARGET_DU:Rotation-VelLastSectorAct 2022-05-04 08:15:06.213995 1.560066667  
TARGET_DU:Rotation-VelAct      2022-05-04 08:15:06.288240 1.4734  
TARGET_DU:Rotation-VelLastSectorAct 2022-05-04 08:15:06.314009 1.435233333  
TARGET_DU:Rotation-VelLastSectorAct 2022-05-04 08:15:06.365749 1.339566667  
TARGET_DU:Rotation-VelAct      2022-05-04 08:15:06.401499 1.3161  
TARGET_DU:Rotation-VelLastSectorAct 2022-05-04 08:15:06.464377 1.450633333  
TARGET_DU:Rotation-VelAct      2022-05-04 08:15:06.474451 1.3554  
TARGET_DU:Rotation-VelLastSectorAct 2022-05-04 08:15:06.514663 1.506166667  
TARGET_DU:Rotation-VelAct      2022-05-04 08:15:06.608025 1.4806  
TARGET_DU:Rotation-VelLastSectorAct 2022-05-04 08:15:06.614479 1.506866667  
TARGET_DU:Rotation-VelLastSectorAct 2022-05-04 08:15:06.664706 1.375266667  
TARGET_DU:Rotation-VelAct      2022-05-04 08:15:06.672440 1.291  
TARGET_DU:Rotation-VelLastSectorAct 2022-05-04 08:15:06.713543 1.385533333  
TARGET_DU:Rotation-VelAct      2022-05-04 08:15:06.787683 1.5056  
TARGET_DU:Rotation-VelLastSectorAct 2022-05-04 08:15:06.813587 1.5785  
TARGET_DU:Rotation-VelLastSectorAct 2022-05-04 08:15:06.863850 1.4763  
TARGET_DU:Rotation-VelAct      2022-05-04 08:15:06.900572 1.6129  
TARGET_DU:Rotation-VelLastSectorAct 2022-05-04 08:15:06.963651 1.3524  
TARGET_DU:Rotation-VelAct      2022-05-04 08:15:06.973667 1.1837  
TARGET_DU:Rotation-VelLastSectorAct 2022-05-04 08:15:07.013792 1.4952  
TARGET_DU:Rotation-VelAct      2022-05-04 08:15:07.107174 1.4949  
TARGET_DU:Rotation-VelLastSectorAct 2022-05-04 08:15:07.113621 1.5309  
TARGET_DU:Rotation-VelLastSectorAct 2022-05-04 08:15:07.164052 1.497766667  
TARGET_DU:Rotation-VelAct      2022-05-04 08:15:07.172598 1.4663  
TARGET_DU:Rotation-VelLastSectorAct 2022-05-04 08:15:07.213531 1.4203  
TARGET_DU:Rotation-VelLastSectorAct 2022-05-04 08:15:07.313768 1.408866667  
TARGET_DU:Rotation-VelLastSectorAct 2022-05-04 08:15:07.363642 1.568933333  
TARGET_DU:Rotation-VelAct      2022-05-04 08:15:07.400637 1.4699  
TARGET_DU:Rotation-VelLastSectorAct 2022-05-04 08:15:07.463632 1.512233333  
TARGET_DU:Rotation-VelAct      2022-05-04 08:15:07.473696 1.4627  
TARGET_DU:Rotation-VelLastSectorAct 2022-05-04 08:15:07.513782 1.389266667  
TARGET_DU:Rotation-VelAct      2022-05-04 08:15:07.606954 1.5414  
TARGET_DU:Rotation-VelLastSectorAct 2022-05-04 08:15:07.613668 1.508266667  
TARGET_DU:Rotation-VelLastSectorAct 2022-05-04 08:15:07.663898 1.547933333  
TARGET_DU:Rotation-VelAct      2022-05-04 08:15:07.672562 1.57  
TARGET_DU:Rotation-VelLastSectorAct 2022-05-04 08:15:07.713588 1.502666667  
TARGET_DU:Rotation-VelAct      2022-05-04 08:15:07.787750 1.595  
TARGET_DU:Rotation-VelLastSectorAct 2022-05-04 08:15:07.813496 1.448533333  
TARGET_DU:Rotation-VelLastSectorAct 2022-05-04 08:15:07.863816 1.447833333  
TARGET_DU:Rotation-VelAct      2022-05-04 08:15:07.900502 1.3733  
TARGET_DU:Rotation-VelLastSectorAct 2022-05-04 08:15:07.963523 1.603933333  
TARGET_DU:Rotation-VelAct      2022-05-04 08:15:07.973832 1.6487  
TARGET_DU:Rotation-VelLastSectorAct 2022-05-04 08:15:08.013698 1.5302  
TARGET_DU:Rotation-VelAct      2022-05-04 08:15:08.107094 1.3876  
TARGET_DU:Rotation-VelLastSectorAct 2022-05-04 08:15:08.113590 1.398133333  
TARGET_DU:Rotation-VelLastSectorAct 2022-05-04 08:15:08.164059 1.543033333  
TARGET_DU:Rotation-VelAct      2022-05-04 08:15:08.172544 1.3804  
TARGET_DU:Rotation-VelLastSectorAct 2022-05-04 08:15:08.213621 1.568466667  
TARGET_DU:Rotation-VelAct      2022-05-04 08:15:08.287639 1.595  
TARGET_DU:Rotation-VelLastSectorAct 2022-05-04 08:15:08.313582 1.5078  
TARGET_DU:Rotation-VelLastSectorAct 2022-05-04 08:15:08.363794 1.468366667  
TARGET_DU:Rotation-VelAct      2022-05-04 08:15:08.400557 1.5879  
TARGET_DU:Rotation-VelLastSectorAct 2022-05-04 08:15:08.463736 1.497533333  
TARGET_DU:Rotation-VelAct      2022-05-04 08:15:08.473590 1.2767  
TARGET_DU:Rotation-VelLastSectorAct 2022-05-04 08:15:08.513940 1.629833333  
TARGET_DU:Rotation-VelAct      2022-05-04 08:15:08.606930 1.5056  
TARGET_DU:Rotation-VelLastSectorAct 2022-05-04 08:15:08.613625 1.515033333  
TARGET_DU:Rotation-VelLastSectorAct 2022-05-04 08:15:08.664012 1.418666667  
TARGET_DU:Rotation-VelAct      2022-05-04 08:15:08.672717 1.4591  
TARGET_DU:Rotation-VelLastSectorAct 2022-05-04 08:15:08.713504 1.573133333  
TARGET_DU:Rotation-VelAct      2022-05-04 08:15:08.787714 1.5271  
TARGET_DU:Rotation-VelLastSectorAct 2022-05-04 08:15:08.813634 1.590866667  
TARGET_DU:Rotation-VelLastSectorAct 2022-05-04 08:15:08.863861 1.547933333  
TARGET_DU:Rotation-VelAct      2022-05-04 08:15:08.900581 1.5914  
TARGET_DU:Rotation-VelLastSectorAct 2022-05-04 08:15:08.963679 1.475833333  
TARGET_DU:Rotation-VelAct      2022-05-04 08:15:08.973766 1.3661  
TARGET_DU:Rotation-VelLastSectorAct 2022-05-04 08:15:09.013628 1.518766667  
TARGET_DU:Rotation-VelAct      2022-05-04 08:15:09.106902 1.6022  
TARGET_DU:Rotation-VelLastSectorAct 2022-05-04 08:15:09.113701 1.6758  
TARGET_DU:Rotation-VelLastSectorAct 2022-05-04 08:15:09.163987 1.519933333  
TARGET_DU:Rotation-VelAct      2022-05-04 08:15:09.172503 1.5807  
TARGET_DU:Rotation-VelLastSectorAct 2022-05-04 08:15:09.213680 1.4406  
TARGET_DU:Rotation-VelAct      2022-05-04 08:15:09.287756 1.2267  
TARGET_DU:Rotation-VelLastSectorAct 2022-05-04 08:15:09.313602 1.596933333  
TARGET_DU:Rotation-VelLastSectorAct 2022-05-04 08:15:09.363960 1.635666667  
TARGET_DU:Rotation-VelAct      2022-05-04 08:15:09.400502 1.5843  
TARGET_DU:Rotation-VelLastSectorAct 2022-05-04 08:15:09.463641 1.5848  
TARGET_DU:Rotation-VelAct      2022-05-04 08:15:09.473824 1.6987  
TARGET_DU:Rotation-VelLastSectorAct 2022-05-04 08:15:09.513903 1.453433333  
TARGET_DU:Rotation-VelAct      2022-05-04 08:15:09.606916 1.5235  
TARGET_DU:Rotation-VelLastSectorAct 2022-05-04 08:15:09.613619 1.553533333  
TARGET_DU:Rotation-VelLastSectorAct 2022-05-04 08:15:09.664062 1.690266667  
TARGET_DU:Rotation-VelAct      2022-05-04 08:15:09.672682 1.663  
TARGET_DU:Rotation-VelLastSectorAct 2022-05-04 08:15:09.713679 1.5204  
TARGET_DU:Rotation-VelAct      2022-05-04 08:15:09.787727 1.4412  
TARGET_DU:Rotation-VelLastSectorAct 2022-05-04 08:15:09.813703 1.505233333  
TARGET_DU:Rotation-VelLastSectorAct 2022-05-04 08:15:09.863995 1.606966667  
TARGET_DU:Rotation-VelAct      2022-05-04 08:15:09.900605 1.5593  
TARGET_DU:Rotation-VelLastSectorAct 2022-05-04 08:15:09.963700 1.653633333  
TARGET_DU:Rotation-VelAct      2022-05-04 08:15:09.973773 1.688  
TARGET_DU:Rotation-VelLastSectorAct 2022-05-04 08:15:10.013770 1.602766667  
TARGET_DU:Rotation-VelAct      2022-05-04 08:15:10.106988 1.7023  
TARGET_DU:Rotation-VelLastSectorAct 2022-05-04 08:15:10.113747 1.462533333  
TARGET_DU:Rotation-VelLastSectorAct 2022-05-04 08:15:10.164113 1.612333333  
TARGET_DU:Rotation-VelAct      2022-05-04 08:15:10.172599 1.5306  
TARGET_DU:Rotation-VelLastSectorAct 2022-05-04 08:15:10.213724 1.6835  
TARGET_DU:Rotation-VelAct      2022-05-04 08:15:10.287759 1.6844  
TARGET_DU:Rotation-VelLastSectorAct 2022-05-04 08:15:10.313672 1.561  
TARGET_DU:Rotation-VelLastSectorAct 2022-05-04 08:15:10.363861 1.550733333  
TARGET_DU:Rotation-VelAct      2022-05-04 08:15:10.400590 1.6916  
TARGET_DU:Rotation-VelLastSectorAct 2022-05-04 08:15:10.463686 1.594133333  
TARGET_DU:Rotation-VelAct      2022-05-04 08:15:10.473935 1.5414  
TARGET_DU:Rotation-VelLastSectorAct 2022-05-04 08:15:10.513626 1.695866667  
TARGET_DU:Rotation-VelAct      2022-05-04 08:15:10.606829 1.9169  
TARGET_DU:Rotation-VelLastSectorAct 2022-05-04 08:15:10.613686 1.584333333  
TARGET_DU:Rotation-VelLastSectorAct 2022-05-04 08:15:10.663996 1.508266667  
TARGET_DU:Rotation-VelAct      2022-05-04 08:15:10.675318 1.5235  
TARGET_DU:Rotation-VelLastSectorAct 2022-05-04 08:15:10.713752 1.6695  
TARGET_DU:Rotation-VelAct      2022-05-04 08:15:10.787797 1.4806  
TARGET_DU:Rotation-VelLastSectorAct 2022-05-04 08:15:10.813525 1.651066667  
TARGET_DU:Rotation-VelLastSectorAct 2022-05-04 08:15:10.863950 1.613033333  
TARGET_DU:Rotation-VelAct      2022-05-04 08:15:10.900522 1.7095  
TARGET_DU:Rotation-VelLastSectorAct 2022-05-04 08:15:10.963640 1.553533333  
TARGET_DU:Rotation-VelAct      2022-05-04 08:15:10.973887 1.5056  
TARGET_DU:Rotation-VelLastSectorAct 2022-05-04 08:15:11.013960 1.615366667  
TARGET_DU:Rotation-VelAct      2022-05-04 08:15:11.106862 1.688  
TARGET_DU:Rotation-VelLastSectorAct 2022-05-04 08:15:11.113685 1.722466667  
TARGET_DU:Rotation-VelLastSectorAct 2022-05-04 08:15:11.163929 1.5967  
TARGET_DU:Rotation-VelAct      2022-05-04 08:15:11.172669 1.6737  
TARGET_DU:Rotation-VelLastSectorAct 2022-05-04 08:15:11.213841 1.595066667  
TARGET_DU:Rotation-VelAct      2022-05-04 08:15:11.287753 1.688  
TARGET_DU:Rotation-VelLastSectorAct 2022-05-04 08:15:11.313736 1.632866667  
TARGET_DU:Rotation-VelLastSectorAct 2022-05-04 08:15:11.364338 1.671133333  
TARGET_DU:Rotation-VelAct      2022-05-04 08:15:11.400623 1.5914  
TARGET_DU:Rotation-VelLastSectorAct 2022-05-04 08:15:11.463757 1.648966667  
TARGET_DU:Rotation-VelAct      2022-05-04 08:15:11.473683 1.6057  
TARGET_DU:Rotation-VelLastSectorAct 2022-05-04 08:15:11.513847 1.575233333  
TARGET_DU:Rotation-VelAct      2022-05-04 08:15:11.606995 1.6916  
TARGET_DU:Rotation-VelLastSectorAct 2022-05-04 08:15:11.613803 1.693766667  
TARGET_DU:Rotation-VelLastSectorAct 2022-05-04 08:15:11.664030 1.674633333  
TARGET_DU:Rotation-VelAct      2022-05-04 08:15:11.672615 1.7023  
TARGET_DU:Rotation-VelLastSectorAct 2022-05-04 08:15:11.713549 1.630766667  
TARGET_DU:Rotation-VelAct      2022-05-04 08:15:11.787851 1.8096  
TARGET_DU:Rotation-VelLastSectorAct 2022-05-04 08:15:11.813670 1.625866667  
TARGET_DU:Rotation-VelLastSectorAct 2022-05-04 08:15:11.863726 1.624  
TARGET_DU:Rotation-VelAct      2022-05-04 08:15:11.900615 1.5414  
TARGET_DU:Rotation-VelLastSectorAct 2022-05-04 08:15:11.963728 1.7171  
TARGET_DU:Rotation-VelAct      2022-05-04 08:15:11.973786 1.7273  
TARGET_DU:Rotation-VelLastSectorAct 2022-05-04 08:15:12.013782 1.652466667  
TARGET_DU:Rotation-VelAct      2022-05-04 08:15:12.106892 1.545  
TARGET_DU:Rotation-VelLastSectorAct 2022-05-04 08:15:12.113711 1.658766667  
TARGET_DU:Rotation-VelLastSectorAct 2022-05-04 08:15:12.163888 1.672066667  
TARGET_DU:Rotation-VelAct      2022-05-04 08:15:12.172533 1.663  
TARGET_DU:Rotation-VelLastSectorAct 2022-05-04 08:15:12.213733 1.670433333  
TARGET_DU:Rotation-VelAct      2022-05-04 08:15:12.287761 1.6916  
TARGET_DU:Rotation-VelLastSectorAct 2022-05-04 08:15:12.313645 1.689566667  
TARGET_DU:Rotation-VelLastSectorAct 2022-05-04 08:15:12.364273 1.616533333  
TARGET_DU:Rotation-VelAct      2022-05-04 08:15:12.400572 1.5485  
TARGET_DU:Rotation-VelLastSectorAct 2022-05-04 08:15:12.463611 1.7115  
TARGET_DU:Rotation-VelAct      2022-05-04 08:15:12.473771 1.6272  
TARGET_DU:Rotation-VelLastSectorAct 2022-05-04 08:15:12.513851 1.713133333  
TARGET_DU:Rotation-VelAct      2022-05-04 08:15:12.607008 1.6308  
TARGET_DU:Rotation-VelLastSectorAct 2022-05-04 08:15:12.613678 1.686766667  
TARGET_DU:Rotation-VelLastSectorAct 2022-05-04 08:15:12.664120 1.666466667  
TARGET_DU:Rotation-VelAct      2022-05-04 08:15:12.672726 1.7202  
TARGET_DU:Rotation-VelLastSectorAct 2022-05-04 08:15:12.713616 1.6492  
TARGET_DU:Rotation-VelAct      2022-05-04 08:15:12.787683 1.756  
TARGET_DU:Rotation-VelLastSectorAct 2022-05-04 08:15:12.813757 1.741133333  
TARGET_DU:Rotation-VelLastSectorAct 2022-05-04 08:15:12.863887 1.677433333  
TARGET_DU:Rotation-VelAct      2022-05-04 08:15:12.900760 1.7595  
TARGET_DU:Rotation-VelLastSectorAct 2022-05-04 08:15:12.963785 1.698433333  
TARGET_DU:Rotation-VelAct      2022-05-04 08:15:12.973887 1.8382  
TARGET_DU:Rotation-VelLastSectorAct 2022-05-04 08:15:13.013925 1.694  
TARGET_DU:Rotation-VelAct      2022-05-04 08:15:13.107269 1.7917  
TARGET_DU:Rotation-VelLastSectorAct 2022-05-04 08:15:13.113700 1.717333333  
TARGET_DU:Rotation-VelLastSectorAct 2022-05-04 08:15:13.164111 1.720133333  
TARGET_DU:Rotation-VelAct      2022-05-04 08:15:13.172733 1.7846  
TARGET_DU:Rotation-VelLastSectorAct 2022-05-04 08:15:13.213614 1.6625  
TARGET_DU:Rotation-VelAct      2022-05-04 08:15:13.287818 1.6522  
TARGET_DU:Rotation-VelLastSectorAct 2022-05-04 08:15:13.313650 1.750466667  
TARGET_DU:Rotation-VelLastSectorAct 2022-05-04 08:15:13.363997 1.707766667  
TARGET_DU:Rotation-VelAct      2022-05-04 08:15:13.433794 1.7095  
TARGET_DU:Rotation-VelLastSectorAct 2022-05-04 08:15:13.463674 1.7318  
TARGET_DU:Rotation-VelAct      2022-05-04 08:15:13.473959 1.6916  
TARGET_DU:Rotation-VelLastSectorAct 2022-05-04 08:15:13.513771 1.7059  
TARGET_DU:Rotation-VelAct      2022-05-04 08:15:13.607382 1.7667  
TARGET_DU:Rotation-VelLastSectorAct 2022-05-04 08:15:13.613683 1.707766667  
TARGET_DU:Rotation-VelLastSectorAct 2022-05-04 08:15:13.664379 1.7472  
TARGET_DU:Rotation-VelAct      2022-05-04 08:15:13.672694 1.806  
TARGET_DU:Rotation-VelLastSectorAct 2022-05-04 08:15:13.713817 1.715933333  
TARGET_DU:Rotation-VelAct      2022-05-04 08:15:13.787753 1.6451  
TARGET_DU:Rotation-VelLastSectorAct 2022-05-04 08:15:13.813711 1.750466667  
TARGET_DU:Rotation-VelLastSectorAct 2022-05-04 08:15:13.863947 1.699366667  
TARGET_DU:Rotation-VelAct      2022-05-04 08:15:13.900682 1.6129  
TARGET_DU:Rotation-VelLastSectorAct 2022-05-04 08:15:13.963679 1.7493  
TARGET_DU:Rotation-VelAct      2022-05-04 08:15:13.973840 1.7953  
TARGET_DU:Rotation-VelLastSectorAct 2022-05-04 08:15:14.013862 1.739033333  
TARGET_DU:Rotation-VelAct      2022-05-04 08:15:14.107292 1.7524  
TARGET_DU:Rotation-Err         2022-05-04 08:15:14.392766 1  
TARGET_DU:Rotation-VelAct      2022-05-04 08:15:18.173070 1.663  
TARGET_DU:Rotation-VelLastSectorAct 2022-05-04 08:15:18.213980 -302.5922667  
TARGET_DU:Rotation-EnaAct      2022-05-04 08:15:18.373046 0  
TARGET_DU:Rotation-VelAct      2022-05-04 08:15:20.434712 1.3232  
TARGET_DU:Rotation-VelLastSectorAct 2022-05-04 08:15:20.464234 0  
TARGET_DU:Rotation-VelAct      2022-05-04 08:15:20.477241 -0.0072  
TARGET_DU:Rotation-VelLastSectorAct 2022-05-04 08:15:20.514280 -0.0002333333333  
TARGET_DU:Rotation-VelAct      2022-05-04 08:15:20.615799 -0.0179  
TARGET_DU:Rotation-VelAct      2022-05-04 08:15:20.673600 -0.1502  
TARGET_DU:Rotation-VelAct      2022-05-04 08:15:20.787633 0.0393  
TARGET_DU:Rotation-VelLastSectorAct 2022-05-04 08:15:20.864034 0.0004666666666  
TARGET_DU:Rotation-VelAct      2022-05-04 08:15:20.933742 -0.1395  
TARGET_DU:Rotation-VelLastSectorAct 2022-05-04 08:15:20.963826 -0.0002333333333  
TARGET_DU:Rotation-VelAct      2022-05-04 08:15:21.013827 -0.093  
TARGET_DU:Rotation-VelLastSectorAct 2022-05-04 08:15:21.013927 -0.0002333333333  
TARGET_DU:Rotation-VelAct      2022-05-04 08:15:21.114141 -0.0107  
TARGET_DU:Rotation-VelLastSectorAct 2022-05-04 08:15:21.114207 0.0002333333333  
TARGET_DU:Rotation-VelLastSectorAct 2022-05-04 08:15:21.164137 -0.0004666666667  
TARGET_DU:Rotation-VelAct      2022-05-04 08:15:21.172808 -0.0143  
TARGET_DU:Rotation-VelLastSectorAct 2022-05-04 08:15:21.213592 0.0007  
TARGET_DU:Rotation-VelAct      2022-05-04 08:15:21.287876 0.0072  
TARGET_DU:Rotation-VelLastSectorAct 2022-05-04 08:15:21.313717 0  
TARGET_DU:Rotation-VelAct      2022-05-04 08:15:21.433965 0.0894  
TARGET_DU:Rotation-VelAct      2022-05-04 08:15:21.513944 -0.0393  
TARGET_DU:Rotation-VelLastSectorAct 2022-05-04 08:15:21.513999 0.0004666666666  
TARGET_DU:Rotation-VelAct      2022-05-04 08:15:21.664025 -0.0072  
TARGET_DU:Rotation-VelLastSectorAct 2022-05-04 08:15:21.664256 0.0002333333333  
TARGET_DU:Rotation-VelAct      2022-05-04 08:15:21.672585 0  
TARGET_DU:Rotation-VelLastSectorAct 2022-05-04 08:15:21.713705 0  
TARGET_DU:Rotation-VelAct      2022-05-04 08:15:21.787960 -0.0858  
TARGET_DU:Rotation-VelLastSectorAct 2022-05-04 08:15:21.813621 -0.0004666666667  
TARGET_DU:Rotation-VelLastSectorAct 2022-05-04 08:15:21.864074 0.0002333333334  
TARGET_DU:Rotation-VelAct      2022-05-04 08:15:21.933659 0.0072  
TARGET_DU:Rotation-VelAct      2022-05-04 08:15:22.113720 0.0966  
TARGET_DU:Rotation-VelAct      2022-05-04 08:15:22.114129 0.0715  
TARGET_DU:Rotation-VelLastSectorAct 2022-05-04 08:15:22.114281 0.0002333333333  
TARGET_DU:Rotation-VelLastSectorAct 2022-05-04 08:15:22.164179 0  
TARGET_DU:Rotation-VelAct      2022-05-04 08:15:22.172678 0  
TARGET_DU:Rotation-VelAct      2022-05-04 08:15:22.288017 -0.0036  
TARGET_DU:Rotation-VelLastSectorAct 2022-05-04 08:15:22.313672 -0.0002333333333  
TARGET_DU:Rotation-VelAct      2022-05-04 08:15:22.434069 -0.1073  
TARGET_DU:Rotation-VelLastSectorAct 2022-05-04 08:15:22.463800 0.0002333333333  
TARGET_DU:Rotation-VelAct      2022-05-04 08:15:22.513823 -0.0858  
TARGET_DU:Rotation-VelLastSectorAct 2022-05-04 08:15:22.513894 -0.0002333333333  
TARGET_DU:Rotation-VelAct      2022-05-04 08:15:22.664079 0.025  
TARGET_DU:Rotation-VelLastSectorAct 2022-05-04 08:15:22.664211 0.0002333333333  
TARGET_DU:Rotation-VelAct      2022-05-04 08:15:22.672711 0.186  
TARGET_DU:Rotation-VelAct      2022-05-04 08:15:22.787966 -0.0393  
TARGET_DU:Rotation-VelAct      2022-05-04 08:15:22.934471 0.1144  
TARGET_DU:Rotation-VelLastSectorAct 2022-05-04 08:15:22.963824 -0.0002333333333  
TARGET_DU:Rotation-VelAct      2022-05-04 08:15:23.013724 0.1538  
TARGET_DU:Rotation-VelLastSectorAct 2022-05-04 08:15:23.013826 0.0002333333333  
TARGET_DU:Rotation-VelAct      2022-05-04 08:15:23.114123 -0.2038  
TARGET_DU:Rotation-VelLastSectorAct 2022-05-04 08:15:23.114244 -0.0004666666667  
TARGET_DU:Rotation-VelAct      2022-05-04 08:15:23.172655 -0.236  
TARGET_DU:Rotation-VelLastSectorAct 2022-05-04 08:15:23.213873 0.0007  
TARGET_DU:Rotation-VelAct      2022-05-04 08:15:23.288006 0.0143  
TARGET_DU:Rotation-VelLastSectorAct 2022-05-04 08:15:23.313619 -0.0002333333334  
TARGET_DU:Rotation-VelLastSectorAct 2022-05-04 08:15:23.364093 0.0004666666667  
TARGET_DU:Rotation-VelAct      2022-05-04 08:15:23.433801 0.0465  
TARGET_DU:Rotation-VelLastSectorAct 2022-05-04 08:15:23.463706 -0.0002333333333  
TARGET_DU:Rotation-VelAct      2022-05-04 08:15:23.513803 -0.0072  
TARGET_DU:Rotation-VelLastSectorAct 2022-05-04 08:15:23.513929 0.0002333333333  
TARGET_DU:Rotation-VelAct      2022-05-04 08:15:23.614064 0.1466  
TARGET_DU:Rotation-VelLastSectorAct 2022-05-04 08:15:23.614105 -0.0002333333333  
TARGET_DU:Rotation-VelAct      2022-05-04 08:15:23.672679 -0.0572  
TARGET_DU:Rotation-VelLastSectorAct 2022-05-04 08:15:23.713730 -0.0002333333334  
TARGET_DU:Rotation-VelAct      2022-05-04 08:15:23.787844 -0.0072  
TARGET_DU:Rotation-VelLastSectorAct 2022-05-04 08:15:23.813739 0.0004666666667  
TARGET_DU:Rotation-VelLastSectorAct 2022-05-04 08:15:23.864187 -0.0002333333333  
TARGET_DU:Rotation-VelAct      2022-05-04 08:15:23.933801 -0.118  
TARGET_DU:Rotation-VelLastSectorAct 2022-05-04 08:15:23.963852 -0.0002333333334  
TARGET_DU:Rotation-VelAct      2022-05-04 08:15:24.113815 0.0179  
TARGET_DU:Rotation-VelAct      2022-05-04 08:15:24.113988 0.0715  
TARGET_DU:Rotation-VelLastSectorAct 2022-05-04 08:15:24.114025 0.0004666666667  
TARGET_DU:Rotation-VelAct      2022-05-04 08:15:24.172748 0.0286  
TARGET_DU:Rotation-VelLastSectorAct 2022-05-04 08:15:24.213650 -0.0002333333333  
TARGET_DU:Rotation-VelAct      2022-05-04 08:15:24.288083 -0.0143  
TARGET_DU:Rotation-VelLastSectorAct 2022-05-04 08:15:24.363992 0.0002333333333  
TARGET_DU:Rotation-VelAct      2022-05-04 08:15:24.433858 -0.1109  
TARGET_DU:Rotation-VelLastSectorAct 2022-05-04 08:15:24.513849 -0.0004666666667  
TARGET_DU:Rotation-VelAct      2022-05-04 08:15:24.614262 0.0858  
TARGET_DU:Rotation-VelLastSectorAct 2022-05-04 08:15:24.614350 0.0002333333334  
TARGET_DU:Rotation-VelLastSectorAct 2022-05-04 08:15:24.664039 -0.0004666666667  
TARGET_DU:Rotation-VelLastSectorAct 2022-05-04 08:15:24.713723 0.0004666666667  
TARGET_DU:Rotation-VelAct      2022-05-04 08:15:24.788040 -0.0858  
TARGET_DU:Rotation-VelLastSectorAct 2022-05-04 08:15:24.813610 0.0002333333333  
TARGET_DU:Rotation-VelLastSectorAct 2022-05-04 08:15:24.863983 -0.0002333333333  
TARGET_DU:Rotation-VelAct      2022-05-04 08:15:24.933790 0.0286  
TARGET_DU:Rotation-VelAct      2022-05-04 08:15:25.163957 0.0966  
TARGET_DU:Rotation-VelAct      2022-05-04 08:15:25.164370 0.0465  
TARGET_DU:Rotation-VelLastSectorAct 2022-05-04 08:15:25.164797 -0.0004666666667  
TARGET_DU:Rotation-VelAct      2022-05-04 08:15:25.172678 0.0143  
TARGET_DU:Rotation-VelLastSectorAct 2022-05-04 08:15:25.213751 0.0002333333333  
TARGET_DU:Rotation-VelAct      2022-05-04 08:15:25.288031 -0.1323  
TARGET_DU:Rotation-VelLastSectorAct 2022-05-04 08:15:25.313689 0.0004666666667  
TARGET_DU:Rotation-VelAct      2022-05-04 08:15:25.434093 -0.0143  
TARGET_DU:Rotation-VelAct      2022-05-04 08:15:25.513853 -0.0679  
TARGET_DU:Rotation-VelLastSectorAct 2022-05-04 08:15:25.513930 -0.0002333333333  
TARGET_DU:Rotation-VelAct      2022-05-04 08:15:25.664177 0  
TARGET_DU:Rotation-VelLastSectorAct 2022-05-04 08:15:25.664302 -0.0002333333334  
TARGET_DU:Rotation-VelAct      2022-05-04 08:15:25.672713 0.0751  
TARGET_DU:Rotation-VelLastSectorAct 2022-05-04 08:15:25.713606 0.0002333333334  
TARGET_DU:Rotation-VelAct      2022-05-04 08:15:25.787836 -0.0393  
TARGET_DU:Rotation-VelLastSectorAct 2022-05-04 08:15:25.813803 0.0004666666666  
TARGET_DU:Rotation-VelLastSectorAct 2022-05-04 08:15:25.864001 0  
TARGET_DU:Rotation-VelAct      2022-05-04 08:15:25.933882 -0.0215  
TARGET_DU:Rotation-VelAct      2022-05-04 08:15:26.114264 0.0393  
TARGET_DU:Rotation-VelLastSectorAct 2022-05-04 08:15:26.114310 0.0002333333333  
TARGET_DU:Rotation-VelAct      2022-05-04 08:15:26.172654 0  
TARGET_DU:Rotation-VelLastSectorAct 2022-05-04 08:15:26.213710 0  
TARGET_DU:Rotation-VelAct      2022-05-04 08:15:26.287957 -0.1109  
TARGET_DU:Rotation-VelLastSectorAct 2022-05-04 08:15:26.364112 -0.0002333333333  
TARGET_DU:Rotation-VelAct      2022-05-04 08:15:26.433737 -0.1538  
TARGET_DU:Rotation-VelAct      2022-05-04 08:15:26.613748 0.0215  
TARGET_DU:Rotation-VelAct      2022-05-04 08:15:26.614002 0.1431  
TARGET_DU:Rotation-VelLastSectorAct 2022-05-04 08:15:26.614065 -0.0002333333334  
TARGET_DU:Rotation-VelAct      2022-05-04 08:15:26.672700 -0.0536  
TARGET_DU:Rotation-VelAct      2022-05-04 08:15:26.788014 -0.1216  
TARGET_DU:Rotation-VelLastSectorAct 2022-05-04 08:15:26.864221 0.0002333333334  
TARGET_DU:Rotation-VelAct      2022-05-04 08:15:26.933803 -0.0501  
TARGET_DU:Rotation-VelLastSectorAct 2022-05-04 08:15:26.963803 0.0002333333333  
TARGET_DU:Rotation-VelAct      2022-05-04 08:15:27.013850 0.0215  
TARGET_DU:Rotation-VelLastSectorAct 2022-05-04 08:15:27.014217 -0.0002333333333  
TARGET_DU:Rotation-VelAct      2022-05-04 08:15:27.164174 -0.0787  
TARGET_DU:Rotation-VelLastSectorAct 2022-05-04 08:15:27.164333 0.0004666666666  
TARGET_DU:Rotation-VelLastSectorAct 2022-05-04 08:15:27.213659 -0.0002333333334  
TARGET_DU:Rotation-VelAct      2022-05-04 08:15:27.287919 0.0393  
TARGET_DU:Rotation-VelLastSectorAct 2022-05-04 08:15:27.313760 0.0004666666667  
TARGET_DU:Rotation-VelAct      2022-05-04 08:15:27.434256 0.1037  
TARGET_DU:Rotation-VelLastSectorAct 2022-05-04 08:15:27.463911 -0.0004666666667  
TARGET_DU:Rotation-VelAct      2022-05-04 08:15:27.513726 0.1001  
TARGET_DU:Rotation-VelLastSectorAct 2022-05-04 08:15:27.513837 0.0002333333334  
TARGET_DU:Rotation-VelAct      2022-05-04 08:15:27.665039 0.0465  
TARGET_DU:Rotation-VelAct      2022-05-04 08:15:27.672765 -0.0823  
TARGET_DU:Rotation-VelLastSectorAct 2022-05-04 08:15:27.713727 -0.0002333333334  
TARGET_DU:Rotation-VelLastSectorAct 2022-05-04 08:15:27.813695 0.0002333333334  
TARGET_DU:Rotation-VelLastSectorAct 2022-05-04 08:15:27.864030 0.0002333333333  
TARGET_DU:Rotation-VelAct      2022-05-04 08:15:27.933789 -0.0215  
TARGET_DU:Rotation-VelLastSectorAct 2022-05-04 08:15:27.963801 -0.0002333333333  
TARGET_DU:Rotation-VelAct      2022-05-04 08:15:28.114310 0.1001  
TARGET_DU:Rotation-VelLastSectorAct 2022-05-04 08:15:28.114382 0.0002333333333  
TARGET_DU:Rotation-VelAct      2022-05-04 08:15:28.172804 -0.0715  
TARGET_DU:Rotation-VelLastSectorAct 2022-05-04 08:15:28.213871 0.0002333333333  
TARGET_DU:Rotation-VelAct      2022-05-04 08:15:28.288237 0.0679  
TARGET_DU:Rotation-VelLastSectorAct 2022-05-04 08:15:28.313737 0  
TARGET_DU:Rotation-VelLastSectorAct 2022-05-04 08:15:28.364166 0.0002333333333  
TARGET_DU:Rotation-VelAct      2022-05-04 08:15:28.433803 -0.0501  
TARGET_DU:Rotation-VelLastSectorAct 2022-05-04 08:15:28.463948 -0.0002333333333  
TARGET_DU:Rotation-VelAct      2022-05-04 08:15:28.513875 0.0143  
TARGET_DU:Rotation-VelLastSectorAct 2022-05-04 08:15:28.513985 0.0002333333333  
TARGET_DU:Rotation-VelAct      2022-05-04 08:15:28.614025 0.0572  
TARGET_DU:Rotation-VelLastSectorAct 2022-05-04 08:15:28.614102 -0.0002333333333  
TARGET_DU:Rotation-VelLastSectorAct 2022-05-04 08:15:28.664146 -0.0002333333334  
TARGET_DU:Rotation-VelAct      2022-05-04 08:15:28.672860 -0.0107  
TARGET_DU:Rotation-VelLastSectorAct 2022-05-04 08:15:28.713875 0.0004666666667  
TARGET_DU:Rotation-VelAct      2022-05-04 08:15:28.788063 0.1323  
TARGET_DU:Rotation-VelLastSectorAct 2022-05-04 08:15:28.813781 -0.0002333333333  
TARGET_DU:Rotation-VelAct      2022-05-04 08:15:28.934287 -0.0179  
TARGET_DU:Rotation-VelLastSectorAct 2022-05-04 08:15:28.963890 0.0002333333333  
TARGET_DU:Rotation-VelAct      2022-05-04 08:15:29.113906 -0.0072  
TARGET_DU:Rotation-VelAct      2022-05-04 08:15:29.114084 -0.0501  
TARGET_DU:Rotation-VelLastSectorAct 2022-05-04 08:15:29.114136 -0.0002333333333  
TARGET_DU:Rotation-VelAct      2022-05-04 08:15:29.172872 -0.1037  
TARGET_DU:Rotation-VelAct      2022-05-04 08:15:29.288286 0.0608  
TARGET_DU:Rotation-VelLastSectorAct 2022-05-04 08:15:29.313825 -0.0002333333334  
TARGET_DU:Rotation-VelLastSectorAct 2022-05-04 08:15:29.364169 0.0002333333334  
TARGET_DU:Rotation-VelAct      2022-05-04 08:15:29.433928 0.0036  
TARGET_DU:Rotation-VelAct      2022-05-04 08:15:29.614012 0.0358  
TARGET_DU:Rotation-VelAct      2022-05-04 08:15:29.614399 0.0501  
TARGET_DU:Rotation-VelLastSectorAct 2022-05-04 08:15:29.614493 0.0004666666666  
TARGET_DU:Rotation-VelAct      2022-05-04 08:15:29.672922 0.1431  
TARGET_DU:Rotation-VelLastSectorAct 2022-05-04 08:15:29.713898 -0.0002333333333  
TARGET_DU:Rotation-VelAct      2022-05-04 08:15:29.787984 0.0966  
TARGET_DU:Rotation-VelLastSectorAct 2022-05-04 08:15:29.813862 -0.0002333333333  
TARGET_DU:Rotation-VelAct      2022-05-04 08:15:29.934182 -0.0036  
TARGET_DU:Rotation-VelAct      2022-05-04 08:15:30.014026 -0.0393  
TARGET_DU:Rotation-VelLastSectorAct 2022-05-04 08:15:30.014107 0.0002333333333  
TARGET_DU:Rotation-VelAct      2022-05-04 08:15:30.114222 0.2146  
TARGET_DU:Rotation-VelLastSectorAct 2022-05-04 08:15:30.114267 -0.0002333333333  
TARGET_DU:Rotation-VelAct      2022-05-04 08:15:30.172991 -0.0858  
TARGET_DU:Rotation-VelAct      2022-05-04 08:15:30.288224 -0.0751  
TARGET_DU:Rotation-VelAct      2022-05-04 08:15:30.434304 -0.1287  
