>>> 
>>> 30518/10.0*-0.92
-2807.6560000000004
>>> 30518/10.0*0.37
1129.1660000000002
>>> 30518/10.0*1.75
5340.650000000001
>>> 30518/10.0*2.98
9094.364000000001
>>> 30518/10.0*4.04
12329.272
>>> 30518/10.0*5
15259.0
>>> 30518/10.0*5.9
18005.620000000003
>>> 30518/10.0*6.5
19836.7
>>> 30518/10.0*7.01
21393.118000000002
>>> 30518/10.0*7.25
22125.550000000003
>>> 30518/10.0*7.44
22705.392000000003
>>> 
>>> 
>>> 
>>> 
>>> 30518/10.0*-0.94
-2868.692
>>> 30518/10.0*0.28
854.5040000000001
>>> 30518/10.0*1.7
5188.06
>>> 30518/10.0*2.92
8911.256000000001
>>> 30518/10.0*4.04
12329.272
>>> 30518/10.0*5.02
15320.036
>>> 5.93
5.93
>>> 30518/10.0*5.93
18097.174
>>> 30518/10.0*6.62
20202.916
>>> 30518/10.0*7.07
21576.226000000002
>>> 30518/10.0*7.39
22552.802
>>> 
KeyboardInterrupt
>>> 30518/10.0*7.39
22552.802
>>> 30518/10.0*7.39
22552.802
>>> 30518/10.0*7.61
23224.198000000004
>>> 
>>> 
>>> 
>>> 
>>> 
>>> 
>>> 
>>> 
>>> 30518/10.0*-0.95
-2899.21
>>> 30518/10.0*0.26
793.4680000000001
>>> 30518/10.0*1.65
5035.47
>>> 30518/10.0*2.92
8911.256000000001
>>> 30518/10.0*4.02
12268.235999999999
>>> 30518/10.0*5
15259.0
>>> 30518/10.0*5.94
18127.692000000003
>>> 30518/10.0*6.6
20141.88
>>> 30518/10.0*7.06
21545.708
>>> 30518/10.0*7.39
22552.802
>>> 30518/10.0*7.6
23193.68
>>> 
>>> 
>>> 
>>> 
>>> 
>>> 
>>> 
>>> 
>>> 
>>> 
>>> 
>>> 
>>> 
>>> 30518/10.0*-0.85
-2594.03
>>> 30518/10.0*0.53
1617.4540000000002
>>> 30518/10.0*1.9
5798.42
>>> 30518/10.0*3.01
9185.918
>>> 30518/10.0*4.02
12268.235999999999
>>> 30518/10.0*5
15259.0
>>> 
>>> 30518/10.0*6.02
18371.836
>>> 30518/10.0*6.93
21148.974000000002
>>> 30518/10.0*7.5
22888.5
>>> 30518/10.0*7.83
23895.594
>>> 30518/10.0*8.05
24566.990000000005
